Time: 1.0 [(0.0, 0.0), (0.0, 0.0), (0.0, 0.0), (0.0, 0.0), (0.0, 0.0)]
Time: 2.0 [(761.0, 180.0), (0.0, 0.0), (0.0, 0.0), (0.0, 0.0), (0.0, 0.0)]
Time: 3.0 [(733.0, 180.0), (0.0, 0.0), (0.0, 0.0), (0.0, 0.0), (0.0, 0.0)]
Time: 4.0 [(705.0, 180.0), (0.0, 0.0), (0.0, 0.0), (0.0, 0.0), (0.0, 0.0)]
Time: 5.0 [(677.0, 180.0), (0.0, 0.0), (0.0, 0.0), (0.0, 0.0), (0.0, 0.0)]
Time: 6.0 [(649.0, 180.0), (0.0, 0.0), (0.0, 0.0), (0.0, 0.0), (0.0, 0.0)]
Time: 7.0 [(621.0, 180.0), (761.0, 180.0), (0.0, 0.0), (0.0, 0.0), (0.0, 0.0)]
Time: 8.0 [(593.0, 180.0), (738.0, 180.0), (0.0, 0.0), (0.0, 0.0), (0.0, 0.0)]
Time: 9.0 [(565.0, 180.0), (715.0, 180.0), (0.0, 0.0), (0.0, 0.0), (0.0, 0.0)]
Time: 10.0 [(537.0, 180.0), (692.0, 180.0), (0.0, 0.0), (0.0, 0.0), (0.0, 0.0)]
Time: 11.0 [(509.0, 180.0), (669.0, 180.0), (0.0, 0.0), (0.0, 0.0), (0.0, 0.0)]
Time: 12.0 [(481.0, 180.0), (646.0, 180.0), (0.0, 0.0), (0.0, 0.0), (0.0, 0.0)]
Time: 13.0 [(453.0, 180.0), (623.0, 180.0), (0.0, 0.0), (0.0, 0.0), (0.0, 0.0)]
Time: 14.0 [(425.0, 180.0), (600.0, 180.0), (761.0, 180.0), (0.0, 0.0), (0.0, 0.0)]
Time: 15.0 [(397.0, 180.0), (577.0, 180.0), (733.0, 180.0), (0.0, 0.0), (0.0, 0.0)]
Time: 16.0 [(369.0, 180.0), (554.0, 180.0), (705.0, 180.0), (0.0, 0.0), (0.0, 0.0)]
Time: 17.0 [(341.0, 180.0), (531.0, 180.0), (677.0, 180.0), (0.0, 0.0), (0.0, 0.0)]
Time: 18.0 [(313.0, 180.0), (508.0, 180.0), (649.0, 180.0), (0.0, 0.0), (0.0, 0.0)]
Time: 19.0 [(285.0, 180.0), (485.0, 180.0), (621.0, 180.0), (0.0, 0.0), (0.0, 0.0)]
Time: 20.0 [(257.0, 180.0), (462.0, 180.0), (593.0, 180.0), (761.0, 182.0), (0.0, 0.0)]
Time: 21.0 [(229.0, 180.0), (439.0, 180.0), (565.0, 180.0), (735.0, 182.0), (0.0, 0.0)]
Time: 22.0 [(201.0, 180.0), (416.0, 180.0), (537.0, 180.0), (709.0, 182.0), (0.0, 0.0)]
Time: 23.0 [(173.0, 180.0), (393.0, 180.0), (509.0, 180.0), (683.0, 182.0), (0.0, 0.0)]
Time: 24.0 [(145.0, 180.0), (370.0, 180.0), (481.0, 180.0), (657.0, 182.0), (0.0, 0.0)]
Time: 25.0 [(117.0, 180.0), (347.0, 180.0), (453.0, 180.0), (631.0, 182.0), (0.0, 0.0)]
Time: 26.0 [(0.0, 0.0), (324.0, 180.0), (425.0, 180.0), (605.0, 182.0), (761.0, 180.0)]
Time: 27.0 [(0.0, 0.0), (301.0, 180.0), (397.0, 180.0), (579.0, 182.0), (731.0, 180.0)]
Time: 28.0 [(0.0, 0.0), (278.0, 180.0), (369.0, 180.0), (553.0, 182.0), (701.0, 180.0)]
Time: 29.0 [(0.0, 0.0), (255.0, 180.0), (341.0, 180.0), (527.0, 182.0), (671.0, 180.0)]
Time: 30.0 [(0.0, 0.0), (232.0, 180.0), (313.0, 180.0), (501.0, 182.0), (641.0, 180.0)]
Time: 31.0 [(0.0, 0.0), (209.0, 180.0), (285.0, 180.0), (475.0, 182.0), (611.0, 180.0)]
Time: 32.0 [(761.0, 180.0), (186.0, 180.0), (257.0, 180.0), (449.0, 182.0), (581.0, 180.0)]
Time: 33.0 [(755.0, 180.0), (163.0, 180.0), (257.0, 180.0), (423.0, 182.0), (551.0, 180.0)]
Time: 34.0 [(749.0, 180.0), (140.0, 180.0), (229.0, 180.0), (397.0, 182.0), (521.0, 180.0)]
Time: 35.0 [(743.0, 180.0), (117.0, 180.0), (201.0, 180.0), (371.0, 182.0), (491.0, 180.0)]
Time: 36.0 [(737.0, 180.0), (94.0, 180.0), (173.0, 180.0), (345.0, 182.0), (461.0, 180.0)]
Time: 37.0 [(731.0, 180.0), (0.0, 0.0), (145.0, 180.0), (319.0, 182.0), (431.0, 180.0)]
Time: 38.0 [(725.0, 180.0), (0.0, 0.0), (145.0, 180.0), (293.0, 182.0), (401.0, 180.0)]
Time: 39.0 [(719.0, 180.0), (0.0, 0.0), (117.0, 180.0), (267.0, 182.0), (371.0, 180.0)]
Time: 40.0 [(713.0, 180.0), (0.0, 0.0), (0.0, 0.0), (241.0, 182.0), (341.0, 180.0)]
Time: 41.0 [(707.0, 180.0), (0.0, 0.0), (0.0, 0.0), (215.0, 182.0), (311.0, 180.0)]
Time: 42.0 [(701.0, 180.0), (0.0, 0.0), (0.0, 0.0), (189.0, 182.0), (281.0, 180.0)]
Time: 43.0 [(695.0, 180.0), (0.0, 0.0), (0.0, 0.0), (163.0, 182.0), (251.0, 180.0)]
Time: 44.0 [(689.0, 180.0), (0.0, 0.0), (0.0, 0.0), (137.0, 182.0), (221.0, 180.0)]
Time: 45.0 [(683.0, 180.0), (0.0, 0.0), (0.0, 0.0), (111.0, 182.0), (191.0, 180.0)]
Time: 46.0 [(677.0, 180.0), (0.0, 0.0), (0.0, 0.0), (0.0, 0.0), (161.0, 180.0)]
Time: 47.0 [(671.0, 180.0), (0.0, 0.0), (0.0, 0.0), (0.0, 0.0), (131.0, 180.0)]
Time: 48.0 [(665.0, 180.0), (0.0, 0.0), (0.0, 0.0), (0.0, 0.0), (131.0, 180.0)]
Time: 49.0 [(659.0, 180.0), (0.0, 0.0), (0.0, 0.0), (0.0, 0.0), (101.0, 180.0)]
Time: 50.0 [(653.0, 180.0), (0.0, 0.0), (0.0, 0.0), (0.0, 0.0), (0.0, 0.0)]
Time: 51.0 [(647.0, 180.0), (0.0, 0.0), (0.0, 0.0), (0.0, 0.0), (0.0, 0.0)]
Time: 52.0 [(641.0, 180.0), (0.0, 0.0), (0.0, 0.0), (0.0, 0.0), (0.0, 0.0)]
Time: 53.0 [(635.0, 180.0), (0.0, 0.0), (0.0, 0.0), (0.0, 0.0), (0.0, 0.0)]
Time: 54.0 [(629.0, 180.0), (0.0, 0.0), (0.0, 0.0), (0.0, 0.0), (0.0, 0.0)]
Time: 55.0 [(623.0, 180.0), (0.0, 0.0), (0.0, 0.0), (0.0, 0.0), (0.0, 0.0)]
Time: 56.0 [(617.0, 180.0), (0.0, 0.0), (0.0, 0.0), (0.0, 0.0), (0.0, 0.0)]
Time: 57.0 [(611.0, 180.0), (761.0, 180.0), (0.0, 0.0), (0.0, 0.0), (0.0, 0.0)]
Time: 58.0 [(605.0, 180.0), (746.0, 180.0), (0.0, 0.0), (0.0, 0.0), (0.0, 0.0)]
Time: 59.0 [(599.0, 180.0), (731.0, 180.0), (0.0, 0.0), (0.0, 0.0), (0.0, 0.0)]
Time: 60.0 [(593.0, 180.0), (716.0, 180.0), (0.0, 0.0), (0.0, 0.0), (0.0, 0.0)]
Time: 61.0 [(587.0, 180.0), (701.0, 180.0), (0.0, 0.0), (0.0, 0.0), (0.0, 0.0)]
Time: 62.0 [(581.0, 180.0), (686.0, 180.0), (0.0, 0.0), (0.0, 0.0), (0.0, 0.0)]
Time: 63.0 [(575.0, 180.0), (671.0, 180.0), (0.0, 0.0), (0.0, 0.0), (0.0, 0.0)]
Time: 64.0 [(569.0, 180.0), (656.0, 180.0), (0.0, 0.0), (0.0, 0.0), (0.0, 0.0)]
Time: 65.0 [(563.0, 180.0), (641.0, 180.0), (0.0, 0.0), (0.0, 0.0), (0.0, 0.0)]
Time: 66.0 [(557.0, 180.0), (641.0, 180.0), (0.0, 0.0), (0.0, 0.0), (0.0, 0.0)]
Time: 67.0 [(551.0, 180.0), (626.0, 180.0), (0.0, 0.0), (0.0, 0.0), (0.0, 0.0)]
Time: 68.0 [(545.0, 180.0), (626.0, 180.0), (0.0, 0.0), (0.0, 0.0), (0.0, 0.0)]
Time: 69.0 [(539.0, 180.0), (611.0, 180.0), (0.0, 0.0), (0.0, 0.0), (0.0, 0.0)]
Time: 70.0 [(533.0, 180.0), (611.0, 180.0), (0.0, 0.0), (0.0, 0.0), (0.0, 0.0)]
Time: 71.0 [(527.0, 180.0), (611.0, 180.0), (761.0, 180.0), (0.0, 0.0), (0.0, 0.0)]
Time: 72.0 [(521.0, 180.0), (596.0, 180.0), (738.0, 180.0), (0.0, 0.0), (0.0, 0.0)]
Time: 73.0 [(515.0, 180.0), (596.0, 180.0), (715.0, 180.0), (0.0, 0.0), (0.0, 0.0)]
Time: 74.0 [(509.0, 180.0), (581.0, 180.0), (692.0, 180.0), (0.0, 0.0), (0.0, 0.0)]
Time: 75.0 [(503.0, 180.0), (581.0, 180.0), (669.0, 180.0), (0.0, 0.0), (0.0, 0.0)]
Time: 76.0 [(497.0, 180.0), (581.0, 180.0), (669.0, 180.0), (0.0, 0.0), (0.0, 0.0)]
Time: 77.0 [(491.0, 180.0), (566.0, 180.0), (646.0, 180.0), (0.0, 0.0), (0.0, 0.0)]
Time: 78.0 [(485.0, 180.0), (566.0, 180.0), (646.0, 180.0), (0.0, 0.0), (0.0, 0.0)]
Time: 79.0 [(479.0, 180.0), (551.0, 180.0), (623.0, 180.0), (0.0, 0.0), (0.0, 0.0)]
Time: 80.0 [(473.0, 180.0), (551.0, 180.0), (623.0, 180.0), (0.0, 0.0), (0.0, 0.0)]
Time: 81.0 [(467.0, 180.0), (551.0, 180.0), (623.0, 180.0), (0.0, 0.0), (0.0, 0.0)]
Time: 82.0 [(461.0, 180.0), (536.0, 180.0), (623.0, 180.0), (0.0, 0.0), (0.0, 0.0)]
Time: 83.0 [(455.0, 180.0), (536.0, 180.0), (623.0, 180.0), (0.0, 0.0), (0.0, 0.0)]
Time: 84.0 [(449.0, 180.0), (521.0, 180.0), (600.0, 180.0), (761.0, 180.0), (0.0, 0.0)]
Time: 85.0 [(443.0, 180.0), (521.0, 180.0), (600.0, 180.0), (737.0, 180.0), (0.0, 0.0)]
Time: 86.0 [(437.0, 180.0), (521.0, 180.0), (600.0, 180.0), (713.0, 180.0), (0.0, 0.0)]
Time: 87.0 [(431.0, 180.0), (506.0, 180.0), (577.0, 180.0), (689.0, 180.0), (0.0, 0.0)]
Time: 88.0 [(425.0, 180.0), (506.0, 180.0), (577.0, 180.0), (665.0, 180.0), (0.0, 0.0)]
Time: 89.0 [(419.0, 180.0), (491.0, 180.0), (577.0, 180.0), (665.0, 180.0), (0.0, 0.0)]
Time: 90.0 [(413.0, 180.0), (491.0, 180.0), (577.0, 180.0), (665.0, 180.0), (0.0, 0.0)]
Time: 91.0 [(407.0, 180.0), (491.0, 180.0), (577.0, 180.0), (665.0, 180.0), (0.0, 0.0)]
Time: 92.0 [(401.0, 180.0), (476.0, 180.0), (554.0, 180.0), (641.0, 180.0), (0.0, 0.0)]
Time: 93.0 [(395.0, 180.0), (476.0, 180.0), (554.0, 180.0), (641.0, 180.0), (0.0, 0.0)]
Time: 94.0 [(389.0, 180.0), (461.0, 180.0), (531.0, 180.0), (617.0, 180.0), (0.0, 0.0)]
Time: 95.0 [(383.0, 180.0), (461.0, 180.0), (531.0, 180.0), (617.0, 180.0), (761.0, 186.0)]
Time: 96.0 [(377.0, 180.0), (461.0, 180.0), (531.0, 180.0), (617.0, 180.0), (736.0, 186.0)]
Time: 97.0 [(371.0, 180.0), (446.0, 180.0), (531.0, 180.0), (617.0, 180.0), (711.0, 186.0)]
Time: 98.0 [(365.0, 180.0), (446.0, 180.0), (531.0, 180.0), (617.0, 180.0), (711.0, 186.0)]
Time: 99.0 [(359.0, 180.0), (431.0, 180.0), (508.0, 180.0), (593.0, 180.0), (686.0, 186.0)]
Time: 100.0 [(353.0, 180.0), (431.0, 180.0), (508.0, 180.0), (593.0, 180.0), (686.0, 186.0)]
Time: 101.0 [(347.0, 180.0), (431.0, 180.0), (508.0, 180.0), (593.0, 180.0), (686.0, 186.0)]
Time: 102.0 [(341.0, 180.0), (416.0, 180.0), (508.0, 180.0), (593.0, 180.0), (686.0, 186.0)]
Time: 103.0 [(335.0, 180.0), (416.0, 180.0), (508.0, 180.0), (593.0, 180.0), (686.0, 186.0)]
Time: 104.0 [(329.0, 180.0), (401.0, 180.0), (485.0, 180.0), (569.0, 180.0), (661.0, 186.0)]
Time: 105.0 [(323.0, 180.0), (401.0, 180.0), (485.0, 180.0), (569.0, 180.0), (661.0, 186.0)]
Time: 106.0 [(317.0, 180.0), (401.0, 180.0), (485.0, 180.0), (569.0, 180.0), (661.0, 186.0)]
Time: 107.0 [(311.0, 180.0), (386.0, 180.0), (462.0, 180.0), (545.0, 180.0), (636.0, 186.0)]
Time: 108.0 [(305.0, 180.0), (386.0, 180.0), (462.0, 180.0), (545.0, 180.0), (636.0, 186.0)]
Time: 109.0 [(299.0, 180.0), (371.0, 180.0), (462.0, 180.0), (545.0, 180.0), (636.0, 186.0)]
Time: 110.0 [(293.0, 180.0), (371.0, 180.0), (462.0, 180.0), (545.0, 180.0), (636.0, 186.0)]
Time: 111.0 [(287.0, 180.0), (371.0, 180.0), (462.0, 180.0), (545.0, 180.0), (636.0, 186.0)]
Time: 112.0 [(281.0, 180.0), (356.0, 180.0), (439.0, 180.0), (521.0, 180.0), (611.0, 186.0)]
Time: 113.0 [(275.0, 180.0), (356.0, 180.0), (439.0, 180.0), (521.0, 180.0), (611.0, 186.0)]
Time: 114.0 [(269.0, 180.0), (341.0, 180.0), (416.0, 180.0), (497.0, 180.0), (586.0, 186.0)]
Time: 115.0 [(263.0, 180.0), (341.0, 180.0), (416.0, 180.0), (497.0, 180.0), (586.0, 186.0)]
Time: 116.0 [(257.0, 180.0), (341.0, 180.0), (416.0, 180.0), (497.0, 180.0), (586.0, 186.0)]
Time: 117.0 [(251.0, 180.0), (326.0, 180.0), (416.0, 180.0), (497.0, 180.0), (586.0, 186.0)]
Time: 118.0 [(245.0, 180.0), (326.0, 180.0), (416.0, 180.0), (497.0, 180.0), (586.0, 186.0)]
Time: 119.0 [(239.0, 180.0), (311.0, 180.0), (393.0, 180.0), (473.0, 180.0), (561.0, 186.0)]
Time: 120.0 [(233.0, 180.0), (311.0, 180.0), (393.0, 180.0), (473.0, 180.0), (561.0, 186.0)]
Time: 121.0 [(227.0, 180.0), (311.0, 180.0), (393.0, 180.0), (473.0, 180.0), (561.0, 186.0)]
Time: 122.0 [(221.0, 180.0), (296.0, 180.0), (370.0, 180.0), (449.0, 180.0), (536.0, 186.0)]
Time: 123.0 [(215.0, 180.0), (296.0, 180.0), (370.0, 180.0), (449.0, 180.0), (536.0, 186.0)]
Time: 124.0 [(209.0, 180.0), (281.0, 180.0), (370.0, 180.0), (449.0, 180.0), (536.0, 186.0)]
Time: 125.0 [(203.0, 180.0), (281.0, 180.0), (370.0, 180.0), (449.0, 180.0), (536.0, 186.0)]
Time: 126.0 [(197.0, 180.0), (281.0, 180.0), (370.0, 180.0), (449.0, 180.0), (536.0, 186.0)]
Time: 127.0 [(191.0, 180.0), (266.0, 180.0), (347.0, 180.0), (425.0, 180.0), (511.0, 186.0)]
Time: 128.0 [(185.0, 180.0), (266.0, 180.0), (347.0, 180.0), (425.0, 180.0), (511.0, 186.0)]
Time: 129.0 [(179.0, 180.0), (251.0, 180.0), (324.0, 180.0), (401.0, 180.0), (486.0, 186.0)]
Time: 130.0 [(173.0, 180.0), (251.0, 180.0), (324.0, 180.0), (401.0, 180.0), (486.0, 186.0)]
Time: 131.0 [(167.0, 180.0), (251.0, 180.0), (324.0, 180.0), (401.0, 180.0), (486.0, 186.0)]
Time: 132.0 [(161.0, 180.0), (236.0, 180.0), (324.0, 180.0), (401.0, 180.0), (486.0, 186.0)]
Time: 133.0 [(155.0, 180.0), (236.0, 180.0), (324.0, 180.0), (401.0, 180.0), (486.0, 186.0)]
Time: 134.0 [(149.0, 180.0), (221.0, 180.0), (301.0, 180.0), (377.0, 180.0), (461.0, 186.0)]
Time: 135.0 [(143.0, 180.0), (221.0, 180.0), (301.0, 180.0), (377.0, 180.0), (461.0, 186.0)]
Time: 136.0 [(137.0, 180.0), (221.0, 180.0), (301.0, 180.0), (377.0, 180.0), (461.0, 186.0)]
Time: 137.0 [(131.0, 180.0), (206.0, 180.0), (278.0, 180.0), (353.0, 180.0), (436.0, 186.0)]
Time: 138.0 [(125.0, 180.0), (206.0, 180.0), (278.0, 180.0), (353.0, 180.0), (436.0, 186.0)]
Time: 139.0 [(119.0, 180.0), (191.0, 180.0), (278.0, 180.0), (353.0, 180.0), (436.0, 186.0)]
Time: 140.0 [(113.0, 180.0), (191.0, 180.0), (278.0, 180.0), (353.0, 180.0), (436.0, 186.0)]
Time: 141.0 [(107.0, 180.0), (191.0, 180.0), (278.0, 180.0), (353.0, 180.0), (436.0, 186.0)]
Time: 142.0 [(101.0, 180.0), (176.0, 180.0), (255.0, 180.0), (329.0, 180.0), (411.0, 186.0)]
Time: 143.0 [(95.0, 180.0), (176.0, 180.0), (255.0, 180.0), (329.0, 180.0), (411.0, 186.0)]
Time: 144.0 [(0.0, 0.0), (161.0, 180.0), (232.0, 180.0), (305.0, 180.0), (386.0, 186.0)]
Time: 145.0 [(0.0, 0.0), (161.0, 180.0), (232.0, 180.0), (305.0, 180.0), (386.0, 186.0)]
Time: 146.0 [(0.0, 0.0), (161.0, 180.0), (232.0, 180.0), (305.0, 180.0), (386.0, 186.0)]
Time: 147.0 [(0.0, 0.0), (146.0, 180.0), (232.0, 180.0), (305.0, 180.0), (386.0, 186.0)]
Time: 148.0 [(0.0, 0.0), (146.0, 180.0), (232.0, 180.0), (305.0, 180.0), (386.0, 186.0)]
Time: 149.0 [(0.0, 0.0), (131.0, 180.0), (209.0, 180.0), (281.0, 180.0), (361.0, 186.0)]
Time: 150.0 [(0.0, 0.0), (131.0, 180.0), (209.0, 180.0), (281.0, 180.0), (361.0, 186.0)]
Time: 151.0 [(0.0, 0.0), (131.0, 180.0), (209.0, 180.0), (281.0, 180.0), (361.0, 186.0)]
Time: 152.0 [(0.0, 0.0), (116.0, 180.0), (186.0, 180.0), (257.0, 180.0), (336.0, 186.0)]
Time: 153.0 [(0.0, 0.0), (116.0, 180.0), (186.0, 180.0), (257.0, 180.0), (336.0, 186.0)]
Time: 154.0 [(0.0, 0.0), (101.0, 180.0), (186.0, 180.0), (257.0, 180.0), (336.0, 186.0)]
Time: 155.0 [(0.0, 0.0), (101.0, 180.0), (186.0, 180.0), (257.0, 180.0), (336.0, 186.0)]
Time: 156.0 [(0.0, 0.0), (101.0, 180.0), (186.0, 180.0), (257.0, 180.0), (336.0, 186.0)]
Time: 157.0 [(0.0, 0.0), (0.0, 0.0), (163.0, 180.0), (233.0, 180.0), (311.0, 186.0)]
Time: 158.0 [(0.0, 0.0), (0.0, 0.0), (163.0, 180.0), (233.0, 180.0), (311.0, 186.0)]
Time: 159.0 [(0.0, 0.0), (0.0, 0.0), (163.0, 180.0), (233.0, 180.0), (311.0, 186.0)]
Time: 160.0 [(0.0, 0.0), (0.0, 0.0), (163.0, 180.0), (233.0, 180.0), (311.0, 186.0)]
Time: 161.0 [(0.0, 0.0), (0.0, 0.0), (163.0, 180.0), (233.0, 180.0), (311.0, 186.0)]
Time: 162.0 [(0.0, 0.0), (0.0, 0.0), (140.0, 180.0), (233.0, 180.0), (311.0, 186.0)]
Time: 163.0 [(0.0, 0.0), (0.0, 0.0), (140.0, 180.0), (233.0, 180.0), (311.0, 186.0)]
Time: 164.0 [(0.0, 0.0), (0.0, 0.0), (117.0, 180.0), (209.0, 180.0), (286.0, 186.0)]
Time: 165.0 [(0.0, 0.0), (0.0, 0.0), (117.0, 180.0), (209.0, 180.0), (286.0, 186.0)]
Time: 166.0 [(0.0, 0.0), (0.0, 0.0), (117.0, 180.0), (209.0, 180.0), (286.0, 186.0)]
Time: 167.0 [(761.0, 180.0), (0.0, 0.0), (94.0, 180.0), (185.0, 180.0), (261.0, 186.0)]
Time: 168.0 [(743.0, 180.0), (0.0, 0.0), (0.0, 0.0), (161.0, 180.0), (236.0, 186.0)]
Time: 169.0 [(725.0, 180.0), (0.0, 0.0), (0.0, 0.0), (161.0, 180.0), (236.0, 186.0)]
Time: 170.0 [(707.0, 180.0), (0.0, 0.0), (0.0, 0.0), (137.0, 180.0), (211.0, 186.0)]
Time: 171.0 [(689.0, 180.0), (0.0, 0.0), (0.0, 0.0), (113.0, 180.0), (186.0, 186.0)]
Time: 172.0 [(671.0, 180.0), (0.0, 0.0), (0.0, 0.0), (0.0, 0.0), (161.0, 186.0)]
Time: 173.0 [(653.0, 180.0), (0.0, 0.0), (0.0, 0.0), (0.0, 0.0), (136.0, 186.0)]
Time: 174.0 [(635.0, 180.0), (0.0, 0.0), (0.0, 0.0), (0.0, 0.0), (111.0, 186.0)]
Time: 175.0 [(617.0, 180.0), (0.0, 0.0), (0.0, 0.0), (0.0, 0.0), (111.0, 186.0)]
Time: 176.0 [(599.0, 180.0), (761.0, 186.0), (0.0, 0.0), (0.0, 0.0), (0.0, 0.0)]
Time: 177.0 [(581.0, 180.0), (744.0, 186.0), (0.0, 0.0), (0.0, 0.0), (0.0, 0.0)]
Time: 178.0 [(563.0, 180.0), (727.0, 186.0), (0.0, 0.0), (0.0, 0.0), (0.0, 0.0)]
Time: 179.0 [(545.0, 180.0), (710.0, 186.0), (0.0, 0.0), (0.0, 0.0), (0.0, 0.0)]
Time: 180.0 [(527.0, 180.0), (693.0, 186.0), (0.0, 0.0), (0.0, 0.0), (0.0, 0.0)]
Time: 181.0 [(509.0, 180.0), (676.0, 186.0), (0.0, 0.0), (0.0, 0.0), (0.0, 0.0)]
Time: 182.0 [(491.0, 180.0), (659.0, 186.0), (0.0, 0.0), (0.0, 0.0), (0.0, 0.0)]
Time: 183.0 [(473.0, 180.0), (642.0, 186.0), (0.0, 0.0), (0.0, 0.0), (0.0, 0.0)]
Time: 184.0 [(455.0, 180.0), (625.0, 186.0), (0.0, 0.0), (0.0, 0.0), (0.0, 0.0)]
Time: 185.0 [(437.0, 180.0), (608.0, 186.0), (761.0, 180.0), (0.0, 0.0), (0.0, 0.0)]
Time: 186.0 [(419.0, 180.0), (591.0, 186.0), (732.0, 180.0), (0.0, 0.0), (0.0, 0.0)]
Time: 187.0 [(401.0, 180.0), (574.0, 186.0), (703.0, 180.0), (0.0, 0.0), (0.0, 0.0)]
Time: 188.0 [(383.0, 180.0), (557.0, 186.0), (674.0, 180.0), (0.0, 0.0), (0.0, 0.0)]
Time: 189.0 [(365.0, 180.0), (540.0, 186.0), (645.0, 180.0), (0.0, 0.0), (0.0, 0.0)]
Time: 190.0 [(347.0, 180.0), (523.0, 186.0), (616.0, 180.0), (761.0, 180.0), (0.0, 0.0)]
Time: 191.0 [(329.0, 180.0), (506.0, 186.0), (587.0, 180.0), (751.0, 180.0), (0.0, 0.0)]
Time: 192.0 [(311.0, 180.0), (489.0, 186.0), (587.0, 180.0), (741.0, 180.0), (0.0, 0.0)]
Time: 193.0 [(293.0, 180.0), (472.0, 186.0), (558.0, 180.0), (731.0, 180.0), (0.0, 0.0)]
Time: 194.0 [(275.0, 180.0), (455.0, 186.0), (529.0, 180.0), (721.0, 180.0), (0.0, 0.0)]
Time: 195.0 [(257.0, 180.0), (438.0, 186.0), (529.0, 180.0), (711.0, 180.0), (0.0, 0.0)]
Time: 196.0 [(239.0, 180.0), (421.0, 186.0), (500.0, 180.0), (701.0, 180.0), (0.0, 0.0)]
Time: 197.0 [(221.0, 180.0), (404.0, 186.0), (500.0, 180.0), (691.0, 180.0), (0.0, 0.0)]
Time: 198.0 [(203.0, 180.0), (387.0, 186.0), (471.0, 180.0), (681.0, 180.0), (0.0, 0.0)]
Time: 199.0 [(185.0, 180.0), (370.0, 186.0), (442.0, 180.0), (671.0, 180.0), (0.0, 0.0)]
Time: 200.0 [(167.0, 180.0), (353.0, 186.0), (442.0, 180.0), (661.0, 180.0), (0.0, 0.0)]
Time: 201.0 [(149.0, 180.0), (336.0, 186.0), (413.0, 180.0), (651.0, 180.0), (0.0, 0.0)]
Time: 202.0 [(131.0, 180.0), (319.0, 186.0), (413.0, 180.0), (641.0, 180.0), (0.0, 0.0)]
Time: 203.0 [(113.0, 180.0), (302.0, 186.0), (384.0, 180.0), (631.0, 180.0), (0.0, 0.0)]
Time: 204.0 [(95.0, 180.0), (285.0, 186.0), (355.0, 180.0), (621.0, 180.0), (0.0, 0.0)]
Time: 205.0 [(0.0, 0.0), (268.0, 186.0), (355.0, 180.0), (611.0, 180.0), (761.0, 180.0)]
Time: 206.0 [(0.0, 0.0), (251.0, 186.0), (326.0, 180.0), (601.0, 180.0), (736.0, 180.0)]
Time: 207.0 [(0.0, 0.0), (234.0, 186.0), (326.0, 180.0), (591.0, 180.0), (711.0, 180.0)]
Time: 208.0 [(0.0, 0.0), (217.0, 186.0), (297.0, 180.0), (581.0, 180.0), (686.0, 180.0)]
Time: 209.0 [(0.0, 0.0), (200.0, 186.0), (297.0, 180.0), (571.0, 180.0), (661.0, 180.0)]
Time: 210.0 [(0.0, 0.0), (183.0, 186.0), (268.0, 180.0), (561.0, 180.0), (636.0, 180.0)]
Time: 211.0 [(0.0, 0.0), (166.0, 186.0), (239.0, 180.0), (551.0, 180.0), (636.0, 180.0)]
Time: 212.0 [(0.0, 0.0), (149.0, 186.0), (239.0, 180.0), (541.0, 180.0), (611.0, 180.0)]
Time: 213.0 [(761.0, 180.0), (132.0, 186.0), (210.0, 180.0), (531.0, 180.0), (611.0, 180.0)]
Time: 214.0 [(747.0, 180.0), (115.0, 186.0), (210.0, 180.0), (521.0, 180.0), (611.0, 180.0)]
Time: 215.0 [(733.0, 180.0), (98.0, 186.0), (181.0, 180.0), (511.0, 180.0), (586.0, 180.0)]
Time: 216.0 [(719.0, 180.0), (0.0, 0.0), (152.0, 180.0), (501.0, 180.0), (586.0, 180.0)]
Time: 217.0 [(705.0, 180.0), (0.0, 0.0), (152.0, 180.0), (491.0, 180.0), (561.0, 180.0)]
Time: 218.0 [(691.0, 180.0), (0.0, 0.0), (123.0, 180.0), (481.0, 180.0), (561.0, 180.0)]
Time: 219.0 [(677.0, 180.0), (0.0, 0.0), (123.0, 180.0), (471.0, 180.0), (561.0, 180.0)]
Time: 220.0 [(663.0, 180.0), (0.0, 0.0), (94.0, 180.0), (461.0, 180.0), (536.0, 180.0)]
Time: 221.0 [(649.0, 180.0), (0.0, 0.0), (94.0, 180.0), (451.0, 180.0), (536.0, 180.0)]
Time: 222.0 [(635.0, 180.0), (0.0, 0.0), (0.0, 0.0), (441.0, 180.0), (511.0, 180.0)]
Time: 223.0 [(621.0, 180.0), (0.0, 0.0), (0.0, 0.0), (431.0, 180.0), (511.0, 180.0)]
Time: 224.0 [(607.0, 180.0), (0.0, 0.0), (0.0, 0.0), (421.0, 180.0), (511.0, 180.0)]
Time: 225.0 [(593.0, 180.0), (761.0, 180.0), (0.0, 0.0), (411.0, 180.0), (486.0, 180.0)]
Time: 226.0 [(579.0, 180.0), (740.0, 180.0), (0.0, 0.0), (401.0, 180.0), (486.0, 180.0)]
Time: 227.0 [(565.0, 180.0), (719.0, 180.0), (0.0, 0.0), (391.0, 180.0), (461.0, 180.0)]
Time: 228.0 [(551.0, 180.0), (698.0, 180.0), (0.0, 0.0), (381.0, 180.0), (461.0, 180.0)]
Time: 229.0 [(537.0, 180.0), (677.0, 180.0), (0.0, 0.0), (371.0, 180.0), (461.0, 180.0)]
Time: 230.0 [(523.0, 180.0), (656.0, 180.0), (0.0, 0.0), (361.0, 180.0), (436.0, 180.0)]
Time: 231.0 [(509.0, 180.0), (635.0, 180.0), (0.0, 0.0), (351.0, 180.0), (436.0, 180.0)]
Time: 232.0 [(495.0, 180.0), (614.0, 180.0), (761.0, 180.0), (341.0, 180.0), (411.0, 180.0)]
Time: 233.0 [(481.0, 180.0), (593.0, 180.0), (732.0, 180.0), (331.0, 180.0), (411.0, 180.0)]
Time: 234.0 [(481.0, 180.0), (572.0, 180.0), (703.0, 180.0), (321.0, 180.0), (411.0, 180.0)]
Time: 235.0 [(467.0, 180.0), (551.0, 180.0), (674.0, 180.0), (311.0, 180.0), (386.0, 180.0)]
Time: 236.0 [(467.0, 180.0), (551.0, 180.0), (645.0, 180.0), (301.0, 180.0), (386.0, 180.0)]
Time: 237.0 [(453.0, 180.0), (530.0, 180.0), (616.0, 180.0), (291.0, 180.0), (361.0, 180.0)]
Time: 238.0 [(439.0, 180.0), (509.0, 180.0), (587.0, 180.0), (281.0, 180.0), (361.0, 180.0)]
Time: 239.0 [(439.0, 180.0), (509.0, 180.0), (587.0, 180.0), (271.0, 180.0), (361.0, 180.0)]
Time: 240.0 [(425.0, 180.0), (509.0, 180.0), (587.0, 180.0), (261.0, 180.0), (336.0, 180.0)]
Time: 241.0 [(411.0, 180.0), (488.0, 180.0), (558.0, 180.0), (251.0, 180.0), (336.0, 180.0)]
Time: 242.0 [(397.0, 180.0), (467.0, 180.0), (558.0, 180.0), (241.0, 180.0), (311.0, 180.0)]
Time: 243.0 [(383.0, 180.0), (467.0, 180.0), (558.0, 180.0), (231.0, 180.0), (311.0, 180.0)]
Time: 244.0 [(383.0, 180.0), (467.0, 180.0), (558.0, 180.0), (221.0, 180.0), (311.0, 180.0)]
Time: 245.0 [(369.0, 180.0), (446.0, 180.0), (529.0, 180.0), (211.0, 180.0), (286.0, 180.0)]
Time: 246.0 [(369.0, 180.0), (446.0, 180.0), (529.0, 180.0), (201.0, 180.0), (286.0, 180.0)]
Time: 247.0 [(355.0, 180.0), (425.0, 180.0), (500.0, 180.0), (191.0, 180.0), (261.0, 180.0)]
Time: 248.0 [(341.0, 180.0), (425.0, 180.0), (500.0, 180.0), (181.0, 180.0), (261.0, 180.0)]
Time: 249.0 [(341.0, 180.0), (425.0, 180.0), (500.0, 180.0), (171.0, 180.0), (261.0, 180.0)]
Time: 250.0 [(327.0, 180.0), (404.0, 180.0), (500.0, 180.0), (161.0, 180.0), (236.0, 180.0)]
Time: 251.0 [(313.0, 180.0), (383.0, 180.0), (471.0, 180.0), (151.0, 180.0), (236.0, 180.0)]
Time: 252.0 [(299.0, 180.0), (383.0, 180.0), (471.0, 180.0), (141.0, 180.0), (211.0, 180.0)]
Time: 253.0 [(285.0, 180.0), (362.0, 180.0), (442.0, 180.0), (131.0, 180.0), (211.0, 180.0)]
Time: 254.0 [(285.0, 180.0), (362.0, 180.0), (442.0, 180.0), (121.0, 180.0), (211.0, 180.0)]
Time: 255.0 [(271.0, 180.0), (341.0, 180.0), (413.0, 180.0), (111.0, 180.0), (186.0, 180.0)]
Time: 256.0 [(257.0, 180.0), (341.0, 180.0), (413.0, 180.0), (101.0, 180.0), (186.0, 180.0)]
Time: 257.0 [(243.0, 180.0), (320.0, 180.0), (413.0, 180.0), (0.0, 0.0), (161.0, 180.0)]
Time: 258.0 [(243.0, 180.0), (320.0, 180.0), (413.0, 180.0), (0.0, 0.0), (161.0, 180.0)]
Time: 259.0 [(243.0, 180.0), (320.0, 180.0), (413.0, 180.0), (0.0, 0.0), (161.0, 180.0)]
Time: 260.0 [(229.0, 180.0), (299.0, 180.0), (384.0, 180.0), (0.0, 0.0), (136.0, 180.0)]
Time: 261.0 [(215.0, 180.0), (299.0, 180.0), (384.0, 180.0), (0.0, 0.0), (136.0, 180.0)]
Time: 262.0 [(201.0, 180.0), (278.0, 180.0), (355.0, 180.0), (0.0, 0.0), (111.0, 180.0)]
Time: 263.0 [(187.0, 180.0), (257.0, 180.0), (355.0, 180.0), (0.0, 0.0), (111.0, 180.0)]
Time: 264.0 [(187.0, 180.0), (257.0, 180.0), (355.0, 180.0), (0.0, 0.0), (111.0, 180.0)]
Time: 265.0 [(173.0, 180.0), (257.0, 180.0), (355.0, 180.0), (0.0, 0.0), (0.0, 0.0)]
Time: 266.0 [(159.0, 180.0), (236.0, 180.0), (326.0, 180.0), (0.0, 0.0), (0.0, 0.0)]
Time: 267.0 [(145.0, 180.0), (215.0, 180.0), (297.0, 180.0), (0.0, 0.0), (0.0, 0.0)]
Time: 268.0 [(131.0, 180.0), (215.0, 180.0), (297.0, 180.0), (0.0, 0.0), (0.0, 0.0)]
Time: 269.0 [(131.0, 180.0), (215.0, 180.0), (297.0, 180.0), (0.0, 0.0), (0.0, 0.0)]
Time: 270.0 [(117.0, 180.0), (194.0, 180.0), (268.0, 180.0), (0.0, 0.0), (0.0, 0.0)]
Time: 271.0 [(103.0, 180.0), (173.0, 180.0), (268.0, 180.0), (761.0, 180.0), (0.0, 0.0)]
Time: 272.0 [(0.0, 0.0), (173.0, 180.0), (268.0, 180.0), (738.0, 180.0), (0.0, 0.0)]
Time: 273.0 [(0.0, 0.0), (152.0, 180.0), (239.0, 180.0), (715.0, 180.0), (0.0, 0.0)]
Time: 274.0 [(0.0, 0.0), (131.0, 180.0), (210.0, 180.0), (692.0, 180.0), (0.0, 0.0)]
Time: 275.0 [(0.0, 0.0), (131.0, 180.0), (210.0, 180.0), (669.0, 180.0), (0.0, 0.0)]
Time: 276.0 [(0.0, 0.0), (110.0, 180.0), (181.0, 180.0), (646.0, 180.0), (0.0, 0.0)]
Time: 277.0 [(0.0, 0.0), (0.0, 0.0), (181.0, 180.0), (623.0, 180.0), (0.0, 0.0)]
Time: 278.0 [(0.0, 0.0), (0.0, 0.0), (181.0, 180.0), (600.0, 180.0), (761.0, 180.0)]
Time: 279.0 [(0.0, 0.0), (0.0, 0.0), (152.0, 180.0), (577.0, 180.0), (739.0, 180.0)]
Time: 280.0 [(0.0, 0.0), (0.0, 0.0), (123.0, 180.0), (554.0, 180.0), (717.0, 180.0)]
Time: 281.0 [(0.0, 0.0), (0.0, 0.0), (123.0, 180.0), (531.0, 180.0), (695.0, 180.0)]
Time: 282.0 [(0.0, 0.0), (0.0, 0.0), (123.0, 180.0), (508.0, 180.0), (673.0, 180.0)]
Time: 283.0 [(0.0, 0.0), (0.0, 0.0), (94.0, 180.0), (485.0, 180.0), (651.0, 180.0)]
Time: 284.0 [(0.0, 0.0), (0.0, 0.0), (0.0, 0.0), (462.0, 180.0), (629.0, 180.0)]
Time: 285.0 [(0.0, 0.0), (0.0, 0.0), (0.0, 0.0), (439.0, 180.0), (607.0, 180.0)]
Time: 286.0 [(761.0, 180.0), (0.0, 0.0), (0.0, 0.0), (416.0, 180.0), (585.0, 180.0)]
Time: 287.0 [(745.0, 180.0), (0.0, 0.0), (0.0, 0.0), (393.0, 180.0), (563.0, 180.0)]
Time: 288.0 [(729.0, 180.0), (0.0, 0.0), (0.0, 0.0), (370.0, 180.0), (541.0, 180.0)]
Time: 289.0 [(713.0, 180.0), (0.0, 0.0), (0.0, 0.0), (347.0, 180.0), (519.0, 180.0)]
Time: 290.0 [(697.0, 180.0), (0.0, 0.0), (0.0, 0.0), (324.0, 180.0), (497.0, 180.0)]
Time: 291.0 [(681.0, 180.0), (0.0, 0.0), (0.0, 0.0), (301.0, 180.0), (475.0, 180.0)]
Time: 292.0 [(665.0, 180.0), (0.0, 0.0), (0.0, 0.0), (278.0, 180.0), (453.0, 180.0)]
Time: 293.0 [(649.0, 180.0), (0.0, 0.0), (0.0, 0.0), (255.0, 180.0), (431.0, 180.0)]
Time: 294.0 [(633.0, 180.0), (0.0, 0.0), (0.0, 0.0), (232.0, 180.0), (409.0, 180.0)]
Time: 295.0 [(617.0, 180.0), (0.0, 0.0), (0.0, 0.0), (209.0, 180.0), (387.0, 180.0)]
Time: 296.0 [(601.0, 180.0), (761.0, 182.0), (0.0, 0.0), (186.0, 180.0), (365.0, 180.0)]
Time: 297.0 [(585.0, 180.0), (746.0, 182.0), (0.0, 0.0), (163.0, 180.0), (343.0, 180.0)]
Time: 298.0 [(569.0, 180.0), (731.0, 182.0), (0.0, 0.0), (140.0, 180.0), (321.0, 180.0)]
Time: 299.0 [(553.0, 180.0), (716.0, 182.0), (0.0, 0.0), (117.0, 180.0), (299.0, 180.0)]
Time: 300.0 [(537.0, 180.0), (701.0, 182.0), (0.0, 0.0), (94.0, 180.0), (277.0, 180.0)]
Time: 301.0 [(521.0, 180.0), (686.0, 182.0), (0.0, 0.0), (0.0, 0.0), (255.0, 180.0)]
Time: 302.0 [(505.0, 180.0), (671.0, 182.0), (0.0, 0.0), (0.0, 0.0), (233.0, 180.0)]
Time: 303.0 [(489.0, 180.0), (656.0, 182.0), (0.0, 0.0), (0.0, 0.0), (211.0, 180.0)]
Time: 304.0 [(473.0, 180.0), (641.0, 182.0), (0.0, 0.0), (0.0, 0.0), (189.0, 180.0)]
Time: 305.0 [(457.0, 180.0), (626.0, 182.0), (0.0, 0.0), (0.0, 0.0), (167.0, 180.0)]
Time: 306.0 [(441.0, 180.0), (611.0, 182.0), (761.0, 180.0), (0.0, 0.0), (145.0, 180.0)]
Time: 307.0 [(425.0, 180.0), (596.0, 182.0), (746.0, 180.0), (0.0, 0.0), (123.0, 180.0)]
Time: 308.0 [(409.0, 180.0), (581.0, 182.0), (731.0, 180.0), (0.0, 0.0), (101.0, 180.0)]
Time: 309.0 [(393.0, 180.0), (566.0, 182.0), (716.0, 180.0), (0.0, 0.0), (0.0, 0.0)]
Time: 310.0 [(377.0, 180.0), (551.0, 182.0), (701.0, 180.0), (0.0, 0.0), (0.0, 0.0)]
Time: 311.0 [(361.0, 180.0), (536.0, 182.0), (686.0, 180.0), (0.0, 0.0), (0.0, 0.0)]
Time: 312.0 [(345.0, 180.0), (521.0, 182.0), (671.0, 180.0), (0.0, 0.0), (0.0, 0.0)]
Time: 313.0 [(329.0, 180.0), (506.0, 182.0), (656.0, 180.0), (0.0, 0.0), (0.0, 0.0)]
Time: 314.0 [(313.0, 180.0), (491.0, 182.0), (641.0, 180.0), (0.0, 0.0), (0.0, 0.0)]
Time: 315.0 [(297.0, 180.0), (476.0, 182.0), (626.0, 180.0), (0.0, 0.0), (0.0, 0.0)]
Time: 316.0 [(281.0, 180.0), (461.0, 182.0), (611.0, 180.0), (761.0, 180.0), (0.0, 0.0)]
Time: 317.0 [(265.0, 180.0), (446.0, 182.0), (596.0, 180.0), (746.0, 180.0), (0.0, 0.0)]
Time: 318.0 [(249.0, 180.0), (431.0, 182.0), (581.0, 180.0), (731.0, 180.0), (0.0, 0.0)]
Time: 319.0 [(233.0, 180.0), (416.0, 182.0), (566.0, 180.0), (716.0, 180.0), (0.0, 0.0)]
Time: 320.0 [(217.0, 180.0), (401.0, 182.0), (551.0, 180.0), (701.0, 180.0), (0.0, 0.0)]
Time: 321.0 [(201.0, 180.0), (386.0, 182.0), (536.0, 180.0), (686.0, 180.0), (0.0, 0.0)]
Time: 322.0 [(185.0, 180.0), (371.0, 182.0), (521.0, 180.0), (671.0, 180.0), (0.0, 0.0)]
Time: 323.0 [(169.0, 180.0), (356.0, 182.0), (506.0, 180.0), (656.0, 180.0), (0.0, 0.0)]
Time: 324.0 [(153.0, 180.0), (341.0, 182.0), (491.0, 180.0), (641.0, 180.0), (0.0, 0.0)]
Time: 325.0 [(137.0, 180.0), (326.0, 182.0), (476.0, 180.0), (626.0, 180.0), (0.0, 0.0)]
Time: 326.0 [(121.0, 180.0), (311.0, 182.0), (461.0, 180.0), (611.0, 180.0), (0.0, 0.0)]
Time: 327.0 [(105.0, 180.0), (296.0, 182.0), (446.0, 180.0), (596.0, 180.0), (761.0, 180.0)]
Time: 328.0 [(0.0, 0.0), (281.0, 182.0), (431.0, 180.0), (581.0, 180.0), (739.0, 180.0)]
Time: 329.0 [(0.0, 0.0), (266.0, 182.0), (416.0, 180.0), (566.0, 180.0), (717.0, 180.0)]
Time: 330.0 [(0.0, 0.0), (251.0, 182.0), (401.0, 180.0), (551.0, 180.0), (695.0, 180.0)]
Time: 331.0 [(0.0, 0.0), (236.0, 182.0), (386.0, 180.0), (536.0, 180.0), (673.0, 180.0)]
Time: 332.0 [(0.0, 0.0), (221.0, 182.0), (371.0, 180.0), (521.0, 180.0), (651.0, 180.0)]
Time: 333.0 [(0.0, 0.0), (206.0, 182.0), (356.0, 180.0), (506.0, 180.0), (629.0, 180.0)]
Time: 334.0 [(0.0, 0.0), (191.0, 182.0), (341.0, 180.0), (491.0, 180.0), (607.0, 180.0)]
Time: 335.0 [(0.0, 0.0), (176.0, 182.0), (326.0, 180.0), (476.0, 180.0), (585.0, 180.0)]
Time: 336.0 [(0.0, 0.0), (161.0, 182.0), (311.0, 180.0), (461.0, 180.0), (563.0, 180.0)]
Time: 337.0 [(761.0, 186.0), (146.0, 182.0), (296.0, 180.0), (446.0, 180.0), (541.0, 180.0)]
Time: 338.0 [(741.0, 186.0), (131.0, 182.0), (281.0, 180.0), (431.0, 180.0), (519.0, 180.0)]
Time: 339.0 [(721.0, 186.0), (116.0, 182.0), (266.0, 180.0), (416.0, 180.0), (497.0, 180.0)]
Time: 340.0 [(701.0, 186.0), (101.0, 182.0), (251.0, 180.0), (401.0, 180.0), (475.0, 180.0)]
Time: 341.0 [(681.0, 186.0), (0.0, 0.0), (236.0, 180.0), (386.0, 180.0), (475.0, 180.0)]
Time: 342.0 [(661.0, 186.0), (0.0, 0.0), (221.0, 180.0), (371.0, 180.0), (453.0, 180.0)]
Time: 343.0 [(641.0, 186.0), (0.0, 0.0), (206.0, 180.0), (356.0, 180.0), (431.0, 180.0)]
Time: 344.0 [(621.0, 186.0), (0.0, 0.0), (191.0, 180.0), (341.0, 180.0), (431.0, 180.0)]
Time: 345.0 [(601.0, 186.0), (0.0, 0.0), (176.0, 180.0), (326.0, 180.0), (409.0, 180.0)]
Time: 346.0 [(581.0, 186.0), (0.0, 0.0), (161.0, 180.0), (311.0, 180.0), (387.0, 180.0)]
Time: 347.0 [(561.0, 186.0), (0.0, 0.0), (146.0, 180.0), (296.0, 180.0), (387.0, 180.0)]
Time: 348.0 [(541.0, 186.0), (0.0, 0.0), (131.0, 180.0), (281.0, 180.0), (365.0, 180.0)]
Time: 349.0 [(521.0, 186.0), (0.0, 0.0), (116.0, 180.0), (266.0, 180.0), (343.0, 180.0)]
Time: 350.0 [(501.0, 186.0), (0.0, 0.0), (101.0, 180.0), (251.0, 180.0), (321.0, 180.0)]
Time: 351.0 [(481.0, 186.0), (761.0, 180.0), (0.0, 0.0), (236.0, 180.0), (321.0, 180.0)]
Time: 352.0 [(461.0, 186.0), (738.0, 180.0), (0.0, 0.0), (221.0, 180.0), (299.0, 180.0)]
Time: 353.0 [(441.0, 186.0), (715.0, 180.0), (0.0, 0.0), (206.0, 180.0), (277.0, 180.0)]
Time: 354.0 [(421.0, 186.0), (692.0, 180.0), (0.0, 0.0), (191.0, 180.0), (277.0, 180.0)]
Time: 355.0 [(401.0, 186.0), (669.0, 180.0), (0.0, 0.0), (176.0, 180.0), (255.0, 180.0)]
Time: 356.0 [(381.0, 186.0), (646.0, 180.0), (0.0, 0.0), (161.0, 180.0), (233.0, 180.0)]
Time: 357.0 [(361.0, 186.0), (623.0, 180.0), (0.0, 0.0), (146.0, 180.0), (233.0, 180.0)]
Time: 358.0 [(341.0, 186.0), (600.0, 180.0), (0.0, 0.0), (131.0, 180.0), (211.0, 180.0)]
Time: 359.0 [(321.0, 186.0), (577.0, 180.0), (0.0, 0.0), (116.0, 180.0), (189.0, 180.0)]
Time: 360.0 [(301.0, 186.0), (554.0, 180.0), (0.0, 0.0), (101.0, 180.0), (189.0, 180.0)]
Time: 361.0 [(281.0, 186.0), (531.0, 180.0), (761.0, 178.0), (0.0, 0.0), (167.0, 180.0)]
Time: 362.0 [(261.0, 186.0), (508.0, 180.0), (741.0, 178.0), (0.0, 0.0), (145.0, 180.0)]
Time: 363.0 [(241.0, 186.0), (485.0, 180.0), (721.0, 178.0), (0.0, 0.0), (145.0, 180.0)]
Time: 364.0 [(221.0, 186.0), (462.0, 180.0), (701.0, 178.0), (0.0, 0.0), (123.0, 180.0)]
Time: 365.0 [(201.0, 186.0), (439.0, 180.0), (681.0, 178.0), (0.0, 0.0), (101.0, 180.0)]
Time: 366.0 [(181.0, 186.0), (416.0, 180.0), (661.0, 178.0), (0.0, 0.0), (101.0, 180.0)]
Time: 367.0 [(161.0, 186.0), (393.0, 180.0), (641.0, 178.0), (0.0, 0.0), (0.0, 0.0)]
Time: 368.0 [(141.0, 186.0), (370.0, 180.0), (621.0, 178.0), (0.0, 0.0), (0.0, 0.0)]
Time: 369.0 [(141.0, 186.0), (347.0, 180.0), (601.0, 178.0), (0.0, 0.0), (0.0, 0.0)]
Time: 370.0 [(121.0, 186.0), (324.0, 180.0), (581.0, 178.0), (0.0, 0.0), (0.0, 0.0)]
Time: 371.0 [(101.0, 186.0), (301.0, 180.0), (561.0, 178.0), (761.0, 180.0), (0.0, 0.0)]
Time: 372.0 [(0.0, 0.0), (278.0, 180.0), (541.0, 178.0), (732.0, 180.0), (0.0, 0.0)]
Time: 373.0 [(0.0, 0.0), (255.0, 180.0), (521.0, 178.0), (703.0, 180.0), (0.0, 0.0)]
Time: 374.0 [(0.0, 0.0), (232.0, 180.0), (501.0, 178.0), (674.0, 180.0), (0.0, 0.0)]
Time: 375.0 [(0.0, 0.0), (209.0, 180.0), (481.0, 178.0), (645.0, 180.0), (0.0, 0.0)]
Time: 376.0 [(0.0, 0.0), (186.0, 180.0), (461.0, 178.0), (616.0, 180.0), (0.0, 0.0)]
Time: 377.0 [(0.0, 0.0), (163.0, 180.0), (441.0, 178.0), (587.0, 180.0), (761.0, 180.0)]
Time: 378.0 [(0.0, 0.0), (140.0, 180.0), (421.0, 178.0), (558.0, 180.0), (748.0, 180.0)]
Time: 379.0 [(0.0, 0.0), (117.0, 180.0), (401.0, 178.0), (529.0, 180.0), (735.0, 180.0)]
Time: 380.0 [(0.0, 0.0), (94.0, 180.0), (381.0, 178.0), (500.0, 180.0), (722.0, 180.0)]
Time: 381.0 [(0.0, 0.0), (0.0, 0.0), (361.0, 178.0), (471.0, 180.0), (709.0, 180.0)]
Time: 382.0 [(0.0, 0.0), (0.0, 0.0), (341.0, 178.0), (442.0, 180.0), (696.0, 180.0)]
Time: 383.0 [(0.0, 0.0), (0.0, 0.0), (321.0, 178.0), (413.0, 180.0), (683.0, 180.0)]
Time: 384.0 [(0.0, 0.0), (0.0, 0.0), (301.0, 178.0), (384.0, 180.0), (670.0, 180.0)]
Time: 385.0 [(0.0, 0.0), (0.0, 0.0), (281.0, 178.0), (355.0, 180.0), (657.0, 180.0)]
Time: 386.0 [(0.0, 0.0), (0.0, 0.0), (261.0, 178.0), (355.0, 180.0), (644.0, 180.0)]
Time: 387.0 [(0.0, 0.0), (0.0, 0.0), (241.0, 178.0), (326.0, 180.0), (631.0, 180.0)]
Time: 388.0 [(0.0, 0.0), (0.0, 0.0), (221.0, 178.0), (297.0, 180.0), (618.0, 180.0)]
Time: 389.0 [(761.0, 186.0), (0.0, 0.0), (201.0, 178.0), (297.0, 180.0), (605.0, 180.0)]
Time: 390.0 [(749.0, 186.0), (0.0, 0.0), (181.0, 178.0), (268.0, 180.0), (592.0, 180.0)]
Time: 391.0 [(737.0, 186.0), (0.0, 0.0), (161.0, 178.0), (239.0, 180.0), (579.0, 180.0)]
Time: 392.0 [(725.0, 186.0), (0.0, 0.0), (141.0, 178.0), (239.0, 180.0), (566.0, 180.0)]
Time: 393.0 [(713.0, 186.0), (0.0, 0.0), (121.0, 178.0), (210.0, 180.0), (553.0, 180.0)]
Time: 394.0 [(701.0, 186.0), (0.0, 0.0), (101.0, 178.0), (181.0, 180.0), (540.0, 180.0)]
Time: 395.0 [(689.0, 186.0), (0.0, 0.0), (0.0, 0.0), (152.0, 180.0), (527.0, 180.0)]
Time: 396.0 [(677.0, 186.0), (0.0, 0.0), (0.0, 0.0), (152.0, 180.0), (514.0, 180.0)]
Time: 397.0 [(665.0, 186.0), (0.0, 0.0), (0.0, 0.0), (123.0, 180.0), (501.0, 180.0)]
Time: 398.0 [(653.0, 186.0), (0.0, 0.0), (0.0, 0.0), (94.0, 180.0), (488.0, 180.0)]
Time: 399.0 [(641.0, 186.0), (0.0, 0.0), (0.0, 0.0), (94.0, 180.0), (475.0, 180.0)]
Time: 400.0 [(629.0, 186.0), (0.0, 0.0), (0.0, 0.0), (0.0, 0.0), (462.0, 180.0)]
Time: 401.0 [(617.0, 186.0), (761.0, 178.0), (0.0, 0.0), (0.0, 0.0), (449.0, 180.0)]
Time: 402.0 [(605.0, 186.0), (750.0, 178.0), (0.0, 0.0), (0.0, 0.0), (436.0, 180.0)]
Time: 403.0 [(593.0, 186.0), (739.0, 178.0), (0.0, 0.0), (0.0, 0.0), (423.0, 180.0)]
Time: 404.0 [(581.0, 186.0), (728.0, 178.0), (0.0, 0.0), (0.0, 0.0), (410.0, 180.0)]
Time: 405.0 [(569.0, 186.0), (717.0, 178.0), (0.0, 0.0), (0.0, 0.0), (397.0, 180.0)]
Time: 406.0 [(557.0, 186.0), (706.0, 178.0), (0.0, 0.0), (0.0, 0.0), (384.0, 180.0)]
Time: 407.0 [(545.0, 186.0), (695.0, 178.0), (0.0, 0.0), (0.0, 0.0), (371.0, 180.0)]
Time: 408.0 [(533.0, 186.0), (684.0, 178.0), (0.0, 0.0), (0.0, 0.0), (358.0, 180.0)]
Time: 409.0 [(521.0, 186.0), (673.0, 178.0), (0.0, 0.0), (0.0, 0.0), (345.0, 180.0)]
Time: 410.0 [(509.0, 186.0), (662.0, 178.0), (0.0, 0.0), (0.0, 0.0), (332.0, 180.0)]
Time: 411.0 [(497.0, 186.0), (651.0, 178.0), (0.0, 0.0), (0.0, 0.0), (319.0, 180.0)]
Time: 412.0 [(485.0, 186.0), (640.0, 178.0), (0.0, 0.0), (0.0, 0.0), (306.0, 180.0)]
Time: 413.0 [(473.0, 186.0), (629.0, 178.0), (0.0, 0.0), (0.0, 0.0), (293.0, 180.0)]
Time: 414.0 [(461.0, 186.0), (618.0, 178.0), (0.0, 0.0), (0.0, 0.0), (280.0, 180.0)]
Time: 415.0 [(449.0, 186.0), (607.0, 178.0), (761.0, 186.0), (0.0, 0.0), (267.0, 180.0)]
Time: 416.0 [(437.0, 186.0), (596.0, 178.0), (747.0, 186.0), (0.0, 0.0), (254.0, 180.0)]
Time: 417.0 [(425.0, 186.0), (585.0, 178.0), (733.0, 186.0), (0.0, 0.0), (241.0, 180.0)]
Time: 418.0 [(413.0, 186.0), (574.0, 178.0), (719.0, 186.0), (0.0, 0.0), (228.0, 180.0)]
Time: 419.0 [(401.0, 186.0), (563.0, 178.0), (705.0, 186.0), (0.0, 0.0), (215.0, 180.0)]
Time: 420.0 [(389.0, 186.0), (552.0, 178.0), (691.0, 186.0), (0.0, 0.0), (202.0, 180.0)]
Time: 421.0 [(377.0, 186.0), (541.0, 178.0), (677.0, 186.0), (0.0, 0.0), (189.0, 180.0)]
Time: 422.0 [(365.0, 186.0), (530.0, 178.0), (663.0, 186.0), (0.0, 0.0), (176.0, 180.0)]
Time: 423.0 [(353.0, 186.0), (519.0, 178.0), (649.0, 186.0), (0.0, 0.0), (163.0, 180.0)]
Time: 424.0 [(341.0, 186.0), (508.0, 178.0), (635.0, 186.0), (0.0, 0.0), (150.0, 180.0)]
Time: 425.0 [(329.0, 186.0), (497.0, 178.0), (621.0, 186.0), (0.0, 0.0), (137.0, 180.0)]
Time: 426.0 [(317.0, 186.0), (486.0, 178.0), (607.0, 186.0), (0.0, 0.0), (124.0, 180.0)]
Time: 427.0 [(305.0, 186.0), (475.0, 178.0), (593.0, 186.0), (761.0, 180.0), (111.0, 180.0)]
Time: 428.0 [(293.0, 186.0), (464.0, 178.0), (579.0, 186.0), (751.0, 180.0), (98.0, 180.0)]
Time: 429.0 [(281.0, 186.0), (453.0, 178.0), (565.0, 186.0), (741.0, 180.0), (0.0, 0.0)]
Time: 430.0 [(269.0, 186.0), (442.0, 178.0), (551.0, 186.0), (731.0, 180.0), (0.0, 0.0)]
Time: 431.0 [(257.0, 186.0), (431.0, 178.0), (537.0, 186.0), (721.0, 180.0), (0.0, 0.0)]
Time: 432.0 [(245.0, 186.0), (420.0, 178.0), (523.0, 186.0), (711.0, 180.0), (0.0, 0.0)]
Time: 433.0 [(233.0, 186.0), (409.0, 178.0), (509.0, 186.0), (701.0, 180.0), (0.0, 0.0)]
Time: 434.0 [(221.0, 186.0), (398.0, 178.0), (495.0, 186.0), (691.0, 180.0), (0.0, 0.0)]
Time: 435.0 [(209.0, 186.0), (387.0, 178.0), (481.0, 186.0), (681.0, 180.0), (0.0, 0.0)]
Time: 436.0 [(197.0, 186.0), (376.0, 178.0), (467.0, 186.0), (671.0, 180.0), (0.0, 0.0)]
Time: 437.0 [(185.0, 186.0), (365.0, 178.0), (453.0, 186.0), (661.0, 180.0), (0.0, 0.0)]
Time: 438.0 [(173.0, 186.0), (354.0, 178.0), (439.0, 186.0), (651.0, 180.0), (0.0, 0.0)]
Time: 439.0 [(161.0, 186.0), (343.0, 178.0), (425.0, 186.0), (641.0, 180.0), (0.0, 0.0)]
Time: 440.0 [(149.0, 186.0), (332.0, 178.0), (411.0, 186.0), (631.0, 180.0), (0.0, 0.0)]
Time: 441.0 [(137.0, 186.0), (321.0, 178.0), (397.0, 186.0), (621.0, 180.0), (0.0, 0.0)]
Time: 442.0 [(125.0, 186.0), (310.0, 178.0), (383.0, 186.0), (611.0, 180.0), (761.0, 178.0)]
Time: 443.0 [(113.0, 186.0), (299.0, 178.0), (369.0, 186.0), (601.0, 180.0), (743.0, 178.0)]
Time: 444.0 [(101.0, 186.0), (288.0, 178.0), (369.0, 186.0), (591.0, 180.0), (725.0, 178.0)]
Time: 445.0 [(0.0, 0.0), (277.0, 178.0), (355.0, 186.0), (581.0, 180.0), (707.0, 178.0)]
Time: 446.0 [(0.0, 0.0), (266.0, 178.0), (341.0, 186.0), (571.0, 180.0), (689.0, 178.0)]
Time: 447.0 [(0.0, 0.0), (255.0, 178.0), (327.0, 186.0), (561.0, 180.0), (671.0, 178.0)]
Time: 448.0 [(0.0, 0.0), (244.0, 178.0), (327.0, 186.0), (551.0, 180.0), (653.0, 178.0)]
Time: 449.0 [(0.0, 0.0), (233.0, 178.0), (313.0, 186.0), (541.0, 180.0), (635.0, 178.0)]
Time: 450.0 [(0.0, 0.0), (222.0, 178.0), (299.0, 186.0), (531.0, 180.0), (617.0, 178.0)]
Time: 451.0 [(0.0, 0.0), (211.0, 178.0), (285.0, 186.0), (521.0, 180.0), (599.0, 178.0)]
Time: 452.0 [(0.0, 0.0), (200.0, 178.0), (271.0, 186.0), (511.0, 180.0), (581.0, 178.0)]
Time: 453.0 [(0.0, 0.0), (189.0, 178.0), (271.0, 186.0), (501.0, 180.0), (581.0, 178.0)]
Time: 454.0 [(0.0, 0.0), (178.0, 178.0), (257.0, 186.0), (491.0, 180.0), (563.0, 178.0)]
Time: 455.0 [(0.0, 0.0), (167.0, 178.0), (243.0, 186.0), (481.0, 180.0), (563.0, 178.0)]
Time: 456.0 [(0.0, 0.0), (156.0, 178.0), (229.0, 186.0), (471.0, 180.0), (545.0, 178.0)]
Time: 457.0 [(761.0, 180.0), (145.0, 178.0), (215.0, 186.0), (461.0, 180.0), (545.0, 178.0)]
Time: 458.0 [(752.0, 180.0), (134.0, 178.0), (215.0, 186.0), (451.0, 180.0), (527.0, 178.0)]
Time: 459.0 [(743.0, 180.0), (123.0, 178.0), (201.0, 186.0), (441.0, 180.0), (527.0, 178.0)]
Time: 460.0 [(734.0, 180.0), (112.0, 178.0), (187.0, 186.0), (431.0, 180.0), (509.0, 178.0)]
Time: 461.0 [(725.0, 180.0), (101.0, 178.0), (173.0, 186.0), (421.0, 180.0), (491.0, 178.0)]
Time: 462.0 [(716.0, 180.0), (0.0, 0.0), (173.0, 186.0), (411.0, 180.0), (491.0, 178.0)]
Time: 463.0 [(707.0, 180.0), (0.0, 0.0), (159.0, 186.0), (401.0, 180.0), (473.0, 178.0)]
Time: 464.0 [(698.0, 180.0), (0.0, 0.0), (145.0, 186.0), (391.0, 180.0), (473.0, 178.0)]
Time: 465.0 [(689.0, 180.0), (0.0, 0.0), (131.0, 186.0), (381.0, 180.0), (455.0, 178.0)]
Time: 466.0 [(680.0, 180.0), (0.0, 0.0), (117.0, 186.0), (371.0, 180.0), (455.0, 178.0)]
Time: 467.0 [(671.0, 180.0), (0.0, 0.0), (117.0, 186.0), (361.0, 180.0), (437.0, 178.0)]
Time: 468.0 [(662.0, 180.0), (0.0, 0.0), (103.0, 186.0), (351.0, 180.0), (437.0, 178.0)]
Time: 469.0 [(653.0, 180.0), (0.0, 0.0), (0.0, 0.0), (341.0, 180.0), (419.0, 178.0)]
Time: 470.0 [(644.0, 180.0), (0.0, 0.0), (0.0, 0.0), (331.0, 180.0), (401.0, 178.0)]
Time: 471.0 [(635.0, 180.0), (0.0, 0.0), (0.0, 0.0), (321.0, 180.0), (401.0, 178.0)]
Time: 472.0 [(626.0, 180.0), (0.0, 0.0), (0.0, 0.0), (311.0, 180.0), (383.0, 178.0)]
Time: 473.0 [(617.0, 180.0), (0.0, 0.0), (0.0, 0.0), (301.0, 180.0), (383.0, 178.0)]
Time: 474.0 [(608.0, 180.0), (0.0, 0.0), (0.0, 0.0), (291.0, 180.0), (365.0, 178.0)]
Time: 475.0 [(599.0, 180.0), (0.0, 0.0), (0.0, 0.0), (281.0, 180.0), (365.0, 178.0)]
Time: 476.0 [(590.0, 180.0), (761.0, 180.0), (0.0, 0.0), (271.0, 180.0), (347.0, 178.0)]
Time: 477.0 [(581.0, 180.0), (750.0, 180.0), (0.0, 0.0), (261.0, 180.0), (347.0, 178.0)]
Time: 478.0 [(572.0, 180.0), (739.0, 180.0), (0.0, 0.0), (251.0, 180.0), (329.0, 178.0)]
Time: 479.0 [(563.0, 180.0), (728.0, 180.0), (0.0, 0.0), (241.0, 180.0), (311.0, 178.0)]
Time: 480.0 [(554.0, 180.0), (717.0, 180.0), (0.0, 0.0), (231.0, 180.0), (311.0, 178.0)]
Time: 481.0 [(545.0, 180.0), (706.0, 180.0), (0.0, 0.0), (221.0, 180.0), (293.0, 178.0)]
Time: 482.0 [(536.0, 180.0), (695.0, 180.0), (0.0, 0.0), (211.0, 180.0), (293.0, 178.0)]
Time: 483.0 [(527.0, 180.0), (684.0, 180.0), (0.0, 0.0), (201.0, 180.0), (275.0, 178.0)]
Time: 484.0 [(518.0, 180.0), (673.0, 180.0), (0.0, 0.0), (191.0, 180.0), (275.0, 178.0)]
Time: 485.0 [(509.0, 180.0), (662.0, 180.0), (0.0, 0.0), (181.0, 180.0), (257.0, 178.0)]
Time: 486.0 [(500.0, 180.0), (651.0, 180.0), (0.0, 0.0), (171.0, 180.0), (257.0, 178.0)]
Time: 487.0 [(491.0, 180.0), (640.0, 180.0), (0.0, 0.0), (161.0, 180.0), (239.0, 178.0)]
Time: 488.0 [(482.0, 180.0), (629.0, 180.0), (0.0, 0.0), (151.0, 180.0), (221.0, 178.0)]
Time: 489.0 [(473.0, 180.0), (618.0, 180.0), (0.0, 0.0), (141.0, 180.0), (221.0, 178.0)]
Time: 490.0 [(464.0, 180.0), (607.0, 180.0), (0.0, 0.0), (131.0, 180.0), (203.0, 178.0)]
Time: 491.0 [(455.0, 180.0), (596.0, 180.0), (761.0, 186.0), (121.0, 180.0), (203.0, 178.0)]
Time: 492.0 [(446.0, 180.0), (585.0, 180.0), (756.0, 186.0), (111.0, 180.0), (185.0, 178.0)]
Time: 493.0 [(437.0, 180.0), (574.0, 180.0), (751.0, 186.0), (101.0, 180.0), (185.0, 178.0)]
Time: 494.0 [(428.0, 180.0), (563.0, 180.0), (746.0, 186.0), (0.0, 0.0), (167.0, 178.0)]
Time: 495.0 [(419.0, 180.0), (552.0, 180.0), (741.0, 186.0), (0.0, 0.0), (167.0, 178.0)]
Time: 496.0 [(410.0, 180.0), (541.0, 180.0), (736.0, 186.0), (0.0, 0.0), (149.0, 178.0)]
Time: 497.0 [(401.0, 180.0), (530.0, 180.0), (731.0, 186.0), (0.0, 0.0), (131.0, 178.0)]
Time: 498.0 [(392.0, 180.0), (519.0, 180.0), (726.0, 186.0), (0.0, 0.0), (131.0, 178.0)]
Time: 499.0 [(383.0, 180.0), (508.0, 180.0), (721.0, 186.0), (0.0, 0.0), (113.0, 178.0)]
Time: 500.0 [(374.0, 180.0), (497.0, 180.0), (716.0, 186.0), (0.0, 0.0), (113.0, 178.0)]
Time: 501.0 [(365.0, 180.0), (486.0, 180.0), (711.0, 186.0), (0.0, 0.0), (95.0, 178.0)]
Time: 502.0 [(356.0, 180.0), (475.0, 180.0), (706.0, 186.0), (0.0, 0.0), (95.0, 178.0)]
Time: 503.0 [(347.0, 180.0), (464.0, 180.0), (701.0, 186.0), (0.0, 0.0), (0.0, 0.0)]
Time: 504.0 [(338.0, 180.0), (453.0, 180.0), (696.0, 186.0), (0.0, 0.0), (0.0, 0.0)]
Time: 505.0 [(329.0, 180.0), (442.0, 180.0), (691.0, 186.0), (0.0, 0.0), (0.0, 0.0)]
Time: 506.0 [(320.0, 180.0), (431.0, 180.0), (686.0, 186.0), (0.0, 0.0), (0.0, 0.0)]
Time: 507.0 [(311.0, 180.0), (420.0, 180.0), (681.0, 186.0), (0.0, 0.0), (0.0, 0.0)]
Time: 508.0 [(302.0, 180.0), (409.0, 180.0), (676.0, 186.0), (0.0, 0.0), (0.0, 0.0)]
Time: 509.0 [(293.0, 180.0), (398.0, 180.0), (671.0, 186.0), (0.0, 0.0), (0.0, 0.0)]
Time: 510.0 [(284.0, 180.0), (387.0, 180.0), (666.0, 186.0), (0.0, 0.0), (0.0, 0.0)]
Time: 511.0 [(275.0, 180.0), (376.0, 180.0), (661.0, 186.0), (0.0, 0.0), (0.0, 0.0)]
Time: 512.0 [(266.0, 180.0), (365.0, 180.0), (656.0, 186.0), (0.0, 0.0), (0.0, 0.0)]
Time: 513.0 [(257.0, 180.0), (354.0, 180.0), (651.0, 186.0), (0.0, 0.0), (0.0, 0.0)]
Time: 514.0 [(248.0, 180.0), (343.0, 180.0), (646.0, 186.0), (0.0, 0.0), (0.0, 0.0)]
Time: 515.0 [(239.0, 180.0), (332.0, 180.0), (641.0, 186.0), (0.0, 0.0), (0.0, 0.0)]
Time: 516.0 [(230.0, 180.0), (321.0, 180.0), (636.0, 186.0), (0.0, 0.0), (0.0, 0.0)]
Time: 517.0 [(221.0, 180.0), (310.0, 180.0), (631.0, 186.0), (0.0, 0.0), (0.0, 0.0)]
Time: 518.0 [(212.0, 180.0), (299.0, 180.0), (626.0, 186.0), (0.0, 0.0), (0.0, 0.0)]
Time: 519.0 [(203.0, 180.0), (288.0, 180.0), (621.0, 186.0), (761.0, 180.0), (0.0, 0.0)]
Time: 520.0 [(194.0, 180.0), (277.0, 180.0), (616.0, 186.0), (756.0, 180.0), (0.0, 0.0)]
Time: 521.0 [(185.0, 180.0), (266.0, 180.0), (611.0, 186.0), (751.0, 180.0), (0.0, 0.0)]
Time: 522.0 [(176.0, 180.0), (255.0, 180.0), (606.0, 186.0), (746.0, 180.0), (0.0, 0.0)]
Time: 523.0 [(167.0, 180.0), (244.0, 180.0), (601.0, 186.0), (741.0, 180.0), (0.0, 0.0)]
Time: 524.0 [(158.0, 180.0), (233.0, 180.0), (596.0, 186.0), (736.0, 180.0), (0.0, 0.0)]
Time: 525.0 [(149.0, 180.0), (222.0, 180.0), (591.0, 186.0), (731.0, 180.0), (0.0, 0.0)]
Time: 526.0 [(140.0, 180.0), (211.0, 180.0), (586.0, 186.0), (726.0, 180.0), (0.0, 0.0)]
Time: 527.0 [(131.0, 180.0), (211.0, 180.0), (581.0, 186.0), (721.0, 180.0), (0.0, 0.0)]
Time: 528.0 [(122.0, 180.0), (200.0, 180.0), (576.0, 186.0), (716.0, 180.0), (0.0, 0.0)]
Time: 529.0 [(113.0, 180.0), (189.0, 180.0), (571.0, 186.0), (711.0, 180.0), (0.0, 0.0)]
Time: 530.0 [(104.0, 180.0), (178.0, 180.0), (566.0, 186.0), (706.0, 180.0), (0.0, 0.0)]
Time: 531.0 [(95.0, 180.0), (167.0, 180.0), (561.0, 186.0), (701.0, 180.0), (0.0, 0.0)]
Time: 532.0 [(0.0, 0.0), (156.0, 180.0), (556.0, 186.0), (696.0, 180.0), (0.0, 0.0)]
Time: 533.0 [(0.0, 0.0), (156.0, 180.0), (551.0, 186.0), (691.0, 180.0), (0.0, 0.0)]
Time: 534.0 [(0.0, 0.0), (145.0, 180.0), (546.0, 186.0), (686.0, 180.0), (0.0, 0.0)]
Time: 535.0 [(0.0, 0.0), (134.0, 180.0), (541.0, 186.0), (681.0, 180.0), (0.0, 0.0)]
Time: 536.0 [(0.0, 0.0), (123.0, 180.0), (536.0, 186.0), (676.0, 180.0), (0.0, 0.0)]
Time: 537.0 [(0.0, 0.0), (112.0, 180.0), (531.0, 186.0), (671.0, 180.0), (0.0, 0.0)]
Time: 538.0 [(0.0, 0.0), (112.0, 180.0), (526.0, 186.0), (666.0, 180.0), (0.0, 0.0)]
Time: 539.0 [(0.0, 0.0), (101.0, 180.0), (521.0, 186.0), (661.0, 180.0), (0.0, 0.0)]
Time: 540.0 [(0.0, 0.0), (0.0, 0.0), (516.0, 186.0), (656.0, 180.0), (0.0, 0.0)]
Time: 541.0 [(0.0, 0.0), (0.0, 0.0), (511.0, 186.0), (651.0, 180.0), (0.0, 0.0)]
Time: 542.0 [(0.0, 0.0), (0.0, 0.0), (506.0, 186.0), (646.0, 180.0), (0.0, 0.0)]
Time: 543.0 [(0.0, 0.0), (0.0, 0.0), (501.0, 186.0), (641.0, 180.0), (0.0, 0.0)]
Time: 544.0 [(0.0, 0.0), (0.0, 0.0), (496.0, 186.0), (636.0, 180.0), (0.0, 0.0)]
Time: 545.0 [(0.0, 0.0), (0.0, 0.0), (491.0, 186.0), (631.0, 180.0), (0.0, 0.0)]
Time: 546.0 [(0.0, 0.0), (0.0, 0.0), (486.0, 186.0), (626.0, 180.0), (0.0, 0.0)]
Time: 547.0 [(0.0, 0.0), (0.0, 0.0), (481.0, 186.0), (621.0, 180.0), (0.0, 0.0)]
Time: 548.0 [(0.0, 0.0), (0.0, 0.0), (476.0, 186.0), (616.0, 180.0), (0.0, 0.0)]
Time: 549.0 [(0.0, 0.0), (0.0, 0.0), (471.0, 186.0), (611.0, 180.0), (0.0, 0.0)]
Time: 550.0 [(0.0, 0.0), (0.0, 0.0), (466.0, 186.0), (606.0, 180.0), (761.0, 180.0)]
Time: 551.0 [(0.0, 0.0), (0.0, 0.0), (461.0, 186.0), (601.0, 180.0), (755.0, 180.0)]
Time: 552.0 [(0.0, 0.0), (0.0, 0.0), (456.0, 186.0), (596.0, 180.0), (749.0, 180.0)]
Time: 553.0 [(0.0, 0.0), (0.0, 0.0), (451.0, 186.0), (591.0, 180.0), (743.0, 180.0)]
Time: 554.0 [(0.0, 0.0), (0.0, 0.0), (446.0, 186.0), (586.0, 180.0), (737.0, 180.0)]
Time: 555.0 [(0.0, 0.0), (0.0, 0.0), (441.0, 186.0), (581.0, 180.0), (731.0, 180.0)]
Time: 556.0 [(0.0, 0.0), (0.0, 0.0), (436.0, 186.0), (576.0, 180.0), (725.0, 180.0)]
Time: 557.0 [(0.0, 0.0), (0.0, 0.0), (431.0, 186.0), (571.0, 180.0), (719.0, 180.0)]
Time: 558.0 [(0.0, 0.0), (0.0, 0.0), (426.0, 186.0), (566.0, 180.0), (713.0, 180.0)]
Time: 559.0 [(0.0, 0.0), (0.0, 0.0), (421.0, 186.0), (561.0, 180.0), (707.0, 180.0)]
Time: 560.0 [(0.0, 0.0), (0.0, 0.0), (416.0, 186.0), (556.0, 180.0), (701.0, 180.0)]
Time: 561.0 [(0.0, 0.0), (0.0, 0.0), (411.0, 186.0), (551.0, 180.0), (695.0, 180.0)]
Time: 562.0 [(0.0, 0.0), (0.0, 0.0), (406.0, 186.0), (546.0, 180.0), (689.0, 180.0)]
Time: 563.0 [(0.0, 0.0), (0.0, 0.0), (401.0, 186.0), (541.0, 180.0), (683.0, 180.0)]
Time: 564.0 [(0.0, 0.0), (0.0, 0.0), (396.0, 186.0), (536.0, 180.0), (677.0, 180.0)]
Time: 565.0 [(0.0, 0.0), (0.0, 0.0), (391.0, 186.0), (531.0, 180.0), (671.0, 180.0)]
Time: 566.0 [(0.0, 0.0), (0.0, 0.0), (386.0, 186.0), (526.0, 180.0), (665.0, 180.0)]
Time: 567.0 [(0.0, 0.0), (0.0, 0.0), (381.0, 186.0), (521.0, 180.0), (659.0, 180.0)]
Time: 568.0 [(0.0, 0.0), (0.0, 0.0), (376.0, 186.0), (516.0, 180.0), (653.0, 180.0)]
Time: 569.0 [(0.0, 0.0), (0.0, 0.0), (371.0, 186.0), (511.0, 180.0), (647.0, 180.0)]
Time: 570.0 [(0.0, 0.0), (0.0, 0.0), (366.0, 186.0), (506.0, 180.0), (641.0, 180.0)]
Time: 571.0 [(0.0, 0.0), (0.0, 0.0), (361.0, 186.0), (501.0, 180.0), (635.0, 180.0)]
Time: 572.0 [(0.0, 0.0), (0.0, 0.0), (356.0, 186.0), (496.0, 180.0), (629.0, 180.0)]
Time: 573.0 [(0.0, 0.0), (0.0, 0.0), (351.0, 186.0), (491.0, 180.0), (623.0, 180.0)]
Time: 574.0 [(0.0, 0.0), (0.0, 0.0), (346.0, 186.0), (486.0, 180.0), (617.0, 180.0)]
Time: 575.0 [(0.0, 0.0), (0.0, 0.0), (341.0, 186.0), (481.0, 180.0), (611.0, 180.0)]
Time: 576.0 [(761.0, 180.0), (0.0, 0.0), (336.0, 186.0), (476.0, 180.0), (605.0, 180.0)]
Time: 577.0 [(741.0, 180.0), (0.0, 0.0), (331.0, 186.0), (471.0, 180.0), (599.0, 180.0)]
Time: 578.0 [(721.0, 180.0), (0.0, 0.0), (326.0, 186.0), (466.0, 180.0), (593.0, 180.0)]
Time: 579.0 [(701.0, 180.0), (0.0, 0.0), (321.0, 186.0), (461.0, 180.0), (587.0, 180.0)]
Time: 580.0 [(681.0, 180.0), (0.0, 0.0), (316.0, 186.0), (456.0, 180.0), (581.0, 180.0)]
Time: 581.0 [(661.0, 180.0), (0.0, 0.0), (311.0, 186.0), (451.0, 180.0), (575.0, 180.0)]
Time: 582.0 [(641.0, 180.0), (0.0, 0.0), (306.0, 186.0), (446.0, 180.0), (569.0, 180.0)]
Time: 583.0 [(641.0, 180.0), (0.0, 0.0), (301.0, 186.0), (441.0, 180.0), (563.0, 180.0)]
Time: 584.0 [(641.0, 180.0), (0.0, 0.0), (296.0, 186.0), (436.0, 180.0), (557.0, 180.0)]
Time: 585.0 [(621.0, 180.0), (0.0, 0.0), (291.0, 186.0), (431.0, 180.0), (551.0, 180.0)]
Time: 586.0 [(621.0, 180.0), (0.0, 0.0), (286.0, 186.0), (426.0, 180.0), (545.0, 180.0)]
Time: 587.0 [(621.0, 180.0), (0.0, 0.0), (281.0, 186.0), (421.0, 180.0), (539.0, 180.0)]
Time: 588.0 [(621.0, 180.0), (0.0, 0.0), (276.0, 186.0), (416.0, 180.0), (533.0, 180.0)]
Time: 589.0 [(601.0, 180.0), (761.0, 180.0), (271.0, 186.0), (411.0, 180.0), (527.0, 180.0)]
Time: 590.0 [(601.0, 180.0), (755.0, 180.0), (266.0, 186.0), (406.0, 180.0), (521.0, 180.0)]
Time: 591.0 [(601.0, 180.0), (749.0, 180.0), (261.0, 186.0), (401.0, 180.0), (515.0, 180.0)]
Time: 592.0 [(581.0, 180.0), (743.0, 180.0), (256.0, 186.0), (396.0, 180.0), (509.0, 180.0)]
Time: 593.0 [(581.0, 180.0), (737.0, 180.0), (251.0, 186.0), (391.0, 180.0), (503.0, 180.0)]
Time: 594.0 [(581.0, 180.0), (731.0, 180.0), (246.0, 186.0), (386.0, 180.0), (497.0, 180.0)]
Time: 595.0 [(561.0, 180.0), (725.0, 180.0), (241.0, 186.0), (381.0, 180.0), (491.0, 180.0)]
Time: 596.0 [(561.0, 180.0), (719.0, 180.0), (236.0, 186.0), (376.0, 180.0), (485.0, 180.0)]
Time: 597.0 [(561.0, 180.0), (713.0, 180.0), (231.0, 186.0), (371.0, 180.0), (479.0, 180.0)]
Time: 598.0 [(561.0, 180.0), (707.0, 180.0), (226.0, 186.0), (366.0, 180.0), (473.0, 180.0)]
Time: 599.0 [(541.0, 180.0), (701.0, 180.0), (221.0, 186.0), (361.0, 180.0), (467.0, 180.0)]
Time: 600.0 [(541.0, 180.0), (695.0, 180.0), (216.0, 186.0), (356.0, 180.0), (461.0, 180.0)]
Time: 601.0 [(541.0, 180.0), (689.0, 180.0), (211.0, 186.0), (351.0, 180.0), (455.0, 180.0)]
Time: 602.0 [(521.0, 180.0), (683.0, 180.0), (206.0, 186.0), (346.0, 180.0), (449.0, 180.0)]
Time: 603.0 [(521.0, 180.0), (677.0, 180.0), (201.0, 186.0), (341.0, 180.0), (443.0, 180.0)]
Time: 604.0 [(521.0, 180.0), (671.0, 180.0), (196.0, 186.0), (336.0, 180.0), (437.0, 180.0)]
Time: 605.0 [(501.0, 180.0), (665.0, 180.0), (191.0, 186.0), (331.0, 180.0), (431.0, 180.0)]
Time: 606.0 [(501.0, 180.0), (659.0, 180.0), (186.0, 186.0), (326.0, 180.0), (425.0, 180.0)]
Time: 607.0 [(501.0, 180.0), (653.0, 180.0), (181.0, 186.0), (321.0, 180.0), (419.0, 180.0)]
Time: 608.0 [(501.0, 180.0), (647.0, 180.0), (176.0, 186.0), (316.0, 180.0), (413.0, 180.0)]
Time: 609.0 [(481.0, 180.0), (641.0, 180.0), (171.0, 186.0), (311.0, 180.0), (407.0, 180.0)]
Time: 610.0 [(481.0, 180.0), (635.0, 180.0), (166.0, 186.0), (306.0, 180.0), (401.0, 180.0)]
Time: 611.0 [(481.0, 180.0), (629.0, 180.0), (161.0, 186.0), (301.0, 180.0), (395.0, 180.0)]
Time: 612.0 [(461.0, 180.0), (623.0, 180.0), (156.0, 186.0), (296.0, 180.0), (389.0, 180.0)]
Time: 613.0 [(461.0, 180.0), (617.0, 180.0), (151.0, 186.0), (291.0, 180.0), (383.0, 180.0)]
Time: 614.0 [(461.0, 180.0), (611.0, 180.0), (146.0, 186.0), (286.0, 180.0), (377.0, 180.0)]
Time: 615.0 [(441.0, 180.0), (605.0, 180.0), (141.0, 186.0), (281.0, 180.0), (371.0, 180.0)]
Time: 616.0 [(441.0, 180.0), (599.0, 180.0), (136.0, 186.0), (276.0, 180.0), (365.0, 180.0)]
Time: 617.0 [(441.0, 180.0), (593.0, 180.0), (131.0, 186.0), (271.0, 180.0), (359.0, 180.0)]
Time: 618.0 [(441.0, 180.0), (587.0, 180.0), (126.0, 186.0), (266.0, 180.0), (353.0, 180.0)]
Time: 619.0 [(421.0, 180.0), (581.0, 180.0), (121.0, 186.0), (261.0, 180.0), (347.0, 180.0)]
Time: 620.0 [(421.0, 180.0), (575.0, 180.0), (116.0, 186.0), (256.0, 180.0), (341.0, 180.0)]
Time: 621.0 [(421.0, 180.0), (569.0, 180.0), (111.0, 186.0), (251.0, 180.0), (335.0, 180.0)]
Time: 622.0 [(401.0, 180.0), (563.0, 180.0), (106.0, 186.0), (246.0, 180.0), (329.0, 180.0)]
Time: 623.0 [(401.0, 180.0), (557.0, 180.0), (101.0, 186.0), (241.0, 180.0), (323.0, 180.0)]
Time: 624.0 [(401.0, 180.0), (551.0, 180.0), (96.0, 186.0), (236.0, 180.0), (317.0, 180.0)]
Time: 625.0 [(381.0, 180.0), (545.0, 180.0), (0.0, 0.0), (231.0, 180.0), (311.0, 180.0)]
Time: 626.0 [(381.0, 180.0), (539.0, 180.0), (0.0, 0.0), (226.0, 180.0), (305.0, 180.0)]
Time: 627.0 [(381.0, 180.0), (533.0, 180.0), (0.0, 0.0), (221.0, 180.0), (299.0, 180.0)]
Time: 628.0 [(381.0, 180.0), (527.0, 180.0), (0.0, 0.0), (216.0, 180.0), (293.0, 180.0)]
Time: 629.0 [(361.0, 180.0), (521.0, 180.0), (0.0, 0.0), (211.0, 180.0), (287.0, 180.0)]
Time: 630.0 [(361.0, 180.0), (515.0, 180.0), (0.0, 0.0), (206.0, 180.0), (281.0, 180.0)]
Time: 631.0 [(361.0, 180.0), (509.0, 180.0), (0.0, 0.0), (201.0, 180.0), (275.0, 180.0)]
Time: 632.0 [(341.0, 180.0), (503.0, 180.0), (0.0, 0.0), (196.0, 180.0), (269.0, 180.0)]
Time: 633.0 [(341.0, 180.0), (497.0, 180.0), (0.0, 0.0), (191.0, 180.0), (263.0, 180.0)]
Time: 634.0 [(341.0, 180.0), (491.0, 180.0), (0.0, 0.0), (186.0, 180.0), (257.0, 180.0)]
Time: 635.0 [(321.0, 180.0), (485.0, 180.0), (0.0, 0.0), (181.0, 180.0), (251.0, 180.0)]
Time: 636.0 [(321.0, 180.0), (479.0, 180.0), (0.0, 0.0), (176.0, 180.0), (251.0, 180.0)]
Time: 637.0 [(321.0, 180.0), (473.0, 180.0), (0.0, 0.0), (171.0, 180.0), (245.0, 180.0)]
Time: 638.0 [(321.0, 180.0), (467.0, 180.0), (0.0, 0.0), (166.0, 180.0), (239.0, 180.0)]
Time: 639.0 [(321.0, 180.0), (461.0, 180.0), (0.0, 0.0), (161.0, 180.0), (233.0, 180.0)]
Time: 640.0 [(301.0, 180.0), (455.0, 180.0), (0.0, 0.0), (156.0, 180.0), (227.0, 180.0)]
Time: 641.0 [(301.0, 180.0), (449.0, 180.0), (0.0, 0.0), (151.0, 180.0), (221.0, 180.0)]
Time: 642.0 [(301.0, 180.0), (443.0, 180.0), (0.0, 0.0), (146.0, 180.0), (221.0, 180.0)]
Time: 643.0 [(301.0, 180.0), (437.0, 180.0), (0.0, 0.0), (141.0, 180.0), (215.0, 180.0)]
Time: 644.0 [(281.0, 180.0), (431.0, 180.0), (0.0, 0.0), (136.0, 180.0), (209.0, 180.0)]
Time: 645.0 [(281.0, 180.0), (425.0, 180.0), (0.0, 0.0), (131.0, 180.0), (203.0, 180.0)]
Time: 646.0 [(281.0, 180.0), (419.0, 180.0), (0.0, 0.0), (126.0, 180.0), (197.0, 180.0)]
Time: 647.0 [(261.0, 180.0), (413.0, 180.0), (0.0, 0.0), (121.0, 180.0), (191.0, 180.0)]
Time: 648.0 [(261.0, 180.0), (407.0, 180.0), (0.0, 0.0), (116.0, 180.0), (191.0, 180.0)]
Time: 649.0 [(261.0, 180.0), (401.0, 180.0), (0.0, 0.0), (111.0, 180.0), (185.0, 180.0)]
Time: 650.0 [(261.0, 180.0), (395.0, 180.0), (0.0, 0.0), (106.0, 180.0), (179.0, 180.0)]
Time: 651.0 [(261.0, 180.0), (389.0, 180.0), (0.0, 0.0), (101.0, 180.0), (173.0, 180.0)]
Time: 652.0 [(241.0, 180.0), (383.0, 180.0), (761.0, 180.0), (96.0, 180.0), (167.0, 180.0)]
Time: 653.0 [(241.0, 180.0), (377.0, 180.0), (734.0, 180.0), (0.0, 0.0), (161.0, 180.0)]
Time: 654.0 [(241.0, 180.0), (371.0, 180.0), (707.0, 180.0), (0.0, 0.0), (161.0, 180.0)]
Time: 655.0 [(241.0, 180.0), (365.0, 180.0), (680.0, 180.0), (0.0, 0.0), (155.0, 180.0)]
Time: 656.0 [(221.0, 180.0), (359.0, 180.0), (653.0, 180.0), (0.0, 0.0), (149.0, 180.0)]
Time: 657.0 [(221.0, 180.0), (353.0, 180.0), (626.0, 180.0), (0.0, 0.0), (143.0, 180.0)]
Time: 658.0 [(221.0, 180.0), (347.0, 180.0), (599.0, 180.0), (0.0, 0.0), (137.0, 180.0)]
Time: 659.0 [(201.0, 180.0), (341.0, 180.0), (572.0, 180.0), (0.0, 0.0), (131.0, 180.0)]
Time: 660.0 [(201.0, 180.0), (335.0, 180.0), (545.0, 180.0), (0.0, 0.0), (131.0, 180.0)]
Time: 661.0 [(201.0, 180.0), (329.0, 180.0), (518.0, 180.0), (0.0, 0.0), (125.0, 180.0)]
Time: 662.0 [(201.0, 180.0), (323.0, 180.0), (491.0, 180.0), (0.0, 0.0), (119.0, 180.0)]
Time: 663.0 [(201.0, 180.0), (317.0, 180.0), (464.0, 180.0), (0.0, 0.0), (113.0, 180.0)]
Time: 664.0 [(181.0, 180.0), (311.0, 180.0), (437.0, 180.0), (0.0, 0.0), (107.0, 180.0)]
Time: 665.0 [(181.0, 180.0), (305.0, 180.0), (410.0, 180.0), (0.0, 0.0), (101.0, 180.0)]
Time: 666.0 [(181.0, 180.0), (299.0, 180.0), (383.0, 180.0), (0.0, 0.0), (101.0, 180.0)]
Time: 667.0 [(181.0, 180.0), (293.0, 180.0), (383.0, 180.0), (0.0, 0.0), (95.0, 180.0)]
Time: 668.0 [(161.0, 180.0), (287.0, 180.0), (383.0, 180.0), (0.0, 0.0), (0.0, 0.0)]
Time: 669.0 [(161.0, 180.0), (281.0, 180.0), (356.0, 180.0), (0.0, 0.0), (0.0, 0.0)]
Time: 670.0 [(161.0, 180.0), (275.0, 180.0), (356.0, 180.0), (0.0, 0.0), (0.0, 0.0)]
Time: 671.0 [(141.0, 180.0), (269.0, 180.0), (356.0, 180.0), (0.0, 0.0), (0.0, 0.0)]
Time: 672.0 [(141.0, 180.0), (263.0, 180.0), (356.0, 180.0), (0.0, 0.0), (0.0, 0.0)]
Time: 673.0 [(141.0, 180.0), (257.0, 180.0), (329.0, 180.0), (0.0, 0.0), (0.0, 0.0)]
Time: 674.0 [(141.0, 180.0), (251.0, 180.0), (329.0, 180.0), (0.0, 0.0), (0.0, 0.0)]
Time: 675.0 [(141.0, 180.0), (245.0, 180.0), (329.0, 180.0), (0.0, 0.0), (0.0, 0.0)]
Time: 676.0 [(121.0, 180.0), (239.0, 180.0), (329.0, 180.0), (0.0, 0.0), (0.0, 0.0)]
Time: 677.0 [(121.0, 180.0), (233.0, 180.0), (329.0, 180.0), (0.0, 0.0), (0.0, 0.0)]
Time: 678.0 [(121.0, 180.0), (227.0, 180.0), (302.0, 180.0), (0.0, 0.0), (0.0, 0.0)]
Time: 679.0 [(121.0, 180.0), (221.0, 180.0), (302.0, 180.0), (0.0, 0.0), (0.0, 0.0)]
Time: 680.0 [(101.0, 180.0), (215.0, 180.0), (302.0, 180.0), (761.0, 180.0), (0.0, 0.0)]
Time: 681.0 [(101.0, 180.0), (209.0, 180.0), (302.0, 180.0), (744.0, 180.0), (0.0, 0.0)]
Time: 682.0 [(101.0, 180.0), (203.0, 180.0), (275.0, 180.0), (727.0, 180.0), (0.0, 0.0)]
Time: 683.0 [(0.0, 0.0), (197.0, 180.0), (275.0, 180.0), (710.0, 180.0), (0.0, 0.0)]
Time: 684.0 [(0.0, 0.0), (191.0, 180.0), (275.0, 180.0), (693.0, 180.0), (0.0, 0.0)]
Time: 685.0 [(0.0, 0.0), (185.0, 180.0), (275.0, 180.0), (676.0, 180.0), (0.0, 0.0)]
Time: 686.0 [(0.0, 0.0), (179.0, 180.0), (275.0, 180.0), (659.0, 180.0), (0.0, 0.0)]
Time: 687.0 [(0.0, 0.0), (173.0, 180.0), (248.0, 180.0), (642.0, 180.0), (0.0, 0.0)]
Time: 688.0 [(0.0, 0.0), (167.0, 180.0), (248.0, 180.0), (625.0, 180.0), (0.0, 0.0)]
Time: 689.0 [(0.0, 0.0), (161.0, 180.0), (248.0, 180.0), (608.0, 180.0), (0.0, 0.0)]
Time: 690.0 [(0.0, 0.0), (155.0, 180.0), (248.0, 180.0), (591.0, 180.0), (0.0, 0.0)]
Time: 691.0 [(0.0, 0.0), (149.0, 180.0), (221.0, 180.0), (574.0, 180.0), (0.0, 0.0)]
Time: 692.0 [(0.0, 0.0), (143.0, 180.0), (221.0, 180.0), (557.0, 180.0), (0.0, 0.0)]
Time: 693.0 [(0.0, 0.0), (137.0, 180.0), (221.0, 180.0), (540.0, 180.0), (761.0, 180.0)]
Time: 694.0 [(0.0, 0.0), (131.0, 180.0), (221.0, 180.0), (523.0, 180.0), (746.0, 180.0)]
Time: 695.0 [(0.0, 0.0), (125.0, 180.0), (221.0, 180.0), (506.0, 180.0), (731.0, 180.0)]
Time: 696.0 [(0.0, 0.0), (119.0, 180.0), (194.0, 180.0), (489.0, 180.0), (716.0, 180.0)]
Time: 697.0 [(0.0, 0.0), (113.0, 180.0), (194.0, 180.0), (472.0, 180.0), (701.0, 180.0)]
Time: 698.0 [(0.0, 0.0), (107.0, 180.0), (194.0, 180.0), (455.0, 180.0), (686.0, 180.0)]
Time: 699.0 [(0.0, 0.0), (101.0, 180.0), (194.0, 180.0), (438.0, 180.0), (671.0, 180.0)]
Time: 700.0 [(0.0, 0.0), (95.0, 180.0), (167.0, 180.0), (421.0, 180.0), (656.0, 180.0)]
Time: 701.0 [(0.0, 0.0), (0.0, 0.0), (167.0, 180.0), (404.0, 180.0), (641.0, 180.0)]
Time: 702.0 [(0.0, 0.0), (0.0, 0.0), (167.0, 180.0), (387.0, 180.0), (626.0, 180.0)]
Time: 703.0 [(761.0, 180.0), (0.0, 0.0), (167.0, 180.0), (370.0, 180.0), (611.0, 180.0)]
Time: 704.0 [(733.0, 180.0), (0.0, 0.0), (167.0, 180.0), (353.0, 180.0), (596.0, 180.0)]
Time: 705.0 [(705.0, 180.0), (0.0, 0.0), (140.0, 180.0), (336.0, 180.0), (581.0, 180.0)]
Time: 706.0 [(677.0, 180.0), (0.0, 0.0), (140.0, 180.0), (319.0, 180.0), (566.0, 180.0)]
Time: 707.0 [(649.0, 180.0), (0.0, 0.0), (140.0, 180.0), (302.0, 180.0), (551.0, 180.0)]
Time: 708.0 [(621.0, 180.0), (0.0, 0.0), (140.0, 180.0), (285.0, 180.0), (536.0, 180.0)]
Time: 709.0 [(593.0, 180.0), (0.0, 0.0), (113.0, 180.0), (268.0, 180.0), (521.0, 180.0)]
Time: 710.0 [(593.0, 180.0), (0.0, 0.0), (113.0, 180.0), (251.0, 180.0), (506.0, 180.0)]
Time: 711.0 [(565.0, 180.0), (0.0, 0.0), (113.0, 180.0), (234.0, 180.0), (491.0, 180.0)]
Time: 712.0 [(565.0, 180.0), (0.0, 0.0), (113.0, 180.0), (217.0, 180.0), (476.0, 180.0)]
Time: 713.0 [(537.0, 180.0), (0.0, 0.0), (113.0, 180.0), (200.0, 180.0), (461.0, 180.0)]
Time: 714.0 [(537.0, 180.0), (0.0, 0.0), (0.0, 0.0), (183.0, 180.0), (446.0, 180.0)]
Time: 715.0 [(509.0, 180.0), (0.0, 0.0), (0.0, 0.0), (166.0, 180.0), (431.0, 180.0)]
Time: 716.0 [(509.0, 180.0), (0.0, 0.0), (0.0, 0.0), (166.0, 180.0), (416.0, 180.0)]
Time: 717.0 [(481.0, 180.0), (0.0, 0.0), (0.0, 0.0), (166.0, 180.0), (401.0, 180.0)]
Time: 718.0 [(481.0, 180.0), (0.0, 0.0), (0.0, 0.0), (149.0, 180.0), (386.0, 180.0)]
Time: 719.0 [(453.0, 180.0), (0.0, 0.0), (0.0, 0.0), (132.0, 180.0), (371.0, 180.0)]
Time: 720.0 [(453.0, 180.0), (0.0, 0.0), (0.0, 0.0), (132.0, 180.0), (356.0, 180.0)]
Time: 721.0 [(425.0, 180.0), (0.0, 0.0), (0.0, 0.0), (132.0, 180.0), (341.0, 180.0)]
Time: 722.0 [(397.0, 180.0), (0.0, 0.0), (0.0, 0.0), (132.0, 180.0), (326.0, 180.0)]
Time: 723.0 [(397.0, 180.0), (0.0, 0.0), (0.0, 0.0), (115.0, 180.0), (311.0, 180.0)]
Time: 724.0 [(369.0, 180.0), (761.0, 186.0), (0.0, 0.0), (98.0, 180.0), (296.0, 180.0)]
Time: 725.0 [(369.0, 180.0), (754.0, 186.0), (0.0, 0.0), (0.0, 0.0), (281.0, 180.0)]
Time: 726.0 [(341.0, 180.0), (747.0, 186.0), (0.0, 0.0), (0.0, 0.0), (266.0, 180.0)]
Time: 727.0 [(341.0, 180.0), (740.0, 186.0), (0.0, 0.0), (0.0, 0.0), (251.0, 180.0)]
Time: 728.0 [(313.0, 180.0), (733.0, 186.0), (0.0, 0.0), (0.0, 0.0), (236.0, 180.0)]
Time: 729.0 [(313.0, 180.0), (726.0, 186.0), (0.0, 0.0), (0.0, 0.0), (221.0, 180.0)]
Time: 730.0 [(285.0, 180.0), (719.0, 186.0), (0.0, 0.0), (0.0, 0.0), (206.0, 180.0)]
Time: 731.0 [(285.0, 180.0), (712.0, 186.0), (0.0, 0.0), (0.0, 0.0), (191.0, 180.0)]
Time: 732.0 [(257.0, 180.0), (705.0, 186.0), (0.0, 0.0), (0.0, 0.0), (176.0, 180.0)]
Time: 733.0 [(257.0, 180.0), (698.0, 186.0), (0.0, 0.0), (0.0, 0.0), (161.0, 180.0)]
Time: 734.0 [(229.0, 180.0), (691.0, 186.0), (0.0, 0.0), (0.0, 0.0), (146.0, 180.0)]
Time: 735.0 [(201.0, 180.0), (684.0, 186.0), (0.0, 0.0), (0.0, 0.0), (131.0, 180.0)]
Time: 736.0 [(201.0, 180.0), (677.0, 186.0), (0.0, 0.0), (0.0, 0.0), (116.0, 180.0)]
Time: 737.0 [(173.0, 180.0), (670.0, 186.0), (0.0, 0.0), (0.0, 0.0), (101.0, 180.0)]
Time: 738.0 [(173.0, 180.0), (663.0, 186.0), (0.0, 0.0), (0.0, 0.0), (0.0, 0.0)]
Time: 739.0 [(145.0, 180.0), (656.0, 186.0), (0.0, 0.0), (0.0, 0.0), (0.0, 0.0)]
Time: 740.0 [(145.0, 180.0), (649.0, 186.0), (0.0, 0.0), (0.0, 0.0), (0.0, 0.0)]
Time: 741.0 [(117.0, 180.0), (642.0, 186.0), (0.0, 0.0), (0.0, 0.0), (0.0, 0.0)]
Time: 742.0 [(117.0, 180.0), (635.0, 186.0), (0.0, 0.0), (0.0, 0.0), (0.0, 0.0)]
Time: 743.0 [(0.0, 0.0), (628.0, 186.0), (0.0, 0.0), (0.0, 0.0), (0.0, 0.0)]
Time: 744.0 [(0.0, 0.0), (621.0, 186.0), (761.0, 180.0), (0.0, 0.0), (0.0, 0.0)]
Time: 745.0 [(0.0, 0.0), (614.0, 186.0), (744.0, 180.0), (0.0, 0.0), (0.0, 0.0)]
Time: 746.0 [(0.0, 0.0), (607.0, 186.0), (727.0, 180.0), (0.0, 0.0), (0.0, 0.0)]
Time: 747.0 [(0.0, 0.0), (600.0, 186.0), (710.0, 180.0), (0.0, 0.0), (0.0, 0.0)]
Time: 748.0 [(0.0, 0.0), (593.0, 186.0), (693.0, 180.0), (0.0, 0.0), (0.0, 0.0)]
Time: 749.0 [(0.0, 0.0), (586.0, 186.0), (676.0, 180.0), (0.0, 0.0), (0.0, 0.0)]
Time: 750.0 [(0.0, 0.0), (579.0, 186.0), (659.0, 180.0), (0.0, 0.0), (0.0, 0.0)]
Time: 751.0 [(0.0, 0.0), (572.0, 186.0), (642.0, 180.0), (0.0, 0.0), (0.0, 0.0)]
Time: 752.0 [(0.0, 0.0), (565.0, 186.0), (642.0, 180.0), (0.0, 0.0), (0.0, 0.0)]
Time: 753.0 [(0.0, 0.0), (558.0, 186.0), (642.0, 180.0), (0.0, 0.0), (0.0, 0.0)]
Time: 754.0 [(0.0, 0.0), (551.0, 186.0), (625.0, 180.0), (0.0, 0.0), (0.0, 0.0)]
Time: 755.0 [(0.0, 0.0), (544.0, 186.0), (625.0, 180.0), (0.0, 0.0), (0.0, 0.0)]
Time: 756.0 [(0.0, 0.0), (537.0, 186.0), (608.0, 180.0), (761.0, 180.0), (0.0, 0.0)]
Time: 757.0 [(0.0, 0.0), (530.0, 186.0), (608.0, 180.0), (734.0, 180.0), (0.0, 0.0)]
Time: 758.0 [(0.0, 0.0), (523.0, 186.0), (608.0, 180.0), (707.0, 180.0), (0.0, 0.0)]
Time: 759.0 [(0.0, 0.0), (516.0, 186.0), (591.0, 180.0), (680.0, 180.0), (0.0, 0.0)]
Time: 760.0 [(0.0, 0.0), (509.0, 186.0), (591.0, 180.0), (680.0, 180.0), (0.0, 0.0)]
Time: 761.0 [(0.0, 0.0), (502.0, 186.0), (574.0, 180.0), (653.0, 180.0), (0.0, 0.0)]
Time: 762.0 [(0.0, 0.0), (495.0, 186.0), (574.0, 180.0), (653.0, 180.0), (0.0, 0.0)]
Time: 763.0 [(0.0, 0.0), (488.0, 186.0), (574.0, 180.0), (653.0, 180.0), (0.0, 0.0)]
Time: 764.0 [(0.0, 0.0), (481.0, 186.0), (557.0, 180.0), (653.0, 180.0), (0.0, 0.0)]
Time: 765.0 [(0.0, 0.0), (474.0, 186.0), (557.0, 180.0), (653.0, 180.0), (0.0, 0.0)]
Time: 766.0 [(0.0, 0.0), (467.0, 186.0), (540.0, 180.0), (626.0, 180.0), (0.0, 0.0)]
Time: 767.0 [(0.0, 0.0), (460.0, 186.0), (540.0, 180.0), (626.0, 180.0), (0.0, 0.0)]
Time: 768.0 [(0.0, 0.0), (453.0, 186.0), (523.0, 180.0), (599.0, 180.0), (761.0, 180.0)]
Time: 769.0 [(0.0, 0.0), (446.0, 186.0), (523.0, 180.0), (599.0, 180.0), (742.0, 180.0)]
Time: 770.0 [(0.0, 0.0), (439.0, 186.0), (523.0, 180.0), (599.0, 180.0), (723.0, 180.0)]
Time: 771.0 [(0.0, 0.0), (432.0, 186.0), (506.0, 180.0), (599.0, 180.0), (704.0, 180.0)]
Time: 772.0 [(0.0, 0.0), (425.0, 186.0), (506.0, 180.0), (599.0, 180.0), (685.0, 180.0)]
Time: 773.0 [(0.0, 0.0), (418.0, 186.0), (489.0, 180.0), (572.0, 180.0), (666.0, 180.0)]
Time: 774.0 [(0.0, 0.0), (411.0, 186.0), (489.0, 180.0), (572.0, 180.0), (647.0, 180.0)]
Time: 775.0 [(0.0, 0.0), (404.0, 186.0), (489.0, 180.0), (572.0, 180.0), (647.0, 180.0)]
Time: 776.0 [(0.0, 0.0), (397.0, 186.0), (472.0, 180.0), (545.0, 180.0), (628.0, 180.0)]
Time: 777.0 [(0.0, 0.0), (390.0, 186.0), (472.0, 180.0), (545.0, 180.0), (628.0, 180.0)]
Time: 778.0 [(0.0, 0.0), (383.0, 186.0), (455.0, 180.0), (545.0, 180.0), (628.0, 180.0)]
Time: 779.0 [(0.0, 0.0), (376.0, 186.0), (455.0, 180.0), (545.0, 180.0), (628.0, 180.0)]
Time: 780.0 [(0.0, 0.0), (369.0, 186.0), (455.0, 180.0), (545.0, 180.0), (628.0, 180.0)]
Time: 781.0 [(0.0, 0.0), (362.0, 186.0), (438.0, 180.0), (518.0, 180.0), (609.0, 180.0)]
Time: 782.0 [(761.0, 186.0), (355.0, 186.0), (438.0, 180.0), (518.0, 180.0), (590.0, 180.0)]
Time: 783.0 [(747.0, 186.0), (348.0, 186.0), (421.0, 180.0), (491.0, 180.0), (571.0, 180.0)]
Time: 784.0 [(733.0, 186.0), (341.0, 186.0), (421.0, 180.0), (491.0, 180.0), (571.0, 180.0)]
Time: 785.0 [(719.0, 186.0), (334.0, 186.0), (404.0, 180.0), (491.0, 180.0), (571.0, 180.0)]
Time: 786.0 [(705.0, 186.0), (327.0, 186.0), (404.0, 180.0), (491.0, 180.0), (571.0, 180.0)]
Time: 787.0 [(691.0, 186.0), (320.0, 186.0), (404.0, 180.0), (491.0, 180.0), (571.0, 180.0)]
Time: 788.0 [(677.0, 186.0), (313.0, 186.0), (387.0, 180.0), (464.0, 180.0), (552.0, 180.0)]
Time: 789.0 [(663.0, 186.0), (306.0, 186.0), (387.0, 180.0), (464.0, 180.0), (552.0, 180.0)]
Time: 790.0 [(649.0, 186.0), (299.0, 186.0), (370.0, 180.0), (464.0, 180.0), (552.0, 180.0)]
Time: 791.0 [(635.0, 186.0), (292.0, 186.0), (370.0, 180.0), (464.0, 180.0), (552.0, 180.0)]
Time: 792.0 [(635.0, 186.0), (285.0, 186.0), (370.0, 180.0), (464.0, 180.0), (552.0, 180.0)]
Time: 793.0 [(621.0, 186.0), (278.0, 186.0), (353.0, 180.0), (437.0, 180.0), (533.0, 180.0)]
Time: 794.0 [(607.0, 186.0), (271.0, 186.0), (353.0, 180.0), (437.0, 180.0), (514.0, 180.0)]
Time: 795.0 [(593.0, 186.0), (264.0, 186.0), (336.0, 180.0), (410.0, 180.0), (495.0, 180.0)]
Time: 796.0 [(579.0, 186.0), (257.0, 186.0), (336.0, 180.0), (410.0, 180.0), (495.0, 180.0)]
Time: 797.0 [(565.0, 186.0), (250.0, 186.0), (336.0, 180.0), (410.0, 180.0), (495.0, 180.0)]
Time: 798.0 [(565.0, 186.0), (243.0, 186.0), (319.0, 180.0), (410.0, 180.0), (495.0, 180.0)]
Time: 799.0 [(565.0, 186.0), (236.0, 186.0), (319.0, 180.0), (410.0, 180.0), (495.0, 180.0)]
Time: 800.0 [(551.0, 186.0), (229.0, 186.0), (302.0, 180.0), (383.0, 180.0), (476.0, 180.0)]
Time: 801.0 [(537.0, 186.0), (222.0, 186.0), (302.0, 180.0), (383.0, 180.0), (457.0, 180.0)]
Time: 802.0 [(523.0, 186.0), (215.0, 186.0), (285.0, 180.0), (356.0, 180.0), (438.0, 180.0)]
Time: 803.0 [(509.0, 186.0), (208.0, 186.0), (285.0, 180.0), (356.0, 180.0), (438.0, 180.0)]
Time: 804.0 [(509.0, 186.0), (201.0, 186.0), (285.0, 180.0), (356.0, 180.0), (438.0, 180.0)]
Time: 805.0 [(509.0, 186.0), (194.0, 186.0), (268.0, 180.0), (356.0, 180.0), (438.0, 180.0)]
Time: 806.0 [(509.0, 186.0), (187.0, 186.0), (268.0, 180.0), (356.0, 180.0), (438.0, 180.0)]
Time: 807.0 [(495.0, 186.0), (180.0, 186.0), (251.0, 180.0), (329.0, 180.0), (419.0, 180.0)]
Time: 808.0 [(481.0, 186.0), (173.0, 186.0), (251.0, 180.0), (329.0, 180.0), (400.0, 180.0)]
Time: 809.0 [(481.0, 186.0), (166.0, 186.0), (251.0, 180.0), (329.0, 180.0), (400.0, 180.0)]
Time: 810.0 [(481.0, 186.0), (159.0, 186.0), (234.0, 180.0), (329.0, 180.0), (400.0, 180.0)]
Time: 811.0 [(481.0, 186.0), (152.0, 186.0), (234.0, 180.0), (329.0, 180.0), (400.0, 180.0)]
Time: 812.0 [(467.0, 186.0), (145.0, 186.0), (217.0, 180.0), (302.0, 180.0), (381.0, 180.0)]
Time: 813.0 [(453.0, 186.0), (138.0, 186.0), (217.0, 180.0), (302.0, 180.0), (381.0, 180.0)]
Time: 814.0 [(453.0, 186.0), (131.0, 186.0), (217.0, 180.0), (302.0, 180.0), (381.0, 180.0)]
Time: 815.0 [(439.0, 186.0), (124.0, 186.0), (200.0, 180.0), (275.0, 180.0), (362.0, 180.0)]
Time: 816.0 [(439.0, 186.0), (117.0, 186.0), (200.0, 180.0), (275.0, 180.0), (362.0, 180.0)]
Time: 817.0 [(439.0, 186.0), (110.0, 186.0), (183.0, 180.0), (275.0, 180.0), (362.0, 180.0)]
Time: 818.0 [(439.0, 186.0), (103.0, 186.0), (183.0, 180.0), (275.0, 180.0), (362.0, 180.0)]
Time: 819.0 [(425.0, 186.0), (96.0, 186.0), (166.0, 180.0), (248.0, 180.0), (343.0, 180.0)]
Time: 820.0 [(411.0, 186.0), (0.0, 0.0), (166.0, 180.0), (248.0, 180.0), (324.0, 180.0)]
Time: 821.0 [(397.0, 186.0), (0.0, 0.0), (166.0, 180.0), (248.0, 180.0), (324.0, 180.0)]
Time: 822.0 [(383.0, 186.0), (0.0, 0.0), (149.0, 180.0), (221.0, 180.0), (305.0, 180.0)]
Time: 823.0 [(383.0, 186.0), (0.0, 0.0), (149.0, 180.0), (221.0, 180.0), (305.0, 180.0)]
Time: 824.0 [(383.0, 186.0), (0.0, 0.0), (132.0, 180.0), (221.0, 180.0), (305.0, 180.0)]
Time: 825.0 [(383.0, 186.0), (0.0, 0.0), (132.0, 180.0), (221.0, 180.0), (305.0, 180.0)]
Time: 826.0 [(383.0, 186.0), (0.0, 0.0), (132.0, 180.0), (221.0, 180.0), (305.0, 180.0)]
Time: 827.0 [(369.0, 186.0), (0.0, 0.0), (115.0, 180.0), (194.0, 180.0), (286.0, 180.0)]
Time: 828.0 [(355.0, 186.0), (0.0, 0.0), (115.0, 180.0), (194.0, 180.0), (267.0, 180.0)]
Time: 829.0 [(341.0, 186.0), (0.0, 0.0), (98.0, 180.0), (194.0, 180.0), (267.0, 180.0)]
Time: 830.0 [(341.0, 186.0), (0.0, 0.0), (98.0, 180.0), (194.0, 180.0), (267.0, 180.0)]
Time: 831.0 [(341.0, 186.0), (0.0, 0.0), (98.0, 180.0), (194.0, 180.0), (267.0, 180.0)]
Time: 832.0 [(327.0, 186.0), (0.0, 0.0), (0.0, 0.0), (167.0, 180.0), (248.0, 180.0)]
Time: 833.0 [(327.0, 186.0), (0.0, 0.0), (0.0, 0.0), (167.0, 180.0), (248.0, 180.0)]
Time: 834.0 [(313.0, 186.0), (0.0, 0.0), (0.0, 0.0), (140.0, 180.0), (229.0, 180.0)]
Time: 835.0 [(299.0, 186.0), (0.0, 0.0), (0.0, 0.0), (140.0, 180.0), (210.0, 180.0)]
Time: 836.0 [(285.0, 186.0), (0.0, 0.0), (0.0, 0.0), (140.0, 180.0), (210.0, 180.0)]
Time: 837.0 [(285.0, 186.0), (0.0, 0.0), (0.0, 0.0), (140.0, 180.0), (210.0, 180.0)]
Time: 838.0 [(285.0, 186.0), (0.0, 0.0), (0.0, 0.0), (140.0, 180.0), (210.0, 180.0)]
Time: 839.0 [(271.0, 186.0), (0.0, 0.0), (0.0, 0.0), (113.0, 180.0), (191.0, 180.0)]
Time: 840.0 [(257.0, 186.0), (761.0, 180.0), (0.0, 0.0), (0.0, 0.0), (172.0, 180.0)]
Time: 841.0 [(243.0, 186.0), (739.0, 180.0), (0.0, 0.0), (0.0, 0.0), (172.0, 180.0)]
Time: 842.0 [(229.0, 186.0), (717.0, 180.0), (0.0, 0.0), (0.0, 0.0), (153.0, 180.0)]
Time: 843.0 [(215.0, 186.0), (695.0, 180.0), (0.0, 0.0), (0.0, 0.0), (134.0, 180.0)]
Time: 844.0 [(201.0, 186.0), (673.0, 180.0), (0.0, 0.0), (0.0, 0.0), (115.0, 180.0)]
Time: 845.0 [(187.0, 186.0), (651.0, 180.0), (0.0, 0.0), (0.0, 0.0), (96.0, 180.0)]
Time: 846.0 [(173.0, 186.0), (629.0, 180.0), (0.0, 0.0), (0.0, 0.0), (0.0, 0.0)]
Time: 847.0 [(159.0, 186.0), (607.0, 180.0), (761.0, 180.0), (0.0, 0.0), (0.0, 0.0)]
Time: 848.0 [(145.0, 186.0), (585.0, 180.0), (745.0, 180.0), (0.0, 0.0), (0.0, 0.0)]
Time: 849.0 [(131.0, 186.0), (563.0, 180.0), (729.0, 180.0), (0.0, 0.0), (0.0, 0.0)]
Time: 850.0 [(117.0, 186.0), (541.0, 180.0), (713.0, 180.0), (0.0, 0.0), (0.0, 0.0)]
Time: 851.0 [(103.0, 186.0), (519.0, 180.0), (697.0, 180.0), (0.0, 0.0), (0.0, 0.0)]
Time: 852.0 [(0.0, 0.0), (497.0, 180.0), (681.0, 180.0), (0.0, 0.0), (0.0, 0.0)]
Time: 853.0 [(0.0, 0.0), (475.0, 180.0), (665.0, 180.0), (0.0, 0.0), (0.0, 0.0)]
Time: 854.0 [(0.0, 0.0), (453.0, 180.0), (649.0, 180.0), (0.0, 0.0), (0.0, 0.0)]
Time: 855.0 [(0.0, 0.0), (431.0, 180.0), (633.0, 180.0), (0.0, 0.0), (0.0, 0.0)]
Time: 856.0 [(0.0, 0.0), (409.0, 180.0), (617.0, 180.0), (761.0, 180.0), (0.0, 0.0)]
Time: 857.0 [(0.0, 0.0), (387.0, 180.0), (601.0, 180.0), (735.0, 180.0), (0.0, 0.0)]
Time: 858.0 [(0.0, 0.0), (365.0, 180.0), (585.0, 180.0), (709.0, 180.0), (0.0, 0.0)]
Time: 859.0 [(0.0, 0.0), (343.0, 180.0), (569.0, 180.0), (683.0, 180.0), (0.0, 0.0)]
Time: 860.0 [(0.0, 0.0), (321.0, 180.0), (553.0, 180.0), (657.0, 180.0), (0.0, 0.0)]
Time: 861.0 [(0.0, 0.0), (299.0, 180.0), (537.0, 180.0), (631.0, 180.0), (0.0, 0.0)]
Time: 862.0 [(0.0, 0.0), (277.0, 180.0), (521.0, 180.0), (605.0, 180.0), (761.0, 180.0)]
Time: 863.0 [(0.0, 0.0), (255.0, 180.0), (505.0, 180.0), (579.0, 180.0), (747.0, 180.0)]
Time: 864.0 [(0.0, 0.0), (233.0, 180.0), (489.0, 180.0), (579.0, 180.0), (733.0, 180.0)]
Time: 865.0 [(0.0, 0.0), (211.0, 180.0), (473.0, 180.0), (553.0, 180.0), (719.0, 180.0)]
Time: 866.0 [(0.0, 0.0), (189.0, 180.0), (457.0, 180.0), (527.0, 180.0), (705.0, 180.0)]
Time: 867.0 [(0.0, 0.0), (167.0, 180.0), (441.0, 180.0), (527.0, 180.0), (691.0, 180.0)]
Time: 868.0 [(0.0, 0.0), (145.0, 180.0), (425.0, 180.0), (501.0, 180.0), (677.0, 180.0)]
Time: 869.0 [(0.0, 0.0), (123.0, 180.0), (409.0, 180.0), (501.0, 180.0), (663.0, 180.0)]
Time: 870.0 [(0.0, 0.0), (101.0, 180.0), (393.0, 180.0), (475.0, 180.0), (649.0, 180.0)]
Time: 871.0 [(0.0, 0.0), (0.0, 0.0), (377.0, 180.0), (449.0, 180.0), (635.0, 180.0)]
Time: 872.0 [(0.0, 0.0), (0.0, 0.0), (361.0, 180.0), (449.0, 180.0), (621.0, 180.0)]
Time: 873.0 [(0.0, 0.0), (0.0, 0.0), (345.0, 180.0), (423.0, 180.0), (607.0, 180.0)]
Time: 874.0 [(761.0, 180.0), (0.0, 0.0), (329.0, 180.0), (423.0, 180.0), (593.0, 180.0)]
Time: 875.0 [(732.0, 180.0), (0.0, 0.0), (313.0, 180.0), (397.0, 180.0), (579.0, 180.0)]
Time: 876.0 [(703.0, 180.0), (0.0, 0.0), (297.0, 180.0), (371.0, 180.0), (565.0, 180.0)]
Time: 877.0 [(674.0, 180.0), (0.0, 0.0), (281.0, 180.0), (371.0, 180.0), (551.0, 180.0)]
Time: 878.0 [(645.0, 180.0), (0.0, 0.0), (265.0, 180.0), (345.0, 180.0), (537.0, 180.0)]
Time: 879.0 [(616.0, 180.0), (761.0, 180.0), (249.0, 180.0), (319.0, 180.0), (523.0, 180.0)]
Time: 880.0 [(587.0, 180.0), (754.0, 180.0), (233.0, 180.0), (319.0, 180.0), (509.0, 180.0)]
Time: 881.0 [(587.0, 180.0), (747.0, 180.0), (217.0, 180.0), (293.0, 180.0), (495.0, 180.0)]
Time: 882.0 [(558.0, 180.0), (740.0, 180.0), (201.0, 180.0), (293.0, 180.0), (481.0, 180.0)]
Time: 883.0 [(558.0, 180.0), (733.0, 180.0), (185.0, 180.0), (267.0, 180.0), (467.0, 180.0)]
Time: 884.0 [(529.0, 180.0), (726.0, 180.0), (169.0, 180.0), (241.0, 180.0), (453.0, 180.0)]
Time: 885.0 [(529.0, 180.0), (719.0, 180.0), (153.0, 180.0), (241.0, 180.0), (439.0, 180.0)]
Time: 886.0 [(500.0, 180.0), (712.0, 180.0), (137.0, 180.0), (215.0, 180.0), (425.0, 180.0)]
Time: 887.0 [(500.0, 180.0), (705.0, 180.0), (121.0, 180.0), (215.0, 180.0), (411.0, 180.0)]
Time: 888.0 [(471.0, 180.0), (698.0, 180.0), (105.0, 180.0), (189.0, 180.0), (397.0, 180.0)]
Time: 889.0 [(471.0, 180.0), (691.0, 180.0), (0.0, 0.0), (163.0, 180.0), (383.0, 180.0)]
Time: 890.0 [(442.0, 180.0), (684.0, 180.0), (0.0, 0.0), (163.0, 180.0), (369.0, 180.0)]
Time: 891.0 [(442.0, 180.0), (677.0, 180.0), (0.0, 0.0), (137.0, 180.0), (355.0, 180.0)]
Time: 892.0 [(413.0, 180.0), (670.0, 180.0), (0.0, 0.0), (111.0, 180.0), (341.0, 180.0)]
Time: 893.0 [(413.0, 180.0), (663.0, 180.0), (0.0, 0.0), (111.0, 180.0), (327.0, 180.0)]
Time: 894.0 [(384.0, 180.0), (656.0, 180.0), (0.0, 0.0), (0.0, 0.0), (313.0, 180.0)]
Time: 895.0 [(384.0, 180.0), (649.0, 180.0), (0.0, 0.0), (0.0, 0.0), (299.0, 180.0)]
Time: 896.0 [(355.0, 180.0), (642.0, 180.0), (0.0, 0.0), (0.0, 0.0), (285.0, 180.0)]
Time: 897.0 [(355.0, 180.0), (635.0, 180.0), (0.0, 0.0), (0.0, 0.0), (271.0, 180.0)]
Time: 898.0 [(355.0, 180.0), (628.0, 180.0), (0.0, 0.0), (0.0, 0.0), (257.0, 180.0)]
Time: 899.0 [(326.0, 180.0), (621.0, 180.0), (0.0, 0.0), (0.0, 0.0), (243.0, 180.0)]
Time: 900.0 [(326.0, 180.0), (614.0, 180.0), (0.0, 0.0), (0.0, 0.0), (229.0, 180.0)]
Time: 901.0 [(297.0, 180.0), (607.0, 180.0), (761.0, 186.0), (0.0, 0.0), (215.0, 180.0)]
Time: 902.0 [(297.0, 180.0), (600.0, 180.0), (742.0, 186.0), (0.0, 0.0), (201.0, 180.0)]
Time: 903.0 [(268.0, 180.0), (593.0, 180.0), (723.0, 186.0), (0.0, 0.0), (187.0, 180.0)]
Time: 904.0 [(268.0, 180.0), (586.0, 180.0), (704.0, 186.0), (0.0, 0.0), (173.0, 180.0)]
Time: 905.0 [(239.0, 180.0), (579.0, 180.0), (685.0, 186.0), (0.0, 0.0), (159.0, 180.0)]
Time: 906.0 [(239.0, 180.0), (572.0, 180.0), (666.0, 186.0), (0.0, 0.0), (145.0, 180.0)]
Time: 907.0 [(210.0, 180.0), (565.0, 180.0), (647.0, 186.0), (0.0, 0.0), (131.0, 180.0)]
Time: 908.0 [(210.0, 180.0), (558.0, 180.0), (628.0, 186.0), (0.0, 0.0), (117.0, 180.0)]
Time: 909.0 [(181.0, 180.0), (551.0, 180.0), (628.0, 186.0), (0.0, 0.0), (103.0, 180.0)]
Time: 910.0 [(181.0, 180.0), (544.0, 180.0), (628.0, 186.0), (0.0, 0.0), (0.0, 0.0)]
Time: 911.0 [(152.0, 180.0), (537.0, 180.0), (609.0, 186.0), (761.0, 180.0), (0.0, 0.0)]
Time: 912.0 [(152.0, 180.0), (530.0, 180.0), (609.0, 186.0), (738.0, 180.0), (0.0, 0.0)]
Time: 913.0 [(123.0, 180.0), (523.0, 180.0), (609.0, 186.0), (715.0, 180.0), (0.0, 0.0)]
Time: 914.0 [(123.0, 180.0), (516.0, 180.0), (590.0, 186.0), (692.0, 180.0), (0.0, 0.0)]
Time: 915.0 [(94.0, 180.0), (509.0, 180.0), (590.0, 186.0), (669.0, 180.0), (0.0, 0.0)]
Time: 916.0 [(94.0, 180.0), (502.0, 180.0), (590.0, 186.0), (669.0, 180.0), (0.0, 0.0)]
Time: 917.0 [(0.0, 0.0), (495.0, 180.0), (571.0, 186.0), (646.0, 180.0), (0.0, 0.0)]
Time: 918.0 [(0.0, 0.0), (488.0, 180.0), (571.0, 186.0), (646.0, 180.0), (0.0, 0.0)]
Time: 919.0 [(0.0, 0.0), (481.0, 180.0), (552.0, 186.0), (623.0, 180.0), (0.0, 0.0)]
Time: 920.0 [(0.0, 0.0), (474.0, 180.0), (552.0, 186.0), (623.0, 180.0), (0.0, 0.0)]
Time: 921.0 [(0.0, 0.0), (467.0, 180.0), (552.0, 186.0), (623.0, 180.0), (761.0, 180.0)]
Time: 922.0 [(0.0, 0.0), (460.0, 180.0), (533.0, 186.0), (623.0, 180.0), (744.0, 180.0)]
Time: 923.0 [(0.0, 0.0), (453.0, 180.0), (533.0, 186.0), (623.0, 180.0), (727.0, 180.0)]
Time: 924.0 [(0.0, 0.0), (446.0, 180.0), (533.0, 186.0), (623.0, 180.0), (710.0, 180.0)]
Time: 925.0 [(0.0, 0.0), (439.0, 180.0), (514.0, 186.0), (600.0, 180.0), (693.0, 180.0)]
Time: 926.0 [(0.0, 0.0), (432.0, 180.0), (514.0, 186.0), (600.0, 180.0), (676.0, 180.0)]
Time: 927.0 [(0.0, 0.0), (425.0, 180.0), (495.0, 186.0), (577.0, 180.0), (659.0, 180.0)]
Time: 928.0 [(0.0, 0.0), (418.0, 180.0), (495.0, 186.0), (577.0, 180.0), (659.0, 180.0)]
Time: 929.0 [(0.0, 0.0), (411.0, 180.0), (495.0, 186.0), (577.0, 180.0), (659.0, 180.0)]
Time: 930.0 [(0.0, 0.0), (404.0, 180.0), (476.0, 186.0), (554.0, 180.0), (642.0, 180.0)]
Time: 931.0 [(761.0, 178.0), (397.0, 180.0), (476.0, 186.0), (554.0, 180.0), (625.0, 180.0)]
Time: 932.0 [(745.0, 178.0), (390.0, 180.0), (476.0, 186.0), (554.0, 180.0), (625.0, 180.0)]
Time: 933.0 [(729.0, 178.0), (383.0, 180.0), (457.0, 186.0), (531.0, 180.0), (608.0, 180.0)]
Time: 934.0 [(713.0, 178.0), (376.0, 180.0), (457.0, 186.0), (531.0, 180.0), (608.0, 180.0)]
Time: 935.0 [(697.0, 178.0), (369.0, 180.0), (457.0, 186.0), (531.0, 180.0), (608.0, 180.0)]
Time: 936.0 [(681.0, 178.0), (362.0, 180.0), (438.0, 186.0), (508.0, 180.0), (591.0, 180.0)]
Time: 937.0 [(665.0, 178.0), (355.0, 180.0), (438.0, 186.0), (508.0, 180.0), (591.0, 180.0)]
Time: 938.0 [(665.0, 178.0), (348.0, 180.0), (419.0, 186.0), (508.0, 180.0), (591.0, 180.0)]
Time: 939.0 [(665.0, 178.0), (341.0, 180.0), (419.0, 186.0), (508.0, 180.0), (591.0, 180.0)]
Time: 940.0 [(665.0, 178.0), (334.0, 180.0), (419.0, 186.0), (508.0, 180.0), (591.0, 180.0)]
Time: 941.0 [(649.0, 178.0), (327.0, 180.0), (400.0, 186.0), (485.0, 180.0), (574.0, 180.0)]
Time: 942.0 [(633.0, 178.0), (320.0, 180.0), (400.0, 186.0), (485.0, 180.0), (557.0, 180.0)]
Time: 943.0 [(633.0, 178.0), (313.0, 180.0), (400.0, 186.0), (485.0, 180.0), (557.0, 180.0)]
Time: 944.0 [(617.0, 178.0), (306.0, 180.0), (381.0, 186.0), (462.0, 180.0), (540.0, 180.0)]
Time: 945.0 [(617.0, 178.0), (299.0, 180.0), (381.0, 186.0), (462.0, 180.0), (540.0, 180.0)]
Time: 946.0 [(601.0, 178.0), (292.0, 180.0), (362.0, 186.0), (439.0, 180.0), (523.0, 180.0)]
Time: 947.0 [(601.0, 178.0), (285.0, 180.0), (362.0, 186.0), (439.0, 180.0), (523.0, 180.0)]
Time: 948.0 [(601.0, 178.0), (278.0, 180.0), (362.0, 186.0), (439.0, 180.0), (523.0, 180.0)]
Time: 949.0 [(585.0, 178.0), (271.0, 180.0), (343.0, 186.0), (416.0, 180.0), (506.0, 180.0)]
Time: 950.0 [(569.0, 178.0), (264.0, 180.0), (343.0, 186.0), (416.0, 180.0), (489.0, 180.0)]
Time: 951.0 [(569.0, 178.0), (257.0, 180.0), (343.0, 186.0), (416.0, 180.0), (489.0, 180.0)]
Time: 952.0 [(569.0, 178.0), (250.0, 180.0), (324.0, 186.0), (416.0, 180.0), (489.0, 180.0)]
Time: 953.0 [(569.0, 178.0), (243.0, 180.0), (324.0, 186.0), (416.0, 180.0), (489.0, 180.0)]
Time: 954.0 [(569.0, 178.0), (236.0, 180.0), (324.0, 186.0), (416.0, 180.0), (489.0, 180.0)]
Time: 955.0 [(553.0, 178.0), (229.0, 180.0), (305.0, 186.0), (393.0, 180.0), (472.0, 180.0)]
Time: 956.0 [(553.0, 178.0), (222.0, 180.0), (305.0, 186.0), (393.0, 180.0), (472.0, 180.0)]
Time: 957.0 [(537.0, 178.0), (215.0, 180.0), (286.0, 186.0), (370.0, 180.0), (455.0, 180.0)]
Time: 958.0 [(537.0, 178.0), (208.0, 180.0), (286.0, 186.0), (370.0, 180.0), (455.0, 180.0)]
Time: 959.0 [(537.0, 178.0), (201.0, 180.0), (286.0, 186.0), (370.0, 180.0), (455.0, 180.0)]
Time: 960.0 [(521.0, 178.0), (194.0, 180.0), (267.0, 186.0), (347.0, 180.0), (438.0, 180.0)]
Time: 961.0 [(505.0, 178.0), (187.0, 180.0), (267.0, 186.0), (347.0, 180.0), (421.0, 180.0)]
Time: 962.0 [(505.0, 178.0), (180.0, 180.0), (267.0, 186.0), (347.0, 180.0), (421.0, 180.0)]
Time: 963.0 [(489.0, 178.0), (173.0, 180.0), (248.0, 186.0), (324.0, 180.0), (404.0, 180.0)]
Time: 964.0 [(489.0, 178.0), (166.0, 180.0), (248.0, 186.0), (324.0, 180.0), (404.0, 180.0)]
Time: 965.0 [(473.0, 178.0), (159.0, 180.0), (229.0, 186.0), (301.0, 180.0), (387.0, 180.0)]
Time: 966.0 [(457.0, 178.0), (152.0, 180.0), (229.0, 186.0), (301.0, 180.0), (387.0, 180.0)]
Time: 967.0 [(457.0, 178.0), (145.0, 180.0), (229.0, 186.0), (301.0, 180.0), (387.0, 180.0)]
Time: 968.0 [(457.0, 178.0), (138.0, 180.0), (210.0, 186.0), (301.0, 180.0), (387.0, 180.0)]
Time: 969.0 [(457.0, 178.0), (131.0, 180.0), (210.0, 186.0), (301.0, 180.0), (387.0, 180.0)]
Time: 970.0 [(457.0, 178.0), (124.0, 180.0), (210.0, 186.0), (301.0, 180.0), (387.0, 180.0)]
Time: 971.0 [(441.0, 178.0), (117.0, 180.0), (191.0, 186.0), (278.0, 180.0), (370.0, 180.0)]
Time: 972.0 [(425.0, 178.0), (110.0, 180.0), (191.0, 186.0), (278.0, 180.0), (353.0, 180.0)]
Time: 973.0 [(425.0, 178.0), (103.0, 180.0), (191.0, 186.0), (278.0, 180.0), (353.0, 180.0)]
Time: 974.0 [(409.0, 178.0), (96.0, 180.0), (172.0, 186.0), (255.0, 180.0), (336.0, 180.0)]
Time: 975.0 [(409.0, 178.0), (0.0, 0.0), (172.0, 186.0), (255.0, 180.0), (336.0, 180.0)]
Time: 976.0 [(393.0, 178.0), (0.0, 0.0), (153.0, 186.0), (232.0, 180.0), (319.0, 180.0)]
Time: 977.0 [(377.0, 178.0), (0.0, 0.0), (153.0, 186.0), (232.0, 180.0), (302.0, 180.0)]
Time: 978.0 [(377.0, 178.0), (0.0, 0.0), (153.0, 186.0), (232.0, 180.0), (302.0, 180.0)]
Time: 979.0 [(361.0, 178.0), (0.0, 0.0), (134.0, 186.0), (209.0, 180.0), (285.0, 180.0)]
Time: 980.0 [(361.0, 178.0), (0.0, 0.0), (134.0, 186.0), (209.0, 180.0), (285.0, 180.0)]
Time: 981.0 [(361.0, 178.0), (0.0, 0.0), (134.0, 186.0), (209.0, 180.0), (285.0, 180.0)]
Time: 982.0 [(345.0, 178.0), (0.0, 0.0), (115.0, 186.0), (186.0, 180.0), (268.0, 180.0)]
Time: 983.0 [(345.0, 178.0), (0.0, 0.0), (115.0, 186.0), (186.0, 180.0), (268.0, 180.0)]
Time: 984.0 [(345.0, 178.0), (0.0, 0.0), (96.0, 186.0), (186.0, 180.0), (268.0, 180.0)]
Time: 985.0 [(345.0, 178.0), (0.0, 0.0), (96.0, 186.0), (186.0, 180.0), (268.0, 180.0)]
Time: 986.0 [(345.0, 178.0), (0.0, 0.0), (96.0, 186.0), (186.0, 180.0), (268.0, 180.0)]
Time: 987.0 [(329.0, 178.0), (0.0, 0.0), (0.0, 0.0), (163.0, 180.0), (251.0, 180.0)]
Time: 988.0 [(313.0, 178.0), (0.0, 0.0), (0.0, 0.0), (163.0, 180.0), (234.0, 180.0)]
Time: 989.0 [(313.0, 178.0), (0.0, 0.0), (0.0, 0.0), (163.0, 180.0), (234.0, 180.0)]
Time: 990.0 [(297.0, 178.0), (0.0, 0.0), (0.0, 0.0), (140.0, 180.0), (217.0, 180.0)]
Time: 991.0 [(297.0, 178.0), (0.0, 0.0), (0.0, 0.0), (140.0, 180.0), (217.0, 180.0)]
Time: 992.0 [(297.0, 178.0), (0.0, 0.0), (0.0, 0.0), (140.0, 180.0), (217.0, 180.0)]
Time: 993.0 [(281.0, 178.0), (0.0, 0.0), (0.0, 0.0), (117.0, 180.0), (200.0, 180.0)]
Time: 994.0 [(265.0, 178.0), (0.0, 0.0), (0.0, 0.0), (94.0, 180.0), (183.0, 180.0)]
Time: 995.0 [(249.0, 178.0), (761.0, 182.0), (0.0, 0.0), (0.0, 0.0), (166.0, 180.0)]
Time: 996.0 [(233.0, 178.0), (731.0, 182.0), (0.0, 0.0), (0.0, 0.0), (149.0, 180.0)]
Time: 997.0 [(217.0, 178.0), (701.0, 182.0), (0.0, 0.0), (0.0, 0.0), (132.0, 180.0)]
Time: 998.0 [(201.0, 178.0), (671.0, 182.0), (0.0, 0.0), (0.0, 0.0), (115.0, 180.0)]
Time: 999.0 [(185.0, 178.0), (641.0, 182.0), (0.0, 0.0), (0.0, 0.0), (98.0, 180.0)]
Time: 1000.0 [(169.0, 178.0), (611.0, 182.0), (0.0, 0.0), (0.0, 0.0), (0.0, 0.0)]
Time: 1001.0 [(153.0, 178.0), (581.0, 182.0), (761.0, 180.0), (0.0, 0.0), (0.0, 0.0)]
