3.0 []
4.0 [(799.0, 178.0), (265.0, 258.0)]
5.0 [(786.0, 178.0), (266.0, 258.0)]
6.0 [(773.0, 178.0), (267.0, 258.0)]
7.0 [(760.0, 178.0), (268.0, 258.0)]
8.0 [(747.0, 178.0), (269.0, 258.0)]
9.0 [(734.0, 178.0), (270.0, 258.0)]
10.0 [(721.0, 178.0), (271.0, 258.0)]
11.0 [(708.0, 178.0), (272.0, 258.0)]
12.0 [(695.0, 178.0), (273.0, 258.0)]
13.0 [(682.0, 178.0), (274.0, 258.0)]
14.0 [(669.0, 178.0), (275.0, 258.0)]
15.0 [(656.0, 178.0), (276.0, 258.0)]
16.0 [(643.0, 178.0), (277.0, 258.0)]
17.0 [(630.0, 178.0), (278.0, 258.0)]
18.0 [(617.0, 178.0), (279.0, 258.0)]
19.0 [(604.0, 178.0), (280.0, 258.0)]
20.0 [(591.0, 178.0), (281.0, 258.0)]
21.0 [(578.0, 178.0), (282.0, 258.0)]
22.0 [(565.0, 178.0), (283.0, 258.0)]
23.0 [(552.0, 178.0), (284.0, 258.0)]
24.0 [(539.0, 178.0), (285.0, 258.0)]
25.0 [(526.0, 178.0), (286.0, 258.0)]
26.0 [(513.0, 178.0), (287.0, 258.0)]
27.0 [(500.0, 178.0), (288.0, 258.0)]
28.0 [(487.0, 178.0), (289.0, 258.0)]
29.0 [(474.0, 178.0), (290.0, 258.0)]
30.0 [(461.0, 178.0), (291.0, 258.0)]
31.0 [(448.0, 178.0), (292.0, 258.0)]
32.0 [(435.0, 178.0), (293.0, 258.0)]
33.0 [(422.0, 178.0), (294.0, 258.0)]
34.0 [(409.0, 178.0), (295.0, 258.0)]
35.0 [(396.0, 178.0), (296.0, 258.0)]
36.0 [(383.0, 178.0), (297.0, 258.0)]
37.0 [(370.0, 178.0), (298.0, 258.0)]
38.0 [(357.0, 178.0), (299.0, 258.0)]
39.0 [(344.0, 178.0), (300.0, 258.0)]
40.0 [(331.0, 178.0), (301.0, 258.0)]
41.0 [(318.0, 178.0), (302.0, 258.0)]
42.0 [(305.0, 178.0), (303.0, 258.0)]
43.0 [(292.0, 178.0), (304.0, 258.0)]
44.0 [(279.0, 178.0), (305.0, 258.0)]
45.0 [(266.0, 178.0), (306.0, 258.0)]
46.0 [(253.0, 178.0), (307.0, 258.0)]
47.0 [(240.0, 178.0), (308.0, 258.0)]
48.0 [(227.0, 178.0), (309.0, 258.0)]
49.0 [(214.0, 178.0), (310.0, 258.0)]
50.0 [(201.0, 178.0), (311.0, 258.0)]
51.0 [(188.0, 178.0), (312.0, 258.0)]
52.0 [(175.0, 178.0), (313.0, 258.0)]
53.0 [(162.0, 178.0), (322.0, 258.0)]
54.0 [(149.0, 178.0), (331.0, 258.0)]
55.0 [(136.0, 178.0), (340.0, 258.0)]
56.0 [(123.0, 178.0), (349.0, 258.0)]
57.0 [(110.0, 178.0), (358.0, 258.0)]
58.0 [(97.0, 178.0), (367.0, 258.0)]
59.0 [(376.0, 258.0)]
60.0 [(385.0, 258.0)]
61.0 [(394.0, 258.0)]
62.0 [(403.0, 258.0)]
65.0 [(412.0, 258.0), ]
66.0 [(439.0, 258.0), (266.0, 256.0), (809.0, 174.0)]
67.0 [(448.0, 258.0), (267.0, 256.0), (793.0, 174.0)]
68.0 [(457.0, 258.0), (268.0, 256.0), (777.0, 174.0)]
69.0 [(466.0, 258.0), (269.0, 256.0), (761.0, 174.0)]
70.0 [(475.0, 258.0), (270.0, 256.0), (745.0, 174.0)]
71.0 [(484.0, 258.0), (271.0, 256.0), (729.0, 174.0)]
72.0 [(493.0, 258.0), (272.0, 256.0), (713.0, 174.0)]
73.0 [(502.0, 258.0), (273.0, 256.0), (697.0, 174.0)]
74.0 [(511.0, 258.0), (274.0, 256.0), (681.0, 174.0)]
75.0 [(520.0, 258.0), (275.0, 256.0), (665.0, 174.0)]
76.0 [(529.0, 258.0), (276.0, 256.0), (649.0, 174.0)]
77.0 [(538.0, 258.0), (277.0, 256.0), (633.0, 174.0)]
78.0 [(547.0, 258.0), (278.0, 256.0), (617.0, 174.0)]
79.0 [(556.0, 258.0), (279.0, 256.0), (601.0, 174.0)]
80.0 [(565.0, 258.0), (280.0, 256.0), (585.0, 174.0)]
81.0 [(574.0, 258.0), (281.0, 256.0), (584.0, 174.0)]
82.0 [(583.0, 258.0), (282.0, 256.0), (583.0, 174.0)]
83.0 [(592.0, 258.0), (283.0, 256.0), (582.0, 174.0)]
84.0 [(601.0, 258.0), (284.0, 256.0), (581.0, 174.0)]
85.0 [(610.0, 258.0), (285.0, 256.0), (580.0, 174.0)]
86.0 [(619.0, 258.0), (286.0, 256.0), (579.0, 174.0)]
87.0 [(628.0, 258.0), (287.0, 256.0), (578.0, 174.0)]
88.0 [(637.0, 258.0), (288.0, 256.0), (577.0, 174.0)]
89.0 [(646.0, 258.0), (289.0, 256.0), (576.0, 174.0)]
90.0 [(655.0, 258.0), (290.0, 256.0), (575.0, 174.0)]
91.0 [(664.0, 258.0), (291.0, 256.0), (574.0, 174.0)]
92.0 [(673.0, 258.0), (292.0, 256.0), (573.0, 174.0)]
93.0 [(682.0, 258.0), (293.0, 256.0), (572.0, 174.0)]
94.0 [(691.0, 258.0), (294.0, 256.0), (571.0, 174.0)]
95.0 [(700.0, 258.0), (295.0, 256.0), (570.0, 174.0)]
96.0 [(709.0, 258.0), (296.0, 256.0), (569.0, 174.0)]
97.0 [(718.0, 258.0), (297.0, 256.0), (568.0, 174.0)]
98.0 [(727.0, 258.0), (298.0, 256.0), (567.0, 174.0)]
99.0 [(736.0, 258.0), (299.0, 256.0), (566.0, 174.0)]
100.0 [(745.0, 258.0), (300.0, 256.0), (565.0, 174.0)]
101.0 [(754.0, 258.0), (301.0, 256.0), (564.0, 174.0)]
102.0 [(763.0, 258.0), (302.0, 256.0), (563.0, 174.0)]
103.0 [(772.0, 258.0), (303.0, 256.0), (562.0, 174.0)]
104.0 [(781.0, 258.0), (304.0, 256.0), (561.0, 174.0)]
105.0 [(790.0, 258.0), (305.0, 256.0), (560.0, 174.0)]
106.0 [(799.0, 258.0), (306.0, 256.0), (559.0, 174.0)]
107.0 [(808.0, 258.0), (307.0, 256.0), (558.0, 174.0)]
108.0 [(817.0, 258.0), (308.0, 256.0), (557.0, 174.0)]
109.0 [(826.0, 258.0), (309.0, 256.0), (556.0, 174.0)]
110.0 [(835.0, 258.0), (310.0, 256.0), (555.0, 174.0)]
111.0 [(844.0, 258.0), (311.0, 256.0), (554.0, 174.0)]
112.0 [(853.0, 258.0), (312.0, 256.0), (553.0, 174.0)]
113.0 [(862.0, 258.0), (313.0, 256.0), (552.0, 174.0)]
114.0 [(871.0, 258.0), (314.0, 256.0), (551.0, 174.0)]
115.0 [(880.0, 258.0), (315.0, 256.0)]
116.0 [(338.0, 256.0), (534.0, 174.0)]
117.0 [(361.0, 256.0), (518.0, 174.0)]
120.0 [(384.0, 256.0), (502.0, 174.0), ]
121.0 [(453.0, 256.0), (469.0, 174.0), (266.0, 258.0), (803.0, 172.0)]
122.0 [(476.0, 256.0), (468.0, 174.0), (267.0, 258.0), (781.0, 172.0)]
123.0 [(499.0, 256.0), (467.0, 174.0), (268.0, 258.0), (759.0, 172.0)]
124.0 [(522.0, 256.0), (466.0, 174.0), (269.0, 258.0), (737.0, 172.0)]
125.0 [(545.0, 256.0), (465.0, 174.0), (270.0, 258.0), (715.0, 172.0)]
126.0 [(568.0, 256.0), (464.0, 174.0), (271.0, 258.0), (693.0, 172.0)]
127.0 [(591.0, 256.0), (463.0, 174.0), (272.0, 258.0), (671.0, 172.0)]
128.0 [(614.0, 256.0), (462.0, 174.0), (273.0, 258.0), (649.0, 172.0)]
129.0 [(637.0, 256.0), (461.0, 174.0), (274.0, 258.0), (648.0, 172.0)]
130.0 [(660.0, 256.0), (460.0, 174.0), (275.0, 258.0), (647.0, 172.0)]
131.0 [(683.0, 256.0), (459.0, 174.0), (276.0, 258.0), (646.0, 172.0)]
132.0 [(706.0, 256.0), (458.0, 174.0), (277.0, 258.0), (645.0, 172.0)]
133.0 [(729.0, 256.0), (457.0, 174.0), (278.0, 258.0), (644.0, 172.0)]
134.0 [(752.0, 256.0), (456.0, 174.0), (279.0, 258.0), (643.0, 172.0)]
135.0 [(775.0, 256.0), (455.0, 174.0), (280.0, 258.0), (642.0, 172.0)]
136.0 [(798.0, 256.0), (454.0, 174.0), (281.0, 258.0), (641.0, 172.0)]
137.0 [(821.0, 256.0), (453.0, 174.0), (282.0, 258.0), (640.0, 172.0)]
138.0 [(844.0, 256.0), (452.0, 174.0), (283.0, 258.0), (639.0, 172.0)]
139.0 [(867.0, 256.0), (451.0, 174.0), (284.0, 258.0)]
140.0 [(435.0, 174.0), (285.0, 258.0), (616.0, 172.0)]
141.0 [(419.0, 174.0), (286.0, 258.0), (594.0, 172.0)]
142.0 [(403.0, 174.0), (287.0, 258.0), (572.0, 172.0)]
143.0 [(387.0, 174.0), (288.0, 258.0), (550.0, 172.0)]
144.0 [(371.0, 174.0), (289.0, 258.0), (528.0, 172.0)]
145.0 [(355.0, 174.0), (290.0, 258.0), (506.0, 172.0)]
146.0 [(339.0, 174.0), (291.0, 258.0), (484.0, 172.0)]
147.0 [(323.0, 174.0), (292.0, 258.0), (462.0, 172.0)]
148.0 [(307.0, 174.0), (293.0, 258.0), (440.0, 172.0)]
149.0 [(291.0, 174.0), (294.0, 258.0), (418.0, 172.0)]
150.0 [(275.0, 174.0), (295.0, 258.0), (396.0, 172.0)]
151.0 [(259.0, 174.0), (296.0, 258.0), (374.0, 172.0)]
152.0 [(243.0, 174.0), (297.0, 258.0), (352.0, 172.0)]
153.0 [(227.0, 174.0), (298.0, 258.0), (330.0, 172.0)]
154.0 [(211.0, 174.0), (299.0, 258.0), (308.0, 172.0)]
155.0 [(195.0, 174.0), (300.0, 258.0), (307.0, 172.0)]
156.0 [(179.0, 174.0), (301.0, 258.0), (306.0, 172.0)]
157.0 [(163.0, 174.0), (302.0, 258.0), (305.0, 172.0)]
158.0 [(147.0, 174.0), (303.0, 258.0), (304.0, 172.0)]
159.0 [(131.0, 174.0), (327.0, 258.0), (303.0, 172.0)]
160.0 [(115.0, 174.0), (351.0, 258.0), (302.0, 172.0)]
161.0 [(99.0, 174.0), (375.0, 258.0), (301.0, 172.0)]
162.0 [(399.0, 258.0), (300.0, 172.0)]
163.0 [(423.0, 258.0), (299.0, 172.0)]
164.0 [(447.0, 258.0), (298.0, 172.0)]
166.0 [(471.0, 258.0), (297.0, 172.0)]
167.0 [(519.0, 258.0), (295.0, 172.0), (265.0, 254.0)]
168.0 [(543.0, 258.0), (294.0, 172.0), (266.0, 254.0)]
169.0 [(567.0, 258.0), (293.0, 172.0), (267.0, 254.0)]
170.0 [(591.0, 258.0), (292.0, 172.0), (268.0, 254.0)]
171.0 [(615.0, 258.0), (291.0, 172.0), (269.0, 254.0)]
172.0 [(639.0, 258.0), (290.0, 172.0), (270.0, 254.0)]
173.0 [(663.0, 258.0), (289.0, 172.0), (271.0, 254.0)]
174.0 [(687.0, 258.0), (288.0, 172.0), (272.0, 254.0)]
175.0 [(711.0, 258.0), (287.0, 172.0), (273.0, 254.0)]
176.0 [(735.0, 258.0), (286.0, 172.0), (274.0, 254.0)]
177.0 [(759.0, 258.0), (285.0, 172.0), (275.0, 254.0)]
178.0 [(783.0, 258.0), (284.0, 172.0), (276.0, 254.0)]
179.0 [(807.0, 258.0), (283.0, 172.0), (277.0, 254.0)]
180.0 [(831.0, 258.0), (282.0, 172.0), (278.0, 254.0)]
181.0 [(855.0, 258.0), (281.0, 172.0), (279.0, 254.0)]
182.0 [(879.0, 258.0), (280.0, 172.0)]
183.0 [(258.0, 172.0), (281.0, 254.0)]
184.0 [(236.0, 172.0), (282.0, 254.0)]
185.0 [(214.0, 172.0), (283.0, 254.0)]
186.0 [(192.0, 172.0), (284.0, 254.0)]
187.0 [(170.0, 172.0), (285.0, 254.0)]
188.0 [(148.0, 172.0), (286.0, 254.0)]
189.0 [(126.0, 172.0), (296.0, 254.0)]
190.0 [(104.0, 172.0), (306.0, 254.0)]
191.0 [(316.0, 254.0)]
192.0 [(326.0, 254.0)]
193.0 []
194.0 [(346.0, 254.0)]
195.0 [(356.0, 254.0)]
196.0 [(366.0, 254.0)]
197.0 [(376.0, 254.0)]
198.0 [(386.0, 254.0)]
200.0 [(396.0, 254.0), ]
201.0 [(416.0, 254.0), (265.0, 258.0)]
202.0 [(426.0, 254.0), (266.0, 258.0)]
203.0 [(436.0, 254.0), (267.0, 258.0)]
204.0 [(446.0, 254.0), (268.0, 258.0)]
205.0 [(456.0, 254.0), (269.0, 258.0)]
206.0 [(466.0, 254.0), (270.0, 258.0)]
207.0 [(476.0, 254.0), (271.0, 258.0)]
208.0 [(486.0, 254.0), (272.0, 258.0)]
209.0 [(496.0, 254.0), (273.0, 258.0)]
210.0 [(506.0, 254.0), (274.0, 258.0)]
211.0 [(516.0, 254.0), (275.0, 258.0)]
212.0 [(526.0, 254.0), (276.0, 258.0)]
213.0 [(536.0, 254.0), (277.0, 258.0)]
214.0 [(546.0, 254.0), (278.0, 258.0)]
215.0 [(556.0, 254.0), (279.0, 258.0)]
216.0 [(566.0, 254.0), (280.0, 258.0)]
217.0 [(576.0, 254.0), (281.0, 258.0)]
218.0 [(586.0, 254.0), (282.0, 258.0)]
219.0 [(596.0, 254.0), (283.0, 258.0)]
220.0 [(606.0, 254.0), (284.0, 258.0)]
221.0 [(616.0, 254.0), (285.0, 258.0)]
222.0 [(626.0, 254.0), (286.0, 258.0)]
223.0 [(636.0, 254.0), (287.0, 258.0)]
224.0 [(646.0, 254.0), (288.0, 258.0)]
225.0 [(656.0, 254.0), (289.0, 258.0)]
226.0 [(666.0, 254.0), (290.0, 258.0)]
227.0 [(676.0, 254.0), (291.0, 258.0)]
228.0 [(686.0, 254.0), (292.0, 258.0)]
229.0 [(696.0, 254.0), (293.0, 258.0)]
230.0 [(706.0, 254.0), (294.0, 258.0)]
231.0 [(716.0, 254.0), (295.0, 258.0)]
232.0 [(726.0, 254.0), (296.0, 258.0)]
233.0 [(736.0, 254.0), (297.0, 258.0)]
234.0 [(746.0, 254.0), (298.0, 258.0)]
235.0 [(756.0, 254.0), (299.0, 258.0)]
236.0 [(766.0, 254.0), (300.0, 258.0)]
237.0 [(776.0, 254.0), (301.0, 258.0)]
238.0 [(786.0, 254.0), (302.0, 258.0)]
239.0 [(796.0, 254.0), (303.0, 258.0)]
240.0 [(806.0, 254.0), (304.0, 258.0)]
241.0 [(816.0, 254.0), (305.0, 258.0)]
242.0 [(826.0, 254.0), (306.0, 258.0)]
243.0 [(836.0, 254.0), (307.0, 258.0)]
244.0 [(846.0, 254.0), (308.0, 258.0)]
245.0 [(856.0, 254.0), (309.0, 258.0)]
246.0 [(866.0, 254.0), (310.0, 258.0)]
247.0 [(876.0, 254.0), (311.0, 258.0)]
248.0 [(886.0, 254.0)]
249.0 [(328.0, 258.0)]
250.0 [(344.0, 258.0)]
251.0 [(360.0, 258.0)]
252.0 [(376.0, 258.0)]
254.0 [(392.0, 258.0), ]
255.0 [(424.0, 258.0), (265.0, 258.0)]
256.0 [(440.0, 258.0), (266.0, 258.0)]
257.0 [(456.0, 258.0), (267.0, 258.0)]
258.0 [(472.0, 258.0), (268.0, 258.0)]
259.0 [(488.0, 258.0), (269.0, 258.0)]
260.0 [(504.0, 258.0), (270.0, 258.0)]
261.0 [(520.0, 258.0), (271.0, 258.0)]
262.0 [(536.0, 258.0), (272.0, 258.0)]
263.0 [(552.0, 258.0), (273.0, 258.0)]
264.0 [(568.0, 258.0), (274.0, 258.0)]
265.0 [(584.0, 258.0), (275.0, 258.0)]
266.0 [(600.0, 258.0), (276.0, 258.0)]
267.0 [(616.0, 258.0), (277.0, 258.0)]
268.0 [(632.0, 258.0), (278.0, 258.0)]
269.0 [(648.0, 258.0), (279.0, 258.0)]
270.0 [(664.0, 258.0), (280.0, 258.0)]
271.0 [(680.0, 258.0), (281.0, 258.0)]
272.0 [(696.0, 258.0), (282.0, 258.0)]
273.0 [(712.0, 258.0), (283.0, 258.0)]
274.0 [(728.0, 258.0), (284.0, 258.0)]
275.0 [(744.0, 258.0), (285.0, 258.0)]
276.0 [(760.0, 258.0), (286.0, 258.0)]
277.0 [(776.0, 258.0), (287.0, 258.0)]
278.0 [(792.0, 258.0), (288.0, 258.0)]
279.0 [(808.0, 258.0), (289.0, 258.0)]
280.0 [(824.0, 258.0), (290.0, 258.0)]
281.0 [(840.0, 258.0), (291.0, 258.0)]
282.0 [(856.0, 258.0), (292.0, 258.0)]
283.0 [(872.0, 258.0), (293.0, 258.0)]
284.0 [(888.0, 258.0)]
285.0 [(315.0, 258.0)]
286.0 [(336.0, 258.0)]
287.0 [(357.0, 258.0)]
288.0 [(378.0, 258.0)]
290.0 [(399.0, 258.0), ]
291.0 [(441.0, 258.0), (265.0, 260.0)]
292.0 [(462.0, 258.0), (266.0, 260.0)]
293.0 [(483.0, 258.0), (267.0, 260.0)]
294.0 [(504.0, 258.0), (268.0, 260.0)]
295.0 [(525.0, 258.0), (269.0, 260.0)]
296.0 [(546.0, 258.0), (270.0, 260.0)]
297.0 [(567.0, 258.0), (271.0, 260.0)]
298.0 [(588.0, 258.0), (272.0, 260.0)]
299.0 [(609.0, 258.0), (273.0, 260.0)]
300.0 [(630.0, 258.0), (274.0, 260.0)]
301.0 [(651.0, 258.0), (275.0, 260.0)]
302.0 [(672.0, 258.0), (276.0, 260.0)]
303.0 [(693.0, 258.0), (277.0, 260.0)]
304.0 [(714.0, 258.0), (278.0, 260.0)]
305.0 [(735.0, 258.0), (279.0, 260.0)]
306.0 [(756.0, 258.0), (280.0, 260.0)]
307.0 [(777.0, 258.0), (281.0, 260.0)]
308.0 [(798.0, 258.0), (282.0, 260.0)]
309.0 [(819.0, 258.0), (283.0, 260.0)]
310.0 [(840.0, 258.0), (284.0, 260.0)]
311.0 [(861.0, 258.0), (285.0, 260.0)]
312.0 [(882.0, 258.0)]
313.0 [(303.0, 260.0)]
314.0 [(320.0, 260.0)]
315.0 [(337.0, 260.0)]
316.0 [(354.0, 260.0)]
317.0 [(371.0, 260.0)]
318.0 [(388.0, 260.0)]
320.0 [(405.0, 260.0), ]
321.0 [(439.0, 260.0), (265.0, 258.0)]
322.0 [(456.0, 260.0), (266.0, 258.0)]
323.0 [(473.0, 260.0), (267.0, 258.0)]
324.0 [(490.0, 260.0), (268.0, 258.0)]
325.0 [(507.0, 260.0), (269.0, 258.0)]
326.0 [(524.0, 260.0), (270.0, 258.0)]
327.0 [(541.0, 260.0), (271.0, 258.0)]
328.0 [(558.0, 260.0), (272.0, 258.0)]
329.0 [(575.0, 260.0), (273.0, 258.0)]
330.0 [(592.0, 260.0), (274.0, 258.0)]
331.0 [(609.0, 260.0), (275.0, 258.0)]
332.0 [(626.0, 260.0), (276.0, 258.0)]
333.0 [(643.0, 260.0), (277.0, 258.0)]
334.0 [(660.0, 260.0), (278.0, 258.0)]
335.0 [(677.0, 260.0), (279.0, 258.0)]
336.0 [(694.0, 260.0), (280.0, 258.0)]
337.0 [(711.0, 260.0), (281.0, 258.0)]
338.0 [(728.0, 260.0), (282.0, 258.0)]
339.0 [(745.0, 260.0), (283.0, 258.0)]
340.0 [(762.0, 260.0), (284.0, 258.0)]
341.0 [(779.0, 260.0), (285.0, 258.0)]
342.0 [(796.0, 260.0), (286.0, 258.0)]
343.0 [(813.0, 260.0), (287.0, 258.0)]
344.0 [(830.0, 260.0), (288.0, 258.0)]
345.0 [(847.0, 260.0), (289.0, 258.0)]
346.0 [(864.0, 260.0), (290.0, 258.0)]
347.0 [(881.0, 260.0)]
348.0 [(308.0, 258.0)]
349.0 [(325.0, 258.0)]
350.0 [(342.0, 258.0)]
351.0 [(359.0, 258.0)]
352.0 [(376.0, 258.0)]
353.0 [(393.0, 258.0)]
355.0 [(410.0, 258.0), ]
356.0 [(444.0, 258.0), (265.0, 260.0)]
357.0 [(461.0, 258.0), (266.0, 260.0)]
358.0 [(478.0, 258.0), (267.0, 260.0)]
359.0 [(495.0, 258.0), (268.0, 260.0)]
360.0 [(512.0, 258.0), (269.0, 260.0)]
361.0 [(529.0, 258.0), (270.0, 260.0)]
362.0 [(546.0, 258.0), (271.0, 260.0)]
363.0 [(563.0, 258.0), (272.0, 260.0)]
364.0 [(580.0, 258.0), (273.0, 260.0)]
365.0 [(597.0, 258.0), (274.0, 260.0)]
366.0 [(614.0, 258.0), (275.0, 260.0)]
367.0 [(631.0, 258.0), (276.0, 260.0)]
368.0 [(648.0, 258.0), (277.0, 260.0)]
369.0 [(665.0, 258.0), (278.0, 260.0)]
370.0 [(682.0, 258.0), (279.0, 260.0)]
371.0 [(699.0, 258.0), (280.0, 260.0)]
372.0 [(716.0, 258.0), (281.0, 260.0)]
373.0 [(733.0, 258.0), (282.0, 260.0)]
374.0 [(750.0, 258.0), (283.0, 260.0)]
375.0 [(767.0, 258.0), (284.0, 260.0)]
376.0 [(784.0, 258.0), (285.0, 260.0)]
377.0 [(801.0, 258.0), (286.0, 260.0)]
378.0 [(818.0, 258.0), (287.0, 260.0)]
379.0 [(835.0, 258.0), (288.0, 260.0)]
380.0 [(852.0, 258.0), (289.0, 260.0)]
381.0 [(869.0, 258.0), (290.0, 260.0)]
382.0 [(886.0, 258.0)]
383.0 [(321.0, 260.0)]
384.0 [(351.0, 260.0)]
385.0 [(381.0, 260.0)]
388.0 [(411.0, 260.0), ]
389.0 [(501.0, 260.0), (266.0, 256.0), (807.0, 172.0)]
390.0 [(531.0, 260.0), (267.0, 256.0), (789.0, 172.0)]
391.0 [(561.0, 260.0), (268.0, 256.0), (771.0, 172.0)]
392.0 [(591.0, 260.0), (269.0, 256.0), (753.0, 172.0)]
393.0 [(621.0, 260.0), (270.0, 256.0), (735.0, 172.0)]
394.0 [(651.0, 260.0), (271.0, 256.0), (717.0, 172.0)]
395.0 [(681.0, 260.0), (272.0, 256.0), (699.0, 172.0)]
397.0 [(711.0, 260.0), (273.0, 256.0), (698.0, 172.0), ]
398.0 [(771.0, 260.0), (275.0, 256.0), (696.0, 172.0), (799.0, 174.0)]
399.0 [(801.0, 260.0), (276.0, 256.0), (695.0, 172.0), (798.0, 174.0)]
400.0 [(831.0, 260.0), (277.0, 256.0), (694.0, 172.0), (797.0, 174.0)]
401.0 [(861.0, 260.0), (278.0, 256.0), (693.0, 172.0)]
402.0 [(293.0, 256.0), (675.0, 172.0), (770.0, 174.0)]
403.0 [(308.0, 256.0), (657.0, 172.0), (744.0, 174.0)]
404.0 [(323.0, 256.0), (639.0, 172.0), (718.0, 174.0)]
405.0 [(338.0, 256.0), (621.0, 172.0), (692.0, 174.0)]
406.0 [(353.0, 256.0), (603.0, 172.0), (691.0, 174.0)]
407.0 [(368.0, 256.0), (585.0, 172.0), (665.0, 174.0)]
408.0 [(383.0, 256.0), (567.0, 172.0), (639.0, 174.0)]
411.0 [(398.0, 256.0), (549.0, 172.0), (638.0, 174.0), ]
412.0 [(443.0, 256.0), (495.0, 172.0), (585.0, 174.0), (266.0, 256.0), (814.0, 170.0)]
413.0 [(458.0, 256.0), (477.0, 172.0), (559.0, 174.0), (267.0, 256.0), (803.0, 170.0)]
414.0 [(473.0, 256.0), (476.0, 172.0), (558.0, 174.0), (268.0, 256.0), (792.0, 170.0)]
415.0 [(488.0, 256.0), (475.0, 172.0), (557.0, 174.0), (269.0, 256.0), (781.0, 170.0)]
416.0 [(503.0, 256.0), (474.0, 172.0), (556.0, 174.0), (270.0, 256.0), (770.0, 170.0)]
417.0 [(518.0, 256.0), (473.0, 172.0), (555.0, 174.0), (271.0, 256.0), (759.0, 170.0)]
418.0 [(533.0, 256.0), (472.0, 172.0), (554.0, 174.0), (272.0, 256.0), (748.0, 170.0)]
419.0 [(548.0, 256.0), (471.0, 172.0), (553.0, 174.0), (273.0, 256.0), (737.0, 170.0)]
420.0 [(563.0, 256.0), (470.0, 172.0), (552.0, 174.0), (274.0, 256.0), (726.0, 170.0)]
421.0 [(578.0, 256.0), (469.0, 172.0), (551.0, 174.0), (275.0, 256.0), (715.0, 170.0)]
422.0 [(593.0, 256.0), (468.0, 172.0), (550.0, 174.0), (276.0, 256.0), (704.0, 170.0)]
423.0 [(608.0, 256.0), (467.0, 172.0), (549.0, 174.0), (277.0, 256.0), (693.0, 170.0)]
424.0 [(623.0, 256.0), (466.0, 172.0), (548.0, 174.0), (278.0, 256.0), (682.0, 170.0)]
425.0 [(638.0, 256.0), (465.0, 172.0), (547.0, 174.0), (279.0, 256.0), (671.0, 170.0)]
426.0 [(653.0, 256.0), (464.0, 172.0), (546.0, 174.0), (280.0, 256.0), (660.0, 170.0)]
427.0 [(668.0, 256.0), (463.0, 172.0), (545.0, 174.0), (281.0, 256.0), (659.0, 170.0)]
428.0 [(683.0, 256.0), (462.0, 172.0), (544.0, 174.0), (282.0, 256.0), (658.0, 170.0)]
429.0 [(698.0, 256.0), (461.0, 172.0), (543.0, 174.0), (283.0, 256.0), (657.0, 170.0)]
430.0 [(713.0, 256.0), (460.0, 172.0), (542.0, 174.0), (284.0, 256.0), (656.0, 170.0)]
431.0 [(728.0, 256.0), (459.0, 172.0), (541.0, 174.0), (285.0, 256.0), (655.0, 170.0)]
432.0 [(743.0, 256.0), (458.0, 172.0), (540.0, 174.0), (286.0, 256.0), (654.0, 170.0)]
433.0 [(758.0, 256.0), (457.0, 172.0), (539.0, 174.0), (287.0, 256.0), (653.0, 170.0)]
434.0 [(773.0, 256.0), (456.0, 172.0), (538.0, 174.0), (288.0, 256.0), (652.0, 170.0)]
435.0 [(788.0, 256.0), (455.0, 172.0), (537.0, 174.0), (289.0, 256.0), (651.0, 170.0)]
436.0 [(803.0, 256.0), (454.0, 172.0), (536.0, 174.0), (290.0, 256.0), (650.0, 170.0)]
437.0 [(818.0, 256.0), (453.0, 172.0), (535.0, 174.0), (291.0, 256.0), (649.0, 170.0)]
438.0 [(833.0, 256.0), (452.0, 172.0), (534.0, 174.0), (292.0, 256.0), (648.0, 170.0)]
439.0 [(848.0, 256.0), (451.0, 172.0), (533.0, 174.0), (293.0, 256.0), (647.0, 170.0)]
440.0 [(863.0, 256.0), (450.0, 172.0), (532.0, 174.0), (294.0, 256.0), (646.0, 170.0)]
441.0 [(878.0, 256.0), (449.0, 172.0), (531.0, 174.0), (295.0, 256.0)]
443.0 [(431.0, 172.0), (505.0, 174.0), (296.0, 256.0), (634.0, 170.0), ]
444.0 [(395.0, 172.0), (478.0, 174.0), (298.0, 256.0), (612.0, 170.0), (799.0, 174.0)]
445.0 [(377.0, 172.0), (452.0, 174.0), (299.0, 256.0), (601.0, 170.0), (773.0, 174.0)]
446.0 [(359.0, 172.0), (451.0, 174.0), (300.0, 256.0), (590.0, 170.0), (747.0, 174.0)]
447.0 [(341.0, 172.0), (425.0, 174.0), (301.0, 256.0), (579.0, 170.0), (721.0, 174.0)]
448.0 [(323.0, 172.0), (399.0, 174.0), (302.0, 256.0), (568.0, 170.0), (695.0, 174.0)]
449.0 [(305.0, 172.0), (398.0, 174.0), (303.0, 256.0), (557.0, 170.0), (669.0, 174.0)]
450.0 [(287.0, 172.0), (372.0, 174.0), (304.0, 256.0), (546.0, 170.0), (643.0, 174.0)]
451.0 [(269.0, 172.0), (346.0, 174.0), (305.0, 256.0), (535.0, 170.0), (617.0, 174.0)]
452.0 [(251.0, 172.0), (345.0, 174.0), (306.0, 256.0), (524.0, 170.0), (616.0, 174.0)]
453.0 [(233.0, 172.0), (319.0, 174.0), (307.0, 256.0), (513.0, 170.0), (590.0, 174.0)]
454.0 [(215.0, 172.0), (293.0, 174.0), (308.0, 256.0), (502.0, 170.0), (589.0, 174.0)]
455.0 [(197.0, 172.0), (267.0, 174.0), (309.0, 256.0), (491.0, 170.0), (563.0, 174.0)]
456.0 [(179.0, 172.0), (266.0, 174.0), (310.0, 256.0), (480.0, 170.0), (562.0, 174.0)]
457.0 [(161.0, 172.0), (240.0, 174.0), (311.0, 256.0), (469.0, 170.0), (561.0, 174.0)]
458.0 [(143.0, 172.0), (214.0, 174.0), (312.0, 256.0), (458.0, 170.0), (535.0, 174.0)]
459.0 [(125.0, 172.0), (213.0, 174.0), (313.0, 256.0), (447.0, 170.0), (534.0, 174.0)]
460.0 [(107.0, 172.0), (187.0, 174.0), (314.0, 256.0), (436.0, 170.0), (508.0, 174.0)]
461.0 [(161.0, 174.0), (330.0, 256.0), (425.0, 170.0), (507.0, 174.0)]
462.0 [(160.0, 174.0), (346.0, 256.0), (414.0, 170.0), (506.0, 174.0)]
463.0 [(134.0, 174.0), (362.0, 256.0), (403.0, 170.0), (480.0, 174.0)]
464.0 [(108.0, 174.0), (378.0, 256.0), (392.0, 170.0)]
465.0 [(394.0, 256.0), (391.0, 170.0), (478.0, 174.0)]
466.0 [(410.0, 256.0), (390.0, 170.0), (477.0, 174.0)]
467.0 [(426.0, 256.0), (389.0, 170.0), (476.0, 174.0)]
468.0 [(442.0, 256.0), (388.0, 170.0), (475.0, 174.0)]
469.0 [(458.0, 256.0), (387.0, 170.0), (474.0, 174.0)]
470.0 [(474.0, 256.0), (386.0, 170.0), (473.0, 174.0)]
473.0 [(490.0, 256.0), (385.0, 170.0), (472.0, 174.0), ]
474.0 [(538.0, 256.0), (382.0, 170.0), (469.0, 174.0), (266.0, 258.0), (820.0, 176.0)]
475.0 [(554.0, 256.0), (381.0, 170.0), (468.0, 174.0), (267.0, 258.0), (815.0, 176.0)]
476.0 [(570.0, 256.0), (380.0, 170.0), (467.0, 174.0), (268.0, 258.0), (810.0, 176.0)]
477.0 [(586.0, 256.0), (379.0, 170.0), (466.0, 174.0), (269.0, 258.0), (805.0, 176.0)]
478.0 [(602.0, 256.0), (378.0, 170.0), (465.0, 174.0), (270.0, 258.0), (800.0, 176.0)]
479.0 [(618.0, 256.0), (377.0, 170.0), (464.0, 174.0), (271.0, 258.0), (795.0, 176.0)]
480.0 [(634.0, 256.0), (376.0, 170.0), (463.0, 174.0), (272.0, 258.0), (790.0, 176.0)]
481.0 [(650.0, 256.0), (375.0, 170.0), (462.0, 174.0), (273.0, 258.0), (785.0, 176.0)]
482.0 [(666.0, 256.0), (374.0, 170.0), (461.0, 174.0), (274.0, 258.0), (780.0, 176.0)]
483.0 [(682.0, 256.0), (373.0, 170.0), (460.0, 174.0), (275.0, 258.0), (775.0, 176.0)]
484.0 [(698.0, 256.0), (372.0, 170.0), (459.0, 174.0), (276.0, 258.0), (770.0, 176.0)]
485.0 [(714.0, 256.0), (371.0, 170.0), (458.0, 174.0), (277.0, 258.0), (765.0, 176.0)]
486.0 [(730.0, 256.0), (370.0, 170.0), (457.0, 174.0), (278.0, 258.0), (760.0, 176.0)]
487.0 [(746.0, 256.0), (369.0, 170.0), (456.0, 174.0), (279.0, 258.0), (755.0, 176.0)]
488.0 [(762.0, 256.0), (368.0, 170.0), (455.0, 174.0), (280.0, 258.0), (754.0, 176.0)]
489.0 [(778.0, 256.0), (367.0, 170.0), (454.0, 174.0), (281.0, 258.0), (753.0, 176.0)]
490.0 [(794.0, 256.0), (366.0, 170.0), (453.0, 174.0), (282.0, 258.0), (752.0, 176.0)]
491.0 [(810.0, 256.0), (365.0, 170.0), (452.0, 174.0), (283.0, 258.0), (751.0, 176.0)]
492.0 [(826.0, 256.0), (364.0, 170.0), (451.0, 174.0), (284.0, 258.0), (750.0, 176.0)]
493.0 [(842.0, 256.0), (363.0, 170.0), (450.0, 174.0), (285.0, 258.0), (749.0, 176.0)]
494.0 [(858.0, 256.0), (362.0, 170.0), (449.0, 174.0), (286.0, 258.0), (748.0, 176.0)]
495.0 [(874.0, 256.0), (361.0, 170.0), (448.0, 174.0), (287.0, 258.0)]
496.0 [(350.0, 170.0), (422.0, 174.0), (288.0, 258.0), (742.0, 176.0)]
497.0 [(339.0, 170.0), (421.0, 174.0), (289.0, 258.0), (737.0, 176.0)]
498.0 [(328.0, 170.0), (420.0, 174.0), (290.0, 258.0), (732.0, 176.0)]
500.0 [(317.0, 170.0), (394.0, 174.0), (291.0, 258.0), (727.0, 176.0), ]
501.0 [(295.0, 170.0), (367.0, 174.0), (293.0, 258.0), (717.0, 176.0), (801.0, 178.0)]
502.0 [(284.0, 170.0), (366.0, 174.0), (294.0, 258.0), (712.0, 176.0), (800.0, 178.0)]
503.0 [(273.0, 170.0), (365.0, 174.0), (295.0, 258.0), (707.0, 176.0), (799.0, 178.0)]
504.0 [(262.0, 170.0), (339.0, 174.0), (296.0, 258.0), (702.0, 176.0), (775.0, 178.0)]
505.0 [(251.0, 170.0), (338.0, 174.0), (297.0, 258.0), (697.0, 176.0), (774.0, 178.0)]
506.0 [(240.0, 170.0), (312.0, 174.0), (298.0, 258.0), (692.0, 176.0), (773.0, 178.0)]
507.0 [(229.0, 170.0), (311.0, 174.0), (299.0, 258.0), (687.0, 176.0), (772.0, 178.0)]
508.0 [(218.0, 170.0), (310.0, 174.0), (300.0, 258.0), (682.0, 176.0), (771.0, 178.0)]
509.0 [(207.0, 170.0), (284.0, 174.0), (301.0, 258.0), (677.0, 176.0), (747.0, 178.0)]
510.0 [(196.0, 170.0), (283.0, 174.0), (302.0, 258.0), (672.0, 176.0), (746.0, 178.0)]
511.0 [(185.0, 170.0), (257.0, 174.0), (303.0, 258.0), (667.0, 176.0), (745.0, 178.0)]
512.0 [(174.0, 170.0), (256.0, 174.0), (304.0, 258.0), (662.0, 176.0), (744.0, 178.0)]
513.0 [(163.0, 170.0), (255.0, 174.0), (305.0, 258.0), (657.0, 176.0), (743.0, 178.0)]
514.0 [(152.0, 170.0), (229.0, 174.0), (306.0, 258.0), (652.0, 176.0), (742.0, 178.0)]
515.0 [(141.0, 170.0), (228.0, 174.0), (307.0, 258.0), (647.0, 176.0), (718.0, 178.0)]
516.0 [(130.0, 170.0), (202.0, 174.0), (308.0, 258.0), (642.0, 176.0), (717.0, 178.0)]
517.0 [(119.0, 170.0), (201.0, 174.0), (309.0, 258.0), (637.0, 176.0), (716.0, 178.0)]
518.0 [(108.0, 170.0), (200.0, 174.0), (310.0, 258.0), (632.0, 176.0), (715.0, 178.0)]
519.0 [(97.0, 170.0), (174.0, 174.0), (311.0, 258.0), (627.0, 176.0), (714.0, 178.0)]
520.0 [(173.0, 174.0), (312.0, 258.0), (622.0, 176.0), (713.0, 178.0)]
521.0 [(147.0, 174.0), (324.0, 258.0), (617.0, 176.0), (689.0, 178.0)]
522.0 [(146.0, 174.0), (336.0, 258.0), (612.0, 176.0), (688.0, 178.0)]
523.0 [(145.0, 174.0), (348.0, 258.0), (607.0, 176.0), (687.0, 178.0)]
524.0 [(119.0, 174.0), (360.0, 258.0), (602.0, 176.0), (686.0, 178.0)]
525.0 [(118.0, 174.0), (372.0, 258.0), (597.0, 176.0)]
526.0 [(384.0, 258.0), (592.0, 176.0), (684.0, 178.0)]
527.0 [(396.0, 258.0), (587.0, 176.0), (660.0, 178.0)]
530.0 [(408.0, 258.0), (582.0, 176.0), (659.0, 178.0), ]
531.0 [(444.0, 258.0), (567.0, 176.0), (656.0, 178.0), (266.0, 258.0), (796.0, 174.0)]
532.0 [(456.0, 258.0), (562.0, 176.0), (632.0, 178.0), (267.0, 258.0), (767.0, 174.0)]
533.0 [(468.0, 258.0), (557.0, 176.0), (631.0, 178.0), (268.0, 258.0), (738.0, 174.0)]
534.0 [(480.0, 258.0), (552.0, 176.0), (630.0, 178.0), (269.0, 258.0), (709.0, 174.0)]
535.0 [(492.0, 258.0), (547.0, 176.0), (629.0, 178.0), (270.0, 258.0), (708.0, 174.0)]
536.0 [(504.0, 258.0), (542.0, 176.0), (628.0, 178.0), (271.0, 258.0), (707.0, 174.0)]
537.0 [(516.0, 258.0), (537.0, 176.0), (627.0, 178.0), (272.0, 258.0), (706.0, 174.0)]
538.0 [(528.0, 258.0), (536.0, 176.0), (626.0, 178.0), (273.0, 258.0), (705.0, 174.0)]
539.0 [(540.0, 258.0), (535.0, 176.0), (625.0, 178.0), (274.0, 258.0), (704.0, 174.0)]
540.0 [(552.0, 258.0), (534.0, 176.0), (624.0, 178.0), (275.0, 258.0), (703.0, 174.0)]
541.0 [(564.0, 258.0), (533.0, 176.0), (623.0, 178.0), (276.0, 258.0), (702.0, 174.0)]
542.0 [(576.0, 258.0), (532.0, 176.0), (622.0, 178.0), (277.0, 258.0), (701.0, 174.0)]
543.0 [(588.0, 258.0), (531.0, 176.0), (621.0, 178.0), (278.0, 258.0), (700.0, 174.0)]
544.0 [(600.0, 258.0), (530.0, 176.0), (620.0, 178.0), (279.0, 258.0), (699.0, 174.0)]
545.0 [(612.0, 258.0), (529.0, 176.0), (619.0, 178.0), (280.0, 258.0), (698.0, 174.0)]
546.0 [(624.0, 258.0), (528.0, 176.0), (618.0, 178.0), (281.0, 258.0), (697.0, 174.0)]
547.0 [(636.0, 258.0), (527.0, 176.0), (617.0, 178.0), (282.0, 258.0), (696.0, 174.0)]
548.0 [(648.0, 258.0), (526.0, 176.0), (616.0, 178.0), (283.0, 258.0), (695.0, 174.0)]
549.0 [(660.0, 258.0), (525.0, 176.0), (615.0, 178.0), (284.0, 258.0), (694.0, 174.0)]
550.0 [(672.0, 258.0), (524.0, 176.0), (614.0, 178.0), (285.0, 258.0), (693.0, 174.0)]
551.0 [(684.0, 258.0), (523.0, 176.0), (613.0, 178.0), (286.0, 258.0), (692.0, 174.0)]
552.0 [(696.0, 258.0), (522.0, 176.0), (612.0, 178.0), (287.0, 258.0), (691.0, 174.0)]
553.0 [(708.0, 258.0), (521.0, 176.0), (611.0, 178.0), (288.0, 258.0), (690.0, 174.0)]
554.0 [(720.0, 258.0), (520.0, 176.0), (610.0, 178.0), (289.0, 258.0), (689.0, 174.0)]
555.0 [(732.0, 258.0), (519.0, 176.0), (609.0, 178.0), (290.0, 258.0), (688.0, 174.0)]
556.0 [(744.0, 258.0), (518.0, 176.0), (608.0, 178.0), (291.0, 258.0), (687.0, 174.0)]
557.0 [(756.0, 258.0), (517.0, 176.0), (607.0, 178.0), (292.0, 258.0), (686.0, 174.0)]
558.0 [(768.0, 258.0), (516.0, 176.0), (606.0, 178.0), (293.0, 258.0), (685.0, 174.0)]
559.0 [(780.0, 258.0), (515.0, 176.0), (605.0, 178.0), (294.0, 258.0), (684.0, 174.0)]
560.0 [(792.0, 258.0), (514.0, 176.0), (604.0, 178.0), (295.0, 258.0), (683.0, 174.0)]
561.0 [(804.0, 258.0), (513.0, 176.0), (603.0, 178.0), (296.0, 258.0), (682.0, 174.0)]
562.0 [(816.0, 258.0), (512.0, 176.0), (602.0, 178.0), (297.0, 258.0), (681.0, 174.0)]
563.0 [(828.0, 258.0), (511.0, 176.0), (601.0, 178.0), (298.0, 258.0), (680.0, 174.0)]
564.0 [(840.0, 258.0), (510.0, 176.0), (600.0, 178.0), (299.0, 258.0), (679.0, 174.0)]
565.0 [(852.0, 258.0), (509.0, 176.0), (599.0, 178.0), (300.0, 258.0), (678.0, 174.0)]
566.0 [(864.0, 258.0), (508.0, 176.0), (598.0, 178.0), (301.0, 258.0), (677.0, 174.0)]
567.0 [(876.0, 258.0), (507.0, 176.0), (597.0, 178.0), (302.0, 258.0), (676.0, 174.0)]
568.0 [(888.0, 258.0), (506.0, 176.0), (596.0, 178.0), (303.0, 258.0)]
570.0 [(501.0, 176.0), (572.0, 178.0), (304.0, 258.0), (646.0, 174.0), ]
571.0 [(491.0, 176.0), (570.0, 178.0), (306.0, 258.0), (644.0, 174.0), (799.0, 170.0)]
572.0 [(486.0, 176.0), (569.0, 178.0), (307.0, 258.0), (643.0, 174.0), (773.0, 170.0)]
573.0 [(481.0, 176.0), (568.0, 178.0), (308.0, 258.0), (642.0, 174.0), (747.0, 170.0)]
574.0 [(476.0, 176.0), (567.0, 178.0), (309.0, 258.0), (641.0, 174.0), (721.0, 170.0)]
575.0 [(471.0, 176.0), (543.0, 178.0), (310.0, 258.0), (640.0, 174.0), (720.0, 170.0)]
576.0 [(466.0, 176.0), (542.0, 178.0), (311.0, 258.0), (639.0, 174.0), (719.0, 170.0)]
577.0 [(461.0, 176.0), (541.0, 178.0), (312.0, 258.0), (638.0, 174.0), (718.0, 170.0)]
578.0 [(456.0, 176.0), (540.0, 178.0), (313.0, 258.0), (637.0, 174.0), (717.0, 170.0)]
579.0 [(451.0, 176.0), (539.0, 178.0), (314.0, 258.0), (636.0, 174.0), (716.0, 170.0)]
580.0 [(446.0, 176.0), (538.0, 178.0), (315.0, 258.0), (635.0, 174.0), (715.0, 170.0)]
581.0 [(441.0, 176.0), (514.0, 178.0), (316.0, 258.0), (606.0, 174.0), (689.0, 170.0)]
582.0 [(436.0, 176.0), (513.0, 178.0), (317.0, 258.0), (605.0, 174.0), (688.0, 170.0)]
583.0 [(431.0, 176.0), (512.0, 178.0), (318.0, 258.0), (604.0, 174.0), (687.0, 170.0)]
584.0 [(426.0, 176.0), (511.0, 178.0), (319.0, 258.0), (603.0, 174.0), (686.0, 170.0)]
585.0 [(421.0, 176.0), (510.0, 178.0), (320.0, 258.0), (602.0, 174.0), (685.0, 170.0)]
586.0 [(416.0, 176.0), (486.0, 178.0), (321.0, 258.0), (573.0, 174.0), (659.0, 170.0)]
587.0 [(411.0, 176.0), (485.0, 178.0), (322.0, 258.0), (572.0, 174.0), (658.0, 170.0)]
588.0 [(406.0, 176.0), (484.0, 178.0), (323.0, 258.0), (571.0, 174.0), (657.0, 170.0)]
589.0 [(401.0, 176.0), (483.0, 178.0), (324.0, 258.0), (570.0, 174.0), (656.0, 170.0)]
590.0 [(396.0, 176.0), (482.0, 178.0), (325.0, 258.0), (569.0, 174.0), (655.0, 170.0)]
591.0 [(391.0, 176.0), (481.0, 178.0), (326.0, 258.0), (568.0, 174.0), (654.0, 170.0)]
592.0 [(386.0, 176.0), (457.0, 178.0), (327.0, 258.0), (539.0, 174.0), (628.0, 170.0)]
593.0 [(381.0, 176.0), (456.0, 178.0), (328.0, 258.0), (538.0, 174.0), (627.0, 170.0)]
594.0 [(376.0, 176.0), (455.0, 178.0), (329.0, 258.0), (537.0, 174.0), (626.0, 170.0)]
595.0 [(371.0, 176.0), (454.0, 178.0), (330.0, 258.0), (536.0, 174.0), (625.0, 170.0)]
596.0 [(366.0, 176.0), (453.0, 178.0), (331.0, 258.0), (535.0, 174.0), (624.0, 170.0)]
597.0 [(361.0, 176.0), (452.0, 178.0), (332.0, 258.0), (534.0, 174.0), (623.0, 170.0)]
598.0 [(356.0, 176.0), (428.0, 178.0), (333.0, 258.0), (505.0, 174.0), (597.0, 170.0)]
599.0 [(351.0, 176.0), (427.0, 178.0), (334.0, 258.0), (504.0, 174.0), (596.0, 170.0)]
600.0 [(346.0, 176.0), (426.0, 178.0), (335.0, 258.0), (503.0, 174.0), (595.0, 170.0)]
601.0 [(341.0, 176.0), (425.0, 178.0), (336.0, 258.0), (502.0, 174.0), (594.0, 170.0)]
602.0 [(336.0, 176.0), (424.0, 178.0), (337.0, 258.0), (501.0, 174.0), (593.0, 170.0)]
603.0 [(331.0, 176.0), (423.0, 178.0), (338.0, 258.0), (500.0, 174.0), (592.0, 170.0)]
604.0 [(326.0, 176.0), (399.0, 178.0), (339.0, 258.0), (471.0, 174.0), (566.0, 170.0)]
605.0 [(321.0, 176.0), (398.0, 178.0), (340.0, 258.0), (470.0, 174.0), (540.0, 170.0)]
606.0 [(316.0, 176.0), (397.0, 178.0), (341.0, 258.0), (469.0, 174.0), (539.0, 170.0)]
607.0 [(311.0, 176.0), (396.0, 178.0), (342.0, 258.0), (468.0, 174.0), (538.0, 170.0)]
608.0 [(306.0, 176.0), (395.0, 178.0), (343.0, 258.0), (467.0, 174.0), (537.0, 170.0)]
609.0 [(301.0, 176.0), (371.0, 178.0), (344.0, 258.0), (466.0, 174.0), (536.0, 170.0)]
610.0 [(296.0, 176.0), (370.0, 178.0), (345.0, 258.0), (465.0, 174.0), (535.0, 170.0)]
611.0 [(291.0, 176.0), (369.0, 178.0), (346.0, 258.0), (464.0, 174.0), (534.0, 170.0)]
612.0 [(286.0, 176.0), (368.0, 178.0), (347.0, 258.0), (463.0, 174.0), (533.0, 170.0)]
613.0 [(281.0, 176.0), (367.0, 178.0), (348.0, 258.0), (462.0, 174.0), (532.0, 170.0)]
614.0 [(276.0, 176.0), (366.0, 178.0), (349.0, 258.0), (461.0, 174.0), (531.0, 170.0)]
615.0 [(271.0, 176.0), (342.0, 178.0), (350.0, 258.0), (432.0, 174.0), (505.0, 170.0)]
616.0 [(266.0, 176.0), (341.0, 178.0), (351.0, 258.0), (431.0, 174.0), (504.0, 170.0)]
617.0 [(261.0, 176.0), (340.0, 178.0), (352.0, 258.0), (430.0, 174.0), (503.0, 170.0)]
618.0 [(256.0, 176.0), (339.0, 178.0), (353.0, 258.0), (429.0, 174.0), (502.0, 170.0)]
619.0 [(251.0, 176.0), (338.0, 178.0), (354.0, 258.0), (428.0, 174.0), (501.0, 170.0)]
620.0 [(246.0, 176.0), (337.0, 178.0), (355.0, 258.0), (427.0, 174.0), (500.0, 170.0)]
621.0 [(241.0, 176.0), (313.0, 178.0), (356.0, 258.0), (398.0, 174.0), (474.0, 170.0)]
622.0 [(236.0, 176.0), (312.0, 178.0), (357.0, 258.0), (397.0, 174.0), (473.0, 170.0)]
623.0 [(231.0, 176.0), (311.0, 178.0), (358.0, 258.0), (396.0, 174.0), (472.0, 170.0)]
624.0 [(226.0, 176.0), (310.0, 178.0), (359.0, 258.0), (395.0, 174.0), (471.0, 170.0)]
625.0 [(221.0, 176.0), (309.0, 178.0), (360.0, 258.0), (394.0, 174.0), (470.0, 170.0)]
626.0 [(216.0, 176.0), (308.0, 178.0), (361.0, 258.0), (393.0, 174.0), (469.0, 170.0)]
627.0 [(211.0, 176.0), (284.0, 178.0), (362.0, 258.0), (392.0, 174.0), (468.0, 170.0)]
628.0 [(206.0, 176.0), (283.0, 178.0), (363.0, 258.0), (391.0, 174.0), (467.0, 170.0)]
629.0 [(201.0, 176.0), (282.0, 178.0), (364.0, 258.0), (390.0, 174.0), (466.0, 170.0)]
630.0 [(196.0, 176.0), (281.0, 178.0), (365.0, 258.0), (389.0, 174.0), (465.0, 170.0)]
631.0 [(191.0, 176.0), (280.0, 178.0), (366.0, 258.0), (388.0, 174.0), (464.0, 170.0)]
632.0 [(186.0, 176.0), (256.0, 178.0), (367.0, 258.0), (387.0, 174.0), (463.0, 170.0)]
633.0 [(181.0, 176.0), (255.0, 178.0), (368.0, 258.0), (386.0, 174.0), (462.0, 170.0)]
634.0 [(176.0, 176.0), (254.0, 178.0), (369.0, 258.0), (385.0, 174.0), (461.0, 170.0)]
635.0 [(171.0, 176.0), (253.0, 178.0), (370.0, 258.0), (384.0, 174.0), (460.0, 170.0)]
636.0 [(166.0, 176.0), (252.0, 178.0), (371.0, 258.0), (383.0, 174.0), (459.0, 170.0)]
637.0 [(161.0, 176.0), (251.0, 178.0), (372.0, 258.0), (382.0, 174.0), (458.0, 170.0)]
638.0 [(156.0, 176.0), (227.0, 178.0), (373.0, 258.0), (381.0, 174.0), (457.0, 170.0)]
639.0 [(151.0, 176.0), (226.0, 178.0), (374.0, 258.0), (380.0, 174.0), (456.0, 170.0)]
640.0 [(146.0, 176.0), (225.0, 178.0), (375.0, 258.0), (379.0, 174.0), (455.0, 170.0)]
641.0 [(141.0, 176.0), (224.0, 178.0), (376.0, 258.0), (378.0, 174.0), (454.0, 170.0)]
642.0 [(136.0, 176.0), (223.0, 178.0), (377.0, 258.0), (377.0, 174.0), (453.0, 170.0)]
643.0 [(131.0, 176.0), (222.0, 178.0), (378.0, 258.0), (376.0, 174.0), (452.0, 170.0)]
644.0 [(126.0, 176.0), (198.0, 178.0), (403.0, 258.0), (375.0, 174.0), (451.0, 170.0)]
645.0 [(121.0, 176.0), (197.0, 178.0), (428.0, 258.0), (374.0, 174.0), (450.0, 170.0)]
646.0 [(116.0, 176.0), (196.0, 178.0), (453.0, 258.0), (373.0, 174.0), (449.0, 170.0)]
647.0 [(111.0, 176.0), (195.0, 178.0), (478.0, 258.0), (372.0, 174.0), (448.0, 170.0)]
648.0 [(106.0, 176.0), (194.0, 178.0), (503.0, 258.0), (371.0, 174.0), (447.0, 170.0)]
649.0 [(101.0, 176.0), (193.0, 178.0), (528.0, 258.0), (370.0, 174.0), (446.0, 170.0)]
650.0 [(96.0, 176.0), (169.0, 178.0), (553.0, 258.0), (369.0, 174.0), (445.0, 170.0)]
651.0 [(168.0, 178.0), (578.0, 258.0), (368.0, 174.0), (444.0, 170.0)]
652.0 [(167.0, 178.0), (603.0, 258.0), (367.0, 174.0), (443.0, 170.0)]
653.0 [(166.0, 178.0), (628.0, 258.0), (366.0, 174.0), (442.0, 170.0)]
654.0 [(165.0, 178.0), (653.0, 258.0), (365.0, 174.0), (441.0, 170.0)]
655.0 [(141.0, 178.0), (678.0, 258.0), (364.0, 174.0), (440.0, 170.0)]
656.0 [(140.0, 178.0), (703.0, 258.0), (363.0, 174.0), (439.0, 170.0)]
657.0 [(139.0, 178.0), (728.0, 258.0), (362.0, 174.0), (438.0, 170.0)]
658.0 [(138.0, 178.0), (753.0, 258.0), (361.0, 174.0), (437.0, 170.0)]
659.0 [(137.0, 178.0), (778.0, 258.0), (360.0, 174.0), (436.0, 170.0)]
660.0 [(136.0, 178.0), (803.0, 258.0), (359.0, 174.0), (435.0, 170.0)]
661.0 [(112.0, 178.0), (828.0, 258.0), (358.0, 174.0), (434.0, 170.0)]
662.0 [(111.0, 178.0), (853.0, 258.0), (357.0, 174.0), (433.0, 170.0)]
663.0 [(110.0, 178.0), (878.0, 258.0), (356.0, 174.0)]
666.0 [(109.0, 178.0), (903.0, 258.0), (355.0, 174.0), (431.0, 170.0)]
667.0 [(296.0, 174.0), (378.0, 170.0), (266.0, 256.0), (797.0, 176.0)]
668.0 [(267.0, 174.0), (352.0, 170.0), (267.0, 256.0), (769.0, 176.0)]
669.0 [(238.0, 174.0), (326.0, 170.0), (268.0, 256.0), (741.0, 176.0)]
670.0 [(209.0, 174.0), (300.0, 170.0), (269.0, 256.0), (713.0, 176.0)]
671.0 [(180.0, 174.0), (274.0, 170.0), (270.0, 256.0), (685.0, 176.0)]
672.0 [(151.0, 174.0), (248.0, 170.0), (271.0, 256.0), (657.0, 176.0)]
673.0 [(122.0, 174.0), (222.0, 170.0), (272.0, 256.0), (629.0, 176.0)]
674.0 [(93.0, 174.0), (196.0, 170.0), (273.0, 256.0), (601.0, 176.0)]
675.0 [(170.0, 170.0), (274.0, 256.0), (573.0, 176.0)]
676.0 [(144.0, 170.0), (275.0, 256.0)]
677.0 [(118.0, 170.0), (298.0, 256.0), (517.0, 176.0)]
678.0 [(321.0, 256.0), (489.0, 176.0)]
679.0 [(344.0, 256.0), (461.0, 176.0)]
680.0 [(367.0, 256.0)]
682.0 [(390.0, 256.0), (405.0, 176.0), ]
683.0 [(436.0, 256.0), (403.0, 176.0), (265.0, 258.0)]
684.0 [(459.0, 256.0), (402.0, 176.0), (266.0, 258.0)]
685.0 [(482.0, 256.0), (401.0, 176.0), (267.0, 258.0)]
686.0 [(505.0, 256.0), (400.0, 176.0), (268.0, 258.0)]
687.0 [(528.0, 256.0), (399.0, 176.0), (269.0, 258.0)]
688.0 [(551.0, 256.0), (398.0, 176.0), (270.0, 258.0)]
689.0 [(574.0, 256.0), (397.0, 176.0), (271.0, 258.0)]
690.0 [(597.0, 256.0), (396.0, 176.0), (272.0, 258.0)]
691.0 [(620.0, 256.0), (395.0, 176.0), (273.0, 258.0)]
692.0 [(643.0, 256.0), (394.0, 176.0), (274.0, 258.0)]
693.0 [(666.0, 256.0), (393.0, 176.0), (275.0, 258.0)]
694.0 [(689.0, 256.0), (392.0, 176.0), (276.0, 258.0)]
695.0 [(712.0, 256.0), (391.0, 176.0), (277.0, 258.0)]
696.0 [(735.0, 256.0), (390.0, 176.0), (278.0, 258.0)]
697.0 [(758.0, 256.0), (389.0, 176.0), (279.0, 258.0)]
698.0 [(781.0, 256.0), (388.0, 176.0), (280.0, 258.0)]
699.0 [(804.0, 256.0), (387.0, 176.0), (281.0, 258.0)]
700.0 [(827.0, 256.0), (386.0, 176.0), (282.0, 258.0)]
701.0 [(850.0, 256.0), (385.0, 176.0), (283.0, 258.0)]
702.0 [(873.0, 256.0), (384.0, 176.0)]
703.0 [(356.0, 176.0), (285.0, 258.0)]
704.0 [(328.0, 176.0), (286.0, 258.0)]
705.0 [(300.0, 176.0), (287.0, 258.0)]
706.0 [(272.0, 176.0), (288.0, 258.0)]
707.0 [(244.0, 176.0), (289.0, 258.0)]
708.0 [(216.0, 176.0), (290.0, 258.0)]
709.0 [(188.0, 176.0), (291.0, 258.0)]
710.0 [(160.0, 176.0), (292.0, 258.0)]
711.0 [(132.0, 176.0), (297.0, 258.0)]
712.0 [(104.0, 176.0), (302.0, 258.0)]
713.0 [(307.0, 258.0)]
714.0 []
715.0 [(317.0, 258.0)]
716.0 [(322.0, 258.0)]
717.0 [(327.0, 258.0)]
718.0 [(332.0, 258.0)]
719.0 [(337.0, 258.0)]
720.0 [(342.0, 258.0)]
721.0 [(347.0, 258.0)]
722.0 [(352.0, 258.0)]
723.0 [(357.0, 258.0)]
724.0 [(362.0, 258.0)]
725.0 [(367.0, 258.0)]
726.0 [(372.0, 258.0)]
727.0 [(377.0, 258.0)]
728.0 [(382.0, 258.0)]
729.0 [(387.0, 258.0)]
730.0 [(392.0, 258.0)]
731.0 [(397.0, 258.0)]
733.0 [(402.0, 258.0), ]
734.0 [(412.0, 258.0), (265.0, 254.0)]
735.0 [(417.0, 258.0), (266.0, 254.0)]
736.0 [(422.0, 258.0), (267.0, 254.0)]
737.0 [(427.0, 258.0), (268.0, 254.0)]
738.0 [(432.0, 258.0), (269.0, 254.0)]
739.0 [(437.0, 258.0), (270.0, 254.0)]
740.0 [(442.0, 258.0), (271.0, 254.0)]
741.0 [(447.0, 258.0), (272.0, 254.0)]
742.0 [(452.0, 258.0), (273.0, 254.0)]
743.0 [(457.0, 258.0), (274.0, 254.0)]
744.0 [(462.0, 258.0), (275.0, 254.0)]
745.0 [(467.0, 258.0), (276.0, 254.0)]
746.0 [(472.0, 258.0), (277.0, 254.0)]
747.0 [(477.0, 258.0), (278.0, 254.0)]
748.0 [(482.0, 258.0), (279.0, 254.0)]
749.0 [(487.0, 258.0), (280.0, 254.0)]
750.0 [(492.0, 258.0), (281.0, 254.0)]
751.0 [(497.0, 258.0), (282.0, 254.0)]
752.0 [(502.0, 258.0), (283.0, 254.0)]
753.0 [(507.0, 258.0), (284.0, 254.0)]
754.0 [(512.0, 258.0), (285.0, 254.0)]
755.0 [(517.0, 258.0), (286.0, 254.0)]
756.0 [(522.0, 258.0), (287.0, 254.0)]
757.0 [(527.0, 258.0), (288.0, 254.0)]
758.0 [(532.0, 258.0), (289.0, 254.0)]
759.0 [(537.0, 258.0), (290.0, 254.0)]
760.0 [(542.0, 258.0), (291.0, 254.0)]
761.0 [(547.0, 258.0), (292.0, 254.0)]
762.0 [(552.0, 258.0), (293.0, 254.0)]
763.0 [(557.0, 258.0), (294.0, 254.0)]
764.0 [(562.0, 258.0), (295.0, 254.0)]
765.0 [(567.0, 258.0), (296.0, 254.0)]
766.0 [(572.0, 258.0), (297.0, 254.0)]
767.0 [(577.0, 258.0), (298.0, 254.0)]
768.0 [(582.0, 258.0), (299.0, 254.0)]
769.0 [(587.0, 258.0), (300.0, 254.0)]
770.0 [(592.0, 258.0), (301.0, 254.0)]
771.0 [(597.0, 258.0), (302.0, 254.0)]
772.0 [(602.0, 258.0), (303.0, 254.0)]
773.0 [(607.0, 258.0), (304.0, 254.0)]
774.0 [(612.0, 258.0), (305.0, 254.0)]
775.0 [(617.0, 258.0), (306.0, 254.0)]
776.0 [(622.0, 258.0), (307.0, 254.0)]
777.0 [(627.0, 258.0), (308.0, 254.0)]
778.0 [(632.0, 258.0), (309.0, 254.0)]
779.0 [(637.0, 258.0), (310.0, 254.0)]
780.0 [(642.0, 258.0), (311.0, 254.0)]
781.0 [(647.0, 258.0), (312.0, 254.0)]
782.0 [(652.0, 258.0), (313.0, 254.0)]
783.0 [(657.0, 258.0), (314.0, 254.0)]
784.0 [(662.0, 258.0), (315.0, 254.0)]
785.0 [(667.0, 258.0), (316.0, 254.0)]
786.0 [(672.0, 258.0), (317.0, 254.0)]
787.0 [(677.0, 258.0), (318.0, 254.0)]
788.0 [(682.0, 258.0), (319.0, 254.0)]
789.0 [(687.0, 258.0), (320.0, 254.0)]
790.0 [(692.0, 258.0), (321.0, 254.0)]
791.0 [(697.0, 258.0), (322.0, 254.0)]
792.0 [(702.0, 258.0), (323.0, 254.0)]
793.0 [(707.0, 258.0), (324.0, 254.0)]
794.0 [(712.0, 258.0), (325.0, 254.0)]
795.0 [(717.0, 258.0), (326.0, 254.0)]
796.0 [(722.0, 258.0), (327.0, 254.0)]
797.0 [(727.0, 258.0), (328.0, 254.0)]
798.0 [(732.0, 258.0), (329.0, 254.0)]
799.0 [(737.0, 258.0), (330.0, 254.0)]
800.0 [(742.0, 258.0), (331.0, 254.0)]
801.0 [(747.0, 258.0), (332.0, 254.0)]
802.0 [(752.0, 258.0), (333.0, 254.0)]
803.0 [(757.0, 258.0), (334.0, 254.0)]
804.0 [(762.0, 258.0), (335.0, 254.0)]
805.0 [(767.0, 258.0), (336.0, 254.0)]
806.0 [(772.0, 258.0), (337.0, 254.0)]
807.0 [(777.0, 258.0), (338.0, 254.0)]
808.0 [(782.0, 258.0), (339.0, 254.0)]
809.0 [(787.0, 258.0), (340.0, 254.0)]
810.0 [(792.0, 258.0), (341.0, 254.0)]
811.0 [(797.0, 258.0), (342.0, 254.0)]
812.0 [(802.0, 258.0), (343.0, 254.0)]
813.0 [(807.0, 258.0), (344.0, 254.0)]
814.0 [(812.0, 258.0), (345.0, 254.0)]
815.0 [(817.0, 258.0), (346.0, 254.0)]
816.0 [(822.0, 258.0), (347.0, 254.0)]
817.0 [(827.0, 258.0), (348.0, 254.0)]
818.0 [(832.0, 258.0), (349.0, 254.0)]
819.0 [(837.0, 258.0), (350.0, 254.0)]
820.0 [(842.0, 258.0), (351.0, 254.0)]
821.0 [(847.0, 258.0), (352.0, 254.0)]
822.0 [(852.0, 258.0), (353.0, 254.0)]
823.0 [(857.0, 258.0), (354.0, 254.0)]
824.0 [(862.0, 258.0), (355.0, 254.0)]
825.0 [(867.0, 258.0), (356.0, 254.0)]
826.0 [(872.0, 258.0), (357.0, 254.0)]
827.0 [(877.0, 258.0), (358.0, 254.0)]
828.0 [(882.0, 258.0), (359.0, 254.0)]
829.0 [(887.0, 258.0)]
830.0 [(388.0, 254.0)]
833.0 [(416.0, 254.0), ]
834.0 [(500.0, 254.0), (266.0, 254.0), (798.0, 170.0)]
835.0 [(528.0, 254.0), (267.0, 254.0), (771.0, 170.0)]
836.0 [(556.0, 254.0), (268.0, 254.0), (744.0, 170.0)]
837.0 [(584.0, 254.0), (269.0, 254.0), (717.0, 170.0)]
838.0 [(612.0, 254.0), (270.0, 254.0), (690.0, 170.0)]
839.0 [(640.0, 254.0), (271.0, 254.0), (663.0, 170.0)]
840.0 [(668.0, 254.0), (272.0, 254.0), (662.0, 170.0)]
841.0 [(696.0, 254.0), (273.0, 254.0), (661.0, 170.0)]
842.0 [(724.0, 254.0), (274.0, 254.0), (660.0, 170.0)]
843.0 [(752.0, 254.0), (275.0, 254.0), (659.0, 170.0)]
844.0 [(780.0, 254.0), (276.0, 254.0), (658.0, 170.0)]
845.0 [(808.0, 254.0), (277.0, 254.0), (657.0, 170.0)]
846.0 [(836.0, 254.0), (278.0, 254.0), (656.0, 170.0)]
847.0 [(864.0, 254.0), (279.0, 254.0)]
848.0 [(301.0, 254.0), (628.0, 170.0)]
849.0 [(323.0, 254.0), (601.0, 170.0)]
850.0 [(345.0, 254.0), (574.0, 170.0)]
851.0 [(367.0, 254.0), (547.0, 170.0)]
854.0 [(389.0, 254.0), (520.0, 170.0), ]
855.0 [(455.0, 254.0), (465.0, 170.0), (266.0, 258.0), (816.0, 174.0)]
856.0 [(477.0, 254.0), (464.0, 170.0), (267.0, 258.0), (807.0, 174.0)]
857.0 [(499.0, 254.0), (463.0, 170.0), (268.0, 258.0), (798.0, 174.0)]
858.0 [(521.0, 254.0), (462.0, 170.0), (269.0, 258.0), (789.0, 174.0)]
859.0 [(543.0, 254.0), (461.0, 170.0), (270.0, 258.0), (780.0, 174.0)]
860.0 [(565.0, 254.0), (460.0, 170.0), (271.0, 258.0), (771.0, 174.0)]
861.0 [(587.0, 254.0), (459.0, 170.0), (272.0, 258.0), (762.0, 174.0)]
862.0 [(609.0, 254.0), (458.0, 170.0), (273.0, 258.0), (753.0, 174.0)]
863.0 [(631.0, 254.0), (457.0, 170.0), (274.0, 258.0), (744.0, 174.0)]
864.0 [(653.0, 254.0), (456.0, 170.0), (275.0, 258.0), (735.0, 174.0)]
866.0 [(675.0, 254.0), (455.0, 170.0), (276.0, 258.0), (726.0, 174.0), ]
867.0 [(719.0, 254.0), (453.0, 170.0), (278.0, 258.0), (716.0, 174.0), (800.0, 170.0)]
868.0 [(741.0, 254.0), (452.0, 170.0), (279.0, 258.0), (715.0, 174.0), (799.0, 170.0)]
869.0 [(763.0, 254.0), (451.0, 170.0), (280.0, 258.0), (714.0, 174.0), (798.0, 170.0)]
870.0 [(785.0, 254.0), (450.0, 170.0), (281.0, 258.0), (713.0, 174.0), (797.0, 170.0)]
871.0 [(807.0, 254.0), (449.0, 170.0), (282.0, 258.0), (712.0, 174.0), (796.0, 170.0)]
872.0 [(829.0, 254.0), (448.0, 170.0), (283.0, 258.0), (711.0, 174.0), (795.0, 170.0)]
873.0 [(851.0, 254.0), (447.0, 170.0), (284.0, 258.0), (710.0, 174.0), (794.0, 170.0)]
874.0 [(873.0, 254.0), (446.0, 170.0), (285.0, 258.0), (709.0, 174.0)]
875.0 [(419.0, 170.0), (286.0, 258.0), (700.0, 174.0), (792.0, 170.0)]
876.0 [(392.0, 170.0), (287.0, 258.0), (691.0, 174.0), (767.0, 170.0)]
877.0 [(365.0, 170.0), (288.0, 258.0), (682.0, 174.0), (766.0, 170.0)]
878.0 [(338.0, 170.0), (289.0, 258.0), (673.0, 174.0), (765.0, 170.0)]
879.0 [(311.0, 170.0), (290.0, 258.0), (664.0, 174.0), (740.0, 170.0)]
880.0 [(284.0, 170.0), (291.0, 258.0), (655.0, 174.0), (739.0, 170.0)]
881.0 [(257.0, 170.0), (292.0, 258.0), (646.0, 174.0), (738.0, 170.0)]
882.0 [(230.0, 170.0), (293.0, 258.0), (637.0, 174.0), (713.0, 170.0)]
883.0 [(203.0, 170.0), (294.0, 258.0), (628.0, 174.0), (712.0, 170.0)]
884.0 [(176.0, 170.0), (295.0, 258.0), (619.0, 174.0), (711.0, 170.0)]
885.0 [(149.0, 170.0), (296.0, 258.0), (610.0, 174.0), (686.0, 170.0)]
886.0 [(122.0, 170.0), (317.0, 258.0), (601.0, 174.0), (685.0, 170.0)]
887.0 [(95.0, 170.0), (338.0, 258.0), (592.0, 174.0), (684.0, 170.0)]
888.0 [(359.0, 258.0), (583.0, 174.0), (659.0, 170.0)]
891.0 [(380.0, 258.0), (574.0, 174.0), (658.0, 170.0), ]
892.0 [(443.0, 258.0), (547.0, 174.0), (631.0, 170.0), (266.0, 258.0), (801.0, 172.0)]
893.0 [(464.0, 258.0), (538.0, 174.0), (630.0, 170.0), (267.0, 258.0), (777.0, 172.0)]
894.0 [(485.0, 258.0), (529.0, 174.0), (605.0, 170.0), (268.0, 258.0), (753.0, 172.0)]
895.0 [(506.0, 258.0), (520.0, 174.0), (604.0, 170.0), (269.0, 258.0), (729.0, 172.0)]
896.0 [(527.0, 258.0), (519.0, 174.0), (603.0, 170.0), (270.0, 258.0), (705.0, 172.0)]
897.0 [(548.0, 258.0), (518.0, 174.0), (602.0, 170.0), (271.0, 258.0), (681.0, 172.0)]
898.0 [(569.0, 258.0), (517.0, 174.0), (601.0, 170.0), (272.0, 258.0), (680.0, 172.0)]
899.0 [(590.0, 258.0), (516.0, 174.0), (600.0, 170.0), (273.0, 258.0), (679.0, 172.0)]
900.0 [(611.0, 258.0), (515.0, 174.0), (599.0, 170.0), (274.0, 258.0), (678.0, 172.0)]
901.0 [(632.0, 258.0), (514.0, 174.0), (598.0, 170.0), (275.0, 258.0), (677.0, 172.0)]
902.0 [(653.0, 258.0), (513.0, 174.0), (597.0, 170.0), (276.0, 258.0), (676.0, 172.0)]
903.0 [(674.0, 258.0), (512.0, 174.0), (596.0, 170.0), (277.0, 258.0), (675.0, 172.0)]
904.0 [(695.0, 258.0), (511.0, 174.0), (595.0, 170.0), (278.0, 258.0), (674.0, 172.0)]
905.0 [(716.0, 258.0), (510.0, 174.0), (594.0, 170.0), (279.0, 258.0), (673.0, 172.0)]
906.0 [(737.0, 258.0), (509.0, 174.0), (593.0, 170.0), (280.0, 258.0), (672.0, 172.0)]
907.0 [(758.0, 258.0), (508.0, 174.0), (592.0, 170.0), (281.0, 258.0), (671.0, 172.0)]
908.0 [(779.0, 258.0), (507.0, 174.0), (591.0, 170.0), (282.0, 258.0), (670.0, 172.0)]
909.0 [(800.0, 258.0), (506.0, 174.0), (590.0, 170.0), (283.0, 258.0), (669.0, 172.0)]
910.0 [(821.0, 258.0), (505.0, 174.0), (589.0, 170.0), (284.0, 258.0), (668.0, 172.0)]
911.0 [(842.0, 258.0), (504.0, 174.0), (588.0, 170.0), (285.0, 258.0), (667.0, 172.0)]
912.0 [(863.0, 258.0), (503.0, 174.0), (587.0, 170.0), (286.0, 258.0), (666.0, 172.0)]
913.0 [(884.0, 258.0), (502.0, 174.0), (586.0, 170.0), (287.0, 258.0)]
915.0 [(493.0, 174.0), (585.0, 170.0), (288.0, 258.0), (664.0, 172.0), ]
916.0 [(475.0, 174.0), (559.0, 170.0), (290.0, 258.0), (639.0, 172.0), (800.0, 170.0)]
917.0 [(466.0, 174.0), (558.0, 170.0), (291.0, 258.0), (638.0, 172.0), (775.0, 170.0)]
918.0 [(457.0, 174.0), (533.0, 170.0), (292.0, 258.0), (614.0, 172.0), (750.0, 170.0)]
919.0 [(448.0, 174.0), (532.0, 170.0), (293.0, 258.0), (613.0, 172.0), (725.0, 170.0)]
920.0 [(439.0, 174.0), (531.0, 170.0), (294.0, 258.0), (612.0, 172.0), (700.0, 170.0)]
921.0 [(430.0, 174.0), (506.0, 170.0), (295.0, 258.0), (588.0, 172.0), (675.0, 170.0)]
922.0 [(421.0, 174.0), (505.0, 170.0), (296.0, 258.0), (587.0, 172.0), (674.0, 170.0)]
923.0 [(412.0, 174.0), (504.0, 170.0), (297.0, 258.0), (586.0, 172.0), (673.0, 170.0)]
924.0 [(403.0, 174.0), (479.0, 170.0), (298.0, 258.0), (562.0, 172.0), (648.0, 170.0)]
925.0 [(394.0, 174.0), (478.0, 170.0), (299.0, 258.0), (561.0, 172.0), (647.0, 170.0)]
926.0 [(385.0, 174.0), (477.0, 170.0), (300.0, 258.0), (560.0, 172.0), (646.0, 170.0)]
927.0 [(376.0, 174.0), (452.0, 170.0), (301.0, 258.0), (536.0, 172.0), (621.0, 170.0)]
928.0 [(367.0, 174.0), (451.0, 170.0), (302.0, 258.0), (535.0, 172.0), (620.0, 170.0)]
929.0 [(358.0, 174.0), (450.0, 170.0), (303.0, 258.0), (534.0, 172.0), (619.0, 170.0)]
930.0 [(349.0, 174.0), (425.0, 170.0), (304.0, 258.0), (510.0, 172.0), (594.0, 170.0)]
931.0 [(340.0, 174.0), (424.0, 170.0), (305.0, 258.0), (509.0, 172.0), (593.0, 170.0)]
932.0 [(331.0, 174.0), (423.0, 170.0), (306.0, 258.0), (508.0, 172.0), (592.0, 170.0)]
933.0 [(322.0, 174.0), (398.0, 170.0), (307.0, 258.0), (484.0, 172.0), (567.0, 170.0)]
934.0 [(313.0, 174.0), (397.0, 170.0), (308.0, 258.0), (483.0, 172.0), (566.0, 170.0)]
935.0 [(304.0, 174.0), (396.0, 170.0), (309.0, 258.0), (482.0, 172.0), (565.0, 170.0)]
936.0 [(295.0, 174.0), (371.0, 170.0), (310.0, 258.0), (458.0, 172.0), (540.0, 170.0)]
937.0 [(286.0, 174.0), (370.0, 170.0), (311.0, 258.0), (457.0, 172.0), (539.0, 170.0)]
938.0 [(277.0, 174.0), (369.0, 170.0), (312.0, 258.0), (456.0, 172.0), (538.0, 170.0)]
939.0 [(268.0, 174.0), (344.0, 170.0), (313.0, 258.0), (432.0, 172.0), (513.0, 170.0)]
940.0 [(259.0, 174.0), (343.0, 170.0), (314.0, 258.0), (431.0, 172.0), (512.0, 170.0)]
941.0 [(250.0, 174.0), (342.0, 170.0), (315.0, 258.0), (430.0, 172.0), (511.0, 170.0)]
942.0 [(241.0, 174.0), (317.0, 170.0), (316.0, 258.0), (406.0, 172.0), (486.0, 170.0)]
943.0 [(232.0, 174.0), (316.0, 170.0), (317.0, 258.0), (405.0, 172.0), (485.0, 170.0)]
944.0 [(223.0, 174.0), (315.0, 170.0), (318.0, 258.0), (404.0, 172.0), (484.0, 170.0)]
945.0 [(214.0, 174.0), (290.0, 170.0), (319.0, 258.0), (380.0, 172.0), (459.0, 170.0)]
946.0 [(205.0, 174.0), (289.0, 170.0), (320.0, 258.0), (379.0, 172.0), (458.0, 170.0)]
947.0 [(196.0, 174.0), (288.0, 170.0), (321.0, 258.0), (378.0, 172.0), (457.0, 170.0)]
948.0 [(187.0, 174.0), (263.0, 170.0), (322.0, 258.0), (354.0, 172.0), (432.0, 170.0)]
949.0 [(178.0, 174.0), (262.0, 170.0), (323.0, 258.0), (353.0, 172.0), (431.0, 170.0)]
950.0 [(169.0, 174.0), (261.0, 170.0), (324.0, 258.0), (352.0, 172.0), (430.0, 170.0)]
951.0 [(160.0, 174.0), (236.0, 170.0), (325.0, 258.0), (351.0, 172.0), (429.0, 170.0)]
952.0 [(151.0, 174.0), (235.0, 170.0), (326.0, 258.0), (350.0, 172.0), (428.0, 170.0)]
953.0 [(142.0, 174.0), (234.0, 170.0), (327.0, 258.0), (349.0, 172.0), (427.0, 170.0)]
954.0 [(133.0, 174.0), (209.0, 170.0), (328.0, 258.0), (348.0, 172.0), (426.0, 170.0)]
955.0 [(124.0, 174.0), (208.0, 170.0), (329.0, 258.0), (347.0, 172.0), (425.0, 170.0)]
956.0 [(115.0, 174.0), (207.0, 170.0), (330.0, 258.0), (346.0, 172.0), (424.0, 170.0)]
957.0 [(106.0, 174.0), (182.0, 170.0), (331.0, 258.0), (345.0, 172.0), (423.0, 170.0)]
958.0 [(97.0, 174.0), (181.0, 170.0), (332.0, 258.0), (344.0, 172.0), (422.0, 170.0)]
959.0 [(180.0, 170.0), (350.0, 258.0), (343.0, 172.0), (421.0, 170.0)]
960.0 [(155.0, 170.0), (368.0, 258.0), (342.0, 172.0), (420.0, 170.0)]
961.0 [(154.0, 170.0), (386.0, 258.0), (341.0, 172.0), (419.0, 170.0)]
962.0 [(153.0, 170.0), (404.0, 258.0), (340.0, 172.0), (418.0, 170.0)]
963.0 [(128.0, 170.0), (422.0, 258.0), (339.0, 172.0), (417.0, 170.0)]
964.0 [(127.0, 170.0), (440.0, 258.0), (338.0, 172.0), (416.0, 170.0)]
965.0 [(126.0, 170.0), (458.0, 258.0), (337.0, 172.0)]
966.0 [(101.0, 170.0), (476.0, 258.0), (336.0, 172.0), (414.0, 170.0)]
967.0 [(494.0, 258.0), (335.0, 172.0), (413.0, 170.0)]
968.0 [(512.0, 258.0), (334.0, 172.0), (412.0, 170.0)]
971.0 [(530.0, 258.0), (333.0, 172.0), (411.0, 170.0), ]
972.0 [(584.0, 258.0), (330.0, 172.0), (408.0, 170.0), (266.0, 260.0), (819.0, 174.0)]
973.0 [(602.0, 258.0), (329.0, 172.0), (407.0, 170.0), (267.0, 260.0), (813.0, 174.0)]
974.0 [(620.0, 258.0), (328.0, 172.0), (406.0, 170.0), (268.0, 260.0), (807.0, 174.0)]
975.0 [(638.0, 258.0), (327.0, 172.0), (405.0, 170.0), (269.0, 260.0), (801.0, 174.0)]
976.0 [(656.0, 258.0), (326.0, 172.0), (404.0, 170.0), (270.0, 260.0), (795.0, 174.0)]
977.0 [(674.0, 258.0), (325.0, 172.0), (403.0, 170.0), (271.0, 260.0), (789.0, 174.0)]
978.0 [(692.0, 258.0), (324.0, 172.0), (402.0, 170.0), (272.0, 260.0), (783.0, 174.0)]
979.0 [(710.0, 258.0), (323.0, 172.0), (401.0, 170.0), (273.0, 260.0), (777.0, 174.0)]
980.0 [(728.0, 258.0), (322.0, 172.0), (400.0, 170.0), (274.0, 260.0), (771.0, 174.0)]
981.0 [(746.0, 258.0), (321.0, 172.0), (399.0, 170.0), (275.0, 260.0), (765.0, 174.0)]
982.0 [(764.0, 258.0), (320.0, 172.0), (398.0, 170.0), (276.0, 260.0), (764.0, 174.0)]
983.0 [(782.0, 258.0), (319.0, 172.0), (397.0, 170.0), (277.0, 260.0), (763.0, 174.0)]
984.0 [(800.0, 258.0), (318.0, 172.0), (396.0, 170.0), (278.0, 260.0), (762.0, 174.0)]
985.0 [(818.0, 258.0), (317.0, 172.0), (395.0, 170.0), (279.0, 260.0), (761.0, 174.0)]
986.0 [(836.0, 258.0), (316.0, 172.0), (394.0, 170.0), (280.0, 260.0), (760.0, 174.0)]
987.0 [(854.0, 258.0), (315.0, 172.0), (393.0, 170.0), (281.0, 260.0), (759.0, 174.0)]
988.0 [(872.0, 258.0), (314.0, 172.0), (392.0, 170.0), (282.0, 260.0)]
989.0 [(290.0, 172.0), (367.0, 170.0), (283.0, 260.0), (752.0, 174.0)]
990.0 [(266.0, 172.0), (342.0, 170.0), (284.0, 260.0), (746.0, 174.0)]
991.0 [(242.0, 172.0), (317.0, 170.0), (285.0, 260.0), (740.0, 174.0)]
992.0 [(218.0, 172.0), (292.0, 170.0), (286.0, 260.0), (734.0, 174.0)]
993.0 [(194.0, 172.0), (267.0, 170.0), (287.0, 260.0), (728.0, 174.0)]
994.0 [(170.0, 172.0), (242.0, 170.0), (288.0, 260.0), (722.0, 174.0)]
996.0 [(146.0, 172.0), (217.0, 170.0), (289.0, 260.0), (716.0, 174.0), ]
997.0 [(98.0, 172.0), (191.0, 170.0), (291.0, 260.0), (704.0, 174.0), (802.0, 172.0)]
998.0 [(166.0, 170.0), (292.0, 260.0), (698.0, 174.0), (779.0, 172.0)]
999.0 [(141.0, 170.0), (302.0, 260.0), (692.0, 174.0), (778.0, 172.0)]
1000.0 [(116.0, 170.0), (312.0, 260.0), (686.0, 174.0)]
1001.0 [(322.0, 260.0), (680.0, 174.0), (754.0, 172.0)]
