 []
 [(824.0, 194.0), (292.0, 273.0)]
 [(862.0, 190.0), (278.0, 263.0)]
 [(789.0, 180.0), (280.0, 278.0)]
 [(837.0, 191.0), (280.0, 260.0)]
 [(764.0, 186.0), (292.0, 269.0)]
 [(782.0, 194.0), (294.0, 269.0)]
 [(760.0, 181.0), (294.0, 281.0)]
 [(732.0, 195.0), (302.0, 274.0)]
 [(748.0, 196.0), (286.0, 277.0)]
 [(696.0, 196.0), (280.0, 261.0)]
 [(725.0, 184.0), (305.0, 282.0)]
 [(687.0, 197.0), (276.0, 260.0)]
 [(644.0, 190.0), (282.0, 264.0)]
 [(642.0, 185.0), (302.0, 278.0)]
 [(653.0, 194.0), (282.0, 276.0)]
 [(638.0, 186.0), (300.0, 264.0)]
 [(647.0, 195.0), (305.0, 279.0)]
 [(605.0, 180.0), (305.0, 282.0)]
 [(623.0, 187.0), (291.0, 265.0)]
 [(566.0, 191.0), (293.0, 266.0)]
 [(583.0, 182.0), (287.0, 268.0)]
 [(533.0, 183.0), (289.0, 269.0)]
 [(542.0, 185.0), (309.0, 273.0)]
 [(529.0, 195.0), (291.0, 263.0)]
 [(535.0, 187.0), (315.0, 281.0)]
 [(525.0, 182.0), (305.0, 276.0)]
 [(464.0, 196.0), (305.0, 272.0)]
 [(488.0, 190.0), (307.0, 272.0)]
 [(444.0, 181.0), (321.0, 266.0)]
 [(455.0, 196.0), (301.0, 276.0)]
 [(426.0, 191.0), (323.0, 271.0)]
 [(406.0, 197.0), (315.0, 275.0)]
 [(412.0, 178.0), (322.0, 281.0)]
 [(404.0, 197.0), (311.0, 276.0)]
 [(386.0, 197.0), (306.0, 268.0)]
 [(373.0, 185.0), (310.0, 279.0)]
 [(344.0, 179.0), (313.0, 278.0)]
 [(343.0, 178.0), (325.0, 262.0)]
 [(337.0, 192.0), (315.0, 262.0)]
 [(319.0, 189.0), (309.0, 276.0)]
 [(301.0, 191.0), (316.0, 263.0)]
 [(286.0, 198.0), (331.0, 285.0)]
 [(278.0, 184.0), (322.0, 278.0)]
 [(251.0, 187.0), (329.0, 258.0)]
 [(240.0, 184.0), (325.0, 276.0)]
 [(234.0, 183.0), (314.0, 277.0)]
 [(205.0, 192.0), (341.0, 272.0)]
 [(192.0, 187.0), (330.0, 283.0)]
 [(175.0, 186.0), (324.0, 276.0)]
 [(177.0, 180.0), (330.0, 272.0)]
 [(160.0, 190.0), (353.0, 273.0)]
 [(143.0, 195.0), (344.0, 271.0)]
 [(134.0, 184.0), (353.0, 265.0)]
 [(121.0, 186.0), (361.0, 275.0)]
 [(98.0, 190.0), (401.0, 275.0)]
 [(84.0, 178.0), (412.0, 260.0)]
 [(71.0, 178.0), (407.0, 264.0)]
 [(58.0, 178.0), (408.0, 259.0)]
 [(45.0, 178.0), (442.0, 284.0)]
 [(32.0, 178.0), (454.0, 267.0), ]
 [(481.0, 272.0), (295.0, 266.0), (834.0, 183.0)]
 [(459.0, 270.0), (285.0, 256.0), (825.0, 175.0)]
 [(467.0, 266.0), (286.0, 261.0), (806.0, 181.0)]
 [(481.0, 284.0), (280.0, 266.0), (821.0, 185.0)]
 [(494.0, 271.0), (275.0, 267.0), (814.0, 181.0)]
 [(533.0, 279.0), (285.0, 265.0), (755.0, 181.0)]
 [(537.0, 262.0), (281.0, 259.0), (722.0, 174.0)]
 [(506.0, 277.0), (295.0, 264.0), (748.0, 189.0)]
 [(531.0, 265.0), (288.0, 280.0), (707.0, 182.0)]
 [(536.0, 281.0), (283.0, 280.0), (715.0, 177.0)]
 [(582.0, 265.0), (299.0, 275.0), (668.0, 178.0)]
 [(567.0, 264.0), (287.0, 272.0), (639.0, 182.0)]
 [(553.0, 282.0), (305.0, 277.0), (633.0, 188.0)]
 [(557.0, 262.0), (303.0, 278.0), (603.0, 177.0)]
 [(578.0, 265.0), (289.0, 278.0), (631.0, 190.0)]
 [(632.0, 277.0), (288.0, 268.0), (603.0, 187.0)]
 [(585.0, 275.0), (284.0, 269.0), (619.0, 178.0)]
 [(599.0, 276.0), (293.0, 279.0), (623.0, 190.0)]
 [(647.0, 278.0), (302.0, 276.0), (632.0, 191.0)]
 [(625.0, 267.0), (316.0, 267.0), (631.0, 179.0)]
 [(634.0, 282.0), (292.0, 271.0), (622.0, 174.0)]
 [(687.0, 262.0), (288.0, 262.0), (582.0, 183.0)]
 [(686.0, 281.0), (293.0, 272.0), (612.0, 174.0)]
 [(659.0, 271.0), (302.0, 277.0), (594.0, 178.0)]
 [(722.0, 268.0), (306.0, 275.0), (597.0, 192.0)]
 [(696.0, 260.0), (303.0, 271.0), (576.0, 191.0)]
 [(719.0, 279.0), (294.0, 264.0), (624.0, 193.0)]
 [(718.0, 276.0), (304.0, 278.0), (584.0, 178.0)]
 [(694.0, 264.0), (310.0, 260.0), (634.0, 179.0)]
 [(757.0, 275.0), (307.0, 260.0), (581.0, 184.0)]
 [(742.0, 270.0), (313.0, 275.0), (599.0, 189.0)]
 [(774.0, 283.0), (304.0, 278.0), (593.0, 189.0)]
 [(789.0, 271.0), (326.0, 262.0), (626.0, 184.0)]
 [(816.0, 269.0), (317.0, 271.0), (577.0, 188.0)]
 [(827.0, 275.0), (327.0, 270.0), (614.0, 193.0)]
 [(765.0, 260.0), (313.0, 259.0), (604.0, 184.0)]
 [(765.0, 259.0), (311.0, 266.0), (584.0, 191.0)]
 [(850.0, 262.0), (332.0, 272.0), (602.0, 191.0)]
 [(813.0, 271.0), (335.0, 279.0), (587.0, 177.0)]
 [(819.0, 263.0), (323.0, 257.0), (564.0, 181.0)]
 [(870.0, 269.0), (308.0, 256.0), (560.0, 174.0)]
 [(875.0, 260.0), (316.0, 264.0), (570.0, 176.0)]
 [(875.0, 278.0), (328.0, 281.0), (592.0, 184.0)]
 [(851.0, 261.0), (318.0, 275.0), (571.0, 190.0)]
 [(910.0, 286.0), (337.0, 277.0), (582.0, 180.0)]
 [(935.0, 278.0), (340.0, 257.0), (574.0, 176.0)]
 [(923.0, 281.0), (343.0, 266.0), (594.0, 180.0)]
 [(927.0, 273.0), (321.0, 259.0), (588.0, 188.0)]
 [(919.0, 271.0), (331.0, 261.0), (595.0, 177.0)]
 [(887.0, 281.0), (333.0, 279.0)]
 [(374.0, 276.0), (571.0, 191.0)]
 [(376.0, 284.0), (527.0, 192.0)]
 [(413.0, 258.0), (555.0, 185.0), ]
 [(488.0, 263.0), (508.0, 192.0), (287.0, 277.0), (822.0, 179.0)]
 [(485.0, 283.0), (507.0, 178.0), (285.0, 261.0), (829.0, 175.0)]
 [(533.0, 280.0), (482.0, 186.0), (288.0, 280.0), (833.0, 190.0)]
 [(563.0, 258.0), (508.0, 181.0), (297.0, 261.0), (811.0, 175.0)]
 [(594.0, 259.0), (493.0, 181.0), (294.0, 261.0), (747.0, 173.0)]
 [(579.0, 262.0), (484.0, 183.0), (298.0, 285.0), (716.0, 185.0)]
 [(595.0, 277.0), (487.0, 183.0), (278.0, 260.0), (734.0, 176.0)]
 [(650.0, 268.0), (510.0, 188.0), (300.0, 279.0), (711.0, 177.0)]
 [(642.0, 271.0), (485.0, 178.0), (288.0, 280.0), (711.0, 174.0)]
 [(685.0, 266.0), (463.0, 192.0), (276.0, 271.0), (663.0, 185.0)]
 [(686.0, 263.0), (501.0, 188.0), (277.0, 269.0), (709.0, 182.0)]
 [(771.0, 283.0), (497.0, 181.0), (287.0, 260.0), (680.0, 187.0)]
 [(782.0, 280.0), (464.0, 188.0), (289.0, 260.0), (710.0, 178.0)]
 [(769.0, 256.0), (467.0, 192.0), (280.0, 282.0), (648.0, 191.0)]
 [(831.0, 267.0), (488.0, 188.0), (293.0, 269.0), (670.0, 175.0)]
 [(816.0, 268.0), (483.0, 189.0), (297.0, 260.0), (696.0, 186.0)]
 [(864.0, 279.0), (488.0, 177.0), (301.0, 265.0), (686.0, 175.0)]
 [(906.0, 274.0), (476.0, 179.0), (311.0, 280.0), (678.0, 184.0)]
 [(886.0, 259.0), (454.0, 175.0), (287.0, 277.0)]
 [(453.0, 189.0), (309.0, 285.0), (676.0, 176.0)]
 [(457.0, 182.0), (306.0, 273.0), (608.0, 178.0)]
 [(446.0, 185.0), (290.0, 260.0), (595.0, 185.0)]
 [(428.0, 185.0), (306.0, 265.0), (562.0, 175.0)]
 [(407.0, 184.0), (300.0, 261.0), (550.0, 174.0)]
 [(371.0, 176.0), (317.0, 258.0), (561.0, 187.0)]
 [(374.0, 179.0), (310.0, 271.0), (490.0, 187.0)]
 [(345.0, 183.0), (307.0, 272.0), (503.0, 177.0)]
 [(314.0, 192.0), (306.0, 278.0), (467.0, 179.0)]
 [(310.0, 176.0), (294.0, 282.0), (430.0, 183.0)]
 [(291.0, 176.0), (295.0, 276.0), (411.0, 182.0)]
 [(266.0, 190.0), (313.0, 270.0), (380.0, 178.0)]
 [(268.0, 175.0), (312.0, 285.0), (387.0, 180.0)]
 [(231.0, 175.0), (320.0, 276.0), (348.0, 182.0)]
 [(222.0, 184.0), (305.0, 264.0), (314.0, 187.0)]
 [(203.0, 192.0), (318.0, 259.0), (333.0, 182.0)]
 [(180.0, 175.0), (304.0, 280.0), (339.0, 191.0)]
 [(176.0, 181.0), (303.0, 273.0), (321.0, 184.0)]
 [(160.0, 180.0), (305.0, 284.0), (334.0, 177.0)]
 [(136.0, 184.0), (350.0, 281.0), (313.0, 178.0)]
 [(115.0, 181.0), (366.0, 281.0), (331.0, 180.0)]
 [(108.0, 186.0), (405.0, 278.0), (316.0, 179.0)]
 [(83.0, 174.0), (441.0, 283.0), (307.0, 178.0)]
 [(67.0, 174.0), (430.0, 268.0), (326.0, 190.0)]
 [(51.0, 174.0), (469.0, 271.0), (330.0, 188.0)]
 [(35.0, 174.0), (500.0, 260.0), (318.0, 190.0)]
 [(563.0, 280.0), (323.0, 188.0), (284.0, 263.0)]
 [(552.0, 263.0), (310.0, 172.0), (294.0, 275.0)]
 [(615.0, 264.0), (295.0, 174.0), (284.0, 259.0)]
 [(633.0, 286.0), (298.0, 175.0), (268.0, 278.0)]
 [(648.0, 279.0), (317.0, 176.0), (295.0, 258.0)]
 [(706.0, 273.0), (318.0, 174.0), (286.0, 264.0)]
 [(681.0, 265.0), (296.0, 181.0), (282.0, 255.0)]
 [(693.0, 282.0), (295.0, 174.0), (287.0, 280.0)]
 [(723.0, 284.0), (315.0, 189.0), (280.0, 268.0)]
 [(761.0, 264.0), (289.0, 188.0), (292.0, 263.0)]
 [(807.0, 278.0), (306.0, 173.0), (294.0, 275.0)]
 [(793.0, 262.0), (293.0, 185.0), (280.0, 271.0)]
 [(852.0, 275.0), (306.0, 189.0), (282.0, 271.0)]
 [(868.0, 265.0), (282.0, 190.0), (304.0, 279.0)]
 [(862.0, 264.0), (307.0, 187.0), (303.0, 266.0)]
 [(927.0, 285.0), (296.0, 176.0)]
 [(270.0, 181.0), (293.0, 256.0)]
 [(240.0, 189.0), (307.0, 270.0)]
 [(228.0, 183.0), (309.0, 261.0)]
 [(199.0, 182.0), (315.0, 258.0)]
 [(184.0, 186.0), (309.0, 277.0)]
 [(148.0, 190.0), (314.0, 273.0)]
 [(127.0, 189.0), (302.0, 272.0)]
 [(113.0, 176.0), (314.0, 270.0)]
 [(82.0, 172.0), (323.0, 267.0)]
 [(60.0, 172.0), (344.0, 275.0)]
 [(38.0, 172.0)]
 [(377.0, 273.0)]
 [(373.0, 256.0)]
 [(375.0, 262.0)]
 [(379.0, 264.0)]
 [(403.0, 278.0)]
 [(435.0, 254.0), ]
 [(434.0, 258.0), (290.0, 276.0)]
 [(450.0, 257.0), (279.0, 270.0)]
 [(475.0, 275.0), (276.0, 261.0)]
 [(479.0, 276.0), (280.0, 282.0)]
 [(471.0, 268.0), (297.0, 285.0)]
 [(486.0, 261.0), (284.0, 276.0)]
 [(481.0, 274.0), (274.0, 277.0)]
 [(538.0, 269.0), (294.0, 260.0)]
 [(527.0, 281.0), (279.0, 266.0)]
 [(510.0, 263.0), (282.0, 278.0)]
 [(525.0, 267.0), (296.0, 260.0)]
 [(535.0, 254.0), (281.0, 277.0)]
 [(569.0, 264.0), (303.0, 269.0)]
 [(589.0, 280.0), (290.0, 273.0)]
 [(567.0, 266.0), (294.0, 268.0)]
 [(599.0, 276.0), (291.0, 261.0)]
 [(606.0, 257.0), (289.0, 266.0)]
 [(621.0, 280.0), (288.0, 262.0)]
 [(624.0, 260.0), (296.0, 264.0)]
 [(608.0, 277.0), (306.0, 266.0)]
 [(650.0, 275.0), (294.0, 260.0)]
 [(634.0, 274.0), (287.0, 268.0)]
 [(643.0, 265.0), (311.0, 266.0)]
 [(690.0, 264.0), (315.0, 259.0)]
 [(670.0, 280.0), (297.0, 281.0)]
 [(728.0, 262.0), (311.0, 277.0)]
 [(742.0, 271.0), (310.0, 282.0)]
 [(751.0, 278.0), (316.0, 259.0)]
 [(697.0, 281.0), (310.0, 267.0)]
 [(709.0, 266.0), (300.0, 279.0)]
 [(728.0, 278.0), (303.0, 274.0)]
 [(740.0, 266.0), (300.0, 264.0)]
 [(736.0, 267.0), (306.0, 283.0)]
 [(801.0, 256.0), (324.0, 277.0)]
 [(795.0, 281.0), (305.0, 276.0)]
 [(822.0, 278.0), (302.0, 277.0)]
 [(796.0, 257.0), (307.0, 282.0)]
 [(794.0, 265.0), (307.0, 282.0)]
 [(812.0, 275.0), (304.0, 276.0)]
 [(874.0, 281.0), (309.0, 273.0)]
 [(895.0, 257.0), (332.0, 281.0)]
 [(872.0, 276.0), (336.0, 280.0)]
 [(897.0, 278.0), (324.0, 259.0)]
 [(909.0, 275.0), (314.0, 270.0)]
 [(905.0, 281.0), (339.0, 267.0)]
 [(873.0, 281.0), (318.0, 262.0)]
 [(967.0, 263.0), (333.0, 280.0)]
 [(899.0, 267.0)]
 [(354.0, 277.0)]
 [(377.0, 279.0)]
 [(376.0, 270.0)]
 [(394.0, 284.0)]
 [(405.0, 275.0), ]
 [(453.0, 275.0), (286.0, 269.0)]
 [(445.0, 264.0), (294.0, 265.0)]
 [(473.0, 267.0), (280.0, 260.0)]
 [(519.0, 268.0), (295.0, 285.0)]
 [(497.0, 268.0), (294.0, 278.0)]
 [(549.0, 259.0), (289.0, 266.0)]
 [(524.0, 269.0), (288.0, 278.0)]
 [(556.0, 272.0), (287.0, 262.0)]
 [(558.0, 274.0), (286.0, 286.0)]
 [(614.0, 267.0), (278.0, 265.0)]
 [(621.0, 278.0), (280.0, 260.0)]
 [(611.0, 279.0), (285.0, 272.0)]
 [(624.0, 269.0), (307.0, 277.0)]
 [(659.0, 259.0), (305.0, 273.0)]
 [(703.0, 280.0), (281.0, 285.0)]
 [(724.0, 280.0), (302.0, 262.0)]
 [(708.0, 281.0), (291.0, 278.0)]
 [(770.0, 273.0), (286.0, 280.0)]
 [(750.0, 274.0), (311.0, 270.0)]
 [(787.0, 268.0), (290.0, 281.0)]
 [(745.0, 281.0), (298.0, 282.0)]
 [(842.0, 274.0), (293.0, 276.0)]
 [(820.0, 267.0), (314.0, 267.0)]
 [(844.0, 275.0), (296.0, 269.0)]
 [(879.0, 273.0), (308.0, 281.0)]
 [(901.0, 281.0), (306.0, 286.0)]
 [(903.0, 262.0), (315.0, 265.0)]
 [(875.0, 282.0), (309.0, 263.0)]
 [(958.0, 281.0), (298.0, 269.0)]
 [(973.0, 282.0)]
 [(323.0, 271.0)]
 [(370.0, 271.0)]
 [(366.0, 261.0)]
 [(406.0, 284.0)]
 [(415.0, 286.0), ]
 [(465.0, 272.0), (294.0, 288.0)]
 [(499.0, 274.0), (269.0, 263.0)]
 [(498.0, 275.0), (295.0, 263.0)]
 [(519.0, 261.0), (293.0, 283.0)]
 [(554.0, 271.0), (282.0, 270.0)]
 [(571.0, 258.0), (295.0, 270.0)]
 [(624.0, 264.0), (282.0, 283.0)]
 [(642.0, 285.0), (283.0, 271.0)]
 [(650.0, 258.0), (297.0, 279.0)]
 [(635.0, 261.0), (280.0, 260.0)]
 [(657.0, 280.0), (298.0, 263.0)]
 [(741.0, 273.0), (283.0, 273.0)]
 [(708.0, 273.0), (293.0, 286.0)]
 [(745.0, 272.0), (280.0, 266.0)]
 [(743.0, 284.0), (300.0, 280.0)]
 [(820.0, 276.0), (305.0, 285.0)]
 [(801.0, 266.0), (282.0, 281.0)]
 [(868.0, 266.0), (311.0, 283.0)]
 [(877.0, 285.0), (313.0, 283.0)]
 [(931.0, 259.0), (286.0, 265.0)]
 [(938.0, 268.0), (307.0, 282.0)]
 [(969.0, 268.0)]
 [(332.0, 278.0)]
 [(323.0, 270.0)]
 [(337.0, 282.0)]
 [(380.0, 269.0)]
 [(386.0, 275.0)]
 [(422.0, 266.0)]
 [(425.0, 269.0), ]
 [(477.0, 264.0), (281.0, 280.0)]
 [(469.0, 276.0), (289.0, 261.0)]
 [(524.0, 283.0), (278.0, 278.0)]
 [(525.0, 277.0), (296.0, 271.0)]
 [(509.0, 281.0), (287.0, 286.0)]
 [(565.0, 265.0), (297.0, 271.0)]
 [(574.0, 263.0), (296.0, 279.0)]
 [(565.0, 270.0), (275.0, 260.0)]
 [(626.0, 279.0), (280.0, 268.0)]
 [(612.0, 278.0), (275.0, 261.0)]
 [(661.0, 262.0), (286.0, 262.0)]
 [(676.0, 265.0), (300.0, 259.0)]
 [(709.0, 275.0), (294.0, 278.0)]
 [(667.0, 266.0), (302.0, 268.0)]
 [(714.0, 283.0), (292.0, 284.0)]
 [(764.0, 283.0), (281.0, 261.0)]
 [(789.0, 278.0), (306.0, 260.0)]
 [(782.0, 264.0), (312.0, 262.0)]
 [(825.0, 268.0), (285.0, 281.0)]
 [(791.0, 266.0), (302.0, 261.0)]
 [(787.0, 278.0), (292.0, 286.0)]
 [(807.0, 285.0), (297.0, 263.0)]
 [(844.0, 283.0), (289.0, 264.0)]
 [(884.0, 281.0), (300.0, 268.0)]
 [(895.0, 270.0), (319.0, 273.0)]
 [(931.0, 283.0), (296.0, 276.0)]
 [(935.0, 281.0)]
 [(320.0, 280.0)]
 [(349.0, 276.0)]
 [(350.0, 276.0)]
 [(382.0, 273.0)]
 [(388.0, 259.0)]
 [(398.0, 270.0)]
 [(412.0, 259.0), ]
 [(483.0, 274.0), (281.0, 288.0)]
 [(498.0, 260.0), (271.0, 273.0)]
 [(514.0, 280.0), (280.0, 260.0)]
 [(540.0, 271.0), (297.0, 262.0)]
 [(533.0, 262.0), (298.0, 284.0)]
 [(555.0, 272.0), (292.0, 263.0)]
 [(572.0, 270.0), (290.0, 269.0)]
 [(622.0, 262.0), (285.0, 261.0)]
 [(598.0, 271.0), (301.0, 260.0)]
 [(639.0, 286.0), (296.0, 287.0)]
 [(675.0, 265.0), (290.0, 270.0)]
 [(663.0, 283.0), (280.0, 269.0)]
 [(686.0, 276.0), (298.0, 263.0)]
 [(703.0, 274.0), (282.0, 287.0)]
 [(687.0, 284.0), (297.0, 265.0)]
 [(710.0, 274.0), (286.0, 285.0)]
 [(738.0, 266.0), (310.0, 275.0)]
 [(742.0, 259.0), (309.0, 270.0)]
 [(794.0, 277.0), (311.0, 272.0)]
 [(838.0, 269.0), (292.0, 275.0)]
 [(822.0, 273.0), (301.0, 284.0)]
 [(853.0, 270.0), (294.0, 262.0)]
 [(838.0, 280.0), (305.0, 266.0)]
 [(879.0, 274.0), (292.0, 265.0)]
 [(905.0, 270.0), (294.0, 272.0)]
 [(871.0, 271.0), (309.0, 268.0)]
 [(954.0, 270.0)]
 [(324.0, 287.0)]
 [(361.0, 285.0)]
 [(421.0, 281.0)]
 [(450.0, 265.0), ]
 [(504.0, 273.0), (280.0, 271.0), (875.0, 180.0)]
 [(560.0, 276.0), (271.0, 267.0), (869.0, 180.0)]
 [(587.0, 280.0), (273.0, 284.0), (792.0, 184.0)]
 [(633.0, 268.0), (277.0, 276.0), (830.0, 173.0)]
 [(638.0, 271.0), (277.0, 282.0), (740.0, 186.0)]
 [(652.0, 267.0), (286.0, 269.0), (788.0, 191.0)]
 [(729.0, 275.0), (280.0, 259.0), (738.0, 188.0)]
 [(776.0, 274.0), (275.0, 258.0), (765.0, 178.0), ]
 [(783.0, 267.0), (286.0, 263.0), (721.0, 188.0), (829.0, 188.0)]
 [(885.0, 277.0), (278.0, 260.0), (732.0, 183.0), (821.0, 184.0)]
 [(904.0, 280.0), (283.0, 261.0), (762.0, 184.0), (869.0, 184.0)]
 [(951.0, 287.0), (298.0, 266.0), (702.0, 180.0)]
 [(308.0, 264.0), (710.0, 174.0), (784.0, 175.0)]
 [(312.0, 283.0), (683.0, 190.0), (769.0, 180.0)]
 [(328.0, 256.0), (673.0, 180.0), (751.0, 184.0)]
 [(362.0, 276.0), (664.0, 191.0), (735.0, 189.0)]
 [(391.0, 281.0), (657.0, 178.0), (706.0, 180.0)]
 [(405.0, 278.0), (631.0, 181.0), (696.0, 180.0)]
 [(383.0, 278.0), (576.0, 180.0), (651.0, 192.0)]
 [(417.0, 273.0), (608.0, 187.0), (656.0, 177.0), ]
 [(476.0, 281.0), (517.0, 189.0), (596.0, 192.0), (272.0, 275.0), (876.0, 172.0)]
 [(506.0, 274.0), (524.0, 173.0), (602.0, 182.0), (288.0, 277.0), (872.0, 187.0)]
 [(492.0, 272.0), (488.0, 183.0), (604.0, 179.0), (273.0, 283.0), (825.0, 178.0)]
 [(517.0, 274.0), (511.0, 174.0), (571.0, 189.0), (287.0, 263.0), (811.0, 182.0)]
 [(542.0, 269.0), (486.0, 185.0), (560.0, 188.0), (280.0, 267.0), (774.0, 180.0)]
 [(542.0, 258.0), (484.0, 172.0), (605.0, 192.0), (299.0, 275.0), (798.0, 176.0)]
 [(539.0, 279.0), (486.0, 185.0), (592.0, 186.0), (281.0, 258.0), (823.0, 183.0)]
 [(594.0, 267.0), (488.0, 175.0), (574.0, 183.0), (286.0, 263.0), (747.0, 176.0)]
 [(597.0, 265.0), (511.0, 182.0), (592.0, 191.0), (299.0, 277.0), (800.0, 183.0)]
 [(590.0, 270.0), (503.0, 178.0), (569.0, 181.0), (278.0, 258.0), (781.0, 187.0)]
 [(619.0, 283.0), (510.0, 178.0), (563.0, 175.0), (280.0, 258.0), (715.0, 177.0)]
 [(623.0, 261.0), (506.0, 176.0), (564.0, 184.0), (302.0, 263.0), (712.0, 173.0)]
 [(624.0, 258.0), (486.0, 183.0), (596.0, 193.0), (286.0, 275.0), (750.0, 175.0)]
 [(655.0, 276.0), (510.0, 184.0), (592.0, 176.0), (284.0, 272.0), (686.0, 173.0)]
 [(687.0, 262.0), (508.0, 178.0), (548.0, 189.0), (283.0, 263.0), (675.0, 172.0)]
 [(728.0, 280.0), (504.0, 175.0), (576.0, 191.0), (301.0, 276.0), (708.0, 183.0)]
 [(753.0, 282.0), (510.0, 178.0), (600.0, 183.0), (298.0, 263.0), (659.0, 179.0)]
 [(710.0, 273.0), (483.0, 172.0), (598.0, 193.0), (302.0, 258.0), (692.0, 187.0)]
 [(749.0, 278.0), (463.0, 187.0), (580.0, 193.0), (311.0, 275.0), (716.0, 187.0)]
 [(749.0, 267.0), (469.0, 183.0), (543.0, 191.0), (316.0, 259.0), (687.0, 184.0)]
 [(773.0, 264.0), (487.0, 183.0), (591.0, 185.0), (292.0, 281.0), (677.0, 188.0)]
 [(782.0, 283.0), (464.0, 181.0), (594.0, 185.0), (315.0, 274.0), (721.0, 175.0)]
 [(844.0, 276.0), (494.0, 190.0), (540.0, 178.0), (314.0, 280.0), (716.0, 182.0)]
 [(870.0, 277.0), (480.0, 174.0), (549.0, 182.0), (304.0, 272.0), (694.0, 175.0)]
 [(805.0, 268.0), (463.0, 175.0), (550.0, 174.0), (316.0, 280.0), (678.0, 187.0)]
 [(876.0, 272.0), (453.0, 183.0), (551.0, 189.0), (317.0, 276.0), (698.0, 171.0)]
 [(867.0, 265.0), (458.0, 186.0), (590.0, 182.0), (294.0, 259.0), (700.0, 179.0)]
 [(856.0, 280.0), (452.0, 174.0), (591.0, 183.0), (319.0, 264.0), (695.0, 180.0)]
 [(883.0, 279.0), (481.0, 185.0), (590.0, 188.0), (299.0, 270.0), (675.0, 173.0)]
 [(927.0, 280.0), (474.0, 190.0), (576.0, 179.0), (318.0, 279.0)]
 [(442.0, 180.0), (551.0, 185.0), (313.0, 265.0), (703.0, 188.0), ]
 [(400.0, 179.0), (490.0, 184.0), (330.0, 267.0), (641.0, 180.0), (882.0, 177.0)]
 [(400.0, 189.0), (502.0, 193.0), (326.0, 271.0), (665.0, 180.0), (784.0, 183.0)]
 [(381.0, 176.0), (476.0, 189.0), (317.0, 278.0), (607.0, 175.0), (820.0, 175.0)]
 [(368.0, 178.0), (451.0, 189.0), (329.0, 282.0), (637.0, 178.0), (751.0, 178.0)]
 [(324.0, 174.0), (439.0, 178.0), (314.0, 270.0), (628.0, 173.0), (729.0, 175.0)]
 [(334.0, 178.0), (413.0, 190.0), (333.0, 270.0), (585.0, 181.0), (689.0, 189.0)]
 [(312.0, 176.0), (376.0, 192.0), (315.0, 257.0), (550.0, 187.0), (665.0, 184.0)]
 [(288.0, 184.0), (354.0, 177.0), (333.0, 274.0), (572.0, 186.0), (672.0, 176.0)]
 [(273.0, 181.0), (367.0, 192.0), (315.0, 272.0), (561.0, 180.0), (621.0, 185.0)]
 [(247.0, 186.0), (331.0, 174.0), (329.0, 283.0), (529.0, 185.0), (605.0, 183.0)]
 [(223.0, 184.0), (318.0, 182.0), (310.0, 273.0), (513.0, 177.0), (597.0, 174.0)]
 [(217.0, 177.0), (293.0, 177.0), (321.0, 279.0), (506.0, 176.0), (592.0, 181.0)]
 [(182.0, 177.0), (292.0, 175.0), (315.0, 268.0), (494.0, 185.0), (598.0, 181.0)]
 [(168.0, 190.0), (252.0, 183.0), (330.0, 258.0), (513.0, 176.0), (590.0, 187.0)]
 [(146.0, 182.0), (235.0, 177.0), (338.0, 262.0), (506.0, 172.0), (568.0, 175.0)]
 [(132.0, 188.0), (224.0, 186.0), (321.0, 265.0), (482.0, 186.0), (548.0, 188.0)]
 [(115.0, 189.0), (201.0, 179.0), (321.0, 265.0), (449.0, 175.0), (511.0, 189.0)]
 [(89.0, 172.0), (166.0, 178.0), (350.0, 268.0), (462.0, 180.0), (528.0, 175.0)]
 [(71.0, 172.0), (172.0, 175.0), (365.0, 272.0), (425.0, 182.0), (531.0, 179.0)]
 [(53.0, 172.0), (140.0, 175.0), (364.0, 274.0), (443.0, 183.0), (510.0, 189.0)]
 [(35.0, 172.0), (109.0, 193.0), (404.0, 263.0), (399.0, 185.0)]
 [(82.0, 174.0), (431.0, 262.0), (425.0, 175.0), (529.0, 186.0)]
 [(56.0, 174.0), (418.0, 276.0), (423.0, 185.0), (483.0, 186.0)]
 [(30.0, 174.0), (468.0, 277.0), (418.0, 175.0), (492.0, 176.0)]
 [(29.0, 174.0), (446.0, 259.0), (396.0, 184.0), (486.0, 179.0)]
 [(28.0, 174.0), (486.0, 275.0), (423.0, 171.0), (492.0, 179.0)]
 [(27.0, 174.0), (505.0, 282.0), (414.0, 173.0), (515.0, 175.0)]
 [(26.0, 174.0), (500.0, 272.0), (405.0, 183.0), (480.0, 192.0), ]
 [(558.0, 274.0), (390.0, 184.0), (499.0, 192.0), (274.0, 261.0), (902.0, 194.0)]
 [(614.0, 264.0), (406.0, 184.0), (513.0, 182.0), (285.0, 263.0), (818.0, 190.0)]
 [(571.0, 267.0), (386.0, 170.0), (495.0, 191.0), (283.0, 268.0), (834.0, 183.0)]
 [(641.0, 281.0), (381.0, 178.0), (498.0, 185.0), (286.0, 259.0), (820.0, 176.0)]
 [(648.0, 265.0), (414.0, 172.0), (477.0, 175.0), (292.0, 286.0), (812.0, 190.0)]
 [(663.0, 277.0), (396.0, 179.0), (469.0, 192.0), (292.0, 264.0), (846.0, 178.0)]
 [(634.0, 272.0), (377.0, 186.0), (500.0, 184.0), (280.0, 268.0), (819.0, 183.0)]
 [(721.0, 279.0), (390.0, 179.0), (511.0, 185.0), (300.0, 279.0), (821.0, 189.0)]
 [(697.0, 277.0), (395.0, 185.0), (503.0, 192.0), (276.0, 272.0), (812.0, 178.0)]
 [(688.0, 275.0), (385.0, 179.0), (465.0, 191.0), (288.0, 281.0), (858.0, 178.0)]
 [(707.0, 269.0), (395.0, 182.0), (475.0, 192.0), (302.0, 261.0), (780.0, 178.0)]
 [(792.0, 273.0), (381.0, 189.0), (492.0, 186.0), (302.0, 286.0), (847.0, 183.0)]
 [(777.0, 263.0), (375.0, 182.0), (507.0, 189.0), (279.0, 282.0), (772.0, 177.0)]
 [(827.0, 263.0), (405.0, 185.0), (462.0, 180.0), (306.0, 283.0), (790.0, 180.0)]
 [(822.0, 267.0), (390.0, 178.0), (492.0, 176.0), (297.0, 285.0), (826.0, 186.0)]
 [(786.0, 282.0), (378.0, 177.0), (498.0, 176.0), (284.0, 266.0), (778.0, 180.0)]
 [(880.0, 265.0), (399.0, 189.0), (493.0, 193.0), (294.0, 267.0), (816.0, 184.0)]
 [(815.0, 262.0), (385.0, 187.0), (459.0, 191.0), (294.0, 272.0), (786.0, 188.0)]
 [(845.0, 281.0), (384.0, 184.0), (457.0, 187.0), (309.0, 286.0), (752.0, 177.0)]
 [(879.0, 256.0), (376.0, 189.0), (451.0, 186.0), (306.0, 270.0), (818.0, 183.0)]
 [(939.0, 267.0), (398.0, 172.0), (498.0, 178.0), (306.0, 270.0), (791.0, 189.0)]
 [(887.0, 261.0), (391.0, 176.0), (462.0, 175.0), (289.0, 261.0)]
 [(351.0, 184.0), (438.0, 192.0), (289.0, 280.0), (754.0, 185.0)]
 [(341.0, 173.0), (421.0, 176.0), (311.0, 265.0), (770.0, 188.0)]
 [(352.0, 172.0), (448.0, 178.0), (305.0, 284.0), (800.0, 184.0)]
 [(321.0, 171.0), (415.0, 183.0), (300.0, 260.0), (736.0, 194.0), ]
 [(302.0, 180.0), (394.0, 188.0), (302.0, 268.0), (738.0, 180.0), (837.0, 196.0)]
 [(311.0, 176.0), (377.0, 183.0), (322.0, 266.0), (781.0, 191.0), (857.0, 191.0)]
 [(295.0, 179.0), (373.0, 187.0), (306.0, 262.0), (751.0, 185.0), (821.0, 183.0)]
 [(266.0, 170.0), (360.0, 191.0), (305.0, 266.0), (719.0, 182.0), (842.0, 194.0)]
 [(260.0, 172.0), (375.0, 184.0), (320.0, 285.0), (766.0, 187.0), (842.0, 195.0)]
 [(257.0, 185.0), (332.0, 178.0), (309.0, 269.0), (751.0, 181.0), (805.0, 184.0)]
 [(235.0, 187.0), (345.0, 187.0), (299.0, 261.0), (696.0, 178.0), (806.0, 196.0)]
 [(236.0, 184.0), (328.0, 180.0), (332.0, 272.0), (749.0, 183.0), (820.0, 192.0)]
 [(210.0, 175.0), (312.0, 184.0), (326.0, 263.0), (713.0, 179.0), (753.0, 197.0)]
 [(199.0, 179.0), (302.0, 181.0), (306.0, 277.0), (688.0, 193.0), (761.0, 190.0)]
 [(197.0, 185.0), (282.0, 175.0), (310.0, 267.0), (674.0, 180.0), (752.0, 182.0)]
 [(186.0, 183.0), (273.0, 177.0), (309.0, 259.0), (715.0, 186.0), (825.0, 183.0)]
 [(174.0, 174.0), (277.0, 191.0), (318.0, 275.0), (719.0, 185.0), (824.0, 185.0)]
 [(157.0, 174.0), (230.0, 191.0), (311.0, 261.0), (676.0, 188.0), (814.0, 192.0)]
 [(149.0, 182.0), (228.0, 191.0), (316.0, 265.0), (668.0, 185.0), (776.0, 185.0)]
 [(138.0, 173.0), (212.0, 188.0), (333.0, 265.0), (709.0, 192.0), (791.0, 188.0)]
 [(127.0, 183.0), (212.0, 180.0), (322.0, 259.0), (701.0, 188.0), (745.0, 189.0)]
 [(109.0, 188.0), (202.0, 174.0), (313.0, 259.0), (656.0, 182.0), (767.0, 183.0)]
 [(106.0, 176.0), (177.0, 175.0), (340.0, 274.0), (689.0, 178.0), (731.0, 186.0)]
 [(86.0, 170.0), (185.0, 190.0), (321.0, 283.0), (639.0, 180.0), (734.0, 194.0)]
 [(75.0, 170.0), (162.0, 179.0), (345.0, 278.0), (674.0, 181.0), (700.0, 186.0)]
 [(64.0, 170.0), (158.0, 188.0), (361.0, 265.0), (666.0, 195.0), (736.0, 179.0)]
 [(53.0, 170.0), (146.0, 183.0), (382.0, 261.0), (651.0, 185.0), (755.0, 187.0)]
 [(42.0, 170.0), (131.0, 181.0), (372.0, 278.0), (664.0, 180.0), (742.0, 191.0)]
 [(31.0, 170.0), (125.0, 180.0), (399.0, 281.0), (643.0, 193.0)]
 [(92.0, 174.0), (417.0, 266.0), (620.0, 183.0), (724.0, 197.0)]
 [(66.0, 174.0), (406.0, 277.0), (604.0, 186.0), (712.0, 180.0)]
 [(40.0, 174.0), (417.0, 260.0), (586.0, 192.0), (660.0, 197.0), ]
 [(452.0, 281.0), (607.0, 177.0), (700.0, 186.0), (267.0, 284.0), (809.0, 184.0)]
 [(479.0, 272.0), (606.0, 176.0), (670.0, 180.0), (271.0, 258.0), (767.0, 177.0)]
 [(510.0, 262.0), (559.0, 177.0), (670.0, 183.0), (276.0, 276.0), (796.0, 186.0)]
 [(485.0, 271.0), (568.0, 182.0), (695.0, 180.0), (279.0, 262.0), (724.0, 180.0)]
 [(500.0, 261.0), (567.0, 184.0), (671.0, 187.0), (276.0, 265.0), (739.0, 183.0)]
 [(551.0, 265.0), (559.0, 184.0), (680.0, 184.0), (284.0, 277.0), (771.0, 193.0)]
 [(521.0, 261.0), (579.0, 177.0), (692.0, 188.0), (280.0, 261.0), (762.0, 184.0)]
 [(538.0, 265.0), (542.0, 177.0), (687.0, 181.0), (294.0, 272.0), (726.0, 185.0)]
 [(585.0, 276.0), (563.0, 193.0), (626.0, 192.0), (291.0, 283.0), (746.0, 192.0)]
 [(554.0, 268.0), (539.0, 191.0), (637.0, 189.0), (291.0, 265.0), (758.0, 177.0)]
 [(594.0, 284.0), (546.0, 193.0), (632.0, 194.0), (306.0, 270.0), (739.0, 179.0)]
 [(576.0, 280.0), (538.0, 189.0), (683.0, 183.0), (307.0, 281.0), (745.0, 174.0)]
 [(593.0, 264.0), (542.0, 184.0), (654.0, 194.0), (280.0, 260.0), (701.0, 193.0)]
 [(608.0, 283.0), (557.0, 184.0), (660.0, 186.0), (299.0, 282.0), (736.0, 193.0)]
 [(625.0, 273.0), (576.0, 190.0), (634.0, 193.0), (309.0, 278.0), (713.0, 189.0)]
 [(684.0, 271.0), (585.0, 184.0), (618.0, 194.0), (299.0, 265.0), (737.0, 175.0)]
 [(680.0, 267.0), (578.0, 182.0), (619.0, 185.0), (300.0, 286.0), (698.0, 180.0)]
 [(675.0, 267.0), (547.0, 192.0), (668.0, 189.0), (283.0, 265.0), (700.0, 178.0)]
 [(718.0, 282.0), (581.0, 186.0), (620.0, 184.0), (298.0, 263.0), (702.0, 190.0)]
 [(694.0, 271.0), (572.0, 178.0), (652.0, 189.0), (286.0, 277.0), (727.0, 174.0)]
 [(694.0, 283.0), (579.0, 182.0), (658.0, 195.0), (307.0, 279.0), (746.0, 190.0)]
 [(727.0, 268.0), (569.0, 192.0), (621.0, 182.0), (313.0, 272.0), (695.0, 182.0)]
 [(734.0, 271.0), (567.0, 178.0), (638.0, 190.0), (290.0, 285.0), (752.0, 186.0)]
 [(734.0, 260.0), (520.0, 186.0), (655.0, 193.0), (304.0, 275.0), (728.0, 174.0)]
 [(769.0, 261.0), (572.0, 177.0), (671.0, 183.0), (306.0, 286.0), (735.0, 178.0)]
 [(800.0, 275.0), (547.0, 193.0), (613.0, 196.0), (305.0, 260.0), (695.0, 186.0)]
 [(764.0, 273.0), (539.0, 190.0), (639.0, 195.0), (296.0, 282.0), (754.0, 178.0)]
 [(769.0, 271.0), (559.0, 195.0), (631.0, 196.0), (321.0, 284.0), (693.0, 184.0)]
 [(840.0, 267.0), (538.0, 195.0), (636.0, 186.0), (321.0, 281.0), (719.0, 176.0)]
 [(809.0, 273.0), (567.0, 193.0), (639.0, 187.0), (321.0, 258.0), (744.0, 176.0)]
 [(890.0, 282.0), (546.0, 190.0), (636.0, 182.0), (315.0, 286.0), (718.0, 189.0)]
 [(901.0, 270.0), (520.0, 182.0), (616.0, 188.0), (299.0, 277.0), (703.0, 193.0)]
 [(879.0, 259.0), (533.0, 183.0), (621.0, 190.0), (319.0, 278.0), (696.0, 181.0)]
 [(894.0, 283.0), (538.0, 192.0), (628.0, 188.0), (304.0, 280.0), (707.0, 180.0)]
 [(937.0, 272.0), (527.0, 179.0), (664.0, 184.0), (331.0, 265.0), (716.0, 178.0)]
 [(951.0, 283.0), (536.0, 183.0), (641.0, 197.0), (312.0, 280.0), (713.0, 190.0)]
 [(898.0, 284.0), (510.0, 177.0), (632.0, 192.0), (314.0, 275.0), (736.0, 190.0)]
 [(935.0, 261.0), (559.0, 193.0), (609.0, 186.0), (322.0, 273.0)]
 [(531.0, 195.0), (630.0, 179.0), (309.0, 261.0), (682.0, 184.0), ]
 [(530.0, 182.0), (574.0, 191.0), (308.0, 266.0), (714.0, 183.0), (864.0, 186.0)]
 [(506.0, 183.0), (595.0, 187.0), (320.0, 263.0), (709.0, 186.0), (791.0, 182.0)]
 [(528.0, 191.0), (605.0, 188.0), (312.0, 271.0), (672.0, 179.0), (802.0, 188.0)]
 [(482.0, 185.0), (570.0, 181.0), (327.0, 283.0), (644.0, 177.0), (736.0, 186.0)]
 [(506.0, 180.0), (564.0, 179.0), (330.0, 278.0), (706.0, 177.0), (767.0, 184.0)]
 [(489.0, 187.0), (558.0, 193.0), (334.0, 271.0), (659.0, 192.0), (724.0, 187.0)]
 [(480.0, 182.0), (561.0, 179.0), (314.0, 283.0), (647.0, 189.0), (744.0, 186.0)]
 [(484.0, 178.0), (572.0, 194.0), (320.0, 268.0), (707.0, 178.0), (768.0, 185.0)]
 [(466.0, 194.0), (570.0, 183.0), (318.0, 267.0), (702.0, 175.0), (732.0, 184.0)]
 [(447.0, 195.0), (595.0, 189.0), (333.0, 270.0), (702.0, 182.0), (756.0, 176.0)]
 [(460.0, 179.0), (532.0, 197.0), (328.0, 261.0), (625.0, 193.0), (745.0, 180.0)]
 [(464.0, 180.0), (537.0, 192.0), (332.0, 265.0), (634.0, 188.0), (701.0, 182.0)]
 [(453.0, 177.0), (517.0, 194.0), (326.0, 260.0), (621.0, 187.0), (692.0, 177.0)]
 [(437.0, 187.0), (512.0, 187.0), (330.0, 272.0), (639.0, 188.0), (761.0, 180.0)]
 [(438.0, 193.0), (540.0, 180.0), (327.0, 263.0), (604.0, 178.0), (737.0, 187.0)]
 [(461.0, 185.0), (500.0, 186.0), (332.0, 282.0), (603.0, 183.0), (675.0, 176.0)]
 [(426.0, 194.0), (533.0, 184.0), (357.0, 271.0), (634.0, 179.0), (708.0, 172.0)]
 [(431.0, 194.0), (486.0, 184.0), (356.0, 266.0), (596.0, 182.0), (672.0, 172.0)]
 [(427.0, 183.0), (533.0, 185.0), (330.0, 279.0), (602.0, 181.0), (704.0, 176.0)]
 [(400.0, 190.0), (525.0, 181.0), (354.0, 259.0), (592.0, 187.0), (664.0, 178.0)]
 [(403.0, 181.0), (510.0, 178.0), (354.0, 266.0), (587.0, 177.0), (666.0, 182.0)]
 [(426.0, 177.0), (496.0, 190.0), (332.0, 284.0), (560.0, 185.0), (642.0, 177.0)]
 [(408.0, 195.0), (480.0, 195.0), (359.0, 271.0), (545.0, 192.0), (649.0, 171.0)]
 [(380.0, 189.0), (461.0, 185.0), (336.0, 266.0), (568.0, 186.0), (657.0, 176.0)]
 [(388.0, 195.0), (467.0, 196.0), (356.0, 269.0), (595.0, 175.0), (650.0, 172.0)]
 [(378.0, 184.0), (491.0, 195.0), (367.0, 273.0), (588.0, 191.0), (690.0, 183.0)]
 [(388.0, 188.0), (475.0, 184.0), (344.0, 286.0), (563.0, 188.0), (645.0, 170.0)]
 [(390.0, 181.0), (430.0, 197.0), (339.0, 267.0), (517.0, 191.0), (662.0, 188.0)]
 [(374.0, 179.0), (438.0, 197.0), (350.0, 264.0), (536.0, 188.0), (647.0, 170.0)]
 [(363.0, 187.0), (434.0, 190.0), (360.0, 286.0), (508.0, 177.0), (604.0, 178.0)]
 [(367.0, 184.0), (453.0, 183.0), (347.0, 281.0), (557.0, 185.0), (650.0, 187.0)]
 [(352.0, 189.0), (462.0, 183.0), (358.0, 274.0), (524.0, 178.0), (617.0, 184.0)]
 [(346.0, 186.0), (465.0, 187.0), (361.0, 277.0), (505.0, 182.0), (598.0, 186.0)]
 [(341.0, 182.0), (421.0, 183.0), (368.0, 265.0), (522.0, 190.0), (623.0, 175.0)]
 [(344.0, 188.0), (406.0, 187.0), (368.0, 267.0), (474.0, 186.0), (586.0, 186.0)]
 [(334.0, 187.0), (404.0, 181.0), (366.0, 284.0), (508.0, 177.0), (542.0, 177.0)]
 [(323.0, 179.0), (427.0, 193.0), (378.0, 267.0), (486.0, 191.0), (539.0, 182.0)]
 [(308.0, 183.0), (418.0, 179.0), (373.0, 270.0), (510.0, 181.0), (548.0, 170.0)]
 [(332.0, 183.0), (405.0, 193.0), (372.0, 265.0), (493.0, 184.0), (545.0, 175.0)]
 [(310.0, 177.0), (396.0, 190.0), (345.0, 279.0), (510.0, 178.0), (570.0, 175.0)]
 [(322.0, 187.0), (391.0, 179.0), (384.0, 263.0), (511.0, 178.0), (555.0, 174.0)]
 [(292.0, 184.0), (372.0, 179.0), (350.0, 271.0), (464.0, 178.0), (560.0, 183.0)]
 [(287.0, 183.0), (401.0, 188.0), (354.0, 285.0), (485.0, 183.0), (550.0, 178.0)]
 [(290.0, 189.0), (390.0, 186.0), (354.0, 262.0), (471.0, 187.0), (539.0, 178.0)]
 [(276.0, 183.0), (356.0, 189.0), (385.0, 280.0), (447.0, 193.0), (512.0, 178.0)]
 [(295.0, 187.0), (374.0, 178.0), (354.0, 264.0), (443.0, 193.0), (532.0, 173.0)]
 [(289.0, 190.0), (377.0, 196.0), (365.0, 260.0), (452.0, 178.0), (511.0, 173.0)]
 [(275.0, 182.0), (340.0, 179.0), (375.0, 277.0), (466.0, 189.0), (511.0, 183.0)]
 [(261.0, 193.0), (359.0, 181.0), (360.0, 267.0), (443.0, 186.0), (502.0, 174.0)]
 [(250.0, 194.0), (356.0, 195.0), (362.0, 272.0), (444.0, 185.0), (552.0, 174.0)]
 [(257.0, 178.0), (337.0, 181.0), (386.0, 282.0), (437.0, 193.0), (476.0, 173.0)]
 [(242.0, 192.0), (315.0, 183.0), (379.0, 269.0), (422.0, 192.0), (519.0, 177.0)]
 [(246.0, 195.0), (331.0, 194.0), (391.0, 278.0), (437.0, 185.0), (486.0, 185.0)]
 [(232.0, 195.0), (343.0, 184.0), (361.0, 266.0), (411.0, 178.0), (474.0, 187.0)]
 [(229.0, 181.0), (327.0, 183.0), (374.0, 264.0), (435.0, 178.0), (518.0, 176.0)]
 [(231.0, 195.0), (332.0, 196.0), (362.0, 268.0), (403.0, 176.0), (515.0, 177.0)]
 [(226.0, 181.0), (304.0, 194.0), (387.0, 276.0), (419.0, 181.0), (500.0, 182.0)]
 [(217.0, 179.0), (304.0, 196.0), (385.0, 278.0), (405.0, 179.0), (492.0, 179.0)]
 [(202.0, 184.0), (291.0, 179.0), (369.0, 277.0), (421.0, 175.0), (510.0, 182.0)]
 [(197.0, 180.0), (298.0, 187.0), (402.0, 282.0), (395.0, 178.0), (467.0, 182.0)]
 [(193.0, 179.0), (299.0, 186.0), (385.0, 271.0), (426.0, 185.0), (479.0, 179.0)]
 [(206.0, 178.0), (264.0, 192.0), (369.0, 279.0), (419.0, 175.0), (508.0, 189.0)]
 [(188.0, 187.0), (266.0, 193.0), (370.0, 283.0), (412.0, 193.0), (490.0, 177.0)]
 [(179.0, 190.0), (273.0, 183.0), (398.0, 264.0), (388.0, 184.0), (476.0, 182.0)]
 [(185.0, 192.0), (265.0, 197.0), (409.0, 280.0), (422.0, 188.0), (501.0, 173.0)]
 [(182.0, 184.0), (257.0, 195.0), (372.0, 266.0), (413.0, 174.0), (508.0, 179.0)]
 [(166.0, 186.0), (276.0, 180.0), (376.0, 267.0), (391.0, 180.0), (497.0, 185.0)]
 [(173.0, 180.0), (239.0, 187.0), (386.0, 278.0), (411.0, 182.0), (468.0, 177.0)]
 [(160.0, 186.0), (241.0, 188.0), (407.0, 267.0), (401.0, 176.0), (459.0, 181.0)]
 [(149.0, 188.0), (244.0, 186.0), (399.0, 261.0), (388.0, 187.0), (501.0, 180.0)]
 [(151.0, 189.0), (236.0, 190.0), (385.0, 277.0), (402.0, 192.0), (475.0, 171.0)]
 [(143.0, 184.0), (224.0, 178.0), (396.0, 263.0), (404.0, 191.0), (482.0, 188.0)]
 [(140.0, 182.0), (244.0, 184.0), (405.0, 284.0), (407.0, 175.0), (471.0, 173.0)]
 [(136.0, 184.0), (199.0, 181.0), (442.0, 275.0), (413.0, 186.0), (501.0, 176.0)]
 [(133.0, 189.0), (207.0, 188.0), (460.0, 262.0), (382.0, 182.0), (491.0, 183.0)]
 [(121.0, 179.0), (206.0, 187.0), (461.0, 285.0), (378.0, 180.0), (450.0, 182.0)]
 [(112.0, 187.0), (205.0, 193.0), (501.0, 262.0), (374.0, 175.0), (488.0, 181.0)]
 [(107.0, 181.0), (198.0, 185.0), (554.0, 277.0), (397.0, 190.0), (468.0, 178.0)]
 [(106.0, 176.0), (201.0, 185.0), (541.0, 259.0), (404.0, 175.0), (495.0, 182.0)]
 [(102.0, 185.0), (171.0, 184.0), (574.0, 274.0), (378.0, 185.0), (465.0, 179.0)]
 [(91.0, 176.0), (184.0, 195.0), (602.0, 271.0), (394.0, 182.0), (459.0, 185.0)]
 [(86.0, 176.0), (178.0, 190.0), (643.0, 272.0), (381.0, 189.0), (458.0, 180.0)]
 [(81.0, 176.0), (175.0, 186.0), (663.0, 263.0), (396.0, 179.0), (469.0, 185.0)]
 [(76.0, 176.0), (176.0, 189.0), (678.0, 272.0), (370.0, 177.0), (480.0, 180.0)]
 [(71.0, 176.0), (153.0, 187.0), (697.0, 272.0), (380.0, 191.0), (445.0, 179.0)]
 [(66.0, 176.0), (141.0, 185.0), (721.0, 260.0), (384.0, 178.0), (439.0, 179.0)]
 [(61.0, 176.0), (139.0, 186.0), (758.0, 263.0), (401.0, 179.0), (475.0, 172.0)]
 [(56.0, 176.0), (143.0, 179.0), (762.0, 272.0), (390.0, 180.0), (472.0, 175.0)]
 [(51.0, 176.0), (152.0, 188.0), (859.0, 267.0), (376.0, 182.0), (438.0, 174.0)]
 [(46.0, 176.0), (144.0, 183.0), (806.0, 272.0), (397.0, 193.0), (441.0, 187.0)]
 [(41.0, 176.0), (120.0, 183.0), (906.0, 279.0), (374.0, 183.0), (435.0, 184.0)]
 [(36.0, 176.0), (123.0, 184.0), (893.0, 284.0), (396.0, 190.0), (479.0, 178.0)]
 [(31.0, 176.0), (116.0, 180.0), (938.0, 276.0), (390.0, 186.0)]
 [(118.0, 188.0), (959.0, 278.0), (380.0, 175.0), (432.0, 180.0)]
 [(318.0, 183.0), (417.0, 177.0), (272.0, 261.0), (827.0, 193.0)]
 [(279.0, 182.0), (355.0, 181.0), (289.0, 279.0), (782.0, 179.0)]
 [(246.0, 184.0), (326.0, 184.0), (272.0, 265.0), (814.0, 182.0)]
 [(220.0, 176.0), (328.0, 175.0), (293.0, 284.0), (760.0, 177.0)]
 [(194.0, 192.0), (290.0, 184.0), (291.0, 265.0), (760.0, 191.0)]
 [(160.0, 187.0), (258.0, 178.0), (299.0, 281.0), (720.0, 187.0)]
 [(129.0, 187.0), (234.0, 178.0), (281.0, 265.0), (668.0, 188.0)]
 [(102.0, 186.0), (206.0, 180.0), (285.0, 261.0), (617.0, 195.0)]
 [(64.0, 174.0), (182.0, 179.0), (293.0, 278.0), (619.0, 182.0)]
 [(35.0, 174.0), (146.0, 175.0), (289.0, 273.0)]
 [(122.0, 185.0), (325.0, 259.0), (567.0, 186.0)]
 [(92.0, 170.0), (328.0, 277.0), (530.0, 184.0)]
 [(66.0, 170.0), (365.0, 272.0), (471.0, 189.0)]
 [(40.0, 170.0), (395.0, 258.0)]
 [(403.0, 283.0), (443.0, 195.0), ]
 [(479.0, 273.0), (415.0, 190.0), (287.0, 275.0)]
 [(472.0, 268.0), (433.0, 176.0), (277.0, 270.0)]
 [(527.0, 279.0), (427.0, 190.0), (273.0, 282.0)]
 [(533.0, 276.0), (435.0, 182.0), (279.0, 279.0)]
 [(557.0, 258.0), (401.0, 182.0), (278.0, 276.0)]
 [(595.0, 275.0), (419.0, 188.0), (292.0, 266.0)]
 [(602.0, 272.0), (403.0, 195.0), (289.0, 274.0)]
 [(611.0, 268.0), (413.0, 178.0), (273.0, 259.0)]
 [(647.0, 275.0), (411.0, 183.0), (287.0, 275.0)]
 [(705.0, 273.0), (406.0, 184.0), (276.0, 280.0)]
 [(680.0, 258.0), (419.0, 178.0), (286.0, 284.0)]
 [(723.0, 265.0), (416.0, 181.0), (285.0, 258.0)]
 [(726.0, 270.0), (420.0, 176.0), (296.0, 282.0)]
 [(802.0, 258.0), (432.0, 180.0), (307.0, 271.0)]
 [(803.0, 278.0), (396.0, 185.0), (295.0, 269.0)]
 [(832.0, 266.0), (401.0, 188.0), (289.0, 262.0)]
 [(857.0, 284.0), (416.0, 189.0), (292.0, 277.0)]
 [(901.0, 268.0), (413.0, 183.0), (302.0, 271.0)]
 [(876.0, 280.0), (419.0, 192.0), (304.0, 265.0)]
 [(898.0, 280.0), (412.0, 180.0)]
 [(385.0, 191.0), (298.0, 269.0)]
 [(364.0, 181.0), (296.0, 281.0)]
 [(301.0, 187.0), (299.0, 266.0)]
 [(279.0, 188.0), (315.0, 260.0)]
 [(247.0, 188.0), (293.0, 277.0)]
 [(225.0, 184.0), (297.0, 258.0)]
 [(200.0, 185.0), (298.0, 265.0)]
 [(168.0, 185.0), (322.0, 265.0)]
 [(136.0, 191.0), (300.0, 283.0)]
 [(109.0, 184.0), (309.0, 279.0)]
 [(76.0, 176.0), (340.0, 275.0)]
 [(48.0, 176.0)]
 [(330.0, 267.0)]
 [(328.0, 283.0)]
 [(344.0, 268.0)]
 [(350.0, 286.0)]
 [(355.0, 263.0)]
 [(362.0, 261.0)]
 [(383.0, 269.0)]
 [(366.0, 280.0)]
 [(371.0, 270.0)]
 [(380.0, 280.0)]
 [(390.0, 270.0)]
 [(375.0, 278.0)]
 [(389.0, 276.0)]
 [(395.0, 282.0)]
 [(419.0, 265.0)]
 [(405.0, 268.0)]
 [(440.0, 271.0)]
 [(419.0, 260.0), ]
 [(416.0, 269.0), (273.0, 278.0)]
 [(429.0, 269.0), (271.0, 279.0)]
 [(422.0, 266.0), (286.0, 280.0)]
 [(430.0, 264.0), (290.0, 255.0)]
 [(471.0, 282.0), (281.0, 279.0)]
 [(451.0, 274.0), (278.0, 264.0)]
 [(464.0, 264.0), (292.0, 256.0)]
 [(468.0, 260.0), (286.0, 276.0)]
 [(454.0, 285.0), (277.0, 276.0)]
 [(487.0, 270.0), (287.0, 268.0)]
 [(509.0, 272.0), (288.0, 260.0)]
 [(469.0, 270.0), (303.0, 281.0)]
 [(507.0, 271.0), (285.0, 264.0)]
 [(504.0, 264.0), (307.0, 267.0)]
 [(498.0, 282.0), (281.0, 269.0)]
 [(488.0, 276.0), (298.0, 277.0)]
 [(503.0, 281.0), (293.0, 259.0)]
 [(523.0, 285.0), (297.0, 263.0)]
 [(533.0, 262.0), (292.0, 279.0)]
 [(558.0, 269.0), (288.0, 272.0)]
 [(534.0, 286.0), (295.0, 281.0)]
 [(553.0, 282.0), (314.0, 262.0)]
 [(527.0, 276.0), (313.0, 279.0)]
 [(577.0, 276.0), (308.0, 278.0)]
 [(549.0, 274.0), (289.0, 266.0)]
 [(554.0, 281.0), (321.0, 271.0)]
 [(583.0, 271.0), (322.0, 275.0)]
 [(569.0, 270.0), (319.0, 262.0)]
 [(575.0, 266.0), (325.0, 275.0)]
 [(578.0, 277.0), (325.0, 259.0)]
 [(586.0, 273.0), (327.0, 257.0)]
 [(608.0, 263.0), (297.0, 266.0)]
 [(573.0, 272.0), (301.0, 254.0)]
 [(625.0, 266.0), (312.0, 261.0)]
 [(616.0, 267.0), (315.0, 261.0)]
 [(603.0, 266.0), (322.0, 281.0)]
 [(619.0, 281.0), (311.0, 272.0)]
 [(601.0, 274.0), (333.0, 266.0)]
 [(655.0, 279.0), (324.0, 255.0)]
 [(657.0, 276.0), (311.0, 271.0)]
 [(648.0, 271.0), (325.0, 276.0)]
 [(682.0, 275.0), (307.0, 267.0)]
 [(673.0, 270.0), (330.0, 275.0)]
 [(695.0, 286.0), (313.0, 272.0)]
 [(685.0, 266.0), (312.0, 259.0)]
 [(664.0, 263.0), (316.0, 266.0)]
 [(711.0, 258.0), (326.0, 255.0)]
 [(694.0, 265.0), (341.0, 265.0)]
 [(669.0, 285.0), (325.0, 268.0)]
 [(691.0, 278.0), (322.0, 279.0)]
 [(732.0, 260.0), (338.0, 257.0)]
 [(685.0, 265.0), (317.0, 265.0)]
 [(681.0, 283.0), (344.0, 258.0)]
 [(749.0, 273.0), (350.0, 263.0)]
 [(690.0, 259.0), (345.0, 271.0)]
 [(711.0, 274.0), (334.0, 257.0)]
 [(696.0, 278.0), (321.0, 260.0)]
 [(719.0, 278.0), (327.0, 257.0)]
 [(753.0, 286.0), (336.0, 275.0)]
 [(728.0, 273.0), (325.0, 263.0)]
 [(713.0, 264.0), (336.0, 281.0)]
 [(785.0, 270.0), (343.0, 272.0)]
 [(724.0, 286.0), (354.0, 270.0)]
 [(741.0, 270.0), (360.0, 281.0)]
 [(747.0, 262.0), (337.0, 263.0)]
 [(774.0, 265.0), (330.0, 261.0)]
 [(789.0, 259.0), (358.0, 272.0)]
 [(797.0, 277.0), (367.0, 269.0)]
 [(764.0, 268.0), (354.0, 269.0)]
 [(820.0, 283.0), (364.0, 277.0)]
 [(822.0, 259.0), (349.0, 270.0)]
 [(835.0, 268.0), (350.0, 264.0)]
 [(781.0, 260.0), (339.0, 271.0)]
 [(824.0, 265.0), (353.0, 260.0)]
 [(787.0, 263.0), (362.0, 272.0)]
 [(833.0, 260.0), (371.0, 273.0)]
 [(827.0, 273.0), (368.0, 269.0)]
 [(803.0, 278.0), (348.0, 263.0)]
 [(850.0, 285.0), (358.0, 272.0)]
 [(894.0, 259.0), (378.0, 267.0)]
 [(872.0, 274.0), (374.0, 258.0)]
 [(863.0, 275.0), (369.0, 261.0)]
 [(903.0, 281.0), (385.0, 270.0)]
 [(877.0, 275.0), (367.0, 271.0)]
 [(913.0, 258.0), (349.0, 255.0)]
 [(880.0, 281.0), (372.0, 260.0)]
 [(869.0, 278.0), (379.0, 274.0)]
 [(901.0, 286.0), (354.0, 281.0)]
 [(904.0, 272.0), (380.0, 271.0)]
 [(860.0, 259.0), (355.0, 264.0)]
 [(949.0, 259.0), (365.0, 261.0)]
 [(958.0, 266.0), (367.0, 258.0)]
 [(945.0, 266.0), (375.0, 264.0)]
 [(905.0, 277.0), (387.0, 274.0)]
 [(945.0, 285.0), (370.0, 256.0)]
 [(957.0, 274.0)]
 [(413.0, 256.0)]
 [(433.0, 261.0), ]
 [(514.0, 278.0), (287.0, 279.0), (799.0, 170.0)]
 [(536.0, 256.0), (285.0, 258.0), (797.0, 183.0)]
 [(558.0, 263.0), (280.0, 257.0), (805.0, 176.0)]
 [(633.0, 268.0), (275.0, 265.0), (787.0, 178.0)]
 [(669.0, 279.0), (278.0, 268.0), (743.0, 185.0)]
 [(708.0, 255.0), (280.0, 261.0), (719.0, 176.0)]
 [(712.0, 254.0), (278.0, 278.0), (676.0, 171.0)]
 [(765.0, 265.0), (296.0, 264.0), (676.0, 179.0)]
 [(759.0, 267.0), (300.0, 263.0), (705.0, 170.0)]
 [(810.0, 261.0), (286.0, 262.0), (685.0, 183.0)]
 [(816.0, 258.0), (300.0, 275.0), (682.0, 180.0)]
 [(887.0, 258.0), (305.0, 263.0), (693.0, 174.0)]
 [(846.0, 258.0), (283.0, 258.0), (664.0, 172.0)]
 [(898.0, 261.0), (280.0, 276.0)]
 [(317.0, 268.0), (684.0, 187.0)]
 [(336.0, 279.0), (629.0, 172.0)]
 [(355.0, 259.0), (600.0, 183.0)]
 [(389.0, 263.0), (598.0, 184.0)]
 [(430.0, 268.0), (553.0, 183.0), ]
 [(493.0, 258.0), (510.0, 179.0), (288.0, 263.0), (860.0, 184.0)]
 [(517.0, 265.0), (466.0, 171.0), (287.0, 258.0), (841.0, 186.0)]
 [(548.0, 264.0), (514.0, 180.0), (293.0, 268.0), (825.0, 179.0)]
 [(566.0, 276.0), (488.0, 175.0), (271.0, 258.0), (790.0, 177.0)]
 [(599.0, 261.0), (468.0, 175.0), (283.0, 261.0), (796.0, 192.0)]
 [(603.0, 280.0), (503.0, 187.0), (275.0, 265.0), (811.0, 191.0)]
 [(613.0, 267.0), (490.0, 183.0), (280.0, 265.0), (766.0, 191.0)]
 [(609.0, 265.0), (467.0, 174.0), (279.0, 276.0), (783.0, 177.0)]
 [(656.0, 266.0), (506.0, 175.0), (279.0, 286.0), (819.0, 191.0)]
 [(668.0, 276.0), (473.0, 171.0), (282.0, 284.0), (739.0, 192.0)]
 [(746.0, 282.0), (465.0, 173.0), (282.0, 279.0), (783.0, 176.0), ]
 [(758.0, 267.0), (469.0, 177.0), (295.0, 263.0), (737.0, 187.0), (851.0, 182.0)]
 [(772.0, 263.0), (469.0, 176.0), (286.0, 258.0), (755.0, 179.0), (808.0, 180.0)]
 [(828.0, 260.0), (479.0, 184.0), (299.0, 281.0), (718.0, 180.0), (865.0, 172.0)]
 [(835.0, 262.0), (497.0, 174.0), (300.0, 270.0), (737.0, 188.0), (815.0, 175.0)]
 [(866.0, 271.0), (493.0, 188.0), (292.0, 276.0), (742.0, 187.0), (832.0, 183.0)]
 [(833.0, 257.0), (461.0, 174.0), (309.0, 276.0), (771.0, 177.0), (844.0, 177.0)]
 [(857.0, 255.0), (484.0, 188.0), (310.0, 263.0), (726.0, 181.0), (810.0, 179.0)]
 [(919.0, 277.0), (462.0, 182.0), (297.0, 260.0), (762.0, 178.0)]
 [(438.0, 185.0), (291.0, 265.0), (772.0, 192.0), (834.0, 174.0)]
 [(425.0, 174.0), (311.0, 281.0), (728.0, 185.0), (847.0, 189.0)]
 [(387.0, 185.0), (290.0, 260.0), (694.0, 189.0), (801.0, 188.0)]
 [(372.0, 186.0), (289.0, 265.0), (723.0, 189.0), (796.0, 177.0)]
 [(316.0, 183.0), (310.0, 268.0), (695.0, 176.0), (811.0, 186.0)]
 [(299.0, 184.0), (298.0, 281.0), (657.0, 190.0), (813.0, 172.0)]
 [(277.0, 184.0), (323.0, 260.0), (680.0, 176.0), (752.0, 182.0)]
 [(234.0, 181.0), (324.0, 284.0), (645.0, 184.0), (777.0, 188.0)]
 [(215.0, 180.0), (321.0, 272.0), (648.0, 180.0), (714.0, 182.0)]
 [(179.0, 178.0), (320.0, 277.0), (665.0, 179.0), (759.0, 184.0)]
 [(151.0, 172.0), (305.0, 262.0), (640.0, 185.0), (744.0, 174.0)]
 [(128.0, 176.0), (351.0, 272.0), (656.0, 184.0), (719.0, 173.0)]
 [(101.0, 177.0), (353.0, 264.0), (648.0, 184.0), (742.0, 179.0)]
 [(68.0, 170.0), (362.0, 274.0), (587.0, 187.0), (672.0, 181.0)]
 [(41.0, 170.0), (381.0, 272.0), (575.0, 190.0), (667.0, 170.0), ]
 [(467.0, 277.0), (602.0, 176.0), (687.0, 185.0), (280.0, 266.0), (858.0, 175.0)]
 [(493.0, 273.0), (553.0, 183.0), (640.0, 183.0), (277.0, 266.0), (824.0, 187.0)]
 [(506.0, 277.0), (542.0, 179.0), (620.0, 183.0), (270.0, 265.0), (803.0, 178.0)]
 [(524.0, 266.0), (548.0, 190.0), (649.0, 188.0), (284.0, 270.0), (766.0, 178.0)]
 [(560.0, 284.0), (528.0, 182.0), (662.0, 174.0), (271.0, 268.0), (768.0, 186.0)]
 [(550.0, 272.0), (567.0, 179.0), (619.0, 171.0), (276.0, 262.0), (686.0, 178.0)]
 [(621.0, 284.0), (528.0, 182.0), (649.0, 182.0), (295.0, 281.0), (752.0, 175.0)]
 [(598.0, 275.0), (519.0, 178.0), (630.0, 171.0), (282.0, 283.0), (753.0, 174.0)]
 [(665.0, 278.0), (563.0, 191.0), (662.0, 176.0), (302.0, 280.0), (679.0, 185.0)]
 [(687.0, 271.0), (516.0, 177.0), (632.0, 176.0), (289.0, 263.0), (678.0, 188.0)]
 [(657.0, 262.0), (537.0, 181.0), (628.0, 186.0), (299.0, 281.0), (706.0, 174.0)]
 [(693.0, 277.0), (560.0, 179.0), (651.0, 171.0), (294.0, 269.0), (743.0, 184.0)]
 [(696.0, 259.0), (523.0, 189.0), (605.0, 181.0), (309.0, 284.0), (687.0, 190.0)]
 [(724.0, 276.0), (542.0, 180.0), (659.0, 179.0), (302.0, 277.0), (685.0, 177.0)]
 [(745.0, 277.0), (563.0, 180.0), (604.0, 173.0), (307.0, 261.0), (737.0, 173.0)]
 [(811.0, 266.0), (527.0, 175.0), (622.0, 184.0), (294.0, 262.0), (733.0, 172.0)]
 [(831.0, 276.0), (553.0, 179.0), (609.0, 180.0), (296.0, 279.0), (703.0, 189.0)]
 [(864.0, 269.0), (536.0, 183.0), (649.0, 177.0), (301.0, 268.0), (680.0, 176.0)]
 [(882.0, 270.0), (544.0, 178.0), (639.0, 188.0), (301.0, 271.0), (692.0, 182.0)]
 [(896.0, 277.0), (557.0, 182.0), (627.0, 174.0), (296.0, 283.0), (727.0, 173.0)]
 [(925.0, 283.0), (520.0, 185.0), (620.0, 186.0), (313.0, 263.0), (683.0, 189.0)]
 [(973.0, 284.0), (535.0, 185.0), (593.0, 180.0), (293.0, 263.0)]
 [(544.0, 192.0), (601.0, 188.0), (317.0, 270.0), (700.0, 183.0), ]
 [(485.0, 181.0), (617.0, 178.0), (315.0, 264.0), (696.0, 176.0), (867.0, 180.0)]
 [(487.0, 186.0), (598.0, 181.0), (314.0, 280.0), (667.0, 187.0), (805.0, 187.0)]
 [(459.0, 186.0), (560.0, 181.0), (302.0, 273.0), (631.0, 182.0), (750.0, 189.0)]
 [(478.0, 189.0), (534.0, 180.0), (311.0, 276.0), (632.0, 189.0), (793.0, 181.0)]
 [(448.0, 186.0), (576.0, 172.0), (317.0, 263.0), (642.0, 181.0), (727.0, 177.0)]
 [(430.0, 180.0), (529.0, 185.0), (300.0, 274.0), (625.0, 176.0), (729.0, 175.0)]
 [(439.0, 189.0), (525.0, 179.0), (308.0, 273.0), (612.0, 191.0), (737.0, 179.0)]
 [(426.0, 174.0), (507.0, 177.0), (297.0, 267.0), (599.0, 182.0), (689.0, 174.0)]
 [(428.0, 183.0), (529.0, 185.0), (307.0, 286.0), (573.0, 173.0), (670.0, 179.0)]
 [(413.0, 176.0), (503.0, 173.0), (307.0, 276.0), (606.0, 183.0), (669.0, 186.0)]
 [(399.0, 183.0), (505.0, 183.0), (315.0, 258.0), (605.0, 176.0), (711.0, 179.0)]
 [(385.0, 188.0), (482.0, 178.0), (325.0, 272.0), (574.0, 189.0), (669.0, 171.0)]
 [(405.0, 188.0), (466.0, 184.0), (328.0, 271.0), (563.0, 180.0), (637.0, 176.0)]
 [(396.0, 184.0), (483.0, 180.0), (330.0, 281.0), (588.0, 179.0), (639.0, 174.0)]
 [(370.0, 185.0), (436.0, 182.0), (306.0, 268.0), (553.0, 176.0), (615.0, 182.0)]
 [(373.0, 179.0), (431.0, 173.0), (328.0, 259.0), (516.0, 190.0), (653.0, 179.0)]
 [(344.0, 190.0), (427.0, 183.0), (331.0, 273.0), (529.0, 183.0), (657.0, 179.0)]
 [(340.0, 189.0), (419.0, 184.0), (341.0, 259.0), (534.0, 174.0), (593.0, 177.0)]
 [(322.0, 182.0), (408.0, 178.0), (332.0, 283.0), (492.0, 176.0), (612.0, 188.0)]
 [(329.0, 185.0), (431.0, 186.0), (330.0, 272.0), (486.0, 187.0), (583.0, 180.0)]
 [(311.0, 176.0), (382.0, 175.0), (343.0, 267.0), (480.0, 187.0), (572.0, 179.0)]
 [(289.0, 188.0), (396.0, 181.0), (332.0, 276.0), (458.0, 172.0), (550.0, 183.0)]
 [(284.0, 177.0), (391.0, 176.0), (323.0, 284.0), (494.0, 180.0), (538.0, 174.0)]
 [(290.0, 189.0), (362.0, 178.0), (319.0, 260.0), (443.0, 182.0), (515.0, 171.0)]
 [(259.0, 176.0), (367.0, 176.0), (338.0, 284.0), (465.0, 185.0), (513.0, 187.0)]
 [(273.0, 181.0), (343.0, 181.0), (329.0, 266.0), (445.0, 181.0), (536.0, 182.0)]
 [(261.0, 188.0), (349.0, 174.0), (333.0, 282.0), (445.0, 186.0), (532.0, 187.0)]
 [(251.0, 183.0), (318.0, 171.0), (330.0, 269.0), (431.0, 186.0), (533.0, 187.0)]
 [(230.0, 192.0), (331.0, 179.0), (327.0, 280.0), (425.0, 175.0), (528.0, 173.0)]
 [(218.0, 191.0), (309.0, 183.0), (339.0, 269.0), (389.0, 174.0), (486.0, 189.0)]
 [(219.0, 192.0), (308.0, 173.0), (336.0, 282.0), (404.0, 182.0), (474.0, 185.0)]
 [(203.0, 182.0), (316.0, 178.0), (330.0, 272.0), (417.0, 176.0), (504.0, 183.0)]
 [(189.0, 187.0), (265.0, 177.0), (337.0, 277.0), (372.0, 178.0), (432.0, 186.0)]
 [(184.0, 189.0), (267.0, 185.0), (355.0, 275.0), (375.0, 180.0), (446.0, 181.0)]
 [(183.0, 181.0), (287.0, 175.0), (337.0, 263.0), (355.0, 177.0), (441.0, 183.0)]
 [(164.0, 181.0), (249.0, 177.0), (360.0, 280.0), (379.0, 185.0), (432.0, 181.0)]
 [(164.0, 189.0), (238.0, 179.0), (353.0, 279.0), (375.0, 184.0), (472.0, 171.0)]
 [(148.0, 190.0), (255.0, 177.0), (339.0, 269.0), (381.0, 177.0), (452.0, 185.0)]
 [(137.0, 176.0), (227.0, 172.0), (331.0, 277.0), (354.0, 182.0), (460.0, 185.0)]
 [(132.0, 174.0), (230.0, 180.0), (363.0, 276.0), (374.0, 188.0), (464.0, 185.0)]
 [(118.0, 185.0), (207.0, 177.0), (355.0, 280.0), (362.0, 189.0), (446.0, 182.0)]
 [(113.0, 182.0), (199.0, 182.0), (348.0, 262.0), (361.0, 179.0), (429.0, 171.0)]
 [(98.0, 186.0), (190.0, 187.0), (359.0, 263.0), (368.0, 178.0), (424.0, 181.0)]
 [(88.0, 174.0), (192.0, 182.0), (381.0, 285.0), (376.0, 185.0), (446.0, 173.0)]
 [(79.0, 174.0), (157.0, 171.0), (370.0, 267.0), (345.0, 174.0), (443.0, 175.0)]
 [(70.0, 174.0), (161.0, 182.0), (410.0, 260.0), (343.0, 188.0), (440.0, 183.0)]
 [(61.0, 174.0), (165.0, 178.0), (421.0, 267.0), (354.0, 184.0), (437.0, 182.0)]
 [(52.0, 174.0), (141.0, 184.0), (463.0, 284.0), (369.0, 181.0), (453.0, 176.0)]
 [(43.0, 174.0), (129.0, 177.0), (479.0, 264.0), (346.0, 179.0), (452.0, 186.0)]
 [(34.0, 174.0), (138.0, 183.0), (459.0, 286.0), (364.0, 191.0)]
 [(106.0, 181.0), (528.0, 284.0), (356.0, 177.0), (454.0, 183.0)]
 [(76.0, 170.0), (543.0, 282.0), (367.0, 191.0), (450.0, 181.0)]
 [(51.0, 170.0), (517.0, 262.0), (338.0, 183.0), (450.0, 172.0)]
 [(26.0, 170.0), (580.0, 265.0), (351.0, 180.0), (449.0, 187.0), ]
 [(638.0, 260.0), (362.0, 175.0), (432.0, 176.0), (290.0, 263.0), (822.0, 185.0)]
 [(637.0, 268.0), (331.0, 178.0), (433.0, 179.0), (274.0, 288.0), (845.0, 183.0)]
 [(686.0, 266.0), (353.0, 172.0), (448.0, 186.0), (273.0, 266.0), (880.0, 192.0)]
 [(653.0, 277.0), (359.0, 180.0), (426.0, 184.0), (287.0, 283.0), (873.0, 180.0)]
 [(677.0, 284.0), (335.0, 181.0), (426.0, 172.0), (291.0, 284.0), (800.0, 176.0)]
 [(708.0, 276.0), (338.0, 175.0), (415.0, 173.0), (285.0, 275.0), (819.0, 182.0)]
 [(719.0, 274.0), (358.0, 181.0), (427.0, 182.0), (293.0, 272.0), (786.0, 178.0)]
 [(744.0, 283.0), (335.0, 183.0), (430.0, 172.0), (294.0, 278.0), (854.0, 181.0)]
 [(750.0, 268.0), (350.0, 178.0), (439.0, 183.0), (276.0, 261.0), (801.0, 177.0)]
 [(807.0, 276.0), (327.0, 179.0), (406.0, 178.0), (285.0, 271.0), (773.0, 193.0)]
 [(835.0, 286.0), (327.0, 177.0), (438.0, 174.0), (292.0, 269.0), (846.0, 183.0)]
 [(837.0, 260.0), (350.0, 190.0), (439.0, 184.0), (283.0, 262.0), (773.0, 182.0)]
 [(846.0, 273.0), (353.0, 188.0), (404.0, 177.0), (308.0, 266.0), (794.0, 181.0)]
 [(818.0, 286.0), (334.0, 179.0), (418.0, 177.0), (300.0, 278.0), (841.0, 176.0)]
 [(917.0, 266.0), (321.0, 186.0), (404.0, 172.0), (298.0, 261.0), (779.0, 179.0)]
 [(893.0, 286.0), (339.0, 180.0), (435.0, 178.0), (295.0, 273.0), (783.0, 185.0)]
 [(919.0, 276.0), (346.0, 176.0), (396.0, 179.0), (288.0, 268.0)]
 [(307.0, 174.0), (386.0, 177.0), (296.0, 283.0), (784.0, 184.0)]
 [(280.0, 184.0), (345.0, 188.0), (290.0, 274.0), (794.0, 175.0)]
 [(264.0, 182.0), (327.0, 173.0), (309.0, 280.0), (742.0, 184.0)]
 [(239.0, 183.0), (315.0, 186.0), (290.0, 270.0), (767.0, 193.0)]
 [(197.0, 181.0), (290.0, 175.0), (306.0, 274.0), (729.0, 182.0)]
 [(173.0, 180.0), (261.0, 187.0), (296.0, 283.0), (769.0, 183.0)]
 [(148.0, 184.0), (224.0, 188.0), (292.0, 264.0), (734.0, 191.0), ]
 [(108.0, 187.0), (200.0, 186.0), (319.0, 284.0), (766.0, 183.0), (804.0, 186.0)]
 [(74.0, 172.0), (177.0, 182.0), (307.0, 282.0), (701.0, 177.0), (861.0, 175.0)]
 [(50.0, 172.0), (143.0, 184.0), (305.0, 282.0), (724.0, 191.0), (859.0, 181.0)]
 [(26.0, 172.0), (128.0, 181.0), (329.0, 280.0), (725.0, 182.0)]
 [(91.0, 170.0), (357.0, 272.0), (711.0, 192.0), (835.0, 188.0)]
