 []
 [(889.0, 197.0), (363.0, 276.0)]
 [(815.0, 196.0), (283.0, 287.0)]
 [(866.0, 195.0), (358.0, 262.0)]
 [(964.0, 184.0), (359.0, 273.0)]
 [(1049.0, 189.0), (363.0, 287.0)]
 [(953.0, 202.0), (339.0, 292.0)]
 [(831.0, 204.0), (304.0, 275.0)]
 [(964.0, 199.0), (302.0, 258.0)]
 [(995.0, 201.0), (334.0, 267.0)]
 [(838.0, 202.0), (304.0, 288.0)]
 [(867.0, 184.0), (338.0, 290.0)]
 [(659.0, 180.0), (399.0, 274.0)]
 [(744.0, 179.0), (397.0, 274.0)]
 [(800.0, 201.0), (402.0, 263.0)]
 [(695.0, 188.0), (371.0, 284.0)]
 [(672.0, 196.0), (329.0, 288.0)]
 [(662.0, 200.0), (315.0, 268.0)]
 [(743.0, 190.0), (336.0, 295.0)]
 [(781.0, 188.0), (409.0, 271.0)]
 [(797.0, 205.0), (359.0, 293.0)]
 [(556.0, 188.0), (349.0, 282.0)]
 [(722.0, 199.0), (399.0, 268.0)]
 [(730.0, 189.0), (348.0, 285.0)]
 [(519.0, 186.0), (382.0, 290.0)]
 [(622.0, 193.0), (306.0, 291.0)]
 [(621.0, 205.0), (321.0, 272.0)]
 [(513.0, 180.0), (315.0, 285.0)]
 [(470.0, 187.0), (336.0, 294.0)]
 [(556.0, 181.0), (414.0, 264.0)]
 [(483.0, 182.0), (341.0, 276.0)]
 [(528.0, 201.0), (320.0, 268.0)]
 [(559.0, 187.0), (358.0, 273.0)]
 [(407.0, 189.0), (390.0, 286.0)]
 [(405.0, 189.0), (411.0, 264.0)]
 [(389.0, 195.0), (340.0, 282.0)]
 [(465.0, 194.0), (389.0, 271.0)]
 [(479.0, 196.0), (410.0, 272.0)]
 [(318.0, 178.0), (306.0, 280.0)]
 [(305.0, 178.0), (428.0, 269.0)]
 [(292.0, 178.0), (421.0, 273.0)]
 [(279.0, 178.0), (326.0, 273.0)]
 [(266.0, 178.0), (350.0, 288.0)]
 [(253.0, 178.0), (313.0, 282.0)]
 [(240.0, 178.0), (321.0, 265.0)]
 [(227.0, 178.0), (320.0, 260.0)]
 [(214.0, 178.0), (369.0, 266.0)]
 [(201.0, 178.0), (323.0, 288.0)]
 [(188.0, 178.0), (362.0, 270.0)]
 [(175.0, 178.0), (424.0, 262.0)]
 [(162.0, 178.0), (363.0, 260.0)]
 [(149.0, 178.0), (390.0, 290.0)]
 [(136.0, 178.0), (402.0, 291.0)]
 [(123.0, 178.0), (391.0, 269.0)]
 [(110.0, 178.0), (487.0, 285.0)]
 [(97.0, 178.0), (448.0, 286.0)]
 [(84.0, 178.0), (521.0, 297.0)]
 [(71.0, 178.0), (388.0, 270.0)]
 [(58.0, 178.0), (527.0, 276.0)]
 [(45.0, 178.0), (526.0, 273.0)]
 [(32.0, 178.0), (532.0, 267.0), ]
 [(562.0, 264.0), (286.0, 274.0), (1138.0, 191.0)]
 [(457.0, 296.0), (276.0, 286.0), (954.0, 175.0)]
 [(585.0, 288.0), (350.0, 282.0), (1101.0, 185.0)]
 [(543.0, 270.0), (310.0, 258.0), (771.0, 174.0)]
 [(492.0, 284.0), (364.0, 256.0), (1055.0, 189.0)]
 [(619.0, 295.0), (302.0, 291.0), (921.0, 198.0)]
 [(592.0, 284.0), (387.0, 285.0), (854.0, 194.0)]
 [(673.0, 269.0), (349.0, 293.0), (837.0, 179.0)]
 [(550.0, 258.0), (341.0, 258.0), (958.0, 189.0)]
 [(732.0, 282.0), (372.0, 287.0), (689.0, 187.0)]
 [(589.0, 284.0), (331.0, 273.0), (662.0, 178.0)]
 [(631.0, 278.0), (392.0, 264.0), (845.0, 184.0)]
 [(734.0, 286.0), (302.0, 269.0), (752.0, 187.0)]
 [(648.0, 268.0), (307.0, 282.0), (717.0, 197.0)]
 [(661.0, 291.0), (306.0, 292.0), (688.0, 197.0)]
 [(820.0, 268.0), (337.0, 263.0), (591.0, 188.0)]
 [(755.0, 274.0), (376.0, 286.0), (732.0, 188.0)]
 [(607.0, 263.0), (364.0, 283.0), (753.0, 191.0)]
 [(738.0, 281.0), (343.0, 273.0), (739.0, 181.0)]
 [(764.0, 293.0), (337.0, 274.0), (774.0, 192.0)]
 [(642.0, 297.0), (303.0, 276.0), (654.0, 184.0)]
 [(762.0, 289.0), (302.0, 278.0), (601.0, 177.0)]
 [(732.0, 265.0), (349.0, 257.0), (742.0, 194.0)]
 [(802.0, 261.0), (410.0, 269.0), (814.0, 186.0)]
 [(919.0, 279.0), (297.0, 286.0), (670.0, 193.0)]
 [(849.0, 266.0), (353.0, 271.0), (783.0, 176.0)]
 [(855.0, 263.0), (398.0, 279.0), (722.0, 194.0)]
 [(694.0, 284.0), (316.0, 272.0), (615.0, 195.0)]
 [(832.0, 285.0), (337.0, 258.0), (614.0, 197.0)]
 [(976.0, 269.0), (352.0, 285.0), (826.0, 197.0)]
 [(883.0, 268.0), (404.0, 291.0), (645.0, 190.0)]
 [(845.0, 296.0), (359.0, 264.0), (803.0, 178.0)]
 [(847.0, 269.0), (351.0, 279.0), (754.0, 178.0)]
 [(992.0, 267.0), (414.0, 267.0), (630.0, 191.0)]
 [(932.0, 283.0), (431.0, 264.0), (801.0, 177.0)]
 [(963.0, 286.0), (317.0, 262.0), (573.0, 198.0)]
 [(996.0, 288.0), (398.0, 270.0), (682.0, 175.0)]
 [(980.0, 258.0), (385.0, 281.0), (795.0, 180.0)]
 [(1092.0, 265.0), (430.0, 272.0), (802.0, 189.0)]
 [(1065.0, 294.0), (396.0, 259.0), (575.0, 196.0)]
 [(1153.0, 268.0), (378.0, 265.0), (622.0, 183.0)]
 [(813.0, 294.0), (310.0, 262.0), (600.0, 189.0)]
 [(876.0, 294.0), (386.0, 256.0), (628.0, 200.0)]
 [(1086.0, 287.0), (397.0, 273.0), (615.0, 184.0)]
 [(954.0, 276.0), (449.0, 294.0), (743.0, 183.0)]
 [(1102.0, 263.0), (399.0, 291.0), (751.0, 196.0)]
 [(1201.0, 286.0), (435.0, 271.0), (622.0, 180.0)]
 [(1047.0, 293.0), (313.0, 290.0), (736.0, 194.0)]
 [(1248.0, 283.0), (412.0, 258.0), (678.0, 196.0)]
 [(1208.0, 282.0), (437.0, 272.0)]
 [(409.0, 283.0), (756.0, 185.0)]
 [(458.0, 270.0), (660.0, 190.0)]
 [(502.0, 280.0), (600.0, 195.0), ]
 [(618.0, 274.0), (608.0, 183.0), (375.0, 266.0), (970.0, 176.0)]
 [(584.0, 275.0), (634.0, 195.0), (287.0, 266.0), (1056.0, 185.0)]
 [(587.0, 277.0), (581.0, 200.0), (294.0, 273.0), (991.0, 181.0)]
 [(557.0, 267.0), (530.0, 185.0), (334.0, 262.0), (956.0, 181.0)]
 [(661.0, 276.0), (488.0, 190.0), (357.0, 280.0), (859.0, 175.0)]
 [(803.0, 282.0), (642.0, 174.0), (305.0, 288.0), (992.0, 187.0)]
 [(612.0, 270.0), (564.0, 186.0), (360.0, 265.0), (671.0, 183.0)]
 [(888.0, 283.0), (609.0, 184.0), (328.0, 281.0), (653.0, 176.0)]
 [(666.0, 271.0), (525.0, 198.0), (359.0, 286.0), (890.0, 177.0)]
 [(689.0, 258.0), (527.0, 191.0), (359.0, 273.0), (838.0, 188.0)]
 [(776.0, 288.0), (463.0, 191.0), (392.0, 288.0), (869.0, 172.0)]
 [(901.0, 289.0), (656.0, 188.0), (338.0, 291.0), (847.0, 195.0)]
 [(1055.0, 275.0), (459.0, 190.0), (376.0, 286.0), (896.0, 188.0)]
 [(922.0, 280.0), (508.0, 192.0), (288.0, 295.0), (885.0, 182.0)]
 [(1043.0, 291.0), (496.0, 187.0), (396.0, 294.0), (661.0, 195.0)]
 [(1037.0, 271.0), (506.0, 198.0), (325.0, 290.0), (798.0, 174.0)]
 [(977.0, 265.0), (617.0, 191.0), (339.0, 296.0), (870.0, 174.0)]
 [(1203.0, 266.0), (603.0, 187.0), (341.0, 263.0), (687.0, 179.0)]
 [(1251.0, 261.0), (508.0, 195.0), (410.0, 292.0)]
 [(546.0, 191.0), (342.0, 271.0), (840.0, 182.0)]
 [(473.0, 181.0), (329.0, 271.0), (656.0, 179.0)]
 [(474.0, 176.0), (289.0, 296.0), (793.0, 197.0)]
 [(400.0, 182.0), (294.0, 283.0), (781.0, 173.0)]
 [(526.0, 189.0), (383.0, 267.0), (567.0, 198.0)]
 [(363.0, 187.0), (297.0, 264.0), (683.0, 178.0)]
 [(339.0, 174.0), (405.0, 290.0), (622.0, 177.0)]
 [(323.0, 174.0), (375.0, 264.0), (634.0, 174.0)]
 [(307.0, 174.0), (346.0, 271.0), (498.0, 184.0)]
 [(291.0, 174.0), (415.0, 259.0), (499.0, 190.0)]
 [(275.0, 174.0), (397.0, 290.0), (465.0, 181.0)]
 [(259.0, 174.0), (370.0, 294.0), (476.0, 182.0)]
 [(243.0, 174.0), (424.0, 290.0), (352.0, 172.0)]
 [(227.0, 174.0), (350.0, 262.0), (330.0, 172.0)]
 [(211.0, 174.0), (347.0, 293.0), (308.0, 172.0)]
 [(195.0, 174.0), (379.0, 285.0), (307.0, 172.0)]
 [(179.0, 174.0), (318.0, 269.0), (306.0, 172.0)]
 [(163.0, 174.0), (320.0, 282.0), (305.0, 172.0)]
 [(147.0, 174.0), (353.0, 279.0), (304.0, 172.0)]
 [(131.0, 174.0), (395.0, 260.0), (303.0, 172.0)]
 [(115.0, 174.0), (371.0, 288.0), (302.0, 172.0)]
 [(99.0, 174.0), (445.0, 284.0), (301.0, 172.0)]
 [(83.0, 174.0), (470.0, 261.0), (300.0, 172.0)]
 [(67.0, 174.0), (607.0, 259.0), (299.0, 172.0)]
 [(51.0, 174.0), (453.0, 265.0), (298.0, 172.0)]
 [(35.0, 174.0), (508.0, 281.0), (297.0, 172.0)]
 [(642.0, 284.0), (295.0, 172.0), (303.0, 261.0)]
 [(574.0, 296.0), (294.0, 172.0), (361.0, 268.0)]
 [(691.0, 290.0), (293.0, 172.0), (293.0, 281.0)]
 [(618.0, 269.0), (292.0, 172.0), (335.0, 278.0)]
 [(722.0, 288.0), (291.0, 172.0), (312.0, 267.0)]
 [(693.0, 280.0), (290.0, 172.0), (352.0, 270.0)]
 [(693.0, 269.0), (289.0, 172.0), (276.0, 284.0)]
 [(771.0, 279.0), (288.0, 172.0), (379.0, 292.0)]
 [(984.0, 261.0), (287.0, 172.0), (313.0, 290.0)]
 [(791.0, 266.0), (286.0, 172.0), (297.0, 270.0)]
 [(958.0, 280.0), (285.0, 172.0), (339.0, 267.0)]
 [(960.0, 264.0), (284.0, 172.0), (337.0, 288.0)]
 [(1030.0, 269.0), (283.0, 172.0), (339.0, 267.0)]
 [(1055.0, 283.0), (282.0, 172.0), (353.0, 273.0)]
 [(1224.0, 295.0), (281.0, 172.0), (363.0, 263.0)]
 [(893.0, 294.0), (280.0, 172.0)]
 [(258.0, 172.0), (392.0, 284.0)]
 [(236.0, 172.0), (317.0, 256.0)]
 [(214.0, 172.0), (375.0, 288.0)]
 [(192.0, 172.0), (410.0, 286.0)]
 [(170.0, 172.0), (382.0, 258.0)]
 [(148.0, 172.0), (388.0, 279.0)]
 [(126.0, 172.0), (360.0, 261.0)]
 [(104.0, 172.0), (438.0, 286.0)]
 [(82.0, 172.0), (422.0, 282.0)]
 [(60.0, 172.0), (460.0, 275.0)]
 [(38.0, 172.0)]
 [(354.0, 279.0)]
 [(465.0, 275.0)]
 [(493.0, 286.0)]
 [(394.0, 291.0)]
 [(472.0, 291.0)]
 [(448.0, 285.0), ]
 [(538.0, 286.0), (333.0, 273.0)]
 [(438.0, 272.0), (344.0, 284.0)]
 [(558.0, 261.0), (381.0, 277.0)]
 [(570.0, 265.0), (383.0, 279.0)]
 [(633.0, 263.0), (377.0, 295.0)]
 [(507.0, 277.0), (307.0, 278.0)]
 [(564.0, 256.0), (294.0, 267.0)]
 [(493.0, 255.0), (379.0, 284.0)]
 [(710.0, 275.0), (383.0, 281.0)]
 [(698.0, 256.0), (302.0, 296.0)]
 [(527.0, 262.0), (293.0, 266.0)]
 [(608.0, 264.0), (280.0, 275.0)]
 [(729.0, 273.0), (285.0, 284.0)]
 [(619.0, 256.0), (358.0, 263.0)]
 [(581.0, 265.0), (320.0, 271.0)]
 [(789.0, 284.0), (364.0, 285.0)]
 [(798.0, 275.0), (335.0, 281.0)]
 [(676.0, 280.0), (304.0, 258.0)]
 [(688.0, 276.0), (306.0, 262.0)]
 [(781.0, 274.0), (307.0, 275.0)]
 [(684.0, 271.0), (394.0, 281.0)]
 [(877.0, 269.0), (356.0, 281.0)]
 [(787.0, 265.0), (309.0, 294.0)]
 [(719.0, 267.0), (297.0, 263.0)]
 [(800.0, 274.0), (376.0, 272.0)]
 [(669.0, 266.0), (319.0, 277.0)]
 [(817.0, 270.0), (327.0, 287.0)]
 [(712.0, 271.0), (344.0, 270.0)]
 [(704.0, 280.0), (353.0, 261.0)]
 [(738.0, 256.0), (326.0, 266.0)]
 [(859.0, 263.0), (397.0, 268.0)]
 [(787.0, 288.0), (400.0, 279.0)]
 [(895.0, 288.0), (337.0, 273.0)]
 [(879.0, 282.0), (428.0, 269.0)]
 [(805.0, 289.0), (313.0, 290.0)]
 [(961.0, 272.0), (346.0, 296.0)]
 [(917.0, 257.0), (340.0, 293.0)]
 [(1097.0, 288.0), (384.0, 282.0)]
 [(831.0, 276.0), (351.0, 268.0)]
 [(892.0, 268.0), (395.0, 296.0)]
 [(989.0, 283.0), (394.0, 279.0)]
 [(1162.0, 260.0), (397.0, 263.0)]
 [(1201.0, 258.0), (438.0, 267.0)]
 [(1089.0, 287.0), (377.0, 274.0)]
 [(864.0, 262.0), (426.0, 284.0)]
 [(977.0, 280.0), (427.0, 268.0)]
 [(1174.0, 288.0), (336.0, 258.0)]
 [(1091.0, 284.0)]
 [(451.0, 294.0)]
 [(424.0, 273.0)]
 [(478.0, 294.0)]
 [(397.0, 270.0)]
 [(521.0, 263.0), ]
 [(596.0, 272.0), (294.0, 289.0)]
 [(630.0, 259.0), (266.0, 292.0)]
 [(496.0, 267.0), (271.0, 269.0)]
 [(632.0, 288.0), (321.0, 261.0)]
 [(568.0, 272.0), (294.0, 260.0)]
 [(613.0, 293.0), (295.0, 287.0)]
 [(624.0, 291.0), (272.0, 268.0)]
 [(725.0, 271.0), (297.0, 270.0)]
 [(719.0, 278.0), (368.0, 275.0)]
 [(658.0, 268.0), (383.0, 296.0)]
 [(604.0, 273.0), (317.0, 269.0)]
 [(719.0, 291.0), (315.0, 290.0)]
 [(775.0, 274.0), (364.0, 280.0)]
 [(839.0, 296.0), (351.0, 270.0)]
 [(859.0, 260.0), (367.0, 274.0)]
 [(817.0, 274.0), (406.0, 272.0)]
 [(937.0, 260.0), (317.0, 282.0)]
 [(746.0, 273.0), (327.0, 296.0)]
 [(1009.0, 297.0), (322.0, 282.0)]
 [(847.0, 280.0), (293.0, 263.0)]
 [(805.0, 291.0), (362.0, 270.0)]
 [(952.0, 268.0), (321.0, 279.0)]
 [(857.0, 290.0), (373.0, 260.0)]
 [(929.0, 291.0), (297.0, 295.0)]
 [(1039.0, 273.0), (379.0, 288.0)]
 [(876.0, 296.0), (381.0, 278.0)]
 [(1197.0, 294.0), (418.0, 291.0)]
 [(992.0, 274.0), (345.0, 279.0)]
 [(917.0, 266.0), (387.0, 264.0)]
 [(891.0, 262.0)]
 [(356.0, 274.0)]
 [(433.0, 266.0)]
 [(438.0, 260.0)]
 [(409.0, 273.0)]
 [(535.0, 290.0), ]
 [(554.0, 271.0), (328.0, 292.0)]
 [(531.0, 271.0), (379.0, 292.0)]
 [(554.0, 274.0), (370.0, 261.0)]
 [(705.0, 276.0), (328.0, 273.0)]
 [(613.0, 259.0), (328.0, 279.0)]
 [(669.0, 292.0), (344.0, 261.0)]
 [(655.0, 295.0), (379.0, 281.0)]
 [(639.0, 284.0), (298.0, 263.0)]
 [(753.0, 262.0), (394.0, 290.0)]
 [(842.0, 258.0), (367.0, 282.0)]
 [(741.0, 293.0), (391.0, 295.0)]
 [(849.0, 285.0), (338.0, 273.0)]
 [(712.0, 278.0), (371.0, 280.0)]
 [(753.0, 279.0), (374.0, 291.0)]
 [(929.0, 291.0), (296.0, 272.0)]
 [(1056.0, 287.0), (401.0, 280.0)]
 [(877.0, 279.0), (304.0, 278.0)]
 [(816.0, 287.0), (379.0, 261.0)]
 [(988.0, 286.0), (352.0, 272.0)]
 [(873.0, 271.0), (365.0, 292.0)]
 [(1192.0, 283.0), (324.0, 273.0)]
 [(1026.0, 277.0)]
 [(390.0, 288.0)]
 [(443.0, 280.0)]
 [(439.0, 299.0)]
 [(484.0, 265.0)]
 [(465.0, 283.0)]
 [(553.0, 267.0)]
 [(574.0, 264.0), ]
 [(549.0, 271.0), (367.0, 273.0)]
 [(478.0, 270.0), (346.0, 279.0)]
 [(505.0, 281.0), (282.0, 266.0)]
 [(659.0, 267.0), (351.0, 291.0)]
 [(583.0, 267.0), (339.0, 286.0)]
 [(748.0, 279.0), (384.0, 292.0)]
 [(601.0, 290.0), (287.0, 262.0)]
 [(676.0, 272.0), (371.0, 273.0)]
 [(577.0, 295.0), (387.0, 292.0)]
 [(731.0, 286.0), (348.0, 271.0)]
 [(653.0, 273.0), (295.0, 262.0)]
 [(878.0, 284.0), (287.0, 270.0)]
 [(778.0, 284.0), (339.0, 287.0)]
 [(690.0, 291.0), (333.0, 281.0)]
 [(907.0, 272.0), (304.0, 284.0)]
 [(987.0, 277.0), (377.0, 266.0)]
 [(1000.0, 285.0), (315.0, 272.0)]
 [(957.0, 299.0), (397.0, 279.0)]
 [(981.0, 262.0), (304.0, 295.0)]
 [(933.0, 260.0), (343.0, 263.0)]
 [(915.0, 267.0), (330.0, 279.0)]
 [(820.0, 271.0), (366.0, 289.0)]
 [(1163.0, 280.0), (413.0, 279.0)]
 [(938.0, 295.0), (379.0, 296.0)]
 [(924.0, 297.0), (323.0, 275.0)]
 [(884.0, 269.0), (417.0, 279.0)]
 [(912.0, 285.0)]
 [(399.0, 268.0)]
 [(344.0, 285.0)]
 [(486.0, 286.0)]
 [(391.0, 287.0)]
 [(388.0, 280.0)]
 [(504.0, 259.0)]
 [(593.0, 272.0), ]
 [(622.0, 281.0), (318.0, 274.0)]
 [(598.0, 275.0), (363.0, 277.0)]
 [(601.0, 271.0), (320.0, 283.0)]
 [(534.0, 292.0), (365.0, 280.0)]
 [(714.0, 289.0), (342.0, 285.0)]
 [(659.0, 286.0), (303.0, 272.0)]
 [(645.0, 274.0), (362.0, 264.0)]
 [(645.0, 291.0), (292.0, 283.0)]
 [(692.0, 262.0), (345.0, 296.0)]
 [(714.0, 294.0), (327.0, 288.0)]
 [(726.0, 274.0), (349.0, 292.0)]
 [(687.0, 293.0), (389.0, 278.0)]
 [(803.0, 282.0), (400.0, 283.0)]
 [(666.0, 283.0), (366.0, 293.0)]
 [(985.0, 263.0), (325.0, 288.0)]
 [(802.0, 265.0), (285.0, 274.0)]
 [(901.0, 265.0), (323.0, 263.0)]
 [(786.0, 272.0), (302.0, 263.0)]
 [(913.0, 263.0), (363.0, 263.0)]
 [(841.0, 271.0), (340.0, 272.0)]
 [(919.0, 269.0), (395.0, 272.0)]
 [(1119.0, 270.0), (286.0, 285.0)]
 [(854.0, 276.0), (385.0, 290.0)]
 [(940.0, 259.0), (291.0, 276.0)]
 [(906.0, 294.0), (315.0, 262.0)]
 [(1177.0, 263.0), (305.0, 265.0)]
 [(1163.0, 275.0)]
 [(366.0, 284.0)]
 [(465.0, 265.0)]
 [(474.0, 274.0)]
 [(413.0, 296.0), ]
 [(600.0, 296.0), (272.0, 291.0), (911.0, 184.0)]
 [(698.0, 283.0), (327.0, 277.0), (968.0, 186.0)]
 [(605.0, 275.0), (301.0, 283.0), (1116.0, 179.0)]
 [(829.0, 278.0), (349.0, 258.0), (971.0, 193.0)]
 [(646.0, 271.0), (323.0, 293.0), (956.0, 186.0)]
 [(752.0, 278.0), (382.0, 268.0), (888.0, 174.0)]
 [(774.0, 275.0), (359.0, 270.0), (1002.0, 175.0)]
 [(950.0, 295.0), (347.0, 275.0), (943.0, 195.0), ]
 [(826.0, 273.0), (342.0, 290.0), (771.0, 193.0), (1154.0, 198.0)]
 [(896.0, 262.0), (313.0, 294.0), (902.0, 196.0), (1150.0, 199.0)]
 [(1105.0, 291.0), (348.0, 276.0), (967.0, 181.0), (1103.0, 187.0)]
 [(1150.0, 284.0), (366.0, 267.0), (732.0, 190.0)]
 [(300.0, 263.0), (790.0, 196.0), (944.0, 189.0)]
 [(343.0, 289.0), (898.0, 189.0), (793.0, 185.0)]
 [(372.0, 282.0), (670.0, 194.0), (943.0, 191.0)]
 [(409.0, 293.0), (625.0, 196.0), (781.0, 190.0)]
 [(369.0, 288.0), (872.0, 184.0), (991.0, 198.0)]
 [(476.0, 275.0), (618.0, 192.0), (915.0, 200.0)]
 [(499.0, 280.0), (609.0, 191.0), (847.0, 182.0)]
 [(502.0, 270.0), (654.0, 195.0), (767.0, 175.0), ]
 [(487.0, 268.0), (675.0, 173.0), (655.0, 180.0), (276.0, 274.0), (930.0, 194.0)]
 [(532.0, 293.0), (632.0, 187.0), (663.0, 188.0), (331.0, 271.0), (977.0, 176.0)]
 [(649.0, 276.0), (549.0, 178.0), (560.0, 180.0), (380.0, 267.0), (838.0, 179.0)]
 [(520.0, 262.0), (555.0, 181.0), (759.0, 176.0), (298.0, 290.0), (937.0, 179.0)]
 [(727.0, 288.0), (558.0, 176.0), (637.0, 180.0), (369.0, 289.0), (962.0, 179.0)]
 [(531.0, 264.0), (506.0, 180.0), (614.0, 194.0), (355.0, 268.0), (1015.0, 179.0)]
 [(741.0, 260.0), (532.0, 191.0), (729.0, 199.0), (308.0, 291.0), (749.0, 191.0)]
 [(764.0, 256.0), (605.0, 189.0), (695.0, 176.0), (315.0, 268.0), (1016.0, 171.0)]
 [(670.0, 275.0), (590.0, 190.0), (738.0, 176.0), (306.0, 277.0), (873.0, 183.0)]
 [(610.0, 277.0), (560.0, 178.0), (672.0, 187.0), (342.0, 289.0), (1035.0, 190.0)]
 [(784.0, 280.0), (595.0, 189.0), (681.0, 176.0), (291.0, 265.0), (853.0, 188.0)]
 [(858.0, 291.0), (560.0, 188.0), (727.0, 197.0), (287.0, 286.0), (699.0, 184.0)]
 [(696.0, 287.0), (493.0, 173.0), (658.0, 197.0), (325.0, 285.0), (742.0, 181.0)]
 [(727.0, 264.0), (533.0, 186.0), (762.0, 181.0), (336.0, 282.0), (904.0, 178.0)]
 [(754.0, 285.0), (515.0, 179.0), (729.0, 176.0), (342.0, 275.0), (887.0, 194.0)]
 [(909.0, 265.0), (658.0, 179.0), (646.0, 194.0), (284.0, 259.0), (775.0, 183.0)]
 [(713.0, 291.0), (578.0, 178.0), (784.0, 175.0), (396.0, 257.0), (781.0, 181.0)]
 [(869.0, 288.0), (547.0, 190.0), (713.0, 199.0), (388.0, 284.0), (673.0, 192.0)]
 [(734.0, 276.0), (620.0, 184.0), (733.0, 197.0), (376.0, 269.0), (864.0, 182.0)]
 [(896.0, 291.0), (470.0, 177.0), (578.0, 192.0), (312.0, 276.0), (773.0, 191.0)]
 [(938.0, 257.0), (517.0, 195.0), (568.0, 196.0), (356.0, 270.0), (709.0, 188.0)]
 [(835.0, 294.0), (465.0, 177.0), (575.0, 198.0), (308.0, 281.0), (874.0, 193.0)]
 [(827.0, 257.0), (480.0, 187.0), (775.0, 174.0), (354.0, 278.0), (838.0, 181.0)]
 [(967.0, 282.0), (630.0, 185.0), (746.0, 186.0), (326.0, 272.0), (717.0, 192.0)]
 [(1059.0, 261.0), (525.0, 180.0), (558.0, 176.0), (339.0, 293.0), (837.0, 184.0)]
 [(1131.0, 266.0), (481.0, 185.0), (652.0, 194.0), (292.0, 279.0), (781.0, 179.0)]
 [(945.0, 280.0), (535.0, 174.0), (616.0, 192.0), (320.0, 286.0), (848.0, 184.0)]
 [(1106.0, 276.0), (623.0, 178.0), (651.0, 192.0), (397.0, 261.0), (807.0, 176.0)]
 [(1144.0, 278.0), (477.0, 190.0), (730.0, 194.0), (328.0, 292.0), (921.0, 179.0)]
 [(1059.0, 287.0), (484.0, 193.0), (764.0, 193.0), (405.0, 294.0)]
 [(495.0, 185.0), (633.0, 183.0), (310.0, 290.0), (850.0, 181.0), ]
 [(396.0, 179.0), (575.0, 174.0), (422.0, 293.0), (707.0, 174.0), (1106.0, 199.0)]
 [(452.0, 173.0), (582.0, 180.0), (408.0, 260.0), (670.0, 176.0), (978.0, 188.0)]
 [(507.0, 179.0), (500.0, 183.0), (430.0, 279.0), (784.0, 172.0), (879.0, 178.0)]
 [(341.0, 172.0), (573.0, 198.0), (324.0, 259.0), (774.0, 195.0), (953.0, 178.0)]
 [(323.0, 172.0), (495.0, 193.0), (363.0, 260.0), (777.0, 182.0), (866.0, 187.0)]
 [(305.0, 172.0), (468.0, 196.0), (433.0, 258.0), (672.0, 180.0), (783.0, 177.0)]
 [(287.0, 172.0), (405.0, 195.0), (330.0, 269.0), (767.0, 193.0), (659.0, 184.0)]
 [(269.0, 172.0), (429.0, 186.0), (316.0, 280.0), (682.0, 187.0), (654.0, 199.0)]
 [(251.0, 172.0), (415.0, 191.0), (407.0, 289.0), (546.0, 193.0), (847.0, 177.0)]
 [(233.0, 172.0), (319.0, 174.0), (382.0, 257.0), (570.0, 185.0), (729.0, 186.0)]
 [(215.0, 172.0), (293.0, 174.0), (339.0, 262.0), (524.0, 181.0), (722.0, 194.0)]
 [(197.0, 172.0), (267.0, 174.0), (344.0, 283.0), (550.0, 189.0), (738.0, 192.0)]
 [(179.0, 172.0), (266.0, 174.0), (446.0, 267.0), (614.0, 193.0), (725.0, 188.0)]
 [(161.0, 172.0), (240.0, 174.0), (383.0, 256.0), (568.0, 188.0), (713.0, 187.0)]
 [(143.0, 172.0), (214.0, 174.0), (425.0, 273.0), (614.0, 186.0), (719.0, 177.0)]
 [(125.0, 172.0), (213.0, 174.0), (364.0, 258.0), (531.0, 188.0), (677.0, 187.0)]
 [(107.0, 172.0), (187.0, 174.0), (340.0, 292.0), (542.0, 175.0), (613.0, 200.0)]
 [(89.0, 172.0), (161.0, 174.0), (409.0, 283.0), (455.0, 170.0), (642.0, 187.0)]
 [(71.0, 172.0), (160.0, 174.0), (482.0, 289.0), (589.0, 182.0), (534.0, 195.0)]
 [(53.0, 172.0), (134.0, 174.0), (502.0, 278.0), (532.0, 177.0), (549.0, 183.0)]
 [(35.0, 172.0), (108.0, 174.0), (522.0, 284.0), (556.0, 183.0)]
 [(82.0, 174.0), (511.0, 265.0), (458.0, 176.0), (528.0, 196.0)]
 [(56.0, 174.0), (549.0, 280.0), (550.0, 182.0), (677.0, 197.0)]
 [(30.0, 174.0), (586.0, 285.0), (534.0, 171.0), (663.0, 191.0)]
 [(29.0, 174.0), (617.0, 266.0), (516.0, 176.0), (574.0, 177.0)]
 [(28.0, 174.0), (645.0, 266.0), (487.0, 170.0), (488.0, 187.0)]
 [(27.0, 174.0), (569.0, 281.0), (448.0, 191.0), (677.0, 188.0)]
 [(26.0, 174.0), (573.0, 258.0), (390.0, 182.0), (510.0, 187.0), ]
 [(539.0, 260.0), (495.0, 180.0), (628.0, 186.0), (365.0, 282.0), (1053.0, 184.0)]
 [(595.0, 278.0), (439.0, 184.0), (496.0, 184.0), (341.0, 262.0), (1171.0, 200.0)]
 [(677.0, 288.0), (468.0, 174.0), (578.0, 190.0), (346.0, 293.0), (989.0, 184.0)]
 [(744.0, 277.0), (423.0, 195.0), (588.0, 197.0), (314.0, 272.0), (1133.0, 186.0)]
 [(839.0, 258.0), (544.0, 182.0), (619.0, 195.0), (383.0, 269.0), (979.0, 179.0)]
 [(833.0, 263.0), (475.0, 181.0), (485.0, 175.0), (367.0, 279.0), (1139.0, 198.0)]
 [(643.0, 290.0), (411.0, 187.0), (466.0, 193.0), (317.0, 287.0), (1122.0, 184.0)]
 [(935.0, 273.0), (541.0, 190.0), (616.0, 197.0), (386.0, 273.0), (813.0, 190.0)]
 [(753.0, 292.0), (510.0, 185.0), (636.0, 184.0), (385.0, 268.0), (1091.0, 191.0)]
 [(930.0, 289.0), (521.0, 177.0), (537.0, 187.0), (320.0, 274.0), (970.0, 195.0)]
 [(870.0, 264.0), (465.0, 188.0), (517.0, 184.0), (382.0, 276.0), (922.0, 186.0)]
 [(798.0, 277.0), (490.0, 187.0), (634.0, 185.0), (354.0, 292.0), (1060.0, 189.0)]
 [(1050.0, 268.0), (526.0, 183.0), (470.0, 197.0), (357.0, 271.0), (834.0, 178.0)]
 [(913.0, 265.0), (496.0, 175.0), (474.0, 181.0), (348.0, 289.0), (1095.0, 195.0)]
 [(1053.0, 291.0), (482.0, 181.0), (647.0, 193.0), (404.0, 293.0), (811.0, 178.0)]
 [(963.0, 260.0), (452.0, 184.0), (495.0, 189.0), (310.0, 262.0), (770.0, 181.0)]
 [(1145.0, 264.0), (460.0, 174.0), (579.0, 185.0), (290.0, 295.0), (861.0, 186.0)]
 [(826.0, 263.0), (395.0, 192.0), (602.0, 193.0), (343.0, 289.0), (1012.0, 197.0)]
 [(1170.0, 272.0), (441.0, 182.0), (624.0, 177.0), (376.0, 265.0), (921.0, 183.0)]
 [(1069.0, 266.0), (433.0, 172.0), (477.0, 200.0), (410.0, 270.0), (1048.0, 192.0)]
 [(1111.0, 284.0), (362.0, 170.0), (642.0, 186.0), (393.0, 279.0), (845.0, 197.0)]
 [(1098.0, 292.0), (361.0, 170.0), (468.0, 186.0), (307.0, 283.0)]
 [(350.0, 170.0), (593.0, 198.0), (383.0, 263.0), (922.0, 192.0)]
 [(339.0, 170.0), (561.0, 182.0), (331.0, 270.0), (1068.0, 194.0)]
 [(328.0, 170.0), (568.0, 189.0), (376.0, 292.0), (744.0, 202.0)]
 [(317.0, 170.0), (468.0, 177.0), (328.0, 267.0), (1002.0, 184.0), ]
 [(295.0, 170.0), (373.0, 196.0), (337.0, 259.0), (925.0, 189.0), (805.0, 193.0)]
 [(284.0, 170.0), (433.0, 191.0), (411.0, 262.0), (917.0, 176.0), (1066.0, 179.0)]
 [(273.0, 170.0), (406.0, 193.0), (390.0, 276.0), (820.0, 181.0), (830.0, 193.0)]
 [(262.0, 170.0), (339.0, 174.0), (428.0, 260.0), (825.0, 194.0), (1091.0, 191.0)]
 [(251.0, 170.0), (338.0, 174.0), (372.0, 285.0), (839.0, 197.0), (856.0, 183.0)]
 [(240.0, 170.0), (312.0, 174.0), (426.0, 263.0), (859.0, 182.0), (1107.0, 204.0)]
 [(229.0, 170.0), (311.0, 174.0), (341.0, 266.0), (840.0, 183.0), (827.0, 193.0)]
 [(218.0, 170.0), (310.0, 174.0), (431.0, 270.0), (916.0, 198.0), (1082.0, 179.0)]
 [(207.0, 170.0), (284.0, 174.0), (407.0, 274.0), (706.0, 200.0), (899.0, 199.0)]
 [(196.0, 170.0), (283.0, 174.0), (368.0, 278.0), (912.0, 184.0), (1057.0, 196.0)]
 [(185.0, 170.0), (257.0, 174.0), (338.0, 291.0), (732.0, 198.0), (812.0, 193.0)]
 [(174.0, 170.0), (256.0, 174.0), (379.0, 259.0), (833.0, 185.0), (802.0, 197.0)]
 [(163.0, 170.0), (255.0, 174.0), (397.0, 291.0), (802.0, 182.0), (1013.0, 205.0)]
 [(152.0, 170.0), (229.0, 174.0), (362.0, 269.0), (695.0, 184.0), (810.0, 180.0)]
 [(141.0, 170.0), (228.0, 174.0), (394.0, 279.0), (813.0, 199.0), (882.0, 199.0)]
 [(130.0, 170.0), (202.0, 174.0), (320.0, 264.0), (773.0, 193.0), (817.0, 187.0)]
 [(119.0, 170.0), (201.0, 174.0), (405.0, 269.0), (779.0, 189.0), (935.0, 194.0)]
 [(108.0, 170.0), (200.0, 174.0), (365.0, 265.0), (840.0, 192.0), (930.0, 198.0)]
 [(97.0, 170.0), (174.0, 174.0), (369.0, 261.0), (851.0, 197.0), (830.0, 184.0)]
 [(86.0, 170.0), (173.0, 174.0), (403.0, 278.0), (685.0, 195.0), (802.0, 180.0)]
 [(75.0, 170.0), (147.0, 174.0), (466.0, 296.0), (853.0, 191.0), (986.0, 198.0)]
 [(64.0, 170.0), (146.0, 174.0), (382.0, 292.0), (730.0, 181.0), (730.0, 184.0)]
 [(53.0, 170.0), (145.0, 174.0), (469.0, 271.0), (619.0, 194.0), (870.0, 185.0)]
 [(42.0, 170.0), (119.0, 174.0), (486.0, 260.0), (653.0, 202.0), (844.0, 191.0)]
 [(31.0, 170.0), (118.0, 174.0), (450.0, 275.0), (605.0, 181.0)]
 [(92.0, 174.0), (521.0, 288.0), (609.0, 194.0), (707.0, 189.0)]
 [(66.0, 174.0), (417.0, 279.0), (669.0, 192.0), (870.0, 183.0)]
 [(40.0, 174.0), (434.0, 278.0), (783.0, 190.0), (936.0, 193.0), ]
 [(469.0, 263.0), (777.0, 191.0), (852.0, 183.0), (376.0, 271.0), (1038.0, 176.0)]
 [(593.0, 295.0), (696.0, 191.0), (706.0, 189.0), (340.0, 294.0), (892.0, 191.0)]
 [(668.0, 279.0), (772.0, 193.0), (889.0, 179.0), (367.0, 261.0), (851.0, 178.0)]
 [(687.0, 273.0), (725.0, 183.0), (738.0, 187.0), (329.0, 288.0), (896.0, 182.0)]
 [(560.0, 277.0), (792.0, 189.0), (710.0, 199.0), (326.0, 277.0), (978.0, 186.0)]
 [(542.0, 287.0), (758.0, 178.0), (887.0, 182.0), (272.0, 260.0), (762.0, 185.0)]
 [(654.0, 282.0), (539.0, 201.0), (658.0, 201.0), (312.0, 286.0), (991.0, 181.0)]
 [(607.0, 294.0), (686.0, 182.0), (770.0, 204.0), (317.0, 278.0), (981.0, 187.0)]
 [(761.0, 265.0), (743.0, 183.0), (758.0, 195.0), (382.0, 274.0), (910.0, 187.0)]
 [(578.0, 296.0), (631.0, 190.0), (899.0, 186.0), (323.0, 270.0), (932.0, 180.0)]
 [(735.0, 278.0), (598.0, 189.0), (637.0, 186.0), (330.0, 277.0), (773.0, 185.0)]
 [(795.0, 259.0), (707.0, 189.0), (769.0, 192.0), (330.0, 260.0), (768.0, 178.0)]
 [(657.0, 282.0), (672.0, 186.0), (799.0, 195.0), (296.0, 281.0), (934.0, 174.0)]
 [(731.0, 292.0), (545.0, 195.0), (670.0, 196.0), (349.0, 273.0), (954.0, 191.0)]
 [(614.0, 283.0), (629.0, 191.0), (753.0, 184.0), (307.0, 290.0), (965.0, 199.0)]
 [(805.0, 259.0), (629.0, 201.0), (887.0, 179.0), (362.0, 289.0), (733.0, 198.0)]
 [(919.0, 294.0), (632.0, 194.0), (718.0, 203.0), (348.0, 277.0), (706.0, 183.0)]
 [(904.0, 269.0), (559.0, 194.0), (850.0, 179.0), (288.0, 259.0), (978.0, 195.0)]
 [(689.0, 271.0), (596.0, 180.0), (798.0, 192.0), (335.0, 291.0), (972.0, 192.0)]
 [(746.0, 283.0), (552.0, 197.0), (844.0, 194.0), (413.0, 260.0), (993.0, 190.0)]
 [(934.0, 268.0), (711.0, 189.0), (691.0, 200.0), (321.0, 280.0), (827.0, 176.0)]
 [(780.0, 281.0), (535.0, 199.0), (691.0, 186.0), (362.0, 293.0), (862.0, 175.0)]
 [(980.0, 281.0), (551.0, 181.0), (748.0, 202.0), (309.0, 280.0), (836.0, 174.0)]
 [(891.0, 264.0), (629.0, 190.0), (796.0, 195.0), (405.0, 274.0), (726.0, 180.0)]
 [(1004.0, 262.0), (650.0, 194.0), (724.0, 197.0), (365.0, 276.0), (796.0, 178.0)]
 [(1048.0, 262.0), (735.0, 181.0), (778.0, 180.0), (415.0, 272.0), (829.0, 182.0)]
 [(767.0, 278.0), (530.0, 186.0), (620.0, 196.0), (381.0, 269.0), (951.0, 176.0)]
 [(996.0, 279.0), (612.0, 201.0), (663.0, 190.0), (328.0, 261.0), (871.0, 190.0)]
 [(1087.0, 275.0), (534.0, 197.0), (839.0, 195.0), (301.0, 261.0), (765.0, 190.0)]
 [(875.0, 272.0), (592.0, 202.0), (750.0, 182.0), (424.0, 292.0), (837.0, 200.0)]
 [(835.0, 271.0), (529.0, 177.0), (857.0, 205.0), (337.0, 276.0), (743.0, 182.0)]
 [(942.0, 273.0), (699.0, 177.0), (689.0, 189.0), (326.0, 260.0), (978.0, 175.0)]
 [(863.0, 291.0), (599.0, 200.0), (837.0, 184.0), (330.0, 285.0), (816.0, 189.0)]
 [(855.0, 286.0), (514.0, 200.0), (685.0, 192.0), (306.0, 262.0), (700.0, 178.0)]
 [(1107.0, 260.0), (636.0, 193.0), (722.0, 192.0), (339.0, 294.0), (938.0, 182.0)]
 [(885.0, 285.0), (520.0, 194.0), (711.0, 201.0), (327.0, 276.0), (695.0, 200.0)]
 [(999.0, 285.0), (686.0, 183.0), (627.0, 191.0), (430.0, 278.0), (911.0, 189.0)]
 [(1164.0, 280.0), (593.0, 187.0), (851.0, 199.0), (437.0, 282.0)]
 [(594.0, 191.0), (715.0, 203.0), (347.0, 286.0), (866.0, 182.0), ]
 [(543.0, 193.0), (623.0, 193.0), (309.0, 267.0), (683.0, 197.0), (978.0, 182.0)]
 [(681.0, 201.0), (578.0, 188.0), (399.0, 272.0), (743.0, 178.0), (991.0, 189.0)]
 [(685.0, 184.0), (586.0, 203.0), (345.0, 278.0), (821.0, 189.0), (1069.0, 177.0)]
 [(532.0, 202.0), (639.0, 201.0), (351.0, 281.0), (749.0, 193.0), (860.0, 181.0)]
 [(634.0, 195.0), (765.0, 179.0), (340.0, 269.0), (894.0, 196.0), (927.0, 178.0)]
 [(592.0, 202.0), (696.0, 193.0), (379.0, 272.0), (857.0, 188.0), (919.0, 179.0)]
 [(598.0, 198.0), (683.0, 191.0), (404.0, 289.0), (768.0, 180.0), (897.0, 188.0)]
 [(594.0, 195.0), (714.0, 183.0), (366.0, 272.0), (910.0, 176.0), (884.0, 178.0)]
 [(512.0, 176.0), (621.0, 182.0), (382.0, 274.0), (658.0, 177.0), (802.0, 175.0)]
 [(604.0, 183.0), (749.0, 191.0), (366.0, 284.0), (750.0, 175.0), (1016.0, 181.0)]
 [(462.0, 201.0), (601.0, 179.0), (403.0, 293.0), (783.0, 192.0), (765.0, 195.0)]
 [(586.0, 202.0), (685.0, 193.0), (446.0, 274.0), (866.0, 197.0), (714.0, 190.0)]
 [(498.0, 190.0), (512.0, 199.0), (400.0, 288.0), (715.0, 184.0), (803.0, 176.0)]
 [(601.0, 198.0), (592.0, 201.0), (414.0, 273.0), (808.0, 199.0), (789.0, 181.0)]
 [(540.0, 181.0), (556.0, 193.0), (373.0, 283.0), (630.0, 187.0), (848.0, 175.0)]
 [(456.0, 194.0), (641.0, 179.0), (423.0, 270.0), (737.0, 193.0), (890.0, 188.0)]
 [(434.0, 184.0), (686.0, 193.0), (410.0, 279.0), (596.0, 197.0), (923.0, 170.0)]
 [(470.0, 183.0), (650.0, 202.0), (357.0, 268.0), (715.0, 176.0), (908.0, 192.0)]
 [(430.0, 201.0), (652.0, 191.0), (358.0, 272.0), (672.0, 179.0), (877.0, 186.0)]
 [(563.0, 180.0), (698.0, 196.0), (353.0, 262.0), (637.0, 192.0), (740.0, 176.0)]
 [(485.0, 199.0), (584.0, 203.0), (372.0, 261.0), (621.0, 197.0), (666.0, 195.0)]
 [(528.0, 192.0), (530.0, 197.0), (395.0, 288.0), (574.0, 186.0), (628.0, 190.0)]
 [(382.0, 200.0), (529.0, 203.0), (336.0, 289.0), (623.0, 194.0), (686.0, 186.0)]
 [(513.0, 182.0), (636.0, 205.0), (414.0, 263.0), (646.0, 200.0), (736.0, 192.0)]
 [(444.0, 195.0), (558.0, 200.0), (420.0, 262.0), (547.0, 182.0), (778.0, 187.0)]
 [(369.0, 191.0), (596.0, 181.0), (445.0, 294.0), (773.0, 186.0), (640.0, 186.0)]
 [(502.0, 197.0), (601.0, 188.0), (403.0, 289.0), (704.0, 194.0), (743.0, 178.0)]
 [(514.0, 181.0), (503.0, 191.0), (369.0, 280.0), (589.0, 181.0), (700.0, 173.0)]
 [(379.0, 177.0), (431.0, 185.0), (407.0, 262.0), (655.0, 190.0), (758.0, 195.0)]
 [(359.0, 194.0), (612.0, 191.0), (477.0, 259.0), (635.0, 196.0), (679.0, 179.0)]
 [(383.0, 197.0), (600.0, 197.0), (464.0, 284.0), (640.0, 179.0), (851.0, 171.0)]
 [(435.0, 190.0), (576.0, 195.0), (459.0, 293.0), (700.0, 189.0), (721.0, 193.0)]
 [(331.0, 176.0), (442.0, 202.0), (350.0, 259.0), (549.0, 177.0), (619.0, 193.0)]
 [(326.0, 176.0), (412.0, 192.0), (420.0, 261.0), (527.0, 180.0), (770.0, 172.0)]
 [(321.0, 176.0), (438.0, 181.0), (369.0, 284.0), (523.0, 185.0), (716.0, 185.0)]
 [(316.0, 176.0), (504.0, 202.0), (343.0, 290.0), (615.0, 183.0), (777.0, 178.0)]
 [(311.0, 176.0), (539.0, 187.0), (342.0, 284.0), (568.0, 196.0), (722.0, 194.0)]
 [(306.0, 176.0), (555.0, 200.0), (377.0, 294.0), (574.0, 180.0), (639.0, 181.0)]
 [(301.0, 176.0), (389.0, 188.0), (389.0, 258.0), (661.0, 179.0), (597.0, 174.0)]
 [(296.0, 176.0), (487.0, 188.0), (492.0, 276.0), (584.0, 187.0), (731.0, 176.0)]
 [(291.0, 176.0), (425.0, 189.0), (400.0, 272.0), (644.0, 190.0), (719.0, 192.0)]
 [(286.0, 176.0), (393.0, 181.0), (366.0, 276.0), (486.0, 185.0), (607.0, 178.0)]
 [(281.0, 176.0), (462.0, 192.0), (377.0, 293.0), (619.0, 193.0), (538.0, 186.0)]
 [(276.0, 176.0), (524.0, 184.0), (410.0, 261.0), (597.0, 198.0), (646.0, 172.0)]
 [(271.0, 176.0), (368.0, 189.0), (494.0, 289.0), (481.0, 188.0), (625.0, 189.0)]
 [(266.0, 176.0), (403.0, 182.0), (487.0, 276.0), (610.0, 185.0), (584.0, 181.0)]
 [(261.0, 176.0), (458.0, 181.0), (406.0, 296.0), (606.0, 191.0), (523.0, 181.0)]
 [(256.0, 176.0), (478.0, 187.0), (408.0, 281.0), (490.0, 193.0), (620.0, 194.0)]
 [(251.0, 176.0), (396.0, 187.0), (394.0, 275.0), (606.0, 199.0), (696.0, 179.0)]
 [(246.0, 176.0), (485.0, 201.0), (411.0, 274.0), (477.0, 186.0), (605.0, 176.0)]
 [(241.0, 176.0), (313.0, 178.0), (419.0, 259.0), (501.0, 199.0), (512.0, 185.0)]
 [(236.0, 176.0), (312.0, 178.0), (442.0, 294.0), (522.0, 196.0), (561.0, 174.0)]
 [(231.0, 176.0), (311.0, 178.0), (413.0, 288.0), (455.0, 177.0), (646.0, 184.0)]
 [(226.0, 176.0), (310.0, 178.0), (444.0, 273.0), (439.0, 183.0), (614.0, 193.0)]
 [(221.0, 176.0), (309.0, 178.0), (512.0, 258.0), (462.0, 196.0), (666.0, 191.0)]
 [(216.0, 176.0), (308.0, 178.0), (496.0, 258.0), (504.0, 200.0), (478.0, 188.0)]
 [(211.0, 176.0), (284.0, 178.0), (520.0, 273.0), (512.0, 192.0), (468.0, 174.0)]
 [(206.0, 176.0), (283.0, 178.0), (513.0, 270.0), (558.0, 192.0), (475.0, 185.0)]
 [(201.0, 176.0), (282.0, 178.0), (488.0, 295.0), (436.0, 176.0), (485.0, 189.0)]
 [(196.0, 176.0), (281.0, 178.0), (503.0, 268.0), (434.0, 200.0), (563.0, 182.0)]
 [(191.0, 176.0), (280.0, 178.0), (520.0, 292.0), (504.0, 177.0), (506.0, 190.0)]
 [(186.0, 176.0), (256.0, 178.0), (380.0, 260.0), (453.0, 191.0), (473.0, 171.0)]
 [(181.0, 176.0), (255.0, 178.0), (399.0, 294.0), (421.0, 196.0), (662.0, 180.0)]
 [(176.0, 176.0), (254.0, 178.0), (426.0, 290.0), (542.0, 192.0), (647.0, 193.0)]
 [(171.0, 176.0), (253.0, 178.0), (515.0, 277.0), (394.0, 177.0), (638.0, 172.0)]
 [(166.0, 176.0), (252.0, 178.0), (377.0, 263.0), (474.0, 188.0), (513.0, 194.0)]
 [(161.0, 176.0), (251.0, 178.0), (433.0, 265.0), (448.0, 189.0), (463.0, 184.0)]
 [(156.0, 176.0), (227.0, 178.0), (488.0, 274.0), (493.0, 187.0), (511.0, 178.0)]
 [(151.0, 176.0), (226.0, 178.0), (534.0, 286.0), (426.0, 195.0), (650.0, 185.0)]
 [(146.0, 176.0), (225.0, 178.0), (468.0, 295.0), (393.0, 198.0), (477.0, 191.0)]
 [(141.0, 176.0), (224.0, 178.0), (397.0, 268.0), (514.0, 194.0), (495.0, 193.0)]
 [(136.0, 176.0), (223.0, 178.0), (527.0, 269.0), (408.0, 195.0), (535.0, 172.0)]
 [(131.0, 176.0), (222.0, 178.0), (378.0, 274.0), (457.0, 196.0), (615.0, 180.0)]
 [(126.0, 176.0), (198.0, 178.0), (495.0, 262.0), (471.0, 183.0), (499.0, 171.0)]
 [(121.0, 176.0), (197.0, 178.0), (511.0, 269.0), (409.0, 194.0), (520.0, 174.0)]
 [(116.0, 176.0), (196.0, 178.0), (568.0, 276.0), (485.0, 187.0), (538.0, 176.0)]
 [(111.0, 176.0), (195.0, 178.0), (529.0, 263.0), (459.0, 198.0), (629.0, 180.0)]
 [(106.0, 176.0), (194.0, 178.0), (709.0, 264.0), (489.0, 185.0), (630.0, 191.0)]
 [(101.0, 176.0), (193.0, 178.0), (638.0, 260.0), (386.0, 180.0), (449.0, 185.0)]
 [(96.0, 176.0), (169.0, 178.0), (623.0, 260.0), (511.0, 197.0), (467.0, 174.0)]
 [(91.0, 176.0), (168.0, 178.0), (832.0, 283.0), (417.0, 188.0), (579.0, 187.0)]
 [(86.0, 176.0), (167.0, 178.0), (688.0, 267.0), (420.0, 193.0), (466.0, 172.0)]
 [(81.0, 176.0), (166.0, 178.0), (681.0, 269.0), (393.0, 181.0), (578.0, 193.0)]
 [(76.0, 176.0), (165.0, 178.0), (685.0, 271.0), (514.0, 188.0), (452.0, 181.0)]
 [(71.0, 176.0), (141.0, 178.0), (972.0, 278.0), (447.0, 186.0), (507.0, 184.0)]
 [(66.0, 176.0), (140.0, 178.0), (737.0, 277.0), (512.0, 175.0), (595.0, 175.0)]
 [(61.0, 176.0), (139.0, 178.0), (933.0, 292.0), (437.0, 175.0), (634.0, 189.0)]
 [(56.0, 176.0), (138.0, 178.0), (884.0, 288.0), (419.0, 197.0), (564.0, 195.0)]
 [(51.0, 176.0), (137.0, 178.0), (969.0, 273.0), (430.0, 193.0), (496.0, 171.0)]
 [(46.0, 176.0), (136.0, 178.0), (1052.0, 287.0), (397.0, 183.0), (469.0, 173.0)]
 [(41.0, 176.0), (112.0, 178.0), (974.0, 282.0), (458.0, 193.0), (493.0, 183.0)]
 [(36.0, 176.0), (111.0, 178.0), (1203.0, 275.0), (491.0, 191.0), (506.0, 195.0)]
 [(31.0, 176.0), (110.0, 178.0), (1248.0, 261.0), (438.0, 180.0)]
 [(109.0, 178.0), (1303.0, 269.0), (477.0, 183.0), (451.0, 193.0)]
 [(296.0, 174.0), (392.0, 175.0), (348.0, 277.0), (849.0, 199.0)]
 [(267.0, 174.0), (352.0, 170.0), (318.0, 269.0), (1002.0, 183.0)]
 [(238.0, 174.0), (326.0, 170.0), (371.0, 272.0), (1017.0, 196.0)]
 [(209.0, 174.0), (300.0, 170.0), (385.0, 290.0), (801.0, 177.0)]
 [(180.0, 174.0), (274.0, 170.0), (360.0, 261.0), (952.0, 191.0)]
 [(151.0, 174.0), (248.0, 170.0), (318.0, 284.0), (828.0, 193.0)]
 [(122.0, 174.0), (222.0, 170.0), (367.0, 260.0), (853.0, 192.0)]
 [(93.0, 174.0), (196.0, 170.0), (394.0, 281.0), (704.0, 184.0)]
 [(64.0, 174.0), (170.0, 170.0), (286.0, 287.0), (620.0, 180.0)]
 [(35.0, 174.0), (144.0, 170.0), (331.0, 282.0)]
 [(118.0, 170.0), (317.0, 280.0), (589.0, 177.0)]
 [(92.0, 170.0), (431.0, 288.0), (572.0, 192.0)]
 [(66.0, 170.0), (439.0, 269.0), (525.0, 187.0)]
 [(40.0, 170.0), (487.0, 274.0)]
 [(436.0, 287.0), (555.0, 191.0), ]
 [(542.0, 267.0), (554.0, 190.0), (286.0, 271.0)]
 [(539.0, 267.0), (506.0, 191.0), (335.0, 293.0)]
 [(654.0, 290.0), (403.0, 197.0), (355.0, 259.0)]
 [(676.0, 262.0), (530.0, 188.0), (279.0, 276.0)]
 [(617.0, 264.0), (533.0, 197.0), (351.0, 272.0)]
 [(565.0, 283.0), (554.0, 200.0), (272.0, 282.0)]
 [(633.0, 279.0), (571.0, 201.0), (313.0, 285.0)]
 [(774.0, 260.0), (511.0, 193.0), (388.0, 281.0)]
 [(790.0, 282.0), (568.0, 180.0), (357.0, 271.0)]
 [(893.0, 280.0), (398.0, 198.0), (304.0, 296.0)]
 [(931.0, 270.0), (531.0, 189.0), (378.0, 286.0)]
 [(690.0, 275.0), (506.0, 188.0), (380.0, 280.0)]
 [(721.0, 287.0), (502.0, 189.0), (290.0, 277.0)]
 [(1041.0, 276.0), (519.0, 186.0), (328.0, 284.0)]
 [(1089.0, 280.0), (462.0, 187.0), (313.0, 284.0)]
 [(975.0, 282.0), (389.0, 199.0), (366.0, 294.0)]
 [(1087.0, 290.0), (493.0, 194.0), (295.0, 289.0)]
 [(1062.0, 265.0), (420.0, 187.0), (310.0, 296.0)]
 [(931.0, 290.0), (486.0, 183.0), (391.0, 291.0)]
 [(1046.0, 268.0), (460.0, 182.0)]
 [(389.0, 178.0), (289.0, 289.0)]
 [(328.0, 176.0), (286.0, 294.0)]
 [(300.0, 176.0), (371.0, 273.0)]
 [(272.0, 176.0), (383.0, 276.0)]
 [(244.0, 176.0), (319.0, 281.0)]
 [(216.0, 176.0), (361.0, 283.0)]
 [(188.0, 176.0), (408.0, 259.0)]
 [(160.0, 176.0), (416.0, 286.0)]
 [(132.0, 176.0), (356.0, 285.0)]
 [(104.0, 176.0), (313.0, 263.0)]
 [(76.0, 176.0), (369.0, 290.0)]
 [(48.0, 176.0)]
 [(392.0, 277.0)]
 [(328.0, 276.0)]
 [(418.0, 269.0)]
 [(351.0, 274.0)]
 [(421.0, 279.0)]
 [(441.0, 278.0)]
 [(421.0, 284.0)]
 [(382.0, 261.0)]
 [(415.0, 268.0)]
 [(466.0, 292.0)]
 [(502.0, 293.0)]
 [(519.0, 266.0)]
 [(401.0, 266.0)]
 [(448.0, 280.0)]
 [(549.0, 260.0)]
 [(394.0, 263.0)]
 [(498.0, 286.0)]
 [(452.0, 264.0), ]
 [(481.0, 283.0), (319.0, 289.0)]
 [(489.0, 260.0), (290.0, 266.0)]
 [(481.0, 294.0), (325.0, 262.0)]
 [(607.0, 275.0), (301.0, 270.0)]
 [(579.0, 272.0), (281.0, 288.0)]
 [(578.0, 272.0), (359.0, 291.0)]
 [(568.0, 281.0), (308.0, 261.0)]
 [(606.0, 282.0), (366.0, 283.0)]
 [(529.0, 293.0), (371.0, 271.0)]
 [(649.0, 272.0), (360.0, 275.0)]
 [(493.0, 278.0), (298.0, 278.0)]
 [(575.0, 296.0), (345.0, 285.0)]
 [(654.0, 293.0), (343.0, 286.0)]
 [(602.0, 270.0), (286.0, 281.0)]
 [(558.0, 275.0), (316.0, 271.0)]
 [(494.0, 294.0), (341.0, 275.0)]
 [(659.0, 293.0), (294.0, 263.0)]
 [(503.0, 273.0), (374.0, 283.0)]
 [(681.0, 270.0), (375.0, 268.0)]
 [(712.0, 281.0), (386.0, 291.0)]
 [(693.0, 278.0), (384.0, 290.0)]
 [(666.0, 275.0), (313.0, 275.0)]
 [(625.0, 278.0), (292.0, 264.0)]
 [(762.0, 274.0), (313.0, 262.0)]
 [(623.0, 269.0), (324.0, 273.0)]
 [(542.0, 264.0), (314.0, 277.0)]
 [(739.0, 268.0), (349.0, 259.0)]
 [(658.0, 265.0), (343.0, 259.0)]
 [(563.0, 275.0), (300.0, 260.0)]
 [(567.0, 288.0), (304.0, 263.0)]
 [(586.0, 268.0), (425.0, 276.0)]
 [(601.0, 264.0), (387.0, 268.0)]
 [(577.0, 262.0), (303.0, 273.0)]
 [(764.0, 294.0), (301.0, 264.0)]
 [(795.0, 259.0), (308.0, 283.0)]
 [(769.0, 296.0), (388.0, 271.0)]
 [(754.0, 276.0), (404.0, 256.0)]
 [(861.0, 273.0), (346.0, 276.0)]
 [(679.0, 261.0), (331.0, 270.0)]
 [(857.0, 263.0), (325.0, 283.0)]
 [(621.0, 276.0), (383.0, 288.0)]
 [(642.0, 270.0), (346.0, 259.0)]
 [(647.0, 273.0), (439.0, 270.0)]
 [(683.0, 272.0), (368.0, 290.0)]
 [(866.0, 273.0), (427.0, 259.0)]
 [(835.0, 270.0), (410.0, 262.0)]
 [(920.0, 258.0), (396.0, 287.0)]
 [(867.0, 260.0), (436.0, 279.0)]
 [(658.0, 293.0), (376.0, 284.0)]
 [(922.0, 259.0), (449.0, 270.0)]
 [(753.0, 273.0), (445.0, 270.0)]
 [(872.0, 293.0), (385.0, 277.0)]
 [(907.0, 286.0), (318.0, 276.0)]
 [(923.0, 290.0), (424.0, 264.0)]
 [(822.0, 287.0), (423.0, 270.0)]
 [(843.0, 294.0), (431.0, 287.0)]
 [(788.0, 293.0), (352.0, 274.0)]
 [(703.0, 276.0), (349.0, 283.0)]
 [(964.0, 276.0), (329.0, 290.0)]
 [(845.0, 280.0), (457.0, 284.0)]
 [(908.0, 262.0), (385.0, 261.0)]
 [(895.0, 261.0), (369.0, 285.0)]
 [(985.0, 262.0), (359.0, 278.0)]
 [(806.0, 260.0), (341.0, 272.0)]
 [(978.0, 274.0), (406.0, 277.0)]
 [(928.0, 274.0), (401.0, 269.0)]
 [(918.0, 283.0), (468.0, 283.0)]
 [(877.0, 295.0), (336.0, 290.0)]
 [(878.0, 263.0), (411.0, 276.0)]
 [(860.0, 278.0), (431.0, 282.0)]
 [(1001.0, 272.0), (439.0, 254.0)]
 [(1008.0, 284.0), (475.0, 276.0)]
 [(918.0, 274.0), (434.0, 286.0)]
 [(1076.0, 265.0), (423.0, 263.0)]
 [(887.0, 258.0), (472.0, 262.0)]
 [(942.0, 288.0), (380.0, 281.0)]
 [(1112.0, 259.0), (387.0, 254.0)]
 [(883.0, 287.0), (380.0, 289.0)]
 [(1021.0, 284.0), (380.0, 279.0)]
 [(1118.0, 267.0), (383.0, 277.0)]
 [(1055.0, 290.0), (382.0, 291.0)]
 [(1100.0, 283.0), (490.0, 292.0)]
 [(917.0, 278.0), (396.0, 285.0)]
 [(857.0, 271.0), (470.0, 266.0)]
 [(1058.0, 267.0), (483.0, 266.0)]
 [(1032.0, 288.0), (434.0, 268.0)]
 [(1194.0, 282.0), (367.0, 274.0)]
 [(926.0, 275.0), (419.0, 266.0)]
 [(1133.0, 285.0), (507.0, 256.0)]
 [(1044.0, 267.0), (369.0, 283.0)]
 [(1170.0, 283.0), (438.0, 292.0)]
 [(1072.0, 273.0), (363.0, 254.0)]
 [(1059.0, 268.0), (507.0, 262.0)]
 [(1250.0, 285.0), (378.0, 287.0)]
 [(1122.0, 269.0), (402.0, 282.0)]
 [(1057.0, 276.0)]
 [(452.0, 259.0)]
 [(489.0, 281.0), ]
 [(546.0, 259.0), (300.0, 273.0), (937.0, 183.0)]
 [(652.0, 272.0), (373.0, 283.0), (857.0, 189.0)]
 [(749.0, 268.0), (356.0, 286.0), (1008.0, 171.0)]
 [(711.0, 265.0), (300.0, 276.0), (748.0, 181.0)]
 [(807.0, 259.0), (382.0, 275.0), (1000.0, 179.0)]
 [(842.0, 285.0), (389.0, 274.0), (776.0, 195.0)]
 [(829.0, 284.0), (356.0, 260.0), (832.0, 183.0)]
 [(893.0, 260.0), (348.0, 267.0), (745.0, 176.0)]
 [(834.0, 275.0), (363.0, 291.0), (785.0, 178.0)]
 [(772.0, 257.0), (394.0, 286.0), (697.0, 189.0)]
 [(1016.0, 269.0), (282.0, 259.0), (764.0, 187.0)]
 [(1128.0, 272.0), (331.0, 285.0), (781.0, 185.0)]
 [(918.0, 281.0), (368.0, 278.0), (724.0, 184.0)]
 [(1051.0, 271.0), (396.0, 258.0)]
 [(417.0, 278.0), (633.0, 193.0)]
 [(452.0, 290.0), (620.0, 183.0)]
 [(448.0, 265.0), (805.0, 192.0)]
 [(494.0, 271.0), (588.0, 179.0)]
 [(480.0, 276.0), (545.0, 185.0), ]
 [(635.0, 282.0), (653.0, 183.0), (333.0, 271.0), (881.0, 186.0)]
 [(589.0, 287.0), (665.0, 188.0), (308.0, 274.0), (1155.0, 182.0)]
 [(503.0, 255.0), (650.0, 174.0), (383.0, 267.0), (1016.0, 184.0)]
 [(617.0, 273.0), (596.0, 179.0), (307.0, 267.0), (817.0, 191.0)]
 [(762.0, 291.0), (625.0, 178.0), (283.0, 296.0), (1057.0, 197.0)]
 [(801.0, 260.0), (493.0, 180.0), (369.0, 261.0), (958.0, 192.0)]
 [(701.0, 267.0), (591.0, 188.0), (387.0, 291.0), (864.0, 184.0)]
 [(771.0, 282.0), (509.0, 179.0), (353.0, 269.0), (852.0, 195.0)]
 [(784.0, 278.0), (636.0, 175.0), (286.0, 291.0), (863.0, 192.0)]
 [(927.0, 263.0), (542.0, 170.0), (317.0, 277.0), (870.0, 176.0)]
 [(750.0, 281.0), (497.0, 185.0), (366.0, 288.0), (826.0, 188.0), ]
 [(895.0, 268.0), (529.0, 189.0), (308.0, 289.0), (733.0, 181.0), (997.0, 194.0)]
 [(908.0, 285.0), (546.0, 177.0), (376.0, 287.0), (737.0, 200.0), (894.0, 181.0)]
 [(799.0, 261.0), (468.0, 192.0), (360.0, 262.0), (978.0, 199.0), (886.0, 188.0)]
 [(852.0, 272.0), (484.0, 174.0), (344.0, 296.0), (731.0, 193.0), (1130.0, 189.0)]
 [(1056.0, 277.0), (517.0, 180.0), (316.0, 297.0), (868.0, 183.0), (977.0, 185.0)]
 [(1027.0, 262.0), (528.0, 190.0), (292.0, 267.0), (870.0, 176.0), (822.0, 185.0)]
 [(1186.0, 274.0), (619.0, 175.0), (372.0, 283.0), (763.0, 199.0), (831.0, 177.0)]
 [(982.0, 290.0), (476.0, 189.0), (344.0, 275.0), (852.0, 179.0)]
 [(522.0, 188.0), (353.0, 261.0), (719.0, 185.0), (1009.0, 189.0)]
 [(428.0, 183.0), (381.0, 270.0), (738.0, 174.0), (874.0, 195.0)]
 [(401.0, 191.0), (341.0, 292.0), (869.0, 194.0), (847.0, 176.0)]
 [(338.0, 170.0), (404.0, 287.0), (912.0, 188.0), (881.0, 189.0)]
 [(311.0, 170.0), (299.0, 284.0), (731.0, 192.0), (772.0, 192.0)]
 [(284.0, 170.0), (396.0, 284.0), (832.0, 200.0), (767.0, 188.0)]
 [(257.0, 170.0), (333.0, 267.0), (920.0, 196.0), (951.0, 171.0)]
 [(230.0, 170.0), (306.0, 294.0), (826.0, 199.0), (740.0, 183.0)]
 [(203.0, 170.0), (374.0, 270.0), (635.0, 191.0), (966.0, 185.0)]
 [(176.0, 170.0), (380.0, 291.0), (683.0, 177.0), (765.0, 184.0)]
 [(149.0, 170.0), (304.0, 270.0), (671.0, 174.0), (767.0, 176.0)]
 [(122.0, 170.0), (434.0, 268.0), (728.0, 193.0), (778.0, 173.0)]
 [(95.0, 170.0), (392.0, 287.0), (769.0, 199.0), (902.0, 184.0)]
 [(68.0, 170.0), (492.0, 292.0), (637.0, 176.0), (665.0, 195.0)]
 [(41.0, 170.0), (411.0, 280.0), (703.0, 174.0), (744.0, 192.0), ]
 [(513.0, 276.0), (681.0, 199.0), (879.0, 191.0), (306.0, 295.0), (1056.0, 188.0)]
 [(655.0, 275.0), (728.0, 180.0), (783.0, 174.0), (382.0, 269.0), (1123.0, 173.0)]
 [(521.0, 291.0), (709.0, 199.0), (742.0, 172.0), (320.0, 269.0), (1018.0, 176.0)]
 [(611.0, 277.0), (608.0, 184.0), (769.0, 188.0), (373.0, 263.0), (1010.0, 174.0)]
 [(566.0, 294.0), (633.0, 176.0), (800.0, 187.0), (384.0, 268.0), (753.0, 184.0)]
 [(687.0, 279.0), (567.0, 185.0), (661.0, 195.0), (358.0, 276.0), (967.0, 193.0)]
 [(795.0, 287.0), (629.0, 178.0), (637.0, 171.0), (385.0, 276.0), (900.0, 186.0)]
 [(748.0, 278.0), (747.0, 184.0), (863.0, 182.0), (286.0, 293.0), (772.0, 197.0)]
 [(871.0, 294.0), (717.0, 183.0), (822.0, 183.0), (342.0, 278.0), (702.0, 183.0)]
 [(678.0, 280.0), (527.0, 174.0), (733.0, 179.0), (309.0, 296.0), (830.0, 176.0)]
 [(781.0, 285.0), (644.0, 187.0), (615.0, 180.0), (329.0, 273.0), (709.0, 197.0)]
 [(860.0, 293.0), (556.0, 176.0), (767.0, 173.0), (323.0, 285.0), (812.0, 193.0)]
 [(857.0, 286.0), (521.0, 193.0), (810.0, 186.0), (398.0, 292.0), (690.0, 174.0)]
 [(802.0, 294.0), (666.0, 181.0), (628.0, 172.0), (294.0, 295.0), (684.0, 195.0)]
 [(1024.0, 289.0), (549.0, 183.0), (747.0, 188.0), (335.0, 263.0), (725.0, 190.0)]
 [(935.0, 286.0), (664.0, 187.0), (806.0, 187.0), (282.0, 267.0), (966.0, 185.0)]
 [(1104.0, 292.0), (539.0, 193.0), (698.0, 172.0), (354.0, 290.0), (759.0, 183.0)]
 [(827.0, 293.0), (603.0, 181.0), (720.0, 181.0), (398.0, 267.0), (786.0, 185.0)]
 [(889.0, 265.0), (714.0, 196.0), (767.0, 188.0), (289.0, 289.0), (833.0, 174.0)]
 [(868.0, 259.0), (649.0, 177.0), (785.0, 186.0), (292.0, 266.0), (723.0, 183.0)]
 [(1009.0, 263.0), (560.0, 183.0), (746.0, 186.0), (374.0, 272.0), (811.0, 186.0)]
 [(968.0, 281.0), (518.0, 197.0), (773.0, 171.0), (405.0, 258.0)]
 [(536.0, 186.0), (778.0, 186.0), (383.0, 262.0), (727.0, 195.0), ]
 [(500.0, 177.0), (805.0, 177.0), (405.0, 263.0), (759.0, 181.0), (934.0, 172.0)]
 [(589.0, 191.0), (591.0, 179.0), (382.0, 259.0), (766.0, 183.0), (995.0, 172.0)]
 [(592.0, 194.0), (619.0, 180.0), (326.0, 292.0), (820.0, 184.0), (910.0, 181.0)]
 [(631.0, 199.0), (561.0, 189.0), (313.0, 282.0), (830.0, 185.0), (1039.0, 184.0)]
 [(469.0, 177.0), (764.0, 182.0), (336.0, 270.0), (635.0, 190.0), (922.0, 188.0)]
 [(473.0, 179.0), (525.0, 171.0), (406.0, 280.0), (813.0, 177.0), (973.0, 184.0)]
 [(579.0, 190.0), (524.0, 186.0), (407.0, 259.0), (663.0, 191.0), (910.0, 177.0)]
 [(441.0, 188.0), (694.0, 171.0), (303.0, 284.0), (729.0, 183.0), (874.0, 187.0)]
 [(492.0, 177.0), (534.0, 186.0), (314.0, 271.0), (806.0, 192.0), (796.0, 175.0)]
 [(473.0, 180.0), (605.0, 184.0), (413.0, 261.0), (676.0, 194.0), (862.0, 174.0)]
 [(402.0, 182.0), (669.0, 174.0), (353.0, 296.0), (775.0, 185.0), (862.0, 173.0)]
 [(418.0, 194.0), (485.0, 187.0), (311.0, 295.0), (653.0, 193.0), (825.0, 193.0)]
 [(510.0, 180.0), (551.0, 193.0), (362.0, 270.0), (710.0, 178.0), (656.0, 178.0)]
 [(497.0, 181.0), (457.0, 184.0), (327.0, 270.0), (558.0, 196.0), (889.0, 186.0)]
 [(451.0, 191.0), (580.0, 194.0), (365.0, 283.0), (523.0, 186.0), (684.0, 189.0)]
 [(340.0, 174.0), (439.0, 195.0), (423.0, 284.0), (715.0, 194.0), (747.0, 192.0)]
 [(331.0, 174.0), (533.0, 179.0), (407.0, 296.0), (711.0, 192.0), (644.0, 190.0)]
 [(322.0, 174.0), (483.0, 181.0), (444.0, 272.0), (561.0, 189.0), (647.0, 188.0)]
 [(313.0, 174.0), (568.0, 190.0), (437.0, 285.0), (660.0, 189.0), (570.0, 194.0)]
 [(304.0, 174.0), (412.0, 172.0), (313.0, 289.0), (526.0, 181.0), (610.0, 195.0)]
 [(295.0, 174.0), (405.0, 183.0), (392.0, 269.0), (555.0, 181.0), (725.0, 188.0)]
 [(286.0, 174.0), (471.0, 182.0), (438.0, 264.0), (551.0, 181.0), (701.0, 176.0)]
 [(277.0, 174.0), (441.0, 177.0), (366.0, 285.0), (576.0, 197.0), (713.0, 195.0)]
 [(268.0, 174.0), (344.0, 170.0), (383.0, 269.0), (434.0, 176.0), (713.0, 180.0)]
 [(259.0, 174.0), (343.0, 170.0), (391.0, 282.0), (531.0, 195.0), (592.0, 193.0)]
 [(250.0, 174.0), (342.0, 170.0), (447.0, 279.0), (518.0, 191.0), (629.0, 172.0)]
 [(241.0, 174.0), (317.0, 170.0), (327.0, 282.0), (533.0, 175.0), (689.0, 195.0)]
 [(232.0, 174.0), (316.0, 170.0), (327.0, 276.0), (461.0, 177.0), (612.0, 178.0)]
 [(223.0, 174.0), (315.0, 170.0), (429.0, 270.0), (585.0, 183.0), (518.0, 192.0)]
 [(214.0, 174.0), (290.0, 170.0), (403.0, 294.0), (514.0, 189.0), (624.0, 192.0)]
 [(205.0, 174.0), (289.0, 170.0), (402.0, 291.0), (411.0, 190.0), (574.0, 190.0)]
 [(196.0, 174.0), (288.0, 170.0), (355.0, 278.0), (386.0, 179.0), (493.0, 174.0)]
 [(187.0, 174.0), (263.0, 170.0), (422.0, 260.0), (467.0, 194.0), (499.0, 190.0)]
 [(178.0, 174.0), (262.0, 170.0), (459.0, 278.0), (353.0, 172.0), (556.0, 179.0)]
 [(169.0, 174.0), (261.0, 170.0), (348.0, 285.0), (352.0, 172.0), (518.0, 183.0)]
 [(160.0, 174.0), (236.0, 170.0), (361.0, 267.0), (351.0, 172.0), (523.0, 172.0)]
 [(151.0, 174.0), (235.0, 170.0), (418.0, 271.0), (350.0, 172.0), (531.0, 178.0)]
 [(142.0, 174.0), (234.0, 170.0), (453.0, 294.0), (349.0, 172.0), (494.0, 184.0)]
 [(133.0, 174.0), (209.0, 170.0), (449.0, 283.0), (348.0, 172.0), (594.0, 186.0)]
 [(124.0, 174.0), (208.0, 170.0), (450.0, 284.0), (347.0, 172.0), (610.0, 182.0)]
 [(115.0, 174.0), (207.0, 170.0), (371.0, 293.0), (346.0, 172.0), (580.0, 190.0)]
 [(106.0, 174.0), (182.0, 170.0), (408.0, 273.0), (345.0, 172.0), (450.0, 189.0)]
 [(97.0, 174.0), (181.0, 170.0), (456.0, 277.0), (344.0, 172.0), (478.0, 184.0)]
 [(88.0, 174.0), (180.0, 170.0), (427.0, 271.0), (343.0, 172.0), (540.0, 184.0)]
 [(79.0, 174.0), (155.0, 170.0), (423.0, 272.0), (342.0, 172.0), (425.0, 190.0)]
 [(70.0, 174.0), (154.0, 170.0), (448.0, 296.0), (341.0, 172.0), (430.0, 177.0)]
 [(61.0, 174.0), (153.0, 170.0), (528.0, 294.0), (340.0, 172.0), (599.0, 180.0)]
 [(52.0, 174.0), (128.0, 170.0), (478.0, 283.0), (339.0, 172.0), (513.0, 184.0)]
 [(43.0, 174.0), (127.0, 170.0), (543.0, 283.0), (338.0, 172.0), (529.0, 174.0)]
 [(34.0, 174.0), (126.0, 170.0), (648.0, 264.0), (337.0, 172.0)]
 [(101.0, 170.0), (499.0, 291.0), (336.0, 172.0), (491.0, 188.0)]
 [(76.0, 170.0), (626.0, 283.0), (335.0, 172.0), (527.0, 195.0)]
 [(51.0, 170.0), (588.0, 291.0), (334.0, 172.0), (567.0, 178.0)]
 [(26.0, 170.0), (654.0, 272.0), (333.0, 172.0), (545.0, 170.0), ]
 [(619.0, 287.0), (330.0, 172.0), (485.0, 177.0), (303.0, 273.0), (1047.0, 195.0)]
 [(768.0, 293.0), (329.0, 172.0), (502.0, 187.0), (373.0, 284.0), (952.0, 184.0)]
 [(679.0, 291.0), (328.0, 172.0), (530.0, 191.0), (328.0, 264.0), (975.0, 196.0)]
 [(658.0, 292.0), (327.0, 172.0), (549.0, 191.0), (273.0, 263.0), (897.0, 184.0)]
 [(780.0, 267.0), (326.0, 172.0), (503.0, 195.0), (322.0, 282.0), (867.0, 199.0)]
 [(932.0, 273.0), (325.0, 172.0), (418.0, 188.0), (351.0, 279.0), (826.0, 187.0)]
 [(807.0, 291.0), (324.0, 172.0), (448.0, 175.0), (324.0, 275.0), (1034.0, 183.0)]
 [(905.0, 286.0), (323.0, 172.0), (565.0, 195.0), (289.0, 298.0), (808.0, 186.0)]
 [(783.0, 295.0), (322.0, 172.0), (462.0, 191.0), (376.0, 262.0), (1030.0, 184.0)]
 [(1010.0, 268.0), (321.0, 172.0), (574.0, 175.0), (344.0, 260.0), (822.0, 197.0)]
 [(1045.0, 290.0), (320.0, 172.0), (533.0, 179.0), (330.0, 285.0), (987.0, 181.0)]
 [(981.0, 261.0), (319.0, 172.0), (505.0, 187.0), (316.0, 263.0), (792.0, 178.0)]
 [(1094.0, 282.0), (318.0, 172.0), (527.0, 189.0), (379.0, 282.0), (997.0, 191.0)]
 [(848.0, 284.0), (317.0, 172.0), (405.0, 179.0), (294.0, 289.0), (928.0, 194.0)]
 [(1135.0, 291.0), (316.0, 172.0), (515.0, 172.0), (309.0, 274.0), (1089.0, 192.0)]
 [(952.0, 294.0), (315.0, 172.0), (448.0, 180.0), (330.0, 276.0), (1070.0, 195.0)]
 [(1007.0, 297.0), (314.0, 172.0), (453.0, 192.0), (286.0, 281.0)]
 [(290.0, 172.0), (446.0, 172.0), (342.0, 277.0), (859.0, 183.0)]
 [(266.0, 172.0), (342.0, 170.0), (350.0, 298.0), (1040.0, 196.0)]
 [(242.0, 172.0), (317.0, 170.0), (316.0, 297.0), (754.0, 178.0)]
 [(218.0, 172.0), (292.0, 170.0), (294.0, 277.0), (859.0, 192.0)]
 [(194.0, 172.0), (267.0, 170.0), (381.0, 274.0), (830.0, 188.0)]
 [(170.0, 172.0), (242.0, 170.0), (388.0, 275.0), (778.0, 182.0)]
 [(146.0, 172.0), (217.0, 170.0), (299.0, 296.0), (733.0, 200.0), ]
 [(98.0, 172.0), (191.0, 170.0), (396.0, 275.0), (899.0, 182.0), (1055.0, 175.0)]
 [(74.0, 172.0), (166.0, 170.0), (414.0, 276.0), (898.0, 198.0), (780.0, 191.0)]
 [(50.0, 172.0), (141.0, 170.0), (384.0, 267.0), (923.0, 200.0), (862.0, 176.0)]
 [(26.0, 172.0), (116.0, 170.0), (346.0, 286.0), (740.0, 181.0)]
 [(91.0, 170.0), (370.0, 299.0), (783.0, 188.0), (1002.0, 179.0)]
